2023-09-12 00:03:19,937 WARN [http-nio-8080-exec-1] o.t.s.p.AbstractStandardFragmentInsertionTagProcessor [AbstractStandardFragmentInsertionTagProcessor.java:385] [THYMELEAF][http-nio-8080-exec-1][error/404] Deprecated unwrapped fragment expression "index::header" found in template error/404, line 14, col 38. Please use the complete syntax of fragment expressions instead ("~{index::header}"). The old, unwrapped syntax for fragment expressions will be removed in future versions of Thymeleaf.
2023-09-12 00:03:29,239 WARN [http-nio-8080-exec-1] o.t.s.p.AbstractStandardFragmentInsertionTagProcessor [AbstractStandardFragmentInsertionTagProcessor.java:385] [THYMELEAF][http-nio-8080-exec-1][/site/profile] Deprecated unwrapped fragment expression "index::header" found in template /site/profile, line 14, col 38. Please use the complete syntax of fragment expressions instead ("~{index::header}"). The old, unwrapped syntax for fragment expressions will be removed in future versions of Thymeleaf.
2023-09-12 00:03:29,300 WARN [http-nio-8080-exec-5] o.t.s.p.AbstractStandardFragmentInsertionTagProcessor [AbstractStandardFragmentInsertionTagProcessor.java:385] [THYMELEAF][http-nio-8080-exec-5][/error/500] Deprecated unwrapped fragment expression "index::header" found in template /error/500, line 14, col 38. Please use the complete syntax of fragment expressions instead ("~{index::header}"). The old, unwrapped syntax for fragment expressions will be removed in future versions of Thymeleaf.
2023-09-12 00:03:39,882 WARN [http-nio-8080-exec-7] o.t.s.p.AbstractStandardFragmentInsertionTagProcessor [AbstractStandardFragmentInsertionTagProcessor.java:385] [THYMELEAF][http-nio-8080-exec-7][error/404] Deprecated unwrapped fragment expression "index::header" found in template error/404, line 14, col 38. Please use the complete syntax of fragment expressions instead ("~{index::header}"). The old, unwrapped syntax for fragment expressions will be removed in future versions of Thymeleaf.
2023-09-12 00:04:14,024 WARN [http-nio-8080-exec-7] o.t.s.p.AbstractStandardFragmentInsertionTagProcessor [AbstractStandardFragmentInsertionTagProcessor.java:385] [THYMELEAF][http-nio-8080-exec-7][/site/discuss-detail] Deprecated unwrapped fragment expression "index::header" found in template /site/discuss-detail, line 15, col 38. Please use the complete syntax of fragment expressions instead ("~{index::header}"). The old, unwrapped syntax for fragment expressions will be removed in future versions of Thymeleaf.
2023-09-12 00:04:14,042 WARN [http-nio-8080-exec-7] o.t.s.p.AbstractStandardFragmentInsertionTagProcessor [AbstractStandardFragmentInsertionTagProcessor.java:385] [THYMELEAF][http-nio-8080-exec-7][/site/discuss-detail] Deprecated unwrapped fragment expression "index::pagination" found in template /site/discuss-detail, line 205, col 23. Please use the complete syntax of fragment expressions instead ("~{index::pagination}"). The old, unwrapped syntax for fragment expressions will be removed in future versions of Thymeleaf.
2023-09-12 00:06:44,801 WARN [http-nio-8080-exec-7] o.s.w.s.m.m.a.ExceptionHandlerExceptionResolver [ExceptionHandlerExceptionResolver.java:419] Failure in @ExceptionHandler com.nowcoder.community.controller.advice.ExceptionAdvice#handleException(Exception, HttpServletRequest, HttpServletResponse)
java.lang.IllegalStateException: Could not resolve parameter [1] in public void com.nowcoder.community.controller.advice.ExceptionAdvice.handleException(java.lang.Exception,javax.servlet.http.HttpServletRequest,jakarta.servlet.http.HttpServletResponse) throws java.io.IOException: No suitable resolver
	at org.springframework.web.method.support.InvocableHandlerMethod.getMethodArgumentValues(InvocableHandlerMethod.java:178)
	at org.springframework.web.method.support.InvocableHandlerMethod.invokeForRequest(InvocableHandlerMethod.java:148)
	at org.springframework.web.servlet.mvc.method.annotation.ServletInvocableHandlerMethod.invokeAndHandle(ServletInvocableHandlerMethod.java:118)
	at org.springframework.web.servlet.mvc.method.annotation.ExceptionHandlerExceptionResolver.doResolveHandlerMethodException(ExceptionHandlerExceptionResolver.java:413)
	at org.springframework.web.servlet.handler.AbstractHandlerMethodExceptionResolver.doResolveException(AbstractHandlerMethodExceptionResolver.java:74)
	at org.springframework.web.servlet.handler.AbstractHandlerExceptionResolver.resolveException(AbstractHandlerExceptionResolver.java:141)
	at org.springframework.web.servlet.handler.HandlerExceptionResolverComposite.resolveException(HandlerExceptionResolverComposite.java:80)
	at org.springframework.web.servlet.DispatcherServlet.processHandlerException(DispatcherServlet.java:1341)
	at org.springframework.web.servlet.DispatcherServlet.processDispatchResult(DispatcherServlet.java:1152)
	at org.springframework.web.servlet.DispatcherServlet.doDispatch(DispatcherServlet.java:1098)
	at org.springframework.web.servlet.DispatcherServlet.doService(DispatcherServlet.java:974)
	at org.springframework.web.servlet.FrameworkServlet.processRequest(FrameworkServlet.java:1011)
	at org.springframework.web.servlet.FrameworkServlet.doGet(FrameworkServlet.java:903)
	at jakarta.servlet.http.HttpServlet.service(HttpServlet.java:564)
	at org.springframework.web.servlet.FrameworkServlet.service(FrameworkServlet.java:885)
	at jakarta.servlet.http.HttpServlet.service(HttpServlet.java:658)
	at org.apache.catalina.core.ApplicationFilterChain.internalDoFilter(ApplicationFilterChain.java:205)
	at org.apache.catalina.core.ApplicationFilterChain.doFilter(ApplicationFilterChain.java:149)
	at org.apache.tomcat.websocket.server.WsFilter.doFilter(WsFilter.java:51)
	at org.apache.catalina.core.ApplicationFilterChain.internalDoFilter(ApplicationFilterChain.java:174)
	at org.apache.catalina.core.ApplicationFilterChain.doFilter(ApplicationFilterChain.java:149)
	at org.springframework.web.filter.RequestContextFilter.doFilterInternal(RequestContextFilter.java:100)
	at org.springframework.web.filter.OncePerRequestFilter.doFilter(OncePerRequestFilter.java:116)
	at org.apache.catalina.core.ApplicationFilterChain.internalDoFilter(ApplicationFilterChain.java:174)
	at org.apache.catalina.core.ApplicationFilterChain.doFilter(ApplicationFilterChain.java:149)
	at org.springframework.web.filter.FormContentFilter.doFilterInternal(FormContentFilter.java:93)
	at org.springframework.web.filter.OncePerRequestFilter.doFilter(OncePerRequestFilter.java:116)
	at org.apache.catalina.core.ApplicationFilterChain.internalDoFilter(ApplicationFilterChain.java:174)
	at org.apache.catalina.core.ApplicationFilterChain.doFilter(ApplicationFilterChain.java:149)
	at org.springframework.web.filter.CharacterEncodingFilter.doFilterInternal(CharacterEncodingFilter.java:201)
	at org.springframework.web.filter.OncePerRequestFilter.doFilter(OncePerRequestFilter.java:116)
	at org.apache.catalina.core.ApplicationFilterChain.internalDoFilter(ApplicationFilterChain.java:174)
	at org.apache.catalina.core.ApplicationFilterChain.doFilter(ApplicationFilterChain.java:149)
	at org.apache.catalina.core.StandardWrapperValve.invoke(StandardWrapperValve.java:166)
	at org.apache.catalina.core.StandardContextValve.invoke(StandardContextValve.java:90)
	at org.apache.catalina.authenticator.AuthenticatorBase.invoke(AuthenticatorBase.java:482)
	at org.apache.catalina.core.StandardHostValve.invoke(StandardHostValve.java:115)
	at org.apache.catalina.valves.ErrorReportValve.invoke(ErrorReportValve.java:93)
	at org.apache.catalina.core.StandardEngineValve.invoke(StandardEngineValve.java:74)
	at org.apache.catalina.connector.CoyoteAdapter.service(CoyoteAdapter.java:341)
	at org.apache.coyote.http11.Http11Processor.service(Http11Processor.java:391)
	at org.apache.coyote.AbstractProcessorLight.process(AbstractProcessorLight.java:63)
	at org.apache.coyote.AbstractProtocol$ConnectionHandler.process(AbstractProtocol.java:894)
	at org.apache.tomcat.util.net.NioEndpoint$SocketProcessor.doRun(NioEndpoint.java:1741)
	at org.apache.tomcat.util.net.SocketProcessorBase.run(SocketProcessorBase.java:52)
	at org.apache.tomcat.util.threads.ThreadPoolExecutor.runWorker(ThreadPoolExecutor.java:1191)
	at org.apache.tomcat.util.threads.ThreadPoolExecutor$Worker.run(ThreadPoolExecutor.java:659)
	at org.apache.tomcat.util.threads.TaskThread$WrappingRunnable.run(TaskThread.java:61)
	at java.base/java.lang.Thread.run(Thread.java:833)
2023-09-12 00:06:44,804 WARN [http-nio-8080-exec-7] o.s.w.s.m.s.DefaultHandlerExceptionResolver [AbstractHandlerExceptionResolver.java:207] Resolved [org.springframework.web.method.annotation.MethodArgumentTypeMismatchException: Failed to convert value of type 'java.lang.String' to required type 'int'; For input string: "profile.html"]
2023-09-12 00:06:50,432 WARN [http-nio-8080-exec-9] o.t.s.p.AbstractStandardFragmentInsertionTagProcessor [AbstractStandardFragmentInsertionTagProcessor.java:385] [THYMELEAF][http-nio-8080-exec-9][/site/profile] Deprecated unwrapped fragment expression "index::header" found in template /site/profile, line 14, col 38. Please use the complete syntax of fragment expressions instead ("~{index::header}"). The old, unwrapped syntax for fragment expressions will be removed in future versions of Thymeleaf.
2023-09-12 00:06:50,472 WARN [http-nio-8080-exec-3] o.t.s.p.AbstractStandardFragmentInsertionTagProcessor [AbstractStandardFragmentInsertionTagProcessor.java:385] [THYMELEAF][http-nio-8080-exec-3][/error/500] Deprecated unwrapped fragment expression "index::header" found in template /error/500, line 14, col 38. Please use the complete syntax of fragment expressions instead ("~{index::header}"). The old, unwrapped syntax for fragment expressions will be removed in future versions of Thymeleaf.
2023-09-12 00:10:31,891 WARN [http-nio-8080-exec-6] o.t.s.p.AbstractStandardFragmentInsertionTagProcessor [AbstractStandardFragmentInsertionTagProcessor.java:385] [THYMELEAF][http-nio-8080-exec-6][/site/discuss-detail] Deprecated unwrapped fragment expression "index::header" found in template /site/discuss-detail, line 15, col 38. Please use the complete syntax of fragment expressions instead ("~{index::header}"). The old, unwrapped syntax for fragment expressions will be removed in future versions of Thymeleaf.
2023-09-12 00:10:31,933 WARN [http-nio-8080-exec-6] o.t.s.p.AbstractStandardFragmentInsertionTagProcessor [AbstractStandardFragmentInsertionTagProcessor.java:385] [THYMELEAF][http-nio-8080-exec-6][error/500] Deprecated unwrapped fragment expression "index::header" found in template error/500, line 14, col 38. Please use the complete syntax of fragment expressions instead ("~{index::header}"). The old, unwrapped syntax for fragment expressions will be removed in future versions of Thymeleaf.
2023-09-12 00:12:35,330 WARN [http-nio-8080-exec-1] o.t.s.p.AbstractStandardFragmentInsertionTagProcessor [AbstractStandardFragmentInsertionTagProcessor.java:385] [THYMELEAF][http-nio-8080-exec-1][/site/discuss-detail] Deprecated unwrapped fragment expression "index::header" found in template /site/discuss-detail, line 15, col 38. Please use the complete syntax of fragment expressions instead ("~{index::header}"). The old, unwrapped syntax for fragment expressions will be removed in future versions of Thymeleaf.
2023-09-12 00:12:35,428 WARN [http-nio-8080-exec-1] o.t.s.p.AbstractStandardFragmentInsertionTagProcessor [AbstractStandardFragmentInsertionTagProcessor.java:385] [THYMELEAF][http-nio-8080-exec-1][error/500] Deprecated unwrapped fragment expression "index::header" found in template error/500, line 14, col 38. Please use the complete syntax of fragment expressions instead ("~{index::header}"). The old, unwrapped syntax for fragment expressions will be removed in future versions of Thymeleaf.
2023-09-12 00:12:42,480 WARN [http-nio-8080-exec-1] o.t.s.p.AbstractStandardFragmentInsertionTagProcessor [AbstractStandardFragmentInsertionTagProcessor.java:385] [THYMELEAF][http-nio-8080-exec-1][/site/discuss-detail] Deprecated unwrapped fragment expression "index::header" found in template /site/discuss-detail, line 15, col 38. Please use the complete syntax of fragment expressions instead ("~{index::header}"). The old, unwrapped syntax for fragment expressions will be removed in future versions of Thymeleaf.
2023-09-12 00:12:42,510 WARN [http-nio-8080-exec-1] o.t.s.p.AbstractStandardFragmentInsertionTagProcessor [AbstractStandardFragmentInsertionTagProcessor.java:385] [THYMELEAF][http-nio-8080-exec-1][error/500] Deprecated unwrapped fragment expression "index::header" found in template error/500, line 14, col 38. Please use the complete syntax of fragment expressions instead ("~{index::header}"). The old, unwrapped syntax for fragment expressions will be removed in future versions of Thymeleaf.
2023-09-12 00:20:26,815 WARN [http-nio-8080-exec-6] o.t.s.p.AbstractStandardFragmentInsertionTagProcessor [AbstractStandardFragmentInsertionTagProcessor.java:385] [THYMELEAF][http-nio-8080-exec-6][/site/discuss-detail] Deprecated unwrapped fragment expression "index::header" found in template /site/discuss-detail, line 15, col 38. Please use the complete syntax of fragment expressions instead ("~{index::header}"). The old, unwrapped syntax for fragment expressions will be removed in future versions of Thymeleaf.
2023-09-12 00:20:26,853 WARN [http-nio-8080-exec-6] o.t.s.p.AbstractStandardFragmentInsertionTagProcessor [AbstractStandardFragmentInsertionTagProcessor.java:385] [THYMELEAF][http-nio-8080-exec-6][/site/discuss-detail] Deprecated unwrapped fragment expression "index::pagination" found in template /site/discuss-detail, line 208, col 23. Please use the complete syntax of fragment expressions instead ("~{index::pagination}"). The old, unwrapped syntax for fragment expressions will be removed in future versions of Thymeleaf.
2023-09-12 00:20:31,545 WARN [http-nio-8080-exec-2] o.s.w.s.m.m.a.ExceptionHandlerExceptionResolver [ExceptionHandlerExceptionResolver.java:419] Failure in @ExceptionHandler com.nowcoder.community.controller.advice.ExceptionAdvice#handleException(Exception, HttpServletRequest, HttpServletResponse)
java.lang.IllegalStateException: Could not resolve parameter [1] in public void com.nowcoder.community.controller.advice.ExceptionAdvice.handleException(java.lang.Exception,javax.servlet.http.HttpServletRequest,jakarta.servlet.http.HttpServletResponse) throws java.io.IOException: No suitable resolver
	at org.springframework.web.method.support.InvocableHandlerMethod.getMethodArgumentValues(InvocableHandlerMethod.java:178)
	at org.springframework.web.method.support.InvocableHandlerMethod.invokeForRequest(InvocableHandlerMethod.java:148)
	at org.springframework.web.servlet.mvc.method.annotation.ServletInvocableHandlerMethod.invokeAndHandle(ServletInvocableHandlerMethod.java:118)
	at org.springframework.web.servlet.mvc.method.annotation.ExceptionHandlerExceptionResolver.doResolveHandlerMethodException(ExceptionHandlerExceptionResolver.java:413)
	at org.springframework.web.servlet.handler.AbstractHandlerMethodExceptionResolver.doResolveException(AbstractHandlerMethodExceptionResolver.java:74)
	at org.springframework.web.servlet.handler.AbstractHandlerExceptionResolver.resolveException(AbstractHandlerExceptionResolver.java:141)
	at org.springframework.web.servlet.handler.HandlerExceptionResolverComposite.resolveException(HandlerExceptionResolverComposite.java:80)
	at org.springframework.web.servlet.DispatcherServlet.processHandlerException(DispatcherServlet.java:1341)
	at org.springframework.web.servlet.DispatcherServlet.processDispatchResult(DispatcherServlet.java:1152)
	at org.springframework.web.servlet.DispatcherServlet.doDispatch(DispatcherServlet.java:1098)
	at org.springframework.web.servlet.DispatcherServlet.doService(DispatcherServlet.java:974)
	at org.springframework.web.servlet.FrameworkServlet.processRequest(FrameworkServlet.java:1011)
	at org.springframework.web.servlet.FrameworkServlet.doGet(FrameworkServlet.java:903)
	at jakarta.servlet.http.HttpServlet.service(HttpServlet.java:564)
	at org.springframework.web.servlet.FrameworkServlet.service(FrameworkServlet.java:885)
	at jakarta.servlet.http.HttpServlet.service(HttpServlet.java:658)
	at org.apache.catalina.core.ApplicationFilterChain.internalDoFilter(ApplicationFilterChain.java:205)
	at org.apache.catalina.core.ApplicationFilterChain.doFilter(ApplicationFilterChain.java:149)
	at org.apache.tomcat.websocket.server.WsFilter.doFilter(WsFilter.java:51)
	at org.apache.catalina.core.ApplicationFilterChain.internalDoFilter(ApplicationFilterChain.java:174)
	at org.apache.catalina.core.ApplicationFilterChain.doFilter(ApplicationFilterChain.java:149)
	at org.springframework.web.filter.RequestContextFilter.doFilterInternal(RequestContextFilter.java:100)
	at org.springframework.web.filter.OncePerRequestFilter.doFilter(OncePerRequestFilter.java:116)
	at org.apache.catalina.core.ApplicationFilterChain.internalDoFilter(ApplicationFilterChain.java:174)
	at org.apache.catalina.core.ApplicationFilterChain.doFilter(ApplicationFilterChain.java:149)
	at org.springframework.web.filter.FormContentFilter.doFilterInternal(FormContentFilter.java:93)
	at org.springframework.web.filter.OncePerRequestFilter.doFilter(OncePerRequestFilter.java:116)
	at org.apache.catalina.core.ApplicationFilterChain.internalDoFilter(ApplicationFilterChain.java:174)
	at org.apache.catalina.core.ApplicationFilterChain.doFilter(ApplicationFilterChain.java:149)
	at org.springframework.web.filter.CharacterEncodingFilter.doFilterInternal(CharacterEncodingFilter.java:201)
	at org.springframework.web.filter.OncePerRequestFilter.doFilter(OncePerRequestFilter.java:116)
	at org.apache.catalina.core.ApplicationFilterChain.internalDoFilter(ApplicationFilterChain.java:174)
	at org.apache.catalina.core.ApplicationFilterChain.doFilter(ApplicationFilterChain.java:149)
	at org.apache.catalina.core.StandardWrapperValve.invoke(StandardWrapperValve.java:166)
	at org.apache.catalina.core.StandardContextValve.invoke(StandardContextValve.java:90)
	at org.apache.catalina.authenticator.AuthenticatorBase.invoke(AuthenticatorBase.java:482)
	at org.apache.catalina.core.StandardHostValve.invoke(StandardHostValve.java:115)
	at org.apache.catalina.valves.ErrorReportValve.invoke(ErrorReportValve.java:93)
	at org.apache.catalina.core.StandardEngineValve.invoke(StandardEngineValve.java:74)
	at org.apache.catalina.connector.CoyoteAdapter.service(CoyoteAdapter.java:341)
	at org.apache.coyote.http11.Http11Processor.service(Http11Processor.java:391)
	at org.apache.coyote.AbstractProcessorLight.process(AbstractProcessorLight.java:63)
	at org.apache.coyote.AbstractProtocol$ConnectionHandler.process(AbstractProtocol.java:894)
	at org.apache.tomcat.util.net.NioEndpoint$SocketProcessor.doRun(NioEndpoint.java:1741)
	at org.apache.tomcat.util.net.SocketProcessorBase.run(SocketProcessorBase.java:52)
	at org.apache.tomcat.util.threads.ThreadPoolExecutor.runWorker(ThreadPoolExecutor.java:1191)
	at org.apache.tomcat.util.threads.ThreadPoolExecutor$Worker.run(ThreadPoolExecutor.java:659)
	at org.apache.tomcat.util.threads.TaskThread$WrappingRunnable.run(TaskThread.java:61)
	at java.base/java.lang.Thread.run(Thread.java:833)
2023-09-12 00:20:31,549 WARN [http-nio-8080-exec-2] o.s.w.s.m.s.DefaultHandlerExceptionResolver [AbstractHandlerExceptionResolver.java:207] Resolved [org.springframework.web.method.annotation.MethodArgumentTypeMismatchException: Failed to convert value of type 'java.lang.String' to required type 'int'; For input string: "cvo.user.id"]
2023-09-12 00:21:09,180 WARN [http-nio-8080-exec-1] o.t.s.p.AbstractStandardFragmentInsertionTagProcessor [AbstractStandardFragmentInsertionTagProcessor.java:385] [THYMELEAF][http-nio-8080-exec-1][/site/discuss-detail] Deprecated unwrapped fragment expression "index::header" found in template /site/discuss-detail, line 15, col 38. Please use the complete syntax of fragment expressions instead ("~{index::header}"). The old, unwrapped syntax for fragment expressions will be removed in future versions of Thymeleaf.
2023-09-12 00:21:09,293 WARN [http-nio-8080-exec-1] o.t.s.p.AbstractStandardFragmentInsertionTagProcessor [AbstractStandardFragmentInsertionTagProcessor.java:385] [THYMELEAF][http-nio-8080-exec-1][/site/discuss-detail] Deprecated unwrapped fragment expression "index::pagination" found in template /site/discuss-detail, line 208, col 23. Please use the complete syntax of fragment expressions instead ("~{index::pagination}"). The old, unwrapped syntax for fragment expressions will be removed in future versions of Thymeleaf.
2023-09-12 00:21:15,176 WARN [http-nio-8080-exec-7] o.s.w.s.m.m.a.ExceptionHandlerExceptionResolver [ExceptionHandlerExceptionResolver.java:419] Failure in @ExceptionHandler com.nowcoder.community.controller.advice.ExceptionAdvice#handleException(Exception, HttpServletRequest, HttpServletResponse)
java.lang.IllegalStateException: Could not resolve parameter [1] in public void com.nowcoder.community.controller.advice.ExceptionAdvice.handleException(java.lang.Exception,javax.servlet.http.HttpServletRequest,jakarta.servlet.http.HttpServletResponse) throws java.io.IOException: No suitable resolver
	at org.springframework.web.method.support.InvocableHandlerMethod.getMethodArgumentValues(InvocableHandlerMethod.java:178)
	at org.springframework.web.method.support.InvocableHandlerMethod.invokeForRequest(InvocableHandlerMethod.java:148)
	at org.springframework.web.servlet.mvc.method.annotation.ServletInvocableHandlerMethod.invokeAndHandle(ServletInvocableHandlerMethod.java:118)
	at org.springframework.web.servlet.mvc.method.annotation.ExceptionHandlerExceptionResolver.doResolveHandlerMethodException(ExceptionHandlerExceptionResolver.java:413)
	at org.springframework.web.servlet.handler.AbstractHandlerMethodExceptionResolver.doResolveException(AbstractHandlerMethodExceptionResolver.java:74)
	at org.springframework.web.servlet.handler.AbstractHandlerExceptionResolver.resolveException(AbstractHandlerExceptionResolver.java:141)
	at org.springframework.web.servlet.handler.HandlerExceptionResolverComposite.resolveException(HandlerExceptionResolverComposite.java:80)
	at org.springframework.web.servlet.DispatcherServlet.processHandlerException(DispatcherServlet.java:1341)
	at org.springframework.web.servlet.DispatcherServlet.processDispatchResult(DispatcherServlet.java:1152)
	at org.springframework.web.servlet.DispatcherServlet.doDispatch(DispatcherServlet.java:1098)
	at org.springframework.web.servlet.DispatcherServlet.doService(DispatcherServlet.java:974)
	at org.springframework.web.servlet.FrameworkServlet.processRequest(FrameworkServlet.java:1011)
	at org.springframework.web.servlet.FrameworkServlet.doGet(FrameworkServlet.java:903)
	at jakarta.servlet.http.HttpServlet.service(HttpServlet.java:564)
	at org.springframework.web.servlet.FrameworkServlet.service(FrameworkServlet.java:885)
	at jakarta.servlet.http.HttpServlet.service(HttpServlet.java:658)
	at org.apache.catalina.core.ApplicationFilterChain.internalDoFilter(ApplicationFilterChain.java:205)
	at org.apache.catalina.core.ApplicationFilterChain.doFilter(ApplicationFilterChain.java:149)
	at org.apache.tomcat.websocket.server.WsFilter.doFilter(WsFilter.java:51)
	at org.apache.catalina.core.ApplicationFilterChain.internalDoFilter(ApplicationFilterChain.java:174)
	at org.apache.catalina.core.ApplicationFilterChain.doFilter(ApplicationFilterChain.java:149)
	at org.springframework.web.filter.RequestContextFilter.doFilterInternal(RequestContextFilter.java:100)
	at org.springframework.web.filter.OncePerRequestFilter.doFilter(OncePerRequestFilter.java:116)
	at org.apache.catalina.core.ApplicationFilterChain.internalDoFilter(ApplicationFilterChain.java:174)
	at org.apache.catalina.core.ApplicationFilterChain.doFilter(ApplicationFilterChain.java:149)
	at org.springframework.web.filter.FormContentFilter.doFilterInternal(FormContentFilter.java:93)
	at org.springframework.web.filter.OncePerRequestFilter.doFilter(OncePerRequestFilter.java:116)
	at org.apache.catalina.core.ApplicationFilterChain.internalDoFilter(ApplicationFilterChain.java:174)
	at org.apache.catalina.core.ApplicationFilterChain.doFilter(ApplicationFilterChain.java:149)
	at org.springframework.web.filter.CharacterEncodingFilter.doFilterInternal(CharacterEncodingFilter.java:201)
	at org.springframework.web.filter.OncePerRequestFilter.doFilter(OncePerRequestFilter.java:116)
	at org.apache.catalina.core.ApplicationFilterChain.internalDoFilter(ApplicationFilterChain.java:174)
	at org.apache.catalina.core.ApplicationFilterChain.doFilter(ApplicationFilterChain.java:149)
	at org.apache.catalina.core.StandardWrapperValve.invoke(StandardWrapperValve.java:166)
	at org.apache.catalina.core.StandardContextValve.invoke(StandardContextValve.java:90)
	at org.apache.catalina.authenticator.AuthenticatorBase.invoke(AuthenticatorBase.java:482)
	at org.apache.catalina.core.StandardHostValve.invoke(StandardHostValve.java:115)
	at org.apache.catalina.valves.ErrorReportValve.invoke(ErrorReportValve.java:93)
	at org.apache.catalina.core.StandardEngineValve.invoke(StandardEngineValve.java:74)
	at org.apache.catalina.connector.CoyoteAdapter.service(CoyoteAdapter.java:341)
	at org.apache.coyote.http11.Http11Processor.service(Http11Processor.java:391)
	at org.apache.coyote.AbstractProcessorLight.process(AbstractProcessorLight.java:63)
	at org.apache.coyote.AbstractProtocol$ConnectionHandler.process(AbstractProtocol.java:894)
	at org.apache.tomcat.util.net.NioEndpoint$SocketProcessor.doRun(NioEndpoint.java:1741)
	at org.apache.tomcat.util.net.SocketProcessorBase.run(SocketProcessorBase.java:52)
	at org.apache.tomcat.util.threads.ThreadPoolExecutor.runWorker(ThreadPoolExecutor.java:1191)
	at org.apache.tomcat.util.threads.ThreadPoolExecutor$Worker.run(ThreadPoolExecutor.java:659)
	at org.apache.tomcat.util.threads.TaskThread$WrappingRunnable.run(TaskThread.java:61)
	at java.base/java.lang.Thread.run(Thread.java:833)
2023-09-12 00:21:15,180 WARN [http-nio-8080-exec-7] o.s.w.s.m.s.DefaultHandlerExceptionResolver [AbstractHandlerExceptionResolver.java:207] Resolved [org.springframework.web.method.annotation.MethodArgumentTypeMismatchException: Failed to convert value of type 'java.lang.String' to required type 'int'; For input string: "${cvo.user.id}"]
2023-09-12 00:21:51,660 WARN [http-nio-8080-exec-1] o.t.s.p.AbstractStandardFragmentInsertionTagProcessor [AbstractStandardFragmentInsertionTagProcessor.java:385] [THYMELEAF][http-nio-8080-exec-1][/site/discuss-detail] Deprecated unwrapped fragment expression "index::header" found in template /site/discuss-detail, line 15, col 38. Please use the complete syntax of fragment expressions instead ("~{index::header}"). The old, unwrapped syntax for fragment expressions will be removed in future versions of Thymeleaf.
2023-09-12 00:21:51,757 WARN [http-nio-8080-exec-1] o.t.s.p.AbstractStandardFragmentInsertionTagProcessor [AbstractStandardFragmentInsertionTagProcessor.java:385] [THYMELEAF][http-nio-8080-exec-1][error/500] Deprecated unwrapped fragment expression "index::header" found in template error/500, line 14, col 38. Please use the complete syntax of fragment expressions instead ("~{index::header}"). The old, unwrapped syntax for fragment expressions will be removed in future versions of Thymeleaf.
2023-09-12 00:22:04,222 WARN [http-nio-8080-exec-1] o.t.s.p.AbstractStandardFragmentInsertionTagProcessor [AbstractStandardFragmentInsertionTagProcessor.java:385] [THYMELEAF][http-nio-8080-exec-1][/site/discuss-detail] Deprecated unwrapped fragment expression "index::header" found in template /site/discuss-detail, line 15, col 38. Please use the complete syntax of fragment expressions instead ("~{index::header}"). The old, unwrapped syntax for fragment expressions will be removed in future versions of Thymeleaf.
2023-09-12 00:22:04,240 WARN [http-nio-8080-exec-1] o.t.s.p.AbstractStandardFragmentInsertionTagProcessor [AbstractStandardFragmentInsertionTagProcessor.java:385] [THYMELEAF][http-nio-8080-exec-1][error/500] Deprecated unwrapped fragment expression "index::header" found in template error/500, line 14, col 38. Please use the complete syntax of fragment expressions instead ("~{index::header}"). The old, unwrapped syntax for fragment expressions will be removed in future versions of Thymeleaf.
2023-09-12 00:24:19,639 WARN [http-nio-8080-exec-1] o.t.s.p.AbstractStandardFragmentInsertionTagProcessor [AbstractStandardFragmentInsertionTagProcessor.java:385] [THYMELEAF][http-nio-8080-exec-1][/site/discuss-detail] Deprecated unwrapped fragment expression "index::header" found in template /site/discuss-detail, line 15, col 38. Please use the complete syntax of fragment expressions instead ("~{index::header}"). The old, unwrapped syntax for fragment expressions will be removed in future versions of Thymeleaf.
2023-09-12 00:24:19,749 WARN [http-nio-8080-exec-1] o.t.s.p.AbstractStandardFragmentInsertionTagProcessor [AbstractStandardFragmentInsertionTagProcessor.java:385] [THYMELEAF][http-nio-8080-exec-1][/site/discuss-detail] Deprecated unwrapped fragment expression "index::pagination" found in template /site/discuss-detail, line 208, col 23. Please use the complete syntax of fragment expressions instead ("~{index::pagination}"). The old, unwrapped syntax for fragment expressions will be removed in future versions of Thymeleaf.
2023-09-12 00:24:22,262 WARN [http-nio-8080-exec-7] o.s.w.s.m.m.a.ExceptionHandlerExceptionResolver [ExceptionHandlerExceptionResolver.java:419] Failure in @ExceptionHandler com.nowcoder.community.controller.advice.ExceptionAdvice#handleException(Exception, HttpServletRequest, HttpServletResponse)
java.lang.IllegalStateException: Could not resolve parameter [1] in public void com.nowcoder.community.controller.advice.ExceptionAdvice.handleException(java.lang.Exception,javax.servlet.http.HttpServletRequest,jakarta.servlet.http.HttpServletResponse) throws java.io.IOException: No suitable resolver
	at org.springframework.web.method.support.InvocableHandlerMethod.getMethodArgumentValues(InvocableHandlerMethod.java:178)
	at org.springframework.web.method.support.InvocableHandlerMethod.invokeForRequest(InvocableHandlerMethod.java:148)
	at org.springframework.web.servlet.mvc.method.annotation.ServletInvocableHandlerMethod.invokeAndHandle(ServletInvocableHandlerMethod.java:118)
	at org.springframework.web.servlet.mvc.method.annotation.ExceptionHandlerExceptionResolver.doResolveHandlerMethodException(ExceptionHandlerExceptionResolver.java:413)
	at org.springframework.web.servlet.handler.AbstractHandlerMethodExceptionResolver.doResolveException(AbstractHandlerMethodExceptionResolver.java:74)
	at org.springframework.web.servlet.handler.AbstractHandlerExceptionResolver.resolveException(AbstractHandlerExceptionResolver.java:141)
	at org.springframework.web.servlet.handler.HandlerExceptionResolverComposite.resolveException(HandlerExceptionResolverComposite.java:80)
	at org.springframework.web.servlet.DispatcherServlet.processHandlerException(DispatcherServlet.java:1341)
	at org.springframework.web.servlet.DispatcherServlet.processDispatchResult(DispatcherServlet.java:1152)
	at org.springframework.web.servlet.DispatcherServlet.doDispatch(DispatcherServlet.java:1098)
	at org.springframework.web.servlet.DispatcherServlet.doService(DispatcherServlet.java:974)
	at org.springframework.web.servlet.FrameworkServlet.processRequest(FrameworkServlet.java:1011)
	at org.springframework.web.servlet.FrameworkServlet.doGet(FrameworkServlet.java:903)
	at jakarta.servlet.http.HttpServlet.service(HttpServlet.java:564)
	at org.springframework.web.servlet.FrameworkServlet.service(FrameworkServlet.java:885)
	at jakarta.servlet.http.HttpServlet.service(HttpServlet.java:658)
	at org.apache.catalina.core.ApplicationFilterChain.internalDoFilter(ApplicationFilterChain.java:205)
	at org.apache.catalina.core.ApplicationFilterChain.doFilter(ApplicationFilterChain.java:149)
	at org.apache.tomcat.websocket.server.WsFilter.doFilter(WsFilter.java:51)
	at org.apache.catalina.core.ApplicationFilterChain.internalDoFilter(ApplicationFilterChain.java:174)
	at org.apache.catalina.core.ApplicationFilterChain.doFilter(ApplicationFilterChain.java:149)
	at org.springframework.web.filter.RequestContextFilter.doFilterInternal(RequestContextFilter.java:100)
	at org.springframework.web.filter.OncePerRequestFilter.doFilter(OncePerRequestFilter.java:116)
	at org.apache.catalina.core.ApplicationFilterChain.internalDoFilter(ApplicationFilterChain.java:174)
	at org.apache.catalina.core.ApplicationFilterChain.doFilter(ApplicationFilterChain.java:149)
	at org.springframework.web.filter.FormContentFilter.doFilterInternal(FormContentFilter.java:93)
	at org.springframework.web.filter.OncePerRequestFilter.doFilter(OncePerRequestFilter.java:116)
	at org.apache.catalina.core.ApplicationFilterChain.internalDoFilter(ApplicationFilterChain.java:174)
	at org.apache.catalina.core.ApplicationFilterChain.doFilter(ApplicationFilterChain.java:149)
	at org.springframework.web.filter.CharacterEncodingFilter.doFilterInternal(CharacterEncodingFilter.java:201)
	at org.springframework.web.filter.OncePerRequestFilter.doFilter(OncePerRequestFilter.java:116)
	at org.apache.catalina.core.ApplicationFilterChain.internalDoFilter(ApplicationFilterChain.java:174)
	at org.apache.catalina.core.ApplicationFilterChain.doFilter(ApplicationFilterChain.java:149)
	at org.apache.catalina.core.StandardWrapperValve.invoke(StandardWrapperValve.java:166)
	at org.apache.catalina.core.StandardContextValve.invoke(StandardContextValve.java:90)
	at org.apache.catalina.authenticator.AuthenticatorBase.invoke(AuthenticatorBase.java:482)
	at org.apache.catalina.core.StandardHostValve.invoke(StandardHostValve.java:115)
	at org.apache.catalina.valves.ErrorReportValve.invoke(ErrorReportValve.java:93)
	at org.apache.catalina.core.StandardEngineValve.invoke(StandardEngineValve.java:74)
	at org.apache.catalina.connector.CoyoteAdapter.service(CoyoteAdapter.java:341)
	at org.apache.coyote.http11.Http11Processor.service(Http11Processor.java:391)
	at org.apache.coyote.AbstractProcessorLight.process(AbstractProcessorLight.java:63)
	at org.apache.coyote.AbstractProtocol$ConnectionHandler.process(AbstractProtocol.java:894)
	at org.apache.tomcat.util.net.NioEndpoint$SocketProcessor.doRun(NioEndpoint.java:1741)
	at org.apache.tomcat.util.net.SocketProcessorBase.run(SocketProcessorBase.java:52)
	at org.apache.tomcat.util.threads.ThreadPoolExecutor.runWorker(ThreadPoolExecutor.java:1191)
	at org.apache.tomcat.util.threads.ThreadPoolExecutor$Worker.run(ThreadPoolExecutor.java:659)
	at org.apache.tomcat.util.threads.TaskThread$WrappingRunnable.run(TaskThread.java:61)
	at java.base/java.lang.Thread.run(Thread.java:833)
2023-09-12 00:24:22,267 WARN [http-nio-8080-exec-7] o.s.w.s.m.s.DefaultHandlerExceptionResolver [AbstractHandlerExceptionResolver.java:207] Resolved [org.springframework.web.method.annotation.MethodArgumentTypeMismatchException: Failed to convert value of type 'java.lang.String' to required type 'int'; For input string: "user.id"]
2023-09-12 00:26:06,178 WARN [http-nio-8080-exec-6] o.t.s.p.AbstractStandardFragmentInsertionTagProcessor [AbstractStandardFragmentInsertionTagProcessor.java:385] [THYMELEAF][http-nio-8080-exec-6][/site/discuss-detail] Deprecated unwrapped fragment expression "index::header" found in template /site/discuss-detail, line 15, col 38. Please use the complete syntax of fragment expressions instead ("~{index::header}"). The old, unwrapped syntax for fragment expressions will be removed in future versions of Thymeleaf.
2023-09-12 00:26:06,219 WARN [http-nio-8080-exec-6] o.t.s.p.AbstractStandardFragmentInsertionTagProcessor [AbstractStandardFragmentInsertionTagProcessor.java:385] [THYMELEAF][http-nio-8080-exec-6][error/500] Deprecated unwrapped fragment expression "index::header" found in template error/500, line 14, col 38. Please use the complete syntax of fragment expressions instead ("~{index::header}"). The old, unwrapped syntax for fragment expressions will be removed in future versions of Thymeleaf.
2023-09-12 00:28:03,502 WARN [http-nio-8080-exec-6] o.t.s.p.AbstractStandardFragmentInsertionTagProcessor [AbstractStandardFragmentInsertionTagProcessor.java:385] [THYMELEAF][http-nio-8080-exec-6][/site/discuss-detail] Deprecated unwrapped fragment expression "index::header" found in template /site/discuss-detail, line 15, col 38. Please use the complete syntax of fragment expressions instead ("~{index::header}"). The old, unwrapped syntax for fragment expressions will be removed in future versions of Thymeleaf.
2023-09-12 00:28:03,545 WARN [http-nio-8080-exec-6] o.t.s.p.AbstractStandardFragmentInsertionTagProcessor [AbstractStandardFragmentInsertionTagProcessor.java:385] [THYMELEAF][http-nio-8080-exec-6][/site/discuss-detail] Deprecated unwrapped fragment expression "index::pagination" found in template /site/discuss-detail, line 208, col 23. Please use the complete syntax of fragment expressions instead ("~{index::pagination}"). The old, unwrapped syntax for fragment expressions will be removed in future versions of Thymeleaf.
2023-09-12 00:28:08,197 WARN [http-nio-8080-exec-1] o.s.w.s.m.m.a.ExceptionHandlerExceptionResolver [ExceptionHandlerExceptionResolver.java:419] Failure in @ExceptionHandler com.nowcoder.community.controller.advice.ExceptionAdvice#handleException(Exception, HttpServletRequest, HttpServletResponse)
java.lang.IllegalStateException: Could not resolve parameter [1] in public void com.nowcoder.community.controller.advice.ExceptionAdvice.handleException(java.lang.Exception,javax.servlet.http.HttpServletRequest,jakarta.servlet.http.HttpServletResponse) throws java.io.IOException: No suitable resolver
	at org.springframework.web.method.support.InvocableHandlerMethod.getMethodArgumentValues(InvocableHandlerMethod.java:178)
	at org.springframework.web.method.support.InvocableHandlerMethod.invokeForRequest(InvocableHandlerMethod.java:148)
	at org.springframework.web.servlet.mvc.method.annotation.ServletInvocableHandlerMethod.invokeAndHandle(ServletInvocableHandlerMethod.java:118)
	at org.springframework.web.servlet.mvc.method.annotation.ExceptionHandlerExceptionResolver.doResolveHandlerMethodException(ExceptionHandlerExceptionResolver.java:413)
	at org.springframework.web.servlet.handler.AbstractHandlerMethodExceptionResolver.doResolveException(AbstractHandlerMethodExceptionResolver.java:74)
	at org.springframework.web.servlet.handler.AbstractHandlerExceptionResolver.resolveException(AbstractHandlerExceptionResolver.java:141)
	at org.springframework.web.servlet.handler.HandlerExceptionResolverComposite.resolveException(HandlerExceptionResolverComposite.java:80)
	at org.springframework.web.servlet.DispatcherServlet.processHandlerException(DispatcherServlet.java:1341)
	at org.springframework.web.servlet.DispatcherServlet.processDispatchResult(DispatcherServlet.java:1152)
	at org.springframework.web.servlet.DispatcherServlet.doDispatch(DispatcherServlet.java:1098)
	at org.springframework.web.servlet.DispatcherServlet.doService(DispatcherServlet.java:974)
	at org.springframework.web.servlet.FrameworkServlet.processRequest(FrameworkServlet.java:1011)
	at org.springframework.web.servlet.FrameworkServlet.doGet(FrameworkServlet.java:903)
	at jakarta.servlet.http.HttpServlet.service(HttpServlet.java:564)
	at org.springframework.web.servlet.FrameworkServlet.service(FrameworkServlet.java:885)
	at jakarta.servlet.http.HttpServlet.service(HttpServlet.java:658)
	at org.apache.catalina.core.ApplicationFilterChain.internalDoFilter(ApplicationFilterChain.java:205)
	at org.apache.catalina.core.ApplicationFilterChain.doFilter(ApplicationFilterChain.java:149)
	at org.apache.tomcat.websocket.server.WsFilter.doFilter(WsFilter.java:51)
	at org.apache.catalina.core.ApplicationFilterChain.internalDoFilter(ApplicationFilterChain.java:174)
	at org.apache.catalina.core.ApplicationFilterChain.doFilter(ApplicationFilterChain.java:149)
	at org.springframework.web.filter.RequestContextFilter.doFilterInternal(RequestContextFilter.java:100)
	at org.springframework.web.filter.OncePerRequestFilter.doFilter(OncePerRequestFilter.java:116)
	at org.apache.catalina.core.ApplicationFilterChain.internalDoFilter(ApplicationFilterChain.java:174)
	at org.apache.catalina.core.ApplicationFilterChain.doFilter(ApplicationFilterChain.java:149)
	at org.springframework.web.filter.FormContentFilter.doFilterInternal(FormContentFilter.java:93)
	at org.springframework.web.filter.OncePerRequestFilter.doFilter(OncePerRequestFilter.java:116)
	at org.apache.catalina.core.ApplicationFilterChain.internalDoFilter(ApplicationFilterChain.java:174)
	at org.apache.catalina.core.ApplicationFilterChain.doFilter(ApplicationFilterChain.java:149)
	at org.springframework.web.filter.CharacterEncodingFilter.doFilterInternal(CharacterEncodingFilter.java:201)
	at org.springframework.web.filter.OncePerRequestFilter.doFilter(OncePerRequestFilter.java:116)
	at org.apache.catalina.core.ApplicationFilterChain.internalDoFilter(ApplicationFilterChain.java:174)
	at org.apache.catalina.core.ApplicationFilterChain.doFilter(ApplicationFilterChain.java:149)
	at org.apache.catalina.core.StandardWrapperValve.invoke(StandardWrapperValve.java:166)
	at org.apache.catalina.core.StandardContextValve.invoke(StandardContextValve.java:90)
	at org.apache.catalina.authenticator.AuthenticatorBase.invoke(AuthenticatorBase.java:482)
	at org.apache.catalina.core.StandardHostValve.invoke(StandardHostValve.java:115)
	at org.apache.catalina.valves.ErrorReportValve.invoke(ErrorReportValve.java:93)
	at org.apache.catalina.core.StandardEngineValve.invoke(StandardEngineValve.java:74)
	at org.apache.catalina.connector.CoyoteAdapter.service(CoyoteAdapter.java:341)
	at org.apache.coyote.http11.Http11Processor.service(Http11Processor.java:391)
	at org.apache.coyote.AbstractProcessorLight.process(AbstractProcessorLight.java:63)
	at org.apache.coyote.AbstractProtocol$ConnectionHandler.process(AbstractProtocol.java:894)
	at org.apache.tomcat.util.net.NioEndpoint$SocketProcessor.doRun(NioEndpoint.java:1741)
	at org.apache.tomcat.util.net.SocketProcessorBase.run(SocketProcessorBase.java:52)
	at org.apache.tomcat.util.threads.ThreadPoolExecutor.runWorker(ThreadPoolExecutor.java:1191)
	at org.apache.tomcat.util.threads.ThreadPoolExecutor$Worker.run(ThreadPoolExecutor.java:659)
	at org.apache.tomcat.util.threads.TaskThread$WrappingRunnable.run(TaskThread.java:61)
	at java.base/java.lang.Thread.run(Thread.java:833)
2023-09-12 00:28:08,222 WARN [http-nio-8080-exec-1] o.t.s.p.AbstractStandardFragmentInsertionTagProcessor [AbstractStandardFragmentInsertionTagProcessor.java:385] [THYMELEAF][http-nio-8080-exec-1][error/500] Deprecated unwrapped fragment expression "index::header" found in template error/500, line 14, col 38. Please use the complete syntax of fragment expressions instead ("~{index::header}"). The old, unwrapped syntax for fragment expressions will be removed in future versions of Thymeleaf.
2023-09-12 00:28:39,545 WARN [http-nio-8080-exec-3] o.t.s.p.AbstractStandardFragmentInsertionTagProcessor [AbstractStandardFragmentInsertionTagProcessor.java:385] [THYMELEAF][http-nio-8080-exec-3][/site/profile] Deprecated unwrapped fragment expression "index::header" found in template /site/profile, line 14, col 38. Please use the complete syntax of fragment expressions instead ("~{index::header}"). The old, unwrapped syntax for fragment expressions will be removed in future versions of Thymeleaf.
2023-09-12 00:28:39,590 WARN [http-nio-8080-exec-1] o.t.s.p.AbstractStandardFragmentInsertionTagProcessor [AbstractStandardFragmentInsertionTagProcessor.java:385] [THYMELEAF][http-nio-8080-exec-1][/error/500] Deprecated unwrapped fragment expression "index::header" found in template /error/500, line 14, col 38. Please use the complete syntax of fragment expressions instead ("~{index::header}"). The old, unwrapped syntax for fragment expressions will be removed in future versions of Thymeleaf.
2023-09-12 00:28:42,767 WARN [http-nio-8080-exec-4] o.t.s.p.AbstractStandardFragmentInsertionTagProcessor [AbstractStandardFragmentInsertionTagProcessor.java:385] [THYMELEAF][http-nio-8080-exec-4][/site/discuss-detail] Deprecated unwrapped fragment expression "index::header" found in template /site/discuss-detail, line 15, col 38. Please use the complete syntax of fragment expressions instead ("~{index::header}"). The old, unwrapped syntax for fragment expressions will be removed in future versions of Thymeleaf.
2023-09-12 00:28:42,780 WARN [http-nio-8080-exec-4] o.t.s.p.AbstractStandardFragmentInsertionTagProcessor [AbstractStandardFragmentInsertionTagProcessor.java:385] [THYMELEAF][http-nio-8080-exec-4][/site/discuss-detail] Deprecated unwrapped fragment expression "index::pagination" found in template /site/discuss-detail, line 208, col 23. Please use the complete syntax of fragment expressions instead ("~{index::pagination}"). The old, unwrapped syntax for fragment expressions will be removed in future versions of Thymeleaf.
2023-09-12 00:29:34,866 WARN [http-nio-8080-exec-1] o.t.s.p.AbstractStandardFragmentInsertionTagProcessor [AbstractStandardFragmentInsertionTagProcessor.java:385] [THYMELEAF][http-nio-8080-exec-1][/site/discuss-detail] Deprecated unwrapped fragment expression "index::header" found in template /site/discuss-detail, line 15, col 38. Please use the complete syntax of fragment expressions instead ("~{index::header}"). The old, unwrapped syntax for fragment expressions will be removed in future versions of Thymeleaf.
2023-09-12 00:29:34,974 WARN [http-nio-8080-exec-1] o.t.s.p.AbstractStandardFragmentInsertionTagProcessor [AbstractStandardFragmentInsertionTagProcessor.java:385] [THYMELEAF][http-nio-8080-exec-1][/site/discuss-detail] Deprecated unwrapped fragment expression "index::pagination" found in template /site/discuss-detail, line 208, col 23. Please use the complete syntax of fragment expressions instead ("~{index::pagination}"). The old, unwrapped syntax for fragment expressions will be removed in future versions of Thymeleaf.
2023-09-12 00:29:36,650 WARN [http-nio-8080-exec-7] o.t.s.p.AbstractStandardFragmentInsertionTagProcessor [AbstractStandardFragmentInsertionTagProcessor.java:385] [THYMELEAF][http-nio-8080-exec-7][/site/profile] Deprecated unwrapped fragment expression "index::header" found in template /site/profile, line 14, col 38. Please use the complete syntax of fragment expressions instead ("~{index::header}"). The old, unwrapped syntax for fragment expressions will be removed in future versions of Thymeleaf.
2023-09-12 00:29:36,704 WARN [http-nio-8080-exec-9] o.t.s.p.AbstractStandardFragmentInsertionTagProcessor [AbstractStandardFragmentInsertionTagProcessor.java:385] [THYMELEAF][http-nio-8080-exec-9][/error/500] Deprecated unwrapped fragment expression "index::header" found in template /error/500, line 14, col 38. Please use the complete syntax of fragment expressions instead ("~{index::header}"). The old, unwrapped syntax for fragment expressions will be removed in future versions of Thymeleaf.
2023-09-12 00:34:41,396 WARN [http-nio-8080-exec-1] o.t.s.p.AbstractStandardFragmentInsertionTagProcessor [AbstractStandardFragmentInsertionTagProcessor.java:385] [THYMELEAF][http-nio-8080-exec-1][/site/discuss-detail] Deprecated unwrapped fragment expression "index::header" found in template /site/discuss-detail, line 15, col 38. Please use the complete syntax of fragment expressions instead ("~{index::header}"). The old, unwrapped syntax for fragment expressions will be removed in future versions of Thymeleaf.
2023-09-12 00:34:41,506 WARN [http-nio-8080-exec-1] o.t.s.p.AbstractStandardFragmentInsertionTagProcessor [AbstractStandardFragmentInsertionTagProcessor.java:385] [THYMELEAF][http-nio-8080-exec-1][error/500] Deprecated unwrapped fragment expression "index::header" found in template error/500, line 14, col 38. Please use the complete syntax of fragment expressions instead ("~{index::header}"). The old, unwrapped syntax for fragment expressions will be removed in future versions of Thymeleaf.
2023-09-12 00:35:59,420 WARN [http-nio-8080-exec-1] o.t.s.p.AbstractStandardFragmentInsertionTagProcessor [AbstractStandardFragmentInsertionTagProcessor.java:385] [THYMELEAF][http-nio-8080-exec-1][/site/discuss-detail] Deprecated unwrapped fragment expression "index::header" found in template /site/discuss-detail, line 15, col 38. Please use the complete syntax of fragment expressions instead ("~{index::header}"). The old, unwrapped syntax for fragment expressions will be removed in future versions of Thymeleaf.
2023-09-12 00:35:59,539 WARN [http-nio-8080-exec-1] o.t.s.p.AbstractStandardFragmentInsertionTagProcessor [AbstractStandardFragmentInsertionTagProcessor.java:385] [THYMELEAF][http-nio-8080-exec-1][error/500] Deprecated unwrapped fragment expression "index::header" found in template error/500, line 14, col 38. Please use the complete syntax of fragment expressions instead ("~{index::header}"). The old, unwrapped syntax for fragment expressions will be removed in future versions of Thymeleaf.
2023-09-12 00:38:49,576 WARN [http-nio-8080-exec-1] o.t.s.p.AbstractStandardFragmentInsertionTagProcessor [AbstractStandardFragmentInsertionTagProcessor.java:385] [THYMELEAF][http-nio-8080-exec-1][/site/discuss-detail] Deprecated unwrapped fragment expression "index::header" found in template /site/discuss-detail, line 15, col 38. Please use the complete syntax of fragment expressions instead ("~{index::header}"). The old, unwrapped syntax for fragment expressions will be removed in future versions of Thymeleaf.
2023-09-12 00:38:49,690 WARN [http-nio-8080-exec-1] o.t.s.p.AbstractStandardFragmentInsertionTagProcessor [AbstractStandardFragmentInsertionTagProcessor.java:385] [THYMELEAF][http-nio-8080-exec-1][/site/discuss-detail] Deprecated unwrapped fragment expression "index::pagination" found in template /site/discuss-detail, line 208, col 23. Please use the complete syntax of fragment expressions instead ("~{index::pagination}"). The old, unwrapped syntax for fragment expressions will be removed in future versions of Thymeleaf.
2023-09-12 00:38:52,272 WARN [http-nio-8080-exec-7] o.t.s.p.AbstractStandardFragmentInsertionTagProcessor [AbstractStandardFragmentInsertionTagProcessor.java:385] [THYMELEAF][http-nio-8080-exec-7][/site/profile] Deprecated unwrapped fragment expression "index::header" found in template /site/profile, line 14, col 38. Please use the complete syntax of fragment expressions instead ("~{index::header}"). The old, unwrapped syntax for fragment expressions will be removed in future versions of Thymeleaf.
2023-09-12 00:38:52,327 WARN [http-nio-8080-exec-8] o.t.s.p.AbstractStandardFragmentInsertionTagProcessor [AbstractStandardFragmentInsertionTagProcessor.java:385] [THYMELEAF][http-nio-8080-exec-8][/error/500] Deprecated unwrapped fragment expression "index::header" found in template /error/500, line 14, col 38. Please use the complete syntax of fragment expressions instead ("~{index::header}"). The old, unwrapped syntax for fragment expressions will be removed in future versions of Thymeleaf.
2023-09-12 00:39:57,977 WARN [http-nio-8080-exec-9] o.t.s.p.AbstractStandardFragmentInsertionTagProcessor [AbstractStandardFragmentInsertionTagProcessor.java:385] [THYMELEAF][http-nio-8080-exec-9][/site/profile] Deprecated unwrapped fragment expression "index::header" found in template /site/profile, line 14, col 38. Please use the complete syntax of fragment expressions instead ("~{index::header}"). The old, unwrapped syntax for fragment expressions will be removed in future versions of Thymeleaf.
2023-09-12 00:39:58,030 WARN [http-nio-8080-exec-10] o.t.s.p.AbstractStandardFragmentInsertionTagProcessor [AbstractStandardFragmentInsertionTagProcessor.java:385] [THYMELEAF][http-nio-8080-exec-10][/error/500] Deprecated unwrapped fragment expression "index::header" found in template /error/500, line 14, col 38. Please use the complete syntax of fragment expressions instead ("~{index::header}"). The old, unwrapped syntax for fragment expressions will be removed in future versions of Thymeleaf.
2023-09-12 13:56:41,560 WARN [http-nio-8080-exec-7] o.t.s.p.AbstractStandardFragmentInsertionTagProcessor [AbstractStandardFragmentInsertionTagProcessor.java:385] [THYMELEAF][http-nio-8080-exec-7][/site/discuss-detail] Deprecated unwrapped fragment expression "index::header" found in template /site/discuss-detail, line 15, col 38. Please use the complete syntax of fragment expressions instead ("~{index::header}"). The old, unwrapped syntax for fragment expressions will be removed in future versions of Thymeleaf.
2023-09-12 13:56:41,622 WARN [http-nio-8080-exec-7] o.t.s.p.AbstractStandardFragmentInsertionTagProcessor [AbstractStandardFragmentInsertionTagProcessor.java:385] [THYMELEAF][http-nio-8080-exec-7][/site/discuss-detail] Deprecated unwrapped fragment expression "index::pagination" found in template /site/discuss-detail, line 208, col 23. Please use the complete syntax of fragment expressions instead ("~{index::pagination}"). The old, unwrapped syntax for fragment expressions will be removed in future versions of Thymeleaf.
2023-09-12 13:58:45,673 WARN [http-nio-8080-exec-1] o.t.s.p.AbstractStandardFragmentInsertionTagProcessor [AbstractStandardFragmentInsertionTagProcessor.java:385] [THYMELEAF][http-nio-8080-exec-1][/site/discuss-detail] Deprecated unwrapped fragment expression "index::header" found in template /site/discuss-detail, line 15, col 38. Please use the complete syntax of fragment expressions instead ("~{index::header}"). The old, unwrapped syntax for fragment expressions will be removed in future versions of Thymeleaf.
2023-09-12 13:58:45,810 WARN [http-nio-8080-exec-1] o.t.s.p.AbstractStandardFragmentInsertionTagProcessor [AbstractStandardFragmentInsertionTagProcessor.java:385] [THYMELEAF][http-nio-8080-exec-1][/site/discuss-detail] Deprecated unwrapped fragment expression "index::pagination" found in template /site/discuss-detail, line 212, col 23. Please use the complete syntax of fragment expressions instead ("~{index::pagination}"). The old, unwrapped syntax for fragment expressions will be removed in future versions of Thymeleaf.
2023-09-12 13:58:47,900 WARN [http-nio-8080-exec-6] o.t.s.p.AbstractStandardFragmentInsertionTagProcessor [AbstractStandardFragmentInsertionTagProcessor.java:385] [THYMELEAF][http-nio-8080-exec-6][/site/profile] Deprecated unwrapped fragment expression "index::header" found in template /site/profile, line 14, col 38. Please use the complete syntax of fragment expressions instead ("~{index::header}"). The old, unwrapped syntax for fragment expressions will be removed in future versions of Thymeleaf.
2023-09-12 13:58:47,986 WARN [http-nio-8080-exec-9] o.t.s.p.AbstractStandardFragmentInsertionTagProcessor [AbstractStandardFragmentInsertionTagProcessor.java:385] [THYMELEAF][http-nio-8080-exec-9][/error/500] Deprecated unwrapped fragment expression "index::header" found in template /error/500, line 14, col 38. Please use the complete syntax of fragment expressions instead ("~{index::header}"). The old, unwrapped syntax for fragment expressions will be removed in future versions of Thymeleaf.
2023-09-12 13:58:52,364 WARN [http-nio-8080-exec-2] o.t.s.p.AbstractStandardFragmentInsertionTagProcessor [AbstractStandardFragmentInsertionTagProcessor.java:385] [THYMELEAF][http-nio-8080-exec-2][/site/profile] Deprecated unwrapped fragment expression "index::header" found in template /site/profile, line 14, col 38. Please use the complete syntax of fragment expressions instead ("~{index::header}"). The old, unwrapped syntax for fragment expressions will be removed in future versions of Thymeleaf.
2023-09-12 13:58:52,407 WARN [http-nio-8080-exec-5] o.t.s.p.AbstractStandardFragmentInsertionTagProcessor [AbstractStandardFragmentInsertionTagProcessor.java:385] [THYMELEAF][http-nio-8080-exec-5][/error/500] Deprecated unwrapped fragment expression "index::header" found in template /error/500, line 14, col 38. Please use the complete syntax of fragment expressions instead ("~{index::header}"). The old, unwrapped syntax for fragment expressions will be removed in future versions of Thymeleaf.
2023-09-12 13:58:56,948 WARN [http-nio-8080-exec-6] o.t.s.p.AbstractStandardFragmentInsertionTagProcessor [AbstractStandardFragmentInsertionTagProcessor.java:385] [THYMELEAF][http-nio-8080-exec-6][/site/profile] Deprecated unwrapped fragment expression "index::header" found in template /site/profile, line 14, col 38. Please use the complete syntax of fragment expressions instead ("~{index::header}"). The old, unwrapped syntax for fragment expressions will be removed in future versions of Thymeleaf.
2023-09-12 13:58:57,001 WARN [http-nio-8080-exec-8] o.t.s.p.AbstractStandardFragmentInsertionTagProcessor [AbstractStandardFragmentInsertionTagProcessor.java:385] [THYMELEAF][http-nio-8080-exec-8][/error/500] Deprecated unwrapped fragment expression "index::header" found in template /error/500, line 14, col 38. Please use the complete syntax of fragment expressions instead ("~{index::header}"). The old, unwrapped syntax for fragment expressions will be removed in future versions of Thymeleaf.
2023-09-12 14:04:31,728 WARN [http-nio-8080-exec-1] o.t.s.p.AbstractStandardFragmentInsertionTagProcessor [AbstractStandardFragmentInsertionTagProcessor.java:385] [THYMELEAF][http-nio-8080-exec-1][/site/discuss-detail] Deprecated unwrapped fragment expression "index::header" found in template /site/discuss-detail, line 15, col 38. Please use the complete syntax of fragment expressions instead ("~{index::header}"). The old, unwrapped syntax for fragment expressions will be removed in future versions of Thymeleaf.
2023-09-12 14:04:31,835 WARN [http-nio-8080-exec-1] o.t.s.p.AbstractStandardFragmentInsertionTagProcessor [AbstractStandardFragmentInsertionTagProcessor.java:385] [THYMELEAF][http-nio-8080-exec-1][/site/discuss-detail] Deprecated unwrapped fragment expression "index::pagination" found in template /site/discuss-detail, line 214, col 23. Please use the complete syntax of fragment expressions instead ("~{index::pagination}"). The old, unwrapped syntax for fragment expressions will be removed in future versions of Thymeleaf.
2023-09-12 14:04:33,678 WARN [http-nio-8080-exec-6] o.t.s.p.AbstractStandardFragmentInsertionTagProcessor [AbstractStandardFragmentInsertionTagProcessor.java:385] [THYMELEAF][http-nio-8080-exec-6][/site/profile] Deprecated unwrapped fragment expression "index::header" found in template /site/profile, line 14, col 38. Please use the complete syntax of fragment expressions instead ("~{index::header}"). The old, unwrapped syntax for fragment expressions will be removed in future versions of Thymeleaf.
2023-09-12 14:04:33,726 WARN [http-nio-8080-exec-9] o.t.s.p.AbstractStandardFragmentInsertionTagProcessor [AbstractStandardFragmentInsertionTagProcessor.java:385] [THYMELEAF][http-nio-8080-exec-9][/error/500] Deprecated unwrapped fragment expression "index::header" found in template /error/500, line 14, col 38. Please use the complete syntax of fragment expressions instead ("~{index::header}"). The old, unwrapped syntax for fragment expressions will be removed in future versions of Thymeleaf.
2023-09-12 14:05:09,162 WARN [http-nio-8080-exec-1] o.t.s.p.AbstractStandardFragmentInsertionTagProcessor [AbstractStandardFragmentInsertionTagProcessor.java:385] [THYMELEAF][http-nio-8080-exec-1][/site/discuss-detail] Deprecated unwrapped fragment expression "index::header" found in template /site/discuss-detail, line 15, col 38. Please use the complete syntax of fragment expressions instead ("~{index::header}"). The old, unwrapped syntax for fragment expressions will be removed in future versions of Thymeleaf.
2023-09-12 14:05:09,275 WARN [http-nio-8080-exec-1] o.t.s.p.AbstractStandardFragmentInsertionTagProcessor [AbstractStandardFragmentInsertionTagProcessor.java:385] [THYMELEAF][http-nio-8080-exec-1][/site/discuss-detail] Deprecated unwrapped fragment expression "index::pagination" found in template /site/discuss-detail, line 214, col 23. Please use the complete syntax of fragment expressions instead ("~{index::pagination}"). The old, unwrapped syntax for fragment expressions will be removed in future versions of Thymeleaf.
2023-09-12 14:05:13,628 WARN [http-nio-8080-exec-6] o.t.s.p.AbstractStandardFragmentInsertionTagProcessor [AbstractStandardFragmentInsertionTagProcessor.java:385] [THYMELEAF][http-nio-8080-exec-6][/site/profile] Deprecated unwrapped fragment expression "index::header" found in template /site/profile, line 14, col 38. Please use the complete syntax of fragment expressions instead ("~{index::header}"). The old, unwrapped syntax for fragment expressions will be removed in future versions of Thymeleaf.
2023-09-12 14:05:13,675 WARN [http-nio-8080-exec-8] o.t.s.p.AbstractStandardFragmentInsertionTagProcessor [AbstractStandardFragmentInsertionTagProcessor.java:385] [THYMELEAF][http-nio-8080-exec-8][/error/500] Deprecated unwrapped fragment expression "index::header" found in template /error/500, line 14, col 38. Please use the complete syntax of fragment expressions instead ("~{index::header}"). The old, unwrapped syntax for fragment expressions will be removed in future versions of Thymeleaf.
2023-09-12 14:06:13,361 WARN [http-nio-8080-exec-1] o.t.s.p.AbstractStandardFragmentInsertionTagProcessor [AbstractStandardFragmentInsertionTagProcessor.java:385] [THYMELEAF][http-nio-8080-exec-1][/site/discuss-detail] Deprecated unwrapped fragment expression "index::header" found in template /site/discuss-detail, line 15, col 38. Please use the complete syntax of fragment expressions instead ("~{index::header}"). The old, unwrapped syntax for fragment expressions will be removed in future versions of Thymeleaf.
2023-09-12 14:06:13,460 WARN [http-nio-8080-exec-1] o.t.s.p.AbstractStandardFragmentInsertionTagProcessor [AbstractStandardFragmentInsertionTagProcessor.java:385] [THYMELEAF][http-nio-8080-exec-1][/site/discuss-detail] Deprecated unwrapped fragment expression "index::pagination" found in template /site/discuss-detail, line 215, col 23. Please use the complete syntax of fragment expressions instead ("~{index::pagination}"). The old, unwrapped syntax for fragment expressions will be removed in future versions of Thymeleaf.
2023-09-12 14:06:15,121 WARN [http-nio-8080-exec-6] o.t.s.p.AbstractStandardFragmentInsertionTagProcessor [AbstractStandardFragmentInsertionTagProcessor.java:385] [THYMELEAF][http-nio-8080-exec-6][/site/profile] Deprecated unwrapped fragment expression "index::header" found in template /site/profile, line 14, col 38. Please use the complete syntax of fragment expressions instead ("~{index::header}"). The old, unwrapped syntax for fragment expressions will be removed in future versions of Thymeleaf.
2023-09-12 14:06:15,172 WARN [http-nio-8080-exec-8] o.t.s.p.AbstractStandardFragmentInsertionTagProcessor [AbstractStandardFragmentInsertionTagProcessor.java:385] [THYMELEAF][http-nio-8080-exec-8][/error/500] Deprecated unwrapped fragment expression "index::header" found in template /error/500, line 14, col 38. Please use the complete syntax of fragment expressions instead ("~{index::header}"). The old, unwrapped syntax for fragment expressions will be removed in future versions of Thymeleaf.
2023-09-12 14:09:48,806 WARN [http-nio-8080-exec-1] o.t.s.p.AbstractStandardFragmentInsertionTagProcessor [AbstractStandardFragmentInsertionTagProcessor.java:385] [THYMELEAF][http-nio-8080-exec-1][/site/discuss-detail] Deprecated unwrapped fragment expression "index::header" found in template /site/discuss-detail, line 15, col 38. Please use the complete syntax of fragment expressions instead ("~{index::header}"). The old, unwrapped syntax for fragment expressions will be removed in future versions of Thymeleaf.
2023-09-12 14:09:48,904 WARN [http-nio-8080-exec-1] o.t.s.p.AbstractStandardFragmentInsertionTagProcessor [AbstractStandardFragmentInsertionTagProcessor.java:385] [THYMELEAF][http-nio-8080-exec-1][/site/discuss-detail] Deprecated unwrapped fragment expression "index::pagination" found in template /site/discuss-detail, line 219, col 23. Please use the complete syntax of fragment expressions instead ("~{index::pagination}"). The old, unwrapped syntax for fragment expressions will be removed in future versions of Thymeleaf.
2023-09-12 14:09:54,770 WARN [http-nio-8080-exec-6] o.t.s.p.AbstractStandardFragmentInsertionTagProcessor [AbstractStandardFragmentInsertionTagProcessor.java:385] [THYMELEAF][http-nio-8080-exec-6][/error/500] Deprecated unwrapped fragment expression "index::header" found in template /error/500, line 14, col 38. Please use the complete syntax of fragment expressions instead ("~{index::header}"). The old, unwrapped syntax for fragment expressions will be removed in future versions of Thymeleaf.
2023-09-12 14:09:57,632 WARN [http-nio-8080-exec-4] o.t.s.p.AbstractStandardFragmentInsertionTagProcessor [AbstractStandardFragmentInsertionTagProcessor.java:385] [THYMELEAF][http-nio-8080-exec-4][/site/discuss-detail] Deprecated unwrapped fragment expression "index::header" found in template /site/discuss-detail, line 15, col 38. Please use the complete syntax of fragment expressions instead ("~{index::header}"). The old, unwrapped syntax for fragment expressions will be removed in future versions of Thymeleaf.
2023-09-12 14:09:57,644 WARN [http-nio-8080-exec-4] o.t.s.p.AbstractStandardFragmentInsertionTagProcessor [AbstractStandardFragmentInsertionTagProcessor.java:385] [THYMELEAF][http-nio-8080-exec-4][/site/discuss-detail] Deprecated unwrapped fragment expression "index::pagination" found in template /site/discuss-detail, line 219, col 23. Please use the complete syntax of fragment expressions instead ("~{index::pagination}"). The old, unwrapped syntax for fragment expressions will be removed in future versions of Thymeleaf.
2023-09-12 14:10:02,343 WARN [http-nio-8080-exec-9] o.t.s.p.AbstractStandardFragmentInsertionTagProcessor [AbstractStandardFragmentInsertionTagProcessor.java:385] [THYMELEAF][http-nio-8080-exec-9][/site/profile] Deprecated unwrapped fragment expression "index::header" found in template /site/profile, line 14, col 38. Please use the complete syntax of fragment expressions instead ("~{index::header}"). The old, unwrapped syntax for fragment expressions will be removed in future versions of Thymeleaf.
2023-09-12 14:10:02,376 WARN [http-nio-8080-exec-3] o.t.s.p.AbstractStandardFragmentInsertionTagProcessor [AbstractStandardFragmentInsertionTagProcessor.java:385] [THYMELEAF][http-nio-8080-exec-3][/error/500] Deprecated unwrapped fragment expression "index::header" found in template /error/500, line 14, col 38. Please use the complete syntax of fragment expressions instead ("~{index::header}"). The old, unwrapped syntax for fragment expressions will be removed in future versions of Thymeleaf.
2023-09-12 14:10:08,633 WARN [http-nio-8080-exec-5] o.t.s.p.AbstractStandardFragmentInsertionTagProcessor [AbstractStandardFragmentInsertionTagProcessor.java:385] [THYMELEAF][http-nio-8080-exec-5][/site/discuss-detail] Deprecated unwrapped fragment expression "index::header" found in template /site/discuss-detail, line 15, col 38. Please use the complete syntax of fragment expressions instead ("~{index::header}"). The old, unwrapped syntax for fragment expressions will be removed in future versions of Thymeleaf.
2023-09-12 14:10:08,649 WARN [http-nio-8080-exec-5] o.t.s.p.AbstractStandardFragmentInsertionTagProcessor [AbstractStandardFragmentInsertionTagProcessor.java:385] [THYMELEAF][http-nio-8080-exec-5][/site/discuss-detail] Deprecated unwrapped fragment expression "index::pagination" found in template /site/discuss-detail, line 219, col 23. Please use the complete syntax of fragment expressions instead ("~{index::pagination}"). The old, unwrapped syntax for fragment expressions will be removed in future versions of Thymeleaf.
2023-09-12 14:10:11,861 WARN [http-nio-8080-exec-2] o.t.s.p.AbstractStandardFragmentInsertionTagProcessor [AbstractStandardFragmentInsertionTagProcessor.java:385] [THYMELEAF][http-nio-8080-exec-2][/site/profile] Deprecated unwrapped fragment expression "index::header" found in template /site/profile, line 14, col 38. Please use the complete syntax of fragment expressions instead ("~{index::header}"). The old, unwrapped syntax for fragment expressions will be removed in future versions of Thymeleaf.
2023-09-12 14:10:11,885 WARN [http-nio-8080-exec-3] o.t.s.p.AbstractStandardFragmentInsertionTagProcessor [AbstractStandardFragmentInsertionTagProcessor.java:385] [THYMELEAF][http-nio-8080-exec-3][/error/500] Deprecated unwrapped fragment expression "index::header" found in template /error/500, line 14, col 38. Please use the complete syntax of fragment expressions instead ("~{index::header}"). The old, unwrapped syntax for fragment expressions will be removed in future versions of Thymeleaf.
2023-09-12 14:10:13,788 WARN [http-nio-8080-exec-6] o.t.s.p.AbstractStandardFragmentInsertionTagProcessor [AbstractStandardFragmentInsertionTagProcessor.java:385] [THYMELEAF][http-nio-8080-exec-6][/site/profile] Deprecated unwrapped fragment expression "index::header" found in template /site/profile, line 14, col 38. Please use the complete syntax of fragment expressions instead ("~{index::header}"). The old, unwrapped syntax for fragment expressions will be removed in future versions of Thymeleaf.
2023-09-12 14:10:13,814 WARN [http-nio-8080-exec-7] o.t.s.p.AbstractStandardFragmentInsertionTagProcessor [AbstractStandardFragmentInsertionTagProcessor.java:385] [THYMELEAF][http-nio-8080-exec-7][/error/500] Deprecated unwrapped fragment expression "index::header" found in template /error/500, line 14, col 38. Please use the complete syntax of fragment expressions instead ("~{index::header}"). The old, unwrapped syntax for fragment expressions will be removed in future versions of Thymeleaf.
2023-09-12 14:10:16,124 WARN [http-nio-8080-exec-8] o.t.s.p.AbstractStandardFragmentInsertionTagProcessor [AbstractStandardFragmentInsertionTagProcessor.java:385] [THYMELEAF][http-nio-8080-exec-8][/site/profile] Deprecated unwrapped fragment expression "index::header" found in template /site/profile, line 14, col 38. Please use the complete syntax of fragment expressions instead ("~{index::header}"). The old, unwrapped syntax for fragment expressions will be removed in future versions of Thymeleaf.
2023-09-12 14:10:16,143 WARN [http-nio-8080-exec-10] o.t.s.p.AbstractStandardFragmentInsertionTagProcessor [AbstractStandardFragmentInsertionTagProcessor.java:385] [THYMELEAF][http-nio-8080-exec-10][/error/500] Deprecated unwrapped fragment expression "index::header" found in template /error/500, line 14, col 38. Please use the complete syntax of fragment expressions instead ("~{index::header}"). The old, unwrapped syntax for fragment expressions will be removed in future versions of Thymeleaf.
2023-09-12 14:10:18,046 WARN [http-nio-8080-exec-3] o.t.s.p.AbstractStandardFragmentInsertionTagProcessor [AbstractStandardFragmentInsertionTagProcessor.java:385] [THYMELEAF][http-nio-8080-exec-3][/site/profile] Deprecated unwrapped fragment expression "index::header" found in template /site/profile, line 14, col 38. Please use the complete syntax of fragment expressions instead ("~{index::header}"). The old, unwrapped syntax for fragment expressions will be removed in future versions of Thymeleaf.
2023-09-12 14:10:18,067 WARN [http-nio-8080-exec-1] o.t.s.p.AbstractStandardFragmentInsertionTagProcessor [AbstractStandardFragmentInsertionTagProcessor.java:385] [THYMELEAF][http-nio-8080-exec-1][/error/500] Deprecated unwrapped fragment expression "index::header" found in template /error/500, line 14, col 38. Please use the complete syntax of fragment expressions instead ("~{index::header}"). The old, unwrapped syntax for fragment expressions will be removed in future versions of Thymeleaf.
2023-09-12 22:53:55,364 WARN [restartedMain] o.s.b.w.s.c.AnnotationConfigServletWebServerApplicationContext [AbstractApplicationContext.java:616] Exception encountered during context initialization - cancelling refresh attempt: org.springframework.beans.factory.UnsatisfiedDependencyException: Error creating bean with name 'followController': Unsatisfied dependency expressed through field 'followService': No qualifying bean of type 'com.nowcoder.community.service.FollowService' available: expected at least 1 bean which qualifies as autowire candidate. Dependency annotations: {@org.springframework.beans.factory.annotation.Autowired(required=true)}
2023-09-12 22:56:08,360 WARN [restartedMain] o.s.b.w.s.c.AnnotationConfigServletWebServerApplicationContext [AbstractApplicationContext.java:616] Exception encountered during context initialization - cancelling refresh attempt: org.springframework.beans.factory.UnsatisfiedDependencyException: Error creating bean with name 'followController': Unsatisfied dependency expressed through field 'followService': No qualifying bean of type 'com.nowcoder.community.service.FollowService' available: expected at least 1 bean which qualifies as autowire candidate. Dependency annotations: {@org.springframework.beans.factory.annotation.Autowired(required=true)}
2023-09-12 22:58:15,279 WARN [restartedMain] o.s.b.w.s.c.AnnotationConfigServletWebServerApplicationContext [AbstractApplicationContext.java:616] Exception encountered during context initialization - cancelling refresh attempt: org.springframework.beans.factory.UnsatisfiedDependencyException: Error creating bean with name 'followController': Unsatisfied dependency expressed through field 'followService': No qualifying bean of type 'com.nowcoder.community.service.FollowService' available: expected at least 1 bean which qualifies as autowire candidate. Dependency annotations: {@org.springframework.beans.factory.annotation.Autowired(required=true)}
2023-09-12 23:03:12,903 WARN [http-nio-8080-exec-7] o.t.s.p.AbstractStandardFragmentInsertionTagProcessor [AbstractStandardFragmentInsertionTagProcessor.java:385] [THYMELEAF][http-nio-8080-exec-7][/site/profile] Deprecated unwrapped fragment expression "index::header" found in template /site/profile, line 14, col 38. Please use the complete syntax of fragment expressions instead ("~{index::header}"). The old, unwrapped syntax for fragment expressions will be removed in future versions of Thymeleaf.
2023-09-12 23:03:12,960 WARN [http-nio-8080-exec-5] o.t.s.p.AbstractStandardFragmentInsertionTagProcessor [AbstractStandardFragmentInsertionTagProcessor.java:385] [THYMELEAF][http-nio-8080-exec-5][/error/500] Deprecated unwrapped fragment expression "index::header" found in template /error/500, line 14, col 38. Please use the complete syntax of fragment expressions instead ("~{index::header}"). The old, unwrapped syntax for fragment expressions will be removed in future versions of Thymeleaf.
2023-09-12 23:03:18,955 WARN [http-nio-8080-exec-1] o.t.s.p.AbstractStandardFragmentInsertionTagProcessor [AbstractStandardFragmentInsertionTagProcessor.java:385] [THYMELEAF][http-nio-8080-exec-1][/site/login] Deprecated unwrapped fragment expression "index::header" found in template /site/login, line 15, col 37. Please use the complete syntax of fragment expressions instead ("~{index::header}"). The old, unwrapped syntax for fragment expressions will be removed in future versions of Thymeleaf.
2023-09-12 23:03:31,938 WARN [http-nio-8080-exec-7] o.t.s.p.AbstractStandardFragmentInsertionTagProcessor [AbstractStandardFragmentInsertionTagProcessor.java:385] [THYMELEAF][http-nio-8080-exec-7][site/login] Deprecated unwrapped fragment expression "index::header" found in template site/login, line 15, col 37. Please use the complete syntax of fragment expressions instead ("~{index::header}"). The old, unwrapped syntax for fragment expressions will be removed in future versions of Thymeleaf.
2023-09-12 23:03:37,313 WARN [http-nio-8080-exec-5] o.t.s.p.AbstractStandardFragmentInsertionTagProcessor [AbstractStandardFragmentInsertionTagProcessor.java:385] [THYMELEAF][http-nio-8080-exec-5][/site/discuss-detail] Deprecated unwrapped fragment expression "index::header" found in template /site/discuss-detail, line 15, col 38. Please use the complete syntax of fragment expressions instead ("~{index::header}"). The old, unwrapped syntax for fragment expressions will be removed in future versions of Thymeleaf.
2023-09-12 23:03:37,334 WARN [http-nio-8080-exec-5] o.t.s.p.AbstractStandardFragmentInsertionTagProcessor [AbstractStandardFragmentInsertionTagProcessor.java:385] [THYMELEAF][http-nio-8080-exec-5][/site/discuss-detail] Deprecated unwrapped fragment expression "index::pagination" found in template /site/discuss-detail, line 219, col 23. Please use the complete syntax of fragment expressions instead ("~{index::pagination}"). The old, unwrapped syntax for fragment expressions will be removed in future versions of Thymeleaf.
2023-09-12 23:03:39,897 WARN [http-nio-8080-exec-3] o.t.s.p.AbstractStandardFragmentInsertionTagProcessor [AbstractStandardFragmentInsertionTagProcessor.java:385] [THYMELEAF][http-nio-8080-exec-3][/site/profile] Deprecated unwrapped fragment expression "index::header" found in template /site/profile, line 14, col 38. Please use the complete syntax of fragment expressions instead ("~{index::header}"). The old, unwrapped syntax for fragment expressions will be removed in future versions of Thymeleaf.
2023-09-12 23:03:39,932 WARN [http-nio-8080-exec-2] o.t.s.p.AbstractStandardFragmentInsertionTagProcessor [AbstractStandardFragmentInsertionTagProcessor.java:385] [THYMELEAF][http-nio-8080-exec-2][/error/500] Deprecated unwrapped fragment expression "index::header" found in template /error/500, line 14, col 38. Please use the complete syntax of fragment expressions instead ("~{index::header}"). The old, unwrapped syntax for fragment expressions will be removed in future versions of Thymeleaf.
2023-09-12 23:03:41,116 WARN [http-nio-8080-exec-10] o.t.s.p.AbstractStandardFragmentInsertionTagProcessor [AbstractStandardFragmentInsertionTagProcessor.java:385] [THYMELEAF][http-nio-8080-exec-10][/site/profile] Deprecated unwrapped fragment expression "index::header" found in template /site/profile, line 14, col 38. Please use the complete syntax of fragment expressions instead ("~{index::header}"). The old, unwrapped syntax for fragment expressions will be removed in future versions of Thymeleaf.
2023-09-12 23:03:41,142 WARN [http-nio-8080-exec-1] o.t.s.p.AbstractStandardFragmentInsertionTagProcessor [AbstractStandardFragmentInsertionTagProcessor.java:385] [THYMELEAF][http-nio-8080-exec-1][/error/500] Deprecated unwrapped fragment expression "index::header" found in template /error/500, line 14, col 38. Please use the complete syntax of fragment expressions instead ("~{index::header}"). The old, unwrapped syntax for fragment expressions will be removed in future versions of Thymeleaf.
