2023-09-08 21:46:53,405 INFO [restartedMain] c.n.c.CommunityApplication [StartupInfoLogger.java:51] Starting CommunityApplication using Java 17.0.7 with PID 12712 (D:\work\workspace\community\target\classes started by falls in D:\work\workspace\community)
2023-09-08 21:46:53,410 INFO [restartedMain] c.n.c.CommunityApplication [SpringApplication.java:634] No active profile set, falling back to 1 default profile: "default"
2023-09-08 21:46:53,463 INFO [restartedMain] o.s.b.d.e.DevToolsPropertyDefaultsPostProcessor [DeferredLog.java:250] Devtools property defaults active! Set 'spring.devtools.add-properties' to 'false' to disable
2023-09-08 21:46:53,463 INFO [restartedMain] o.s.b.d.e.DevToolsPropertyDefaultsPostProcessor [DeferredLog.java:250] For additional web related logging consider setting the 'logging.level.web' property to 'DEBUG'
2023-09-08 21:46:54,453 INFO [restartedMain] o.s.d.r.c.RepositoryConfigurationDelegate [RepositoryConfigurationDelegate.java:291] Multiple Spring Data modules found, entering strict repository configuration mode
2023-09-08 21:46:54,456 INFO [restartedMain] o.s.d.r.c.RepositoryConfigurationDelegate [RepositoryConfigurationDelegate.java:138] Bootstrapping Spring Data Redis repositories in DEFAULT mode.
2023-09-08 21:46:54,482 INFO [restartedMain] o.s.d.r.c.RepositoryConfigurationDelegate [RepositoryConfigurationDelegate.java:208] Finished Spring Data repository scanning in 8 ms. Found 0 Redis repository interfaces.
2023-09-08 21:46:55,532 INFO [restartedMain] o.s.b.w.e.t.TomcatWebServer [TomcatWebServer.java:108] Tomcat initialized with port(s): 8080 (http)
2023-09-08 21:46:55,543 INFO [restartedMain] o.a.c.h.Http11NioProtocol [DirectJDKLog.java:173] Initializing ProtocolHandler ["http-nio-8080"]
2023-09-08 21:46:55,546 INFO [restartedMain] o.a.c.c.StandardService [DirectJDKLog.java:173] Starting service [Tomcat]
2023-09-08 21:46:55,547 INFO [restartedMain] o.a.c.c.StandardEngine [DirectJDKLog.java:173] Starting Servlet engine: [Apache Tomcat/10.1.10]
2023-09-08 21:46:55,629 INFO [restartedMain] o.a.c.c.C.[.[.[/community] [DirectJDKLog.java:173] Initializing Spring embedded WebApplicationContext
2023-09-08 21:46:55,631 INFO [restartedMain] o.s.b.w.s.c.ServletWebServerApplicationContext [ServletWebServerApplicationContext.java:291] Root WebApplicationContext: initialization completed in 2166 ms
2023-09-08 21:46:57,036 INFO [restartedMain] o.s.b.a.w.s.WelcomePageHandlerMapping [WelcomePageHandlerMapping.java:57] Adding welcome page template: index
2023-09-08 21:46:57,349 INFO [restartedMain] o.s.b.d.a.OptionalLiveReloadServer [OptionalLiveReloadServer.java:59] LiveReload server is running on port 35729
2023-09-08 21:46:57,364 INFO [restartedMain] o.a.c.h.Http11NioProtocol [DirectJDKLog.java:173] Starting ProtocolHandler ["http-nio-8080"]
2023-09-08 21:46:57,389 INFO [restartedMain] o.s.b.w.e.t.TomcatWebServer [TomcatWebServer.java:220] Tomcat started on port(s): 8080 (http) with context path '/community'
2023-09-08 21:46:57,398 INFO [restartedMain] c.n.c.CommunityApplication [StartupInfoLogger.java:57] Started CommunityApplication in 4.582 seconds (process running for 5.354)
2023-09-08 21:47:26,462 INFO [http-nio-8080-exec-3] o.a.c.c.C.[.[.[/community] [DirectJDKLog.java:173] Initializing Spring DispatcherServlet 'dispatcherServlet'
2023-09-08 21:47:26,462 INFO [http-nio-8080-exec-3] o.s.w.s.DispatcherServlet [FrameworkServlet.java:532] Initializing Servlet 'dispatcherServlet'
2023-09-08 21:47:26,464 INFO [http-nio-8080-exec-3] o.s.w.s.DispatcherServlet [FrameworkServlet.java:554] Completed initialization in 1 ms
2023-09-08 21:47:28,029 INFO [http-nio-8080-exec-6] c.n.c.a.ServiceLogAspect [ServiceLogAspect.java:36] 用户[0:0:0:0:0:0:0:1],在[2023-09-08 21:47:28],访问了[com.nowcoder.community.service.DiscussPostService.findDiscussPostRows].
2023-09-08 21:47:28,075 INFO [http-nio-8080-exec-6] c.z.h.HikariDataSource [HikariDataSource.java:110] HikariPool-1 - Starting...
2023-09-08 21:47:28,321 INFO [http-nio-8080-exec-6] c.z.h.p.HikariPool [HikariPool.java:565] HikariPool-1 - Added connection com.mysql.cj.jdbc.ConnectionImpl@3c4a39e6
2023-09-08 21:47:28,323 INFO [http-nio-8080-exec-6] c.z.h.HikariDataSource [HikariDataSource.java:123] HikariPool-1 - Start completed.
2023-09-08 21:47:28,414 INFO [http-nio-8080-exec-6] c.n.c.a.ServiceLogAspect [ServiceLogAspect.java:36] 用户[0:0:0:0:0:0:0:1],在[2023-09-08 21:47:28],访问了[com.nowcoder.community.service.DiscussPostService.findDiscussPosts].
2023-09-08 21:47:28,426 INFO [http-nio-8080-exec-6] c.n.c.a.ServiceLogAspect [ServiceLogAspect.java:36] 用户[0:0:0:0:0:0:0:1],在[2023-09-08 21:47:28],访问了[com.nowcoder.community.service.UserService.findUserById].
2023-09-08 21:47:28,431 INFO [http-nio-8080-exec-6] c.n.c.a.ServiceLogAspect [ServiceLogAspect.java:36] 用户[0:0:0:0:0:0:0:1],在[2023-09-08 21:47:28],访问了[com.nowcoder.community.service.LikeService.findEntityLikeCount].
2023-09-08 21:47:28,945 INFO [http-nio-8080-exec-6] c.n.c.a.ServiceLogAspect [ServiceLogAspect.java:36] 用户[0:0:0:0:0:0:0:1],在[2023-09-08 21:47:28],访问了[com.nowcoder.community.service.UserService.findUserById].
2023-09-08 21:47:28,949 INFO [http-nio-8080-exec-6] c.n.c.a.ServiceLogAspect [ServiceLogAspect.java:36] 用户[0:0:0:0:0:0:0:1],在[2023-09-08 21:47:28],访问了[com.nowcoder.community.service.LikeService.findEntityLikeCount].
2023-09-08 21:47:28,950 INFO [http-nio-8080-exec-6] c.n.c.a.ServiceLogAspect [ServiceLogAspect.java:36] 用户[0:0:0:0:0:0:0:1],在[2023-09-08 21:47:28],访问了[com.nowcoder.community.service.UserService.findUserById].
2023-09-08 21:47:28,953 INFO [http-nio-8080-exec-6] c.n.c.a.ServiceLogAspect [ServiceLogAspect.java:36] 用户[0:0:0:0:0:0:0:1],在[2023-09-08 21:47:28],访问了[com.nowcoder.community.service.LikeService.findEntityLikeCount].
2023-09-08 21:47:28,954 INFO [http-nio-8080-exec-6] c.n.c.a.ServiceLogAspect [ServiceLogAspect.java:36] 用户[0:0:0:0:0:0:0:1],在[2023-09-08 21:47:28],访问了[com.nowcoder.community.service.UserService.findUserById].
2023-09-08 21:47:28,956 INFO [http-nio-8080-exec-6] c.n.c.a.ServiceLogAspect [ServiceLogAspect.java:36] 用户[0:0:0:0:0:0:0:1],在[2023-09-08 21:47:28],访问了[com.nowcoder.community.service.LikeService.findEntityLikeCount].
2023-09-08 21:47:28,957 INFO [http-nio-8080-exec-6] c.n.c.a.ServiceLogAspect [ServiceLogAspect.java:36] 用户[0:0:0:0:0:0:0:1],在[2023-09-08 21:47:28],访问了[com.nowcoder.community.service.UserService.findUserById].
2023-09-08 21:47:28,959 INFO [http-nio-8080-exec-6] c.n.c.a.ServiceLogAspect [ServiceLogAspect.java:36] 用户[0:0:0:0:0:0:0:1],在[2023-09-08 21:47:28],访问了[com.nowcoder.community.service.LikeService.findEntityLikeCount].
2023-09-08 21:47:28,961 INFO [http-nio-8080-exec-6] c.n.c.a.ServiceLogAspect [ServiceLogAspect.java:36] 用户[0:0:0:0:0:0:0:1],在[2023-09-08 21:47:28],访问了[com.nowcoder.community.service.UserService.findUserById].
2023-09-08 21:47:28,963 INFO [http-nio-8080-exec-6] c.n.c.a.ServiceLogAspect [ServiceLogAspect.java:36] 用户[0:0:0:0:0:0:0:1],在[2023-09-08 21:47:28],访问了[com.nowcoder.community.service.LikeService.findEntityLikeCount].
2023-09-08 21:47:28,964 INFO [http-nio-8080-exec-6] c.n.c.a.ServiceLogAspect [ServiceLogAspect.java:36] 用户[0:0:0:0:0:0:0:1],在[2023-09-08 21:47:28],访问了[com.nowcoder.community.service.UserService.findUserById].
2023-09-08 21:47:28,967 INFO [http-nio-8080-exec-6] c.n.c.a.ServiceLogAspect [ServiceLogAspect.java:36] 用户[0:0:0:0:0:0:0:1],在[2023-09-08 21:47:28],访问了[com.nowcoder.community.service.LikeService.findEntityLikeCount].
2023-09-08 21:47:28,968 INFO [http-nio-8080-exec-6] c.n.c.a.ServiceLogAspect [ServiceLogAspect.java:36] 用户[0:0:0:0:0:0:0:1],在[2023-09-08 21:47:28],访问了[com.nowcoder.community.service.UserService.findUserById].
2023-09-08 21:47:28,970 INFO [http-nio-8080-exec-6] c.n.c.a.ServiceLogAspect [ServiceLogAspect.java:36] 用户[0:0:0:0:0:0:0:1],在[2023-09-08 21:47:28],访问了[com.nowcoder.community.service.LikeService.findEntityLikeCount].
2023-09-08 21:47:28,971 INFO [http-nio-8080-exec-6] c.n.c.a.ServiceLogAspect [ServiceLogAspect.java:36] 用户[0:0:0:0:0:0:0:1],在[2023-09-08 21:47:28],访问了[com.nowcoder.community.service.UserService.findUserById].
2023-09-08 21:47:28,973 INFO [http-nio-8080-exec-6] c.n.c.a.ServiceLogAspect [ServiceLogAspect.java:36] 用户[0:0:0:0:0:0:0:1],在[2023-09-08 21:47:28],访问了[com.nowcoder.community.service.LikeService.findEntityLikeCount].
2023-09-08 21:47:28,974 INFO [http-nio-8080-exec-6] c.n.c.a.ServiceLogAspect [ServiceLogAspect.java:36] 用户[0:0:0:0:0:0:0:1],在[2023-09-08 21:47:28],访问了[com.nowcoder.community.service.UserService.findUserById].
2023-09-08 21:47:28,976 INFO [http-nio-8080-exec-6] c.n.c.a.ServiceLogAspect [ServiceLogAspect.java:36] 用户[0:0:0:0:0:0:0:1],在[2023-09-08 21:47:28],访问了[com.nowcoder.community.service.LikeService.findEntityLikeCount].
