2023-09-11 22:28:21,833 INFO [restartedMain] c.n.c.CommunityApplication [StartupInfoLogger.java:51] Starting CommunityApplication using Java 17.0.7 with PID 30144 (D:\work\workspace\community\target\classes started by falls in D:\work\workspace\community)
2023-09-11 22:28:21,882 INFO [restartedMain] c.n.c.CommunityApplication [SpringApplication.java:634] No active profile set, falling back to 1 default profile: "default"
2023-09-11 22:28:21,980 INFO [restartedMain] o.s.b.d.e.DevToolsPropertyDefaultsPostProcessor [DeferredLog.java:250] Devtools property defaults active! Set 'spring.devtools.add-properties' to 'false' to disable
2023-09-11 22:28:21,980 INFO [restartedMain] o.s.b.d.e.DevToolsPropertyDefaultsPostProcessor [DeferredLog.java:250] For additional web related logging consider setting the 'logging.level.web' property to 'DEBUG'
2023-09-11 22:28:23,407 INFO [restartedMain] o.s.d.r.c.RepositoryConfigurationDelegate [RepositoryConfigurationDelegate.java:291] Multiple Spring Data modules found, entering strict repository configuration mode
2023-09-11 22:28:23,410 INFO [restartedMain] o.s.d.r.c.RepositoryConfigurationDelegate [RepositoryConfigurationDelegate.java:138] Bootstrapping Spring Data Redis repositories in DEFAULT mode.
2023-09-11 22:28:23,437 INFO [restartedMain] o.s.d.r.c.RepositoryConfigurationDelegate [RepositoryConfigurationDelegate.java:208] Finished Spring Data repository scanning in 10 ms. Found 0 Redis repository interfaces.
2023-09-11 22:28:24,475 INFO [restartedMain] o.s.b.w.e.t.TomcatWebServer [TomcatWebServer.java:108] Tomcat initialized with port(s): 8080 (http)
2023-09-11 22:28:24,485 INFO [restartedMain] o.a.c.h.Http11NioProtocol [DirectJDKLog.java:173] Initializing ProtocolHandler ["http-nio-8080"]
2023-09-11 22:28:24,510 INFO [restartedMain] o.a.c.c.StandardService [DirectJDKLog.java:173] Starting service [Tomcat]
2023-09-11 22:28:24,511 INFO [restartedMain] o.a.c.c.StandardEngine [DirectJDKLog.java:173] Starting Servlet engine: [Apache Tomcat/10.1.10]
2023-09-11 22:28:24,589 INFO [restartedMain] o.a.c.c.C.[.[.[/community] [DirectJDKLog.java:173] Initializing Spring embedded WebApplicationContext
2023-09-11 22:28:24,592 INFO [restartedMain] o.s.b.w.s.c.ServletWebServerApplicationContext [ServletWebServerApplicationContext.java:291] Root WebApplicationContext: initialization completed in 2593 ms
2023-09-11 22:28:26,211 INFO [restartedMain] o.s.b.a.w.s.WelcomePageHandlerMapping [WelcomePageHandlerMapping.java:57] Adding welcome page template: index
2023-09-11 22:28:26,520 INFO [restartedMain] o.s.b.d.a.OptionalLiveReloadServer [OptionalLiveReloadServer.java:59] LiveReload server is running on port 35729
2023-09-11 22:28:26,532 INFO [restartedMain] o.a.c.h.Http11NioProtocol [DirectJDKLog.java:173] Starting ProtocolHandler ["http-nio-8080"]
2023-09-11 22:28:26,590 INFO [restartedMain] o.s.b.w.e.t.TomcatWebServer [TomcatWebServer.java:220] Tomcat started on port(s): 8080 (http) with context path '/community'
2023-09-11 22:28:26,613 INFO [restartedMain] c.n.c.CommunityApplication [StartupInfoLogger.java:57] Started CommunityApplication in 5.842 seconds (process running for 6.91)
2023-09-11 22:29:02,761 INFO [http-nio-8080-exec-1] o.a.c.c.C.[.[.[/community] [DirectJDKLog.java:173] Initializing Spring DispatcherServlet 'dispatcherServlet'
2023-09-11 22:29:02,762 INFO [http-nio-8080-exec-1] o.s.w.s.DispatcherServlet [FrameworkServlet.java:532] Initializing Servlet 'dispatcherServlet'
2023-09-11 22:29:02,764 INFO [http-nio-8080-exec-1] o.s.w.s.DispatcherServlet [FrameworkServlet.java:554] Completed initialization in 2 ms
2023-09-11 22:29:02,822 INFO [http-nio-8080-exec-1] c.n.c.a.ServiceLogAspect [ServiceLogAspect.java:36] 用户[0:0:0:0:0:0:0:1],在[2023-09-11 22:29:02],访问了[com.nowcoder.community.service.DiscussPostService.findDiscussPostRows].
2023-09-11 22:29:02,879 INFO [http-nio-8080-exec-1] c.z.h.HikariDataSource [HikariDataSource.java:110] HikariPool-1 - Starting...
2023-09-11 22:29:03,417 INFO [http-nio-8080-exec-1] c.z.h.p.HikariPool [HikariPool.java:565] HikariPool-1 - Added connection com.mysql.cj.jdbc.ConnectionImpl@5aa485bc
2023-09-11 22:29:03,424 INFO [http-nio-8080-exec-1] c.z.h.HikariDataSource [HikariDataSource.java:123] HikariPool-1 - Start completed.
2023-09-11 22:29:03,516 INFO [http-nio-8080-exec-1] c.n.c.a.ServiceLogAspect [ServiceLogAspect.java:36] 用户[0:0:0:0:0:0:0:1],在[2023-09-11 22:29:03],访问了[com.nowcoder.community.service.DiscussPostService.findDiscussPosts].
2023-09-11 22:29:03,529 INFO [http-nio-8080-exec-1] c.n.c.a.ServiceLogAspect [ServiceLogAspect.java:36] 用户[0:0:0:0:0:0:0:1],在[2023-09-11 22:29:03],访问了[com.nowcoder.community.service.UserService.findUserById].
2023-09-11 22:29:03,533 INFO [http-nio-8080-exec-1] c.n.c.a.ServiceLogAspect [ServiceLogAspect.java:36] 用户[0:0:0:0:0:0:0:1],在[2023-09-11 22:29:03],访问了[com.nowcoder.community.service.LikeService.findEntityLikeCount].
2023-09-11 22:29:04,169 INFO [http-nio-8080-exec-1] c.n.c.a.ServiceLogAspect [ServiceLogAspect.java:36] 用户[0:0:0:0:0:0:0:1],在[2023-09-11 22:29:04],访问了[com.nowcoder.community.service.UserService.findUserById].
2023-09-11 22:29:04,171 INFO [http-nio-8080-exec-1] c.n.c.a.ServiceLogAspect [ServiceLogAspect.java:36] 用户[0:0:0:0:0:0:0:1],在[2023-09-11 22:29:04],访问了[com.nowcoder.community.service.LikeService.findEntityLikeCount].
2023-09-11 22:29:04,172 INFO [http-nio-8080-exec-1] c.n.c.a.ServiceLogAspect [ServiceLogAspect.java:36] 用户[0:0:0:0:0:0:0:1],在[2023-09-11 22:29:04],访问了[com.nowcoder.community.service.UserService.findUserById].
2023-09-11 22:29:04,175 INFO [http-nio-8080-exec-1] c.n.c.a.ServiceLogAspect [ServiceLogAspect.java:36] 用户[0:0:0:0:0:0:0:1],在[2023-09-11 22:29:04],访问了[com.nowcoder.community.service.LikeService.findEntityLikeCount].
2023-09-11 22:29:04,176 INFO [http-nio-8080-exec-1] c.n.c.a.ServiceLogAspect [ServiceLogAspect.java:36] 用户[0:0:0:0:0:0:0:1],在[2023-09-11 22:29:04],访问了[com.nowcoder.community.service.UserService.findUserById].
2023-09-11 22:29:04,179 INFO [http-nio-8080-exec-1] c.n.c.a.ServiceLogAspect [ServiceLogAspect.java:36] 用户[0:0:0:0:0:0:0:1],在[2023-09-11 22:29:04],访问了[com.nowcoder.community.service.LikeService.findEntityLikeCount].
2023-09-11 22:29:04,180 INFO [http-nio-8080-exec-1] c.n.c.a.ServiceLogAspect [ServiceLogAspect.java:36] 用户[0:0:0:0:0:0:0:1],在[2023-09-11 22:29:04],访问了[com.nowcoder.community.service.UserService.findUserById].
2023-09-11 22:29:04,183 INFO [http-nio-8080-exec-1] c.n.c.a.ServiceLogAspect [ServiceLogAspect.java:36] 用户[0:0:0:0:0:0:0:1],在[2023-09-11 22:29:04],访问了[com.nowcoder.community.service.LikeService.findEntityLikeCount].
2023-09-11 22:29:04,184 INFO [http-nio-8080-exec-1] c.n.c.a.ServiceLogAspect [ServiceLogAspect.java:36] 用户[0:0:0:0:0:0:0:1],在[2023-09-11 22:29:04],访问了[com.nowcoder.community.service.UserService.findUserById].
2023-09-11 22:29:04,188 INFO [http-nio-8080-exec-1] c.n.c.a.ServiceLogAspect [ServiceLogAspect.java:36] 用户[0:0:0:0:0:0:0:1],在[2023-09-11 22:29:04],访问了[com.nowcoder.community.service.LikeService.findEntityLikeCount].
2023-09-11 22:29:04,189 INFO [http-nio-8080-exec-1] c.n.c.a.ServiceLogAspect [ServiceLogAspect.java:36] 用户[0:0:0:0:0:0:0:1],在[2023-09-11 22:29:04],访问了[com.nowcoder.community.service.UserService.findUserById].
2023-09-11 22:29:04,192 INFO [http-nio-8080-exec-1] c.n.c.a.ServiceLogAspect [ServiceLogAspect.java:36] 用户[0:0:0:0:0:0:0:1],在[2023-09-11 22:29:04],访问了[com.nowcoder.community.service.LikeService.findEntityLikeCount].
2023-09-11 22:29:04,194 INFO [http-nio-8080-exec-1] c.n.c.a.ServiceLogAspect [ServiceLogAspect.java:36] 用户[0:0:0:0:0:0:0:1],在[2023-09-11 22:29:04],访问了[com.nowcoder.community.service.UserService.findUserById].
2023-09-11 22:29:04,196 INFO [http-nio-8080-exec-1] c.n.c.a.ServiceLogAspect [ServiceLogAspect.java:36] 用户[0:0:0:0:0:0:0:1],在[2023-09-11 22:29:04],访问了[com.nowcoder.community.service.LikeService.findEntityLikeCount].
2023-09-11 22:29:04,198 INFO [http-nio-8080-exec-1] c.n.c.a.ServiceLogAspect [ServiceLogAspect.java:36] 用户[0:0:0:0:0:0:0:1],在[2023-09-11 22:29:04],访问了[com.nowcoder.community.service.UserService.findUserById].
2023-09-11 22:29:04,201 INFO [http-nio-8080-exec-1] c.n.c.a.ServiceLogAspect [ServiceLogAspect.java:36] 用户[0:0:0:0:0:0:0:1],在[2023-09-11 22:29:04],访问了[com.nowcoder.community.service.LikeService.findEntityLikeCount].
2023-09-11 22:29:04,202 INFO [http-nio-8080-exec-1] c.n.c.a.ServiceLogAspect [ServiceLogAspect.java:36] 用户[0:0:0:0:0:0:0:1],在[2023-09-11 22:29:04],访问了[com.nowcoder.community.service.UserService.findUserById].
2023-09-11 22:29:04,205 INFO [http-nio-8080-exec-1] c.n.c.a.ServiceLogAspect [ServiceLogAspect.java:36] 用户[0:0:0:0:0:0:0:1],在[2023-09-11 22:29:04],访问了[com.nowcoder.community.service.LikeService.findEntityLikeCount].
2023-09-11 23:47:48,082 INFO [http-nio-8080-exec-10] c.n.c.a.ServiceLogAspect [ServiceLogAspect.java:36] 用户[0:0:0:0:0:0:0:1],在[2023-09-11 23:47:48],访问了[com.nowcoder.community.service.DiscussPostService.findDiscussPostRows].
2023-09-11 23:47:48,089 INFO [http-nio-8080-exec-10] c.n.c.a.ServiceLogAspect [ServiceLogAspect.java:36] 用户[0:0:0:0:0:0:0:1],在[2023-09-11 23:47:48],访问了[com.nowcoder.community.service.DiscussPostService.findDiscussPosts].
2023-09-11 23:47:48,106 INFO [http-nio-8080-exec-10] c.n.c.a.ServiceLogAspect [ServiceLogAspect.java:36] 用户[0:0:0:0:0:0:0:1],在[2023-09-11 23:47:48],访问了[com.nowcoder.community.service.UserService.findUserById].
2023-09-11 23:47:48,111 INFO [http-nio-8080-exec-10] c.n.c.a.ServiceLogAspect [ServiceLogAspect.java:36] 用户[0:0:0:0:0:0:0:1],在[2023-09-11 23:47:48],访问了[com.nowcoder.community.service.LikeService.findEntityLikeCount].
2023-09-11 23:47:48,115 INFO [http-nio-8080-exec-10] c.n.c.a.ServiceLogAspect [ServiceLogAspect.java:36] 用户[0:0:0:0:0:0:0:1],在[2023-09-11 23:47:48],访问了[com.nowcoder.community.service.UserService.findUserById].
2023-09-11 23:47:48,124 INFO [http-nio-8080-exec-10] c.n.c.a.ServiceLogAspect [ServiceLogAspect.java:36] 用户[0:0:0:0:0:0:0:1],在[2023-09-11 23:47:48],访问了[com.nowcoder.community.service.LikeService.findEntityLikeCount].
2023-09-11 23:47:48,126 INFO [http-nio-8080-exec-10] c.n.c.a.ServiceLogAspect [ServiceLogAspect.java:36] 用户[0:0:0:0:0:0:0:1],在[2023-09-11 23:47:48],访问了[com.nowcoder.community.service.UserService.findUserById].
2023-09-11 23:47:48,131 INFO [http-nio-8080-exec-10] c.n.c.a.ServiceLogAspect [ServiceLogAspect.java:36] 用户[0:0:0:0:0:0:0:1],在[2023-09-11 23:47:48],访问了[com.nowcoder.community.service.LikeService.findEntityLikeCount].
2023-09-11 23:47:48,132 INFO [http-nio-8080-exec-10] c.n.c.a.ServiceLogAspect [ServiceLogAspect.java:36] 用户[0:0:0:0:0:0:0:1],在[2023-09-11 23:47:48],访问了[com.nowcoder.community.service.UserService.findUserById].
2023-09-11 23:47:48,136 INFO [http-nio-8080-exec-10] c.n.c.a.ServiceLogAspect [ServiceLogAspect.java:36] 用户[0:0:0:0:0:0:0:1],在[2023-09-11 23:47:48],访问了[com.nowcoder.community.service.LikeService.findEntityLikeCount].
2023-09-11 23:47:48,139 INFO [http-nio-8080-exec-10] c.n.c.a.ServiceLogAspect [ServiceLogAspect.java:36] 用户[0:0:0:0:0:0:0:1],在[2023-09-11 23:47:48],访问了[com.nowcoder.community.service.UserService.findUserById].
2023-09-11 23:47:48,142 INFO [http-nio-8080-exec-10] c.n.c.a.ServiceLogAspect [ServiceLogAspect.java:36] 用户[0:0:0:0:0:0:0:1],在[2023-09-11 23:47:48],访问了[com.nowcoder.community.service.LikeService.findEntityLikeCount].
2023-09-11 23:47:48,145 INFO [http-nio-8080-exec-10] c.n.c.a.ServiceLogAspect [ServiceLogAspect.java:36] 用户[0:0:0:0:0:0:0:1],在[2023-09-11 23:47:48],访问了[com.nowcoder.community.service.UserService.findUserById].
2023-09-11 23:47:48,152 INFO [http-nio-8080-exec-10] c.n.c.a.ServiceLogAspect [ServiceLogAspect.java:36] 用户[0:0:0:0:0:0:0:1],在[2023-09-11 23:47:48],访问了[com.nowcoder.community.service.LikeService.findEntityLikeCount].
2023-09-11 23:47:48,154 INFO [http-nio-8080-exec-10] c.n.c.a.ServiceLogAspect [ServiceLogAspect.java:36] 用户[0:0:0:0:0:0:0:1],在[2023-09-11 23:47:48],访问了[com.nowcoder.community.service.UserService.findUserById].
2023-09-11 23:47:48,158 INFO [http-nio-8080-exec-10] c.n.c.a.ServiceLogAspect [ServiceLogAspect.java:36] 用户[0:0:0:0:0:0:0:1],在[2023-09-11 23:47:48],访问了[com.nowcoder.community.service.LikeService.findEntityLikeCount].
2023-09-11 23:47:48,160 INFO [http-nio-8080-exec-10] c.n.c.a.ServiceLogAspect [ServiceLogAspect.java:36] 用户[0:0:0:0:0:0:0:1],在[2023-09-11 23:47:48],访问了[com.nowcoder.community.service.UserService.findUserById].
2023-09-11 23:47:48,165 INFO [http-nio-8080-exec-10] c.n.c.a.ServiceLogAspect [ServiceLogAspect.java:36] 用户[0:0:0:0:0:0:0:1],在[2023-09-11 23:47:48],访问了[com.nowcoder.community.service.LikeService.findEntityLikeCount].
2023-09-11 23:47:48,166 INFO [http-nio-8080-exec-10] c.n.c.a.ServiceLogAspect [ServiceLogAspect.java:36] 用户[0:0:0:0:0:0:0:1],在[2023-09-11 23:47:48],访问了[com.nowcoder.community.service.UserService.findUserById].
2023-09-11 23:47:48,171 INFO [http-nio-8080-exec-10] c.n.c.a.ServiceLogAspect [ServiceLogAspect.java:36] 用户[0:0:0:0:0:0:0:1],在[2023-09-11 23:47:48],访问了[com.nowcoder.community.service.LikeService.findEntityLikeCount].
2023-09-11 23:47:48,172 INFO [http-nio-8080-exec-10] c.n.c.a.ServiceLogAspect [ServiceLogAspect.java:36] 用户[0:0:0:0:0:0:0:1],在[2023-09-11 23:47:48],访问了[com.nowcoder.community.service.UserService.findUserById].
2023-09-11 23:47:48,177 INFO [http-nio-8080-exec-10] c.n.c.a.ServiceLogAspect [ServiceLogAspect.java:36] 用户[0:0:0:0:0:0:0:1],在[2023-09-11 23:47:48],访问了[com.nowcoder.community.service.LikeService.findEntityLikeCount].
2023-09-11 23:48:40,288 INFO [http-nio-8080-exec-4] c.n.c.a.ServiceLogAspect [ServiceLogAspect.java:36] 用户[0:0:0:0:0:0:0:1],在[2023-09-11 23:48:40],访问了[com.nowcoder.community.service.UserService.login].
2023-09-11 23:48:40,378 INFO [http-nio-8080-exec-8] c.n.c.a.ServiceLogAspect [ServiceLogAspect.java:36] 用户[0:0:0:0:0:0:0:1],在[2023-09-11 23:48:40],访问了[com.nowcoder.community.service.UserService.findLoginTicket].
2023-09-11 23:48:40,381 INFO [http-nio-8080-exec-8] c.n.c.a.ServiceLogAspect [ServiceLogAspect.java:36] 用户[0:0:0:0:0:0:0:1],在[2023-09-11 23:48:40],访问了[com.nowcoder.community.service.UserService.findUserById].
2023-09-11 23:48:40,385 INFO [http-nio-8080-exec-8] c.n.c.a.ServiceLogAspect [ServiceLogAspect.java:36] 用户[0:0:0:0:0:0:0:1],在[2023-09-11 23:48:40],访问了[com.nowcoder.community.service.DiscussPostService.findDiscussPostRows].
2023-09-11 23:48:40,388 INFO [http-nio-8080-exec-8] c.n.c.a.ServiceLogAspect [ServiceLogAspect.java:36] 用户[0:0:0:0:0:0:0:1],在[2023-09-11 23:48:40],访问了[com.nowcoder.community.service.DiscussPostService.findDiscussPosts].
2023-09-11 23:48:40,395 INFO [http-nio-8080-exec-8] c.n.c.a.ServiceLogAspect [ServiceLogAspect.java:36] 用户[0:0:0:0:0:0:0:1],在[2023-09-11 23:48:40],访问了[com.nowcoder.community.service.UserService.findUserById].
2023-09-11 23:48:40,398 INFO [http-nio-8080-exec-8] c.n.c.a.ServiceLogAspect [ServiceLogAspect.java:36] 用户[0:0:0:0:0:0:0:1],在[2023-09-11 23:48:40],访问了[com.nowcoder.community.service.LikeService.findEntityLikeCount].
2023-09-11 23:48:40,400 INFO [http-nio-8080-exec-8] c.n.c.a.ServiceLogAspect [ServiceLogAspect.java:36] 用户[0:0:0:0:0:0:0:1],在[2023-09-11 23:48:40],访问了[com.nowcoder.community.service.UserService.findUserById].
2023-09-11 23:48:40,402 INFO [http-nio-8080-exec-8] c.n.c.a.ServiceLogAspect [ServiceLogAspect.java:36] 用户[0:0:0:0:0:0:0:1],在[2023-09-11 23:48:40],访问了[com.nowcoder.community.service.LikeService.findEntityLikeCount].
2023-09-11 23:48:40,405 INFO [http-nio-8080-exec-8] c.n.c.a.ServiceLogAspect [ServiceLogAspect.java:36] 用户[0:0:0:0:0:0:0:1],在[2023-09-11 23:48:40],访问了[com.nowcoder.community.service.UserService.findUserById].
2023-09-11 23:48:40,408 INFO [http-nio-8080-exec-8] c.n.c.a.ServiceLogAspect [ServiceLogAspect.java:36] 用户[0:0:0:0:0:0:0:1],在[2023-09-11 23:48:40],访问了[com.nowcoder.community.service.LikeService.findEntityLikeCount].
2023-09-11 23:48:40,410 INFO [http-nio-8080-exec-8] c.n.c.a.ServiceLogAspect [ServiceLogAspect.java:36] 用户[0:0:0:0:0:0:0:1],在[2023-09-11 23:48:40],访问了[com.nowcoder.community.service.UserService.findUserById].
2023-09-11 23:48:40,415 INFO [http-nio-8080-exec-8] c.n.c.a.ServiceLogAspect [ServiceLogAspect.java:36] 用户[0:0:0:0:0:0:0:1],在[2023-09-11 23:48:40],访问了[com.nowcoder.community.service.LikeService.findEntityLikeCount].
2023-09-11 23:48:40,416 INFO [http-nio-8080-exec-8] c.n.c.a.ServiceLogAspect [ServiceLogAspect.java:36] 用户[0:0:0:0:0:0:0:1],在[2023-09-11 23:48:40],访问了[com.nowcoder.community.service.UserService.findUserById].
2023-09-11 23:48:40,420 INFO [http-nio-8080-exec-8] c.n.c.a.ServiceLogAspect [ServiceLogAspect.java:36] 用户[0:0:0:0:0:0:0:1],在[2023-09-11 23:48:40],访问了[com.nowcoder.community.service.LikeService.findEntityLikeCount].
2023-09-11 23:48:40,421 INFO [http-nio-8080-exec-8] c.n.c.a.ServiceLogAspect [ServiceLogAspect.java:36] 用户[0:0:0:0:0:0:0:1],在[2023-09-11 23:48:40],访问了[com.nowcoder.community.service.UserService.findUserById].
2023-09-11 23:48:40,424 INFO [http-nio-8080-exec-8] c.n.c.a.ServiceLogAspect [ServiceLogAspect.java:36] 用户[0:0:0:0:0:0:0:1],在[2023-09-11 23:48:40],访问了[com.nowcoder.community.service.LikeService.findEntityLikeCount].
2023-09-11 23:48:40,427 INFO [http-nio-8080-exec-8] c.n.c.a.ServiceLogAspect [ServiceLogAspect.java:36] 用户[0:0:0:0:0:0:0:1],在[2023-09-11 23:48:40],访问了[com.nowcoder.community.service.UserService.findUserById].
2023-09-11 23:48:40,430 INFO [http-nio-8080-exec-8] c.n.c.a.ServiceLogAspect [ServiceLogAspect.java:36] 用户[0:0:0:0:0:0:0:1],在[2023-09-11 23:48:40],访问了[com.nowcoder.community.service.LikeService.findEntityLikeCount].
2023-09-11 23:48:40,432 INFO [http-nio-8080-exec-8] c.n.c.a.ServiceLogAspect [ServiceLogAspect.java:36] 用户[0:0:0:0:0:0:0:1],在[2023-09-11 23:48:40],访问了[com.nowcoder.community.service.UserService.findUserById].
2023-09-11 23:48:40,435 INFO [http-nio-8080-exec-8] c.n.c.a.ServiceLogAspect [ServiceLogAspect.java:36] 用户[0:0:0:0:0:0:0:1],在[2023-09-11 23:48:40],访问了[com.nowcoder.community.service.LikeService.findEntityLikeCount].
2023-09-11 23:48:40,436 INFO [http-nio-8080-exec-8] c.n.c.a.ServiceLogAspect [ServiceLogAspect.java:36] 用户[0:0:0:0:0:0:0:1],在[2023-09-11 23:48:40],访问了[com.nowcoder.community.service.UserService.findUserById].
2023-09-11 23:48:40,438 INFO [http-nio-8080-exec-8] c.n.c.a.ServiceLogAspect [ServiceLogAspect.java:36] 用户[0:0:0:0:0:0:0:1],在[2023-09-11 23:48:40],访问了[com.nowcoder.community.service.LikeService.findEntityLikeCount].
2023-09-11 23:48:40,440 INFO [http-nio-8080-exec-8] c.n.c.a.ServiceLogAspect [ServiceLogAspect.java:36] 用户[0:0:0:0:0:0:0:1],在[2023-09-11 23:48:40],访问了[com.nowcoder.community.service.UserService.findUserById].
2023-09-11 23:48:40,443 INFO [http-nio-8080-exec-8] c.n.c.a.ServiceLogAspect [ServiceLogAspect.java:36] 用户[0:0:0:0:0:0:0:1],在[2023-09-11 23:48:40],访问了[com.nowcoder.community.service.LikeService.findEntityLikeCount].
2023-09-11 23:48:46,068 INFO [http-nio-8080-exec-1] c.n.c.a.ServiceLogAspect [ServiceLogAspect.java:36] 用户[0:0:0:0:0:0:0:1],在[2023-09-11 23:48:46],访问了[com.nowcoder.community.service.UserService.findLoginTicket].
2023-09-11 23:48:46,072 INFO [http-nio-8080-exec-1] c.n.c.a.ServiceLogAspect [ServiceLogAspect.java:36] 用户[0:0:0:0:0:0:0:1],在[2023-09-11 23:48:46],访问了[com.nowcoder.community.service.UserService.findUserById].
2023-09-11 23:48:46,077 INFO [http-nio-8080-exec-1] c.n.c.a.ServiceLogAspect [ServiceLogAspect.java:36] 用户[0:0:0:0:0:0:0:1],在[2023-09-11 23:48:46],访问了[com.nowcoder.community.service.DiscussPostService.findDiscussPostById].
2023-09-11 23:48:46,079 INFO [http-nio-8080-exec-1] c.n.c.a.ServiceLogAspect [ServiceLogAspect.java:36] 用户[0:0:0:0:0:0:0:1],在[2023-09-11 23:48:46],访问了[com.nowcoder.community.service.UserService.findUserById].
2023-09-11 23:48:46,081 INFO [http-nio-8080-exec-1] c.n.c.a.ServiceLogAspect [ServiceLogAspect.java:36] 用户[0:0:0:0:0:0:0:1],在[2023-09-11 23:48:46],访问了[com.nowcoder.community.service.LikeService.findEntityLikeCount].
2023-09-11 23:48:46,082 INFO [http-nio-8080-exec-1] c.n.c.a.ServiceLogAspect [ServiceLogAspect.java:36] 用户[0:0:0:0:0:0:0:1],在[2023-09-11 23:48:46],访问了[com.nowcoder.community.service.LikeService.findEntityLikeStatus].
2023-09-11 23:48:46,096 INFO [http-nio-8080-exec-1] c.n.c.a.ServiceLogAspect [ServiceLogAspect.java:36] 用户[0:0:0:0:0:0:0:1],在[2023-09-11 23:48:46],访问了[com.nowcoder.community.service.CommentService.findCommentsByEntity].
2023-09-11 23:48:46,099 INFO [http-nio-8080-exec-1] c.n.c.a.ServiceLogAspect [ServiceLogAspect.java:36] 用户[0:0:0:0:0:0:0:1],在[2023-09-11 23:48:46],访问了[com.nowcoder.community.service.UserService.findUserById].
2023-09-11 23:48:46,101 INFO [http-nio-8080-exec-1] c.n.c.a.ServiceLogAspect [ServiceLogAspect.java:36] 用户[0:0:0:0:0:0:0:1],在[2023-09-11 23:48:46],访问了[com.nowcoder.community.service.LikeService.findEntityLikeCount].
2023-09-11 23:48:46,103 INFO [http-nio-8080-exec-1] c.n.c.a.ServiceLogAspect [ServiceLogAspect.java:36] 用户[0:0:0:0:0:0:0:1],在[2023-09-11 23:48:46],访问了[com.nowcoder.community.service.LikeService.findEntityLikeStatus].
2023-09-11 23:48:46,104 INFO [http-nio-8080-exec-1] c.n.c.a.ServiceLogAspect [ServiceLogAspect.java:36] 用户[0:0:0:0:0:0:0:1],在[2023-09-11 23:48:46],访问了[com.nowcoder.community.service.CommentService.findCommentsByEntity].
2023-09-11 23:48:46,108 INFO [http-nio-8080-exec-1] c.n.c.a.ServiceLogAspect [ServiceLogAspect.java:36] 用户[0:0:0:0:0:0:0:1],在[2023-09-11 23:48:46],访问了[com.nowcoder.community.service.UserService.findUserById].
2023-09-11 23:48:46,110 INFO [http-nio-8080-exec-1] c.n.c.a.ServiceLogAspect [ServiceLogAspect.java:36] 用户[0:0:0:0:0:0:0:1],在[2023-09-11 23:48:46],访问了[com.nowcoder.community.service.LikeService.findEntityLikeCount].
2023-09-11 23:48:46,111 INFO [http-nio-8080-exec-1] c.n.c.a.ServiceLogAspect [ServiceLogAspect.java:36] 用户[0:0:0:0:0:0:0:1],在[2023-09-11 23:48:46],访问了[com.nowcoder.community.service.LikeService.findEntityLikeStatus].
2023-09-11 23:48:46,112 INFO [http-nio-8080-exec-1] c.n.c.a.ServiceLogAspect [ServiceLogAspect.java:36] 用户[0:0:0:0:0:0:0:1],在[2023-09-11 23:48:46],访问了[com.nowcoder.community.service.UserService.findUserById].
2023-09-11 23:48:46,115 INFO [http-nio-8080-exec-1] c.n.c.a.ServiceLogAspect [ServiceLogAspect.java:36] 用户[0:0:0:0:0:0:0:1],在[2023-09-11 23:48:46],访问了[com.nowcoder.community.service.LikeService.findEntityLikeCount].
2023-09-11 23:48:46,116 INFO [http-nio-8080-exec-1] c.n.c.a.ServiceLogAspect [ServiceLogAspect.java:36] 用户[0:0:0:0:0:0:0:1],在[2023-09-11 23:48:46],访问了[com.nowcoder.community.service.LikeService.findEntityLikeStatus].
2023-09-11 23:48:46,117 INFO [http-nio-8080-exec-1] c.n.c.a.ServiceLogAspect [ServiceLogAspect.java:36] 用户[0:0:0:0:0:0:0:1],在[2023-09-11 23:48:46],访问了[com.nowcoder.community.service.CommentService.findCommentCount].
2023-09-11 23:48:46,119 INFO [http-nio-8080-exec-1] c.n.c.a.ServiceLogAspect [ServiceLogAspect.java:36] 用户[0:0:0:0:0:0:0:1],在[2023-09-11 23:48:46],访问了[com.nowcoder.community.service.UserService.findUserById].
2023-09-11 23:48:46,121 INFO [http-nio-8080-exec-1] c.n.c.a.ServiceLogAspect [ServiceLogAspect.java:36] 用户[0:0:0:0:0:0:0:1],在[2023-09-11 23:48:46],访问了[com.nowcoder.community.service.LikeService.findEntityLikeCount].
2023-09-11 23:48:46,121 INFO [http-nio-8080-exec-1] c.n.c.a.ServiceLogAspect [ServiceLogAspect.java:36] 用户[0:0:0:0:0:0:0:1],在[2023-09-11 23:48:46],访问了[com.nowcoder.community.service.LikeService.findEntityLikeStatus].
2023-09-11 23:48:46,122 INFO [http-nio-8080-exec-1] c.n.c.a.ServiceLogAspect [ServiceLogAspect.java:36] 用户[0:0:0:0:0:0:0:1],在[2023-09-11 23:48:46],访问了[com.nowcoder.community.service.CommentService.findCommentsByEntity].
2023-09-11 23:48:46,124 INFO [http-nio-8080-exec-1] c.n.c.a.ServiceLogAspect [ServiceLogAspect.java:36] 用户[0:0:0:0:0:0:0:1],在[2023-09-11 23:48:46],访问了[com.nowcoder.community.service.CommentService.findCommentCount].
2023-09-11 23:48:46,126 INFO [http-nio-8080-exec-1] c.n.c.a.ServiceLogAspect [ServiceLogAspect.java:36] 用户[0:0:0:0:0:0:0:1],在[2023-09-11 23:48:46],访问了[com.nowcoder.community.service.UserService.findUserById].
2023-09-11 23:48:46,128 INFO [http-nio-8080-exec-1] c.n.c.a.ServiceLogAspect [ServiceLogAspect.java:36] 用户[0:0:0:0:0:0:0:1],在[2023-09-11 23:48:46],访问了[com.nowcoder.community.service.LikeService.findEntityLikeCount].
2023-09-11 23:48:46,129 INFO [http-nio-8080-exec-1] c.n.c.a.ServiceLogAspect [ServiceLogAspect.java:36] 用户[0:0:0:0:0:0:0:1],在[2023-09-11 23:48:46],访问了[com.nowcoder.community.service.LikeService.findEntityLikeStatus].
2023-09-11 23:48:46,130 INFO [http-nio-8080-exec-1] c.n.c.a.ServiceLogAspect [ServiceLogAspect.java:36] 用户[0:0:0:0:0:0:0:1],在[2023-09-11 23:48:46],访问了[com.nowcoder.community.service.CommentService.findCommentsByEntity].
2023-09-11 23:48:46,131 INFO [http-nio-8080-exec-1] c.n.c.a.ServiceLogAspect [ServiceLogAspect.java:36] 用户[0:0:0:0:0:0:0:1],在[2023-09-11 23:48:46],访问了[com.nowcoder.community.service.CommentService.findCommentCount].
2023-09-11 23:48:46,134 INFO [http-nio-8080-exec-1] c.n.c.a.ServiceLogAspect [ServiceLogAspect.java:36] 用户[0:0:0:0:0:0:0:1],在[2023-09-11 23:48:46],访问了[com.nowcoder.community.service.UserService.findUserById].
2023-09-11 23:48:46,135 INFO [http-nio-8080-exec-1] c.n.c.a.ServiceLogAspect [ServiceLogAspect.java:36] 用户[0:0:0:0:0:0:0:1],在[2023-09-11 23:48:46],访问了[com.nowcoder.community.service.LikeService.findEntityLikeCount].
2023-09-11 23:48:46,136 INFO [http-nio-8080-exec-1] c.n.c.a.ServiceLogAspect [ServiceLogAspect.java:36] 用户[0:0:0:0:0:0:0:1],在[2023-09-11 23:48:46],访问了[com.nowcoder.community.service.LikeService.findEntityLikeStatus].
2023-09-11 23:48:46,137 INFO [http-nio-8080-exec-1] c.n.c.a.ServiceLogAspect [ServiceLogAspect.java:36] 用户[0:0:0:0:0:0:0:1],在[2023-09-11 23:48:46],访问了[com.nowcoder.community.service.CommentService.findCommentsByEntity].
2023-09-11 23:48:46,139 INFO [http-nio-8080-exec-1] c.n.c.a.ServiceLogAspect [ServiceLogAspect.java:36] 用户[0:0:0:0:0:0:0:1],在[2023-09-11 23:48:46],访问了[com.nowcoder.community.service.CommentService.findCommentCount].
2023-09-11 23:48:46,140 INFO [http-nio-8080-exec-1] c.n.c.a.ServiceLogAspect [ServiceLogAspect.java:36] 用户[0:0:0:0:0:0:0:1],在[2023-09-11 23:48:46],访问了[com.nowcoder.community.service.UserService.findUserById].
2023-09-11 23:48:46,142 INFO [http-nio-8080-exec-1] c.n.c.a.ServiceLogAspect [ServiceLogAspect.java:36] 用户[0:0:0:0:0:0:0:1],在[2023-09-11 23:48:46],访问了[com.nowcoder.community.service.LikeService.findEntityLikeCount].
2023-09-11 23:48:46,143 INFO [http-nio-8080-exec-1] c.n.c.a.ServiceLogAspect [ServiceLogAspect.java:36] 用户[0:0:0:0:0:0:0:1],在[2023-09-11 23:48:46],访问了[com.nowcoder.community.service.LikeService.findEntityLikeStatus].
2023-09-11 23:48:46,144 INFO [http-nio-8080-exec-1] c.n.c.a.ServiceLogAspect [ServiceLogAspect.java:36] 用户[0:0:0:0:0:0:0:1],在[2023-09-11 23:48:46],访问了[com.nowcoder.community.service.CommentService.findCommentsByEntity].
2023-09-11 23:48:46,146 INFO [http-nio-8080-exec-1] c.n.c.a.ServiceLogAspect [ServiceLogAspect.java:36] 用户[0:0:0:0:0:0:0:1],在[2023-09-11 23:48:46],访问了[com.nowcoder.community.service.CommentService.findCommentCount].
2023-09-11 23:48:48,397 INFO [http-nio-8080-exec-9] c.n.c.a.ServiceLogAspect [ServiceLogAspect.java:36] 用户[0:0:0:0:0:0:0:1],在[2023-09-11 23:48:48],访问了[com.nowcoder.community.service.UserService.findLoginTicket].
2023-09-11 23:48:48,399 INFO [http-nio-8080-exec-9] c.n.c.a.ServiceLogAspect [ServiceLogAspect.java:36] 用户[0:0:0:0:0:0:0:1],在[2023-09-11 23:48:48],访问了[com.nowcoder.community.service.UserService.findUserById].
2023-09-11 23:48:48,401 INFO [http-nio-8080-exec-9] c.n.c.a.ServiceLogAspect [ServiceLogAspect.java:36] 用户[0:0:0:0:0:0:0:1],在[2023-09-11 23:48:48],访问了[com.nowcoder.community.service.LikeService.like].
2023-09-11 23:48:48,449 INFO [http-nio-8080-exec-9] c.n.c.a.ServiceLogAspect [ServiceLogAspect.java:36] 用户[0:0:0:0:0:0:0:1],在[2023-09-11 23:48:48],访问了[com.nowcoder.community.service.LikeService.findEntityLikeCount].
2023-09-11 23:48:48,450 INFO [http-nio-8080-exec-9] c.n.c.a.ServiceLogAspect [ServiceLogAspect.java:36] 用户[0:0:0:0:0:0:0:1],在[2023-09-11 23:48:48],访问了[com.nowcoder.community.service.LikeService.findEntityLikeStatus].
2023-09-11 23:48:49,336 INFO [http-nio-8080-exec-6] c.n.c.a.ServiceLogAspect [ServiceLogAspect.java:36] 用户[0:0:0:0:0:0:0:1],在[2023-09-11 23:48:49],访问了[com.nowcoder.community.service.UserService.findLoginTicket].
2023-09-11 23:48:49,338 INFO [http-nio-8080-exec-6] c.n.c.a.ServiceLogAspect [ServiceLogAspect.java:36] 用户[0:0:0:0:0:0:0:1],在[2023-09-11 23:48:49],访问了[com.nowcoder.community.service.UserService.findUserById].
2023-09-11 23:48:49,339 INFO [http-nio-8080-exec-6] c.n.c.a.ServiceLogAspect [ServiceLogAspect.java:36] 用户[0:0:0:0:0:0:0:1],在[2023-09-11 23:48:49],访问了[com.nowcoder.community.service.LikeService.like].
2023-09-11 23:48:49,346 INFO [http-nio-8080-exec-6] c.n.c.a.ServiceLogAspect [ServiceLogAspect.java:36] 用户[0:0:0:0:0:0:0:1],在[2023-09-11 23:48:49],访问了[com.nowcoder.community.service.LikeService.findEntityLikeCount].
2023-09-11 23:48:49,346 INFO [http-nio-8080-exec-6] c.n.c.a.ServiceLogAspect [ServiceLogAspect.java:36] 用户[0:0:0:0:0:0:0:1],在[2023-09-11 23:48:49],访问了[com.nowcoder.community.service.LikeService.findEntityLikeStatus].
2023-09-11 23:48:55,843 INFO [http-nio-8080-exec-10] c.n.c.a.ServiceLogAspect [ServiceLogAspect.java:36] 用户[0:0:0:0:0:0:0:1],在[2023-09-11 23:48:55],访问了[com.nowcoder.community.service.UserService.findLoginTicket].
2023-09-11 23:48:55,846 INFO [http-nio-8080-exec-10] c.n.c.a.ServiceLogAspect [ServiceLogAspect.java:36] 用户[0:0:0:0:0:0:0:1],在[2023-09-11 23:48:55],访问了[com.nowcoder.community.service.UserService.findUserById].
2023-09-11 23:48:55,848 INFO [http-nio-8080-exec-10] c.n.c.a.ServiceLogAspect [ServiceLogAspect.java:36] 用户[0:0:0:0:0:0:0:1],在[2023-09-11 23:48:55],访问了[com.nowcoder.community.service.LikeService.like].
2023-09-11 23:48:55,855 INFO [http-nio-8080-exec-10] c.n.c.a.ServiceLogAspect [ServiceLogAspect.java:36] 用户[0:0:0:0:0:0:0:1],在[2023-09-11 23:48:55],访问了[com.nowcoder.community.service.LikeService.findEntityLikeCount].
2023-09-11 23:48:55,856 INFO [http-nio-8080-exec-10] c.n.c.a.ServiceLogAspect [ServiceLogAspect.java:36] 用户[0:0:0:0:0:0:0:1],在[2023-09-11 23:48:55],访问了[com.nowcoder.community.service.LikeService.findEntityLikeStatus].
2023-09-11 23:48:56,929 INFO [http-nio-8080-exec-7] c.n.c.a.ServiceLogAspect [ServiceLogAspect.java:36] 用户[0:0:0:0:0:0:0:1],在[2023-09-11 23:48:56],访问了[com.nowcoder.community.service.UserService.findLoginTicket].
2023-09-11 23:48:56,930 INFO [http-nio-8080-exec-7] c.n.c.a.ServiceLogAspect [ServiceLogAspect.java:36] 用户[0:0:0:0:0:0:0:1],在[2023-09-11 23:48:56],访问了[com.nowcoder.community.service.UserService.findUserById].
2023-09-11 23:48:56,932 INFO [http-nio-8080-exec-7] c.n.c.a.ServiceLogAspect [ServiceLogAspect.java:36] 用户[0:0:0:0:0:0:0:1],在[2023-09-11 23:48:56],访问了[com.nowcoder.community.service.LikeService.like].
2023-09-11 23:48:56,942 INFO [http-nio-8080-exec-7] c.n.c.a.ServiceLogAspect [ServiceLogAspect.java:36] 用户[0:0:0:0:0:0:0:1],在[2023-09-11 23:48:56],访问了[com.nowcoder.community.service.LikeService.findEntityLikeCount].
2023-09-11 23:48:56,944 INFO [http-nio-8080-exec-7] c.n.c.a.ServiceLogAspect [ServiceLogAspect.java:36] 用户[0:0:0:0:0:0:0:1],在[2023-09-11 23:48:56],访问了[com.nowcoder.community.service.LikeService.findEntityLikeStatus].
2023-09-11 23:48:57,378 INFO [http-nio-8080-exec-1] c.n.c.a.ServiceLogAspect [ServiceLogAspect.java:36] 用户[0:0:0:0:0:0:0:1],在[2023-09-11 23:48:57],访问了[com.nowcoder.community.service.UserService.findLoginTicket].
2023-09-11 23:48:57,380 INFO [http-nio-8080-exec-1] c.n.c.a.ServiceLogAspect [ServiceLogAspect.java:36] 用户[0:0:0:0:0:0:0:1],在[2023-09-11 23:48:57],访问了[com.nowcoder.community.service.UserService.findUserById].
2023-09-11 23:48:57,382 INFO [http-nio-8080-exec-1] c.n.c.a.ServiceLogAspect [ServiceLogAspect.java:36] 用户[0:0:0:0:0:0:0:1],在[2023-09-11 23:48:57],访问了[com.nowcoder.community.service.LikeService.like].
2023-09-11 23:48:57,388 INFO [http-nio-8080-exec-1] c.n.c.a.ServiceLogAspect [ServiceLogAspect.java:36] 用户[0:0:0:0:0:0:0:1],在[2023-09-11 23:48:57],访问了[com.nowcoder.community.service.LikeService.findEntityLikeCount].
2023-09-11 23:48:57,389 INFO [http-nio-8080-exec-1] c.n.c.a.ServiceLogAspect [ServiceLogAspect.java:36] 用户[0:0:0:0:0:0:0:1],在[2023-09-11 23:48:57],访问了[com.nowcoder.community.service.LikeService.findEntityLikeStatus].
2023-09-11 23:48:57,729 INFO [http-nio-8080-exec-5] c.n.c.a.ServiceLogAspect [ServiceLogAspect.java:36] 用户[0:0:0:0:0:0:0:1],在[2023-09-11 23:48:57],访问了[com.nowcoder.community.service.UserService.findLoginTicket].
2023-09-11 23:48:57,732 INFO [http-nio-8080-exec-5] c.n.c.a.ServiceLogAspect [ServiceLogAspect.java:36] 用户[0:0:0:0:0:0:0:1],在[2023-09-11 23:48:57],访问了[com.nowcoder.community.service.UserService.findUserById].
2023-09-11 23:48:57,733 INFO [http-nio-8080-exec-5] c.n.c.a.ServiceLogAspect [ServiceLogAspect.java:36] 用户[0:0:0:0:0:0:0:1],在[2023-09-11 23:48:57],访问了[com.nowcoder.community.service.LikeService.like].
2023-09-11 23:48:57,738 INFO [http-nio-8080-exec-5] c.n.c.a.ServiceLogAspect [ServiceLogAspect.java:36] 用户[0:0:0:0:0:0:0:1],在[2023-09-11 23:48:57],访问了[com.nowcoder.community.service.LikeService.findEntityLikeCount].
2023-09-11 23:48:57,739 INFO [http-nio-8080-exec-5] c.n.c.a.ServiceLogAspect [ServiceLogAspect.java:36] 用户[0:0:0:0:0:0:0:1],在[2023-09-11 23:48:57],访问了[com.nowcoder.community.service.LikeService.findEntityLikeStatus].
2023-09-11 23:48:58,179 INFO [http-nio-8080-exec-3] c.n.c.a.ServiceLogAspect [ServiceLogAspect.java:36] 用户[0:0:0:0:0:0:0:1],在[2023-09-11 23:48:58],访问了[com.nowcoder.community.service.UserService.findLoginTicket].
2023-09-11 23:48:58,181 INFO [http-nio-8080-exec-3] c.n.c.a.ServiceLogAspect [ServiceLogAspect.java:36] 用户[0:0:0:0:0:0:0:1],在[2023-09-11 23:48:58],访问了[com.nowcoder.community.service.UserService.findUserById].
2023-09-11 23:48:58,183 INFO [http-nio-8080-exec-3] c.n.c.a.ServiceLogAspect [ServiceLogAspect.java:36] 用户[0:0:0:0:0:0:0:1],在[2023-09-11 23:48:58],访问了[com.nowcoder.community.service.LikeService.like].
2023-09-11 23:48:58,188 INFO [http-nio-8080-exec-3] c.n.c.a.ServiceLogAspect [ServiceLogAspect.java:36] 用户[0:0:0:0:0:0:0:1],在[2023-09-11 23:48:58],访问了[com.nowcoder.community.service.LikeService.findEntityLikeCount].
2023-09-11 23:48:58,189 INFO [http-nio-8080-exec-3] c.n.c.a.ServiceLogAspect [ServiceLogAspect.java:36] 用户[0:0:0:0:0:0:0:1],在[2023-09-11 23:48:58],访问了[com.nowcoder.community.service.LikeService.findEntityLikeStatus].
2023-09-11 23:48:59,230 INFO [http-nio-8080-exec-4] c.n.c.a.ServiceLogAspect [ServiceLogAspect.java:36] 用户[0:0:0:0:0:0:0:1],在[2023-09-11 23:48:59],访问了[com.nowcoder.community.service.UserService.findLoginTicket].
2023-09-11 23:48:59,232 INFO [http-nio-8080-exec-4] c.n.c.a.ServiceLogAspect [ServiceLogAspect.java:36] 用户[0:0:0:0:0:0:0:1],在[2023-09-11 23:48:59],访问了[com.nowcoder.community.service.UserService.findUserById].
2023-09-11 23:48:59,233 INFO [http-nio-8080-exec-4] c.n.c.a.ServiceLogAspect [ServiceLogAspect.java:36] 用户[0:0:0:0:0:0:0:1],在[2023-09-11 23:48:59],访问了[com.nowcoder.community.service.LikeService.like].
2023-09-11 23:48:59,238 INFO [http-nio-8080-exec-4] c.n.c.a.ServiceLogAspect [ServiceLogAspect.java:36] 用户[0:0:0:0:0:0:0:1],在[2023-09-11 23:48:59],访问了[com.nowcoder.community.service.LikeService.findEntityLikeCount].
2023-09-11 23:48:59,239 INFO [http-nio-8080-exec-4] c.n.c.a.ServiceLogAspect [ServiceLogAspect.java:36] 用户[0:0:0:0:0:0:0:1],在[2023-09-11 23:48:59],访问了[com.nowcoder.community.service.LikeService.findEntityLikeStatus].
2023-09-11 23:49:16,923 INFO [http-nio-8080-exec-2] c.n.c.a.ServiceLogAspect [ServiceLogAspect.java:36] 用户[0:0:0:0:0:0:0:1],在[2023-09-11 23:49:16],访问了[com.nowcoder.community.service.UserService.findLoginTicket].
2023-09-11 23:49:16,927 INFO [http-nio-8080-exec-2] c.n.c.a.ServiceLogAspect [ServiceLogAspect.java:36] 用户[0:0:0:0:0:0:0:1],在[2023-09-11 23:49:16],访问了[com.nowcoder.community.service.UserService.findUserById].
2023-09-11 23:49:16,930 INFO [http-nio-8080-exec-2] c.n.c.a.ServiceLogAspect [ServiceLogAspect.java:36] 用户[0:0:0:0:0:0:0:1],在[2023-09-11 23:49:16],访问了[com.nowcoder.community.service.DiscussPostService.findDiscussPostRows].
2023-09-11 23:49:16,932 INFO [http-nio-8080-exec-2] c.n.c.a.ServiceLogAspect [ServiceLogAspect.java:36] 用户[0:0:0:0:0:0:0:1],在[2023-09-11 23:49:16],访问了[com.nowcoder.community.service.DiscussPostService.findDiscussPosts].
2023-09-11 23:49:16,935 INFO [http-nio-8080-exec-2] c.n.c.a.ServiceLogAspect [ServiceLogAspect.java:36] 用户[0:0:0:0:0:0:0:1],在[2023-09-11 23:49:16],访问了[com.nowcoder.community.service.UserService.findUserById].
2023-09-11 23:49:16,937 INFO [http-nio-8080-exec-2] c.n.c.a.ServiceLogAspect [ServiceLogAspect.java:36] 用户[0:0:0:0:0:0:0:1],在[2023-09-11 23:49:16],访问了[com.nowcoder.community.service.LikeService.findEntityLikeCount].
2023-09-11 23:49:16,938 INFO [http-nio-8080-exec-2] c.n.c.a.ServiceLogAspect [ServiceLogAspect.java:36] 用户[0:0:0:0:0:0:0:1],在[2023-09-11 23:49:16],访问了[com.nowcoder.community.service.UserService.findUserById].
2023-09-11 23:49:16,940 INFO [http-nio-8080-exec-2] c.n.c.a.ServiceLogAspect [ServiceLogAspect.java:36] 用户[0:0:0:0:0:0:0:1],在[2023-09-11 23:49:16],访问了[com.nowcoder.community.service.LikeService.findEntityLikeCount].
2023-09-11 23:49:16,941 INFO [http-nio-8080-exec-2] c.n.c.a.ServiceLogAspect [ServiceLogAspect.java:36] 用户[0:0:0:0:0:0:0:1],在[2023-09-11 23:49:16],访问了[com.nowcoder.community.service.UserService.findUserById].
2023-09-11 23:49:16,942 INFO [http-nio-8080-exec-2] c.n.c.a.ServiceLogAspect [ServiceLogAspect.java:36] 用户[0:0:0:0:0:0:0:1],在[2023-09-11 23:49:16],访问了[com.nowcoder.community.service.LikeService.findEntityLikeCount].
2023-09-11 23:49:16,943 INFO [http-nio-8080-exec-2] c.n.c.a.ServiceLogAspect [ServiceLogAspect.java:36] 用户[0:0:0:0:0:0:0:1],在[2023-09-11 23:49:16],访问了[com.nowcoder.community.service.UserService.findUserById].
2023-09-11 23:49:16,944 INFO [http-nio-8080-exec-2] c.n.c.a.ServiceLogAspect [ServiceLogAspect.java:36] 用户[0:0:0:0:0:0:0:1],在[2023-09-11 23:49:16],访问了[com.nowcoder.community.service.LikeService.findEntityLikeCount].
2023-09-11 23:49:16,945 INFO [http-nio-8080-exec-2] c.n.c.a.ServiceLogAspect [ServiceLogAspect.java:36] 用户[0:0:0:0:0:0:0:1],在[2023-09-11 23:49:16],访问了[com.nowcoder.community.service.UserService.findUserById].
2023-09-11 23:49:16,947 INFO [http-nio-8080-exec-2] c.n.c.a.ServiceLogAspect [ServiceLogAspect.java:36] 用户[0:0:0:0:0:0:0:1],在[2023-09-11 23:49:16],访问了[com.nowcoder.community.service.LikeService.findEntityLikeCount].
2023-09-11 23:49:16,948 INFO [http-nio-8080-exec-2] c.n.c.a.ServiceLogAspect [ServiceLogAspect.java:36] 用户[0:0:0:0:0:0:0:1],在[2023-09-11 23:49:16],访问了[com.nowcoder.community.service.UserService.findUserById].
2023-09-11 23:49:16,950 INFO [http-nio-8080-exec-2] c.n.c.a.ServiceLogAspect [ServiceLogAspect.java:36] 用户[0:0:0:0:0:0:0:1],在[2023-09-11 23:49:16],访问了[com.nowcoder.community.service.LikeService.findEntityLikeCount].
2023-09-11 23:49:16,951 INFO [http-nio-8080-exec-2] c.n.c.a.ServiceLogAspect [ServiceLogAspect.java:36] 用户[0:0:0:0:0:0:0:1],在[2023-09-11 23:49:16],访问了[com.nowcoder.community.service.UserService.findUserById].
2023-09-11 23:49:16,953 INFO [http-nio-8080-exec-2] c.n.c.a.ServiceLogAspect [ServiceLogAspect.java:36] 用户[0:0:0:0:0:0:0:1],在[2023-09-11 23:49:16],访问了[com.nowcoder.community.service.LikeService.findEntityLikeCount].
2023-09-11 23:49:16,954 INFO [http-nio-8080-exec-2] c.n.c.a.ServiceLogAspect [ServiceLogAspect.java:36] 用户[0:0:0:0:0:0:0:1],在[2023-09-11 23:49:16],访问了[com.nowcoder.community.service.UserService.findUserById].
2023-09-11 23:49:16,956 INFO [http-nio-8080-exec-2] c.n.c.a.ServiceLogAspect [ServiceLogAspect.java:36] 用户[0:0:0:0:0:0:0:1],在[2023-09-11 23:49:16],访问了[com.nowcoder.community.service.LikeService.findEntityLikeCount].
2023-09-11 23:49:16,956 INFO [http-nio-8080-exec-2] c.n.c.a.ServiceLogAspect [ServiceLogAspect.java:36] 用户[0:0:0:0:0:0:0:1],在[2023-09-11 23:49:16],访问了[com.nowcoder.community.service.UserService.findUserById].
2023-09-11 23:49:16,958 INFO [http-nio-8080-exec-2] c.n.c.a.ServiceLogAspect [ServiceLogAspect.java:36] 用户[0:0:0:0:0:0:0:1],在[2023-09-11 23:49:16],访问了[com.nowcoder.community.service.LikeService.findEntityLikeCount].
2023-09-11 23:49:16,958 INFO [http-nio-8080-exec-2] c.n.c.a.ServiceLogAspect [ServiceLogAspect.java:36] 用户[0:0:0:0:0:0:0:1],在[2023-09-11 23:49:16],访问了[com.nowcoder.community.service.UserService.findUserById].
2023-09-11 23:49:16,960 INFO [http-nio-8080-exec-2] c.n.c.a.ServiceLogAspect [ServiceLogAspect.java:36] 用户[0:0:0:0:0:0:0:1],在[2023-09-11 23:49:16],访问了[com.nowcoder.community.service.LikeService.findEntityLikeCount].
2023-09-11 23:49:17,891 INFO [http-nio-8080-exec-7] c.n.c.a.ServiceLogAspect [ServiceLogAspect.java:36] 用户[0:0:0:0:0:0:0:1],在[2023-09-11 23:49:17],访问了[com.nowcoder.community.service.UserService.findLoginTicket].
2023-09-11 23:49:17,893 INFO [http-nio-8080-exec-7] c.n.c.a.ServiceLogAspect [ServiceLogAspect.java:36] 用户[0:0:0:0:0:0:0:1],在[2023-09-11 23:49:17],访问了[com.nowcoder.community.service.UserService.findUserById].
2023-09-11 23:49:17,895 INFO [http-nio-8080-exec-7] c.n.c.a.ServiceLogAspect [ServiceLogAspect.java:36] 用户[0:0:0:0:0:0:0:1],在[2023-09-11 23:49:17],访问了[com.nowcoder.community.service.UserService.findUserById].
2023-09-11 23:49:17,897 INFO [http-nio-8080-exec-7] c.n.c.a.ServiceLogAspect [ServiceLogAspect.java:36] 用户[0:0:0:0:0:0:0:1],在[2023-09-11 23:49:17],访问了[com.nowcoder.community.service.LikeService.findUserLikeCount].
2023-09-11 23:49:17,952 INFO [http-nio-8080-exec-7] c.n.c.a.ServiceLogAspect [ServiceLogAspect.java:36] 用户[0:0:0:0:0:0:0:1],在[2023-09-11 23:49:17],访问了[com.nowcoder.community.service.UserService.findLoginTicket].
2023-09-11 23:49:17,955 INFO [http-nio-8080-exec-7] c.n.c.a.ServiceLogAspect [ServiceLogAspect.java:36] 用户[0:0:0:0:0:0:0:1],在[2023-09-11 23:49:17],访问了[com.nowcoder.community.service.UserService.findUserById].
2023-09-11 23:49:42,858 INFO [http-nio-8080-exec-8] c.n.c.a.ServiceLogAspect [ServiceLogAspect.java:36] 用户[0:0:0:0:0:0:0:1],在[2023-09-11 23:49:42],访问了[com.nowcoder.community.service.UserService.findLoginTicket].
2023-09-11 23:49:42,863 INFO [http-nio-8080-exec-8] c.n.c.a.ServiceLogAspect [ServiceLogAspect.java:36] 用户[0:0:0:0:0:0:0:1],在[2023-09-11 23:49:42],访问了[com.nowcoder.community.service.UserService.findUserById].
2023-09-11 23:49:42,868 INFO [http-nio-8080-exec-8] c.n.c.a.ServiceLogAspect [ServiceLogAspect.java:36] 用户[0:0:0:0:0:0:0:1],在[2023-09-11 23:49:42],访问了[com.nowcoder.community.service.UserService.findUserById].
2023-09-11 23:49:42,870 INFO [http-nio-8080-exec-8] c.n.c.a.ServiceLogAspect [ServiceLogAspect.java:36] 用户[0:0:0:0:0:0:0:1],在[2023-09-11 23:49:42],访问了[com.nowcoder.community.service.LikeService.findUserLikeCount].
2023-09-11 23:49:42,888 INFO [http-nio-8080-exec-8] c.n.c.a.ServiceLogAspect [ServiceLogAspect.java:36] 用户[0:0:0:0:0:0:0:1],在[2023-09-11 23:49:42],访问了[com.nowcoder.community.service.UserService.findLoginTicket].
2023-09-11 23:49:42,890 INFO [http-nio-8080-exec-8] c.n.c.a.ServiceLogAspect [ServiceLogAspect.java:36] 用户[0:0:0:0:0:0:0:1],在[2023-09-11 23:49:42],访问了[com.nowcoder.community.service.UserService.findUserById].
2023-09-11 23:50:59,223 INFO [SpringApplicationShutdownHook] c.z.h.HikariDataSource [HikariDataSource.java:350] HikariPool-1 - Shutdown initiated...
2023-09-11 23:50:59,225 INFO [SpringApplicationShutdownHook] c.z.h.HikariDataSource [HikariDataSource.java:352] HikariPool-1 - Shutdown completed.
2023-09-11 23:51:03,369 INFO [restartedMain] c.n.c.CommunityApplication [StartupInfoLogger.java:51] Starting CommunityApplication using Java 17.0.7 with PID 13948 (D:\work\workspace\community\target\classes started by falls in D:\work\workspace\community)
2023-09-11 23:51:03,371 INFO [restartedMain] c.n.c.CommunityApplication [SpringApplication.java:634] No active profile set, falling back to 1 default profile: "default"
2023-09-11 23:51:03,419 INFO [restartedMain] o.s.b.d.e.DevToolsPropertyDefaultsPostProcessor [DeferredLog.java:250] Devtools property defaults active! Set 'spring.devtools.add-properties' to 'false' to disable
2023-09-11 23:51:03,419 INFO [restartedMain] o.s.b.d.e.DevToolsPropertyDefaultsPostProcessor [DeferredLog.java:250] For additional web related logging consider setting the 'logging.level.web' property to 'DEBUG'
2023-09-11 23:51:04,085 INFO [restartedMain] o.s.d.r.c.RepositoryConfigurationDelegate [RepositoryConfigurationDelegate.java:291] Multiple Spring Data modules found, entering strict repository configuration mode
2023-09-11 23:51:04,088 INFO [restartedMain] o.s.d.r.c.RepositoryConfigurationDelegate [RepositoryConfigurationDelegate.java:138] Bootstrapping Spring Data Redis repositories in DEFAULT mode.
2023-09-11 23:51:04,113 INFO [restartedMain] o.s.d.r.c.RepositoryConfigurationDelegate [RepositoryConfigurationDelegate.java:208] Finished Spring Data repository scanning in 9 ms. Found 0 Redis repository interfaces.
2023-09-11 23:51:04,999 INFO [restartedMain] o.s.b.w.e.t.TomcatWebServer [TomcatWebServer.java:108] Tomcat initialized with port(s): 8080 (http)
2023-09-11 23:51:05,008 INFO [restartedMain] o.a.c.h.Http11NioProtocol [DirectJDKLog.java:173] Initializing ProtocolHandler ["http-nio-8080"]
2023-09-11 23:51:05,011 INFO [restartedMain] o.a.c.c.StandardService [DirectJDKLog.java:173] Starting service [Tomcat]
2023-09-11 23:51:05,011 INFO [restartedMain] o.a.c.c.StandardEngine [DirectJDKLog.java:173] Starting Servlet engine: [Apache Tomcat/10.1.10]
2023-09-11 23:51:05,083 INFO [restartedMain] o.a.c.c.C.[.[.[/community] [DirectJDKLog.java:173] Initializing Spring embedded WebApplicationContext
2023-09-11 23:51:05,085 INFO [restartedMain] o.s.b.w.s.c.ServletWebServerApplicationContext [ServletWebServerApplicationContext.java:291] Root WebApplicationContext: initialization completed in 1664 ms
2023-09-11 23:51:06,142 INFO [restartedMain] o.s.b.a.w.s.WelcomePageHandlerMapping [WelcomePageHandlerMapping.java:57] Adding welcome page template: index
2023-09-11 23:51:06,444 INFO [restartedMain] o.s.b.d.a.OptionalLiveReloadServer [OptionalLiveReloadServer.java:59] LiveReload server is running on port 35729
2023-09-11 23:51:06,457 INFO [restartedMain] o.a.c.h.Http11NioProtocol [DirectJDKLog.java:173] Starting ProtocolHandler ["http-nio-8080"]
2023-09-11 23:51:06,478 INFO [restartedMain] o.s.b.w.e.t.TomcatWebServer [TomcatWebServer.java:220] Tomcat started on port(s): 8080 (http) with context path '/community'
2023-09-11 23:51:06,486 INFO [restartedMain] c.n.c.CommunityApplication [StartupInfoLogger.java:57] Started CommunityApplication in 3.59 seconds (process running for 4.038)
2023-09-11 23:52:30,178 INFO [http-nio-8080-exec-1] o.a.c.c.C.[.[.[/community] [DirectJDKLog.java:173] Initializing Spring DispatcherServlet 'dispatcherServlet'
2023-09-11 23:52:30,179 INFO [http-nio-8080-exec-1] o.s.w.s.DispatcherServlet [FrameworkServlet.java:532] Initializing Servlet 'dispatcherServlet'
2023-09-11 23:52:30,180 INFO [http-nio-8080-exec-1] o.s.w.s.DispatcherServlet [FrameworkServlet.java:554] Completed initialization in 1 ms
2023-09-11 23:52:30,208 INFO [http-nio-8080-exec-1] c.n.c.a.ServiceLogAspect [ServiceLogAspect.java:36] 用户[0:0:0:0:0:0:0:1],在[2023-09-11 23:52:30],访问了[com.nowcoder.community.service.UserService.findLoginTicket].
2023-09-11 23:52:30,230 INFO [http-nio-8080-exec-1] c.z.h.HikariDataSource [HikariDataSource.java:110] HikariPool-1 - Starting...
2023-09-11 23:52:30,403 INFO [http-nio-8080-exec-1] c.z.h.p.HikariPool [HikariPool.java:565] HikariPool-1 - Added connection com.mysql.cj.jdbc.ConnectionImpl@1029dcbc
2023-09-11 23:52:30,405 INFO [http-nio-8080-exec-1] c.z.h.HikariDataSource [HikariDataSource.java:123] HikariPool-1 - Start completed.
2023-09-11 23:52:30,477 INFO [http-nio-8080-exec-1] c.n.c.a.ServiceLogAspect [ServiceLogAspect.java:36] 用户[0:0:0:0:0:0:0:1],在[2023-09-11 23:52:30],访问了[com.nowcoder.community.service.UserService.findUserById].
2023-09-11 23:52:30,495 INFO [http-nio-8080-exec-1] c.n.c.a.ServiceLogAspect [ServiceLogAspect.java:36] 用户[0:0:0:0:0:0:0:1],在[2023-09-11 23:52:30],访问了[com.nowcoder.community.service.DiscussPostService.findDiscussPostRows].
2023-09-11 23:52:30,516 INFO [http-nio-8080-exec-1] c.n.c.a.ServiceLogAspect [ServiceLogAspect.java:36] 用户[0:0:0:0:0:0:0:1],在[2023-09-11 23:52:30],访问了[com.nowcoder.community.service.DiscussPostService.findDiscussPosts].
2023-09-11 23:52:30,526 INFO [http-nio-8080-exec-1] c.n.c.a.ServiceLogAspect [ServiceLogAspect.java:36] 用户[0:0:0:0:0:0:0:1],在[2023-09-11 23:52:30],访问了[com.nowcoder.community.service.UserService.findUserById].
2023-09-11 23:52:30,528 INFO [http-nio-8080-exec-1] c.n.c.a.ServiceLogAspect [ServiceLogAspect.java:36] 用户[0:0:0:0:0:0:0:1],在[2023-09-11 23:52:30],访问了[com.nowcoder.community.service.LikeService.findEntityLikeCount].
2023-09-11 23:52:30,900 INFO [http-nio-8080-exec-1] c.n.c.a.ServiceLogAspect [ServiceLogAspect.java:36] 用户[0:0:0:0:0:0:0:1],在[2023-09-11 23:52:30],访问了[com.nowcoder.community.service.UserService.findUserById].
2023-09-11 23:52:30,902 INFO [http-nio-8080-exec-1] c.n.c.a.ServiceLogAspect [ServiceLogAspect.java:36] 用户[0:0:0:0:0:0:0:1],在[2023-09-11 23:52:30],访问了[com.nowcoder.community.service.LikeService.findEntityLikeCount].
2023-09-11 23:52:30,903 INFO [http-nio-8080-exec-1] c.n.c.a.ServiceLogAspect [ServiceLogAspect.java:36] 用户[0:0:0:0:0:0:0:1],在[2023-09-11 23:52:30],访问了[com.nowcoder.community.service.UserService.findUserById].
2023-09-11 23:52:30,906 INFO [http-nio-8080-exec-1] c.n.c.a.ServiceLogAspect [ServiceLogAspect.java:36] 用户[0:0:0:0:0:0:0:1],在[2023-09-11 23:52:30],访问了[com.nowcoder.community.service.LikeService.findEntityLikeCount].
2023-09-11 23:52:30,908 INFO [http-nio-8080-exec-1] c.n.c.a.ServiceLogAspect [ServiceLogAspect.java:36] 用户[0:0:0:0:0:0:0:1],在[2023-09-11 23:52:30],访问了[com.nowcoder.community.service.UserService.findUserById].
2023-09-11 23:52:30,911 INFO [http-nio-8080-exec-1] c.n.c.a.ServiceLogAspect [ServiceLogAspect.java:36] 用户[0:0:0:0:0:0:0:1],在[2023-09-11 23:52:30],访问了[com.nowcoder.community.service.LikeService.findEntityLikeCount].
2023-09-11 23:52:30,913 INFO [http-nio-8080-exec-1] c.n.c.a.ServiceLogAspect [ServiceLogAspect.java:36] 用户[0:0:0:0:0:0:0:1],在[2023-09-11 23:52:30],访问了[com.nowcoder.community.service.UserService.findUserById].
2023-09-11 23:52:30,915 INFO [http-nio-8080-exec-1] c.n.c.a.ServiceLogAspect [ServiceLogAspect.java:36] 用户[0:0:0:0:0:0:0:1],在[2023-09-11 23:52:30],访问了[com.nowcoder.community.service.LikeService.findEntityLikeCount].
2023-09-11 23:52:30,917 INFO [http-nio-8080-exec-1] c.n.c.a.ServiceLogAspect [ServiceLogAspect.java:36] 用户[0:0:0:0:0:0:0:1],在[2023-09-11 23:52:30],访问了[com.nowcoder.community.service.UserService.findUserById].
2023-09-11 23:52:30,919 INFO [http-nio-8080-exec-1] c.n.c.a.ServiceLogAspect [ServiceLogAspect.java:36] 用户[0:0:0:0:0:0:0:1],在[2023-09-11 23:52:30],访问了[com.nowcoder.community.service.LikeService.findEntityLikeCount].
2023-09-11 23:52:30,921 INFO [http-nio-8080-exec-1] c.n.c.a.ServiceLogAspect [ServiceLogAspect.java:36] 用户[0:0:0:0:0:0:0:1],在[2023-09-11 23:52:30],访问了[com.nowcoder.community.service.UserService.findUserById].
2023-09-11 23:52:30,923 INFO [http-nio-8080-exec-1] c.n.c.a.ServiceLogAspect [ServiceLogAspect.java:36] 用户[0:0:0:0:0:0:0:1],在[2023-09-11 23:52:30],访问了[com.nowcoder.community.service.LikeService.findEntityLikeCount].
2023-09-11 23:52:30,924 INFO [http-nio-8080-exec-1] c.n.c.a.ServiceLogAspect [ServiceLogAspect.java:36] 用户[0:0:0:0:0:0:0:1],在[2023-09-11 23:52:30],访问了[com.nowcoder.community.service.UserService.findUserById].
2023-09-11 23:52:30,927 INFO [http-nio-8080-exec-1] c.n.c.a.ServiceLogAspect [ServiceLogAspect.java:36] 用户[0:0:0:0:0:0:0:1],在[2023-09-11 23:52:30],访问了[com.nowcoder.community.service.LikeService.findEntityLikeCount].
2023-09-11 23:52:30,928 INFO [http-nio-8080-exec-1] c.n.c.a.ServiceLogAspect [ServiceLogAspect.java:36] 用户[0:0:0:0:0:0:0:1],在[2023-09-11 23:52:30],访问了[com.nowcoder.community.service.UserService.findUserById].
2023-09-11 23:52:30,932 INFO [http-nio-8080-exec-1] c.n.c.a.ServiceLogAspect [ServiceLogAspect.java:36] 用户[0:0:0:0:0:0:0:1],在[2023-09-11 23:52:30],访问了[com.nowcoder.community.service.LikeService.findEntityLikeCount].
2023-09-11 23:52:30,933 INFO [http-nio-8080-exec-1] c.n.c.a.ServiceLogAspect [ServiceLogAspect.java:36] 用户[0:0:0:0:0:0:0:1],在[2023-09-11 23:52:30],访问了[com.nowcoder.community.service.UserService.findUserById].
2023-09-11 23:52:30,935 INFO [http-nio-8080-exec-1] c.n.c.a.ServiceLogAspect [ServiceLogAspect.java:36] 用户[0:0:0:0:0:0:0:1],在[2023-09-11 23:52:30],访问了[com.nowcoder.community.service.LikeService.findEntityLikeCount].
2023-09-11 23:52:33,731 INFO [http-nio-8080-exec-6] c.n.c.a.ServiceLogAspect [ServiceLogAspect.java:36] 用户[0:0:0:0:0:0:0:1],在[2023-09-11 23:52:33],访问了[com.nowcoder.community.service.UserService.findLoginTicket].
2023-09-11 23:52:33,735 INFO [http-nio-8080-exec-6] c.n.c.a.ServiceLogAspect [ServiceLogAspect.java:36] 用户[0:0:0:0:0:0:0:1],在[2023-09-11 23:52:33],访问了[com.nowcoder.community.service.UserService.findUserById].
2023-09-11 23:52:33,740 INFO [http-nio-8080-exec-6] c.n.c.a.ServiceLogAspect [ServiceLogAspect.java:36] 用户[0:0:0:0:0:0:0:1],在[2023-09-11 23:52:33],访问了[com.nowcoder.community.service.UserService.findUserById].
2023-09-11 23:52:33,742 INFO [http-nio-8080-exec-6] c.n.c.a.ServiceLogAspect [ServiceLogAspect.java:36] 用户[0:0:0:0:0:0:0:1],在[2023-09-11 23:52:33],访问了[com.nowcoder.community.service.LikeService.findUserLikeCount].
2023-09-11 23:52:33,829 INFO [http-nio-8080-exec-7] c.n.c.a.ServiceLogAspect [ServiceLogAspect.java:36] 用户[0:0:0:0:0:0:0:1],在[2023-09-11 23:52:33],访问了[com.nowcoder.community.service.UserService.findLoginTicket].
2023-09-11 23:52:33,832 INFO [http-nio-8080-exec-7] c.n.c.a.ServiceLogAspect [ServiceLogAspect.java:36] 用户[0:0:0:0:0:0:0:1],在[2023-09-11 23:52:33],访问了[com.nowcoder.community.service.UserService.findUserById].
2023-09-11 23:55:36,834 INFO [http-nio-8080-exec-5] c.n.c.a.ServiceLogAspect [ServiceLogAspect.java:36] 用户[0:0:0:0:0:0:0:1],在[2023-09-11 23:55:36],访问了[com.nowcoder.community.service.UserService.findLoginTicket].
2023-09-11 23:55:36,837 INFO [http-nio-8080-exec-5] c.n.c.a.ServiceLogAspect [ServiceLogAspect.java:36] 用户[0:0:0:0:0:0:0:1],在[2023-09-11 23:55:36],访问了[com.nowcoder.community.service.UserService.findUserById].
2023-09-11 23:55:36,840 INFO [http-nio-8080-exec-5] c.n.c.a.ServiceLogAspect [ServiceLogAspect.java:36] 用户[0:0:0:0:0:0:0:1],在[2023-09-11 23:55:36],访问了[com.nowcoder.community.service.DiscussPostService.findDiscussPostRows].
2023-09-11 23:55:36,841 INFO [http-nio-8080-exec-5] c.n.c.a.ServiceLogAspect [ServiceLogAspect.java:36] 用户[0:0:0:0:0:0:0:1],在[2023-09-11 23:55:36],访问了[com.nowcoder.community.service.DiscussPostService.findDiscussPosts].
2023-09-11 23:55:36,848 INFO [http-nio-8080-exec-5] c.n.c.a.ServiceLogAspect [ServiceLogAspect.java:36] 用户[0:0:0:0:0:0:0:1],在[2023-09-11 23:55:36],访问了[com.nowcoder.community.service.UserService.findUserById].
2023-09-11 23:55:36,851 INFO [http-nio-8080-exec-5] c.n.c.a.ServiceLogAspect [ServiceLogAspect.java:36] 用户[0:0:0:0:0:0:0:1],在[2023-09-11 23:55:36],访问了[com.nowcoder.community.service.LikeService.findEntityLikeCount].
2023-09-11 23:55:36,853 INFO [http-nio-8080-exec-5] c.n.c.a.ServiceLogAspect [ServiceLogAspect.java:36] 用户[0:0:0:0:0:0:0:1],在[2023-09-11 23:55:36],访问了[com.nowcoder.community.service.UserService.findUserById].
2023-09-11 23:55:36,856 INFO [http-nio-8080-exec-5] c.n.c.a.ServiceLogAspect [ServiceLogAspect.java:36] 用户[0:0:0:0:0:0:0:1],在[2023-09-11 23:55:36],访问了[com.nowcoder.community.service.LikeService.findEntityLikeCount].
2023-09-11 23:55:36,858 INFO [http-nio-8080-exec-5] c.n.c.a.ServiceLogAspect [ServiceLogAspect.java:36] 用户[0:0:0:0:0:0:0:1],在[2023-09-11 23:55:36],访问了[com.nowcoder.community.service.UserService.findUserById].
2023-09-11 23:55:36,862 INFO [http-nio-8080-exec-5] c.n.c.a.ServiceLogAspect [ServiceLogAspect.java:36] 用户[0:0:0:0:0:0:0:1],在[2023-09-11 23:55:36],访问了[com.nowcoder.community.service.LikeService.findEntityLikeCount].
2023-09-11 23:55:36,864 INFO [http-nio-8080-exec-5] c.n.c.a.ServiceLogAspect [ServiceLogAspect.java:36] 用户[0:0:0:0:0:0:0:1],在[2023-09-11 23:55:36],访问了[com.nowcoder.community.service.UserService.findUserById].
2023-09-11 23:55:36,866 INFO [http-nio-8080-exec-5] c.n.c.a.ServiceLogAspect [ServiceLogAspect.java:36] 用户[0:0:0:0:0:0:0:1],在[2023-09-11 23:55:36],访问了[com.nowcoder.community.service.LikeService.findEntityLikeCount].
2023-09-11 23:55:36,867 INFO [http-nio-8080-exec-5] c.n.c.a.ServiceLogAspect [ServiceLogAspect.java:36] 用户[0:0:0:0:0:0:0:1],在[2023-09-11 23:55:36],访问了[com.nowcoder.community.service.UserService.findUserById].
2023-09-11 23:55:36,869 INFO [http-nio-8080-exec-5] c.n.c.a.ServiceLogAspect [ServiceLogAspect.java:36] 用户[0:0:0:0:0:0:0:1],在[2023-09-11 23:55:36],访问了[com.nowcoder.community.service.LikeService.findEntityLikeCount].
2023-09-11 23:55:36,870 INFO [http-nio-8080-exec-5] c.n.c.a.ServiceLogAspect [ServiceLogAspect.java:36] 用户[0:0:0:0:0:0:0:1],在[2023-09-11 23:55:36],访问了[com.nowcoder.community.service.UserService.findUserById].
2023-09-11 23:55:36,872 INFO [http-nio-8080-exec-5] c.n.c.a.ServiceLogAspect [ServiceLogAspect.java:36] 用户[0:0:0:0:0:0:0:1],在[2023-09-11 23:55:36],访问了[com.nowcoder.community.service.LikeService.findEntityLikeCount].
2023-09-11 23:55:36,874 INFO [http-nio-8080-exec-5] c.n.c.a.ServiceLogAspect [ServiceLogAspect.java:36] 用户[0:0:0:0:0:0:0:1],在[2023-09-11 23:55:36],访问了[com.nowcoder.community.service.UserService.findUserById].
2023-09-11 23:55:36,876 INFO [http-nio-8080-exec-5] c.n.c.a.ServiceLogAspect [ServiceLogAspect.java:36] 用户[0:0:0:0:0:0:0:1],在[2023-09-11 23:55:36],访问了[com.nowcoder.community.service.LikeService.findEntityLikeCount].
2023-09-11 23:55:36,877 INFO [http-nio-8080-exec-5] c.n.c.a.ServiceLogAspect [ServiceLogAspect.java:36] 用户[0:0:0:0:0:0:0:1],在[2023-09-11 23:55:36],访问了[com.nowcoder.community.service.UserService.findUserById].
2023-09-11 23:55:36,879 INFO [http-nio-8080-exec-5] c.n.c.a.ServiceLogAspect [ServiceLogAspect.java:36] 用户[0:0:0:0:0:0:0:1],在[2023-09-11 23:55:36],访问了[com.nowcoder.community.service.LikeService.findEntityLikeCount].
2023-09-11 23:55:36,880 INFO [http-nio-8080-exec-5] c.n.c.a.ServiceLogAspect [ServiceLogAspect.java:36] 用户[0:0:0:0:0:0:0:1],在[2023-09-11 23:55:36],访问了[com.nowcoder.community.service.UserService.findUserById].
2023-09-11 23:55:36,883 INFO [http-nio-8080-exec-5] c.n.c.a.ServiceLogAspect [ServiceLogAspect.java:36] 用户[0:0:0:0:0:0:0:1],在[2023-09-11 23:55:36],访问了[com.nowcoder.community.service.LikeService.findEntityLikeCount].
2023-09-11 23:55:36,883 INFO [http-nio-8080-exec-5] c.n.c.a.ServiceLogAspect [ServiceLogAspect.java:36] 用户[0:0:0:0:0:0:0:1],在[2023-09-11 23:55:36],访问了[com.nowcoder.community.service.UserService.findUserById].
2023-09-11 23:55:36,885 INFO [http-nio-8080-exec-5] c.n.c.a.ServiceLogAspect [ServiceLogAspect.java:36] 用户[0:0:0:0:0:0:0:1],在[2023-09-11 23:55:36],访问了[com.nowcoder.community.service.LikeService.findEntityLikeCount].
2023-09-11 23:55:37,810 INFO [http-nio-8080-exec-10] c.n.c.a.ServiceLogAspect [ServiceLogAspect.java:36] 用户[0:0:0:0:0:0:0:1],在[2023-09-11 23:55:37],访问了[com.nowcoder.community.service.UserService.findLoginTicket].
2023-09-11 23:55:37,813 INFO [http-nio-8080-exec-10] c.n.c.a.ServiceLogAspect [ServiceLogAspect.java:36] 用户[0:0:0:0:0:0:0:1],在[2023-09-11 23:55:37],访问了[com.nowcoder.community.service.UserService.findUserById].
2023-09-11 23:55:37,815 INFO [http-nio-8080-exec-10] c.n.c.a.ServiceLogAspect [ServiceLogAspect.java:36] 用户[0:0:0:0:0:0:0:1],在[2023-09-11 23:55:37],访问了[com.nowcoder.community.service.DiscussPostService.findDiscussPostById].
2023-09-11 23:55:37,818 INFO [http-nio-8080-exec-10] c.n.c.a.ServiceLogAspect [ServiceLogAspect.java:36] 用户[0:0:0:0:0:0:0:1],在[2023-09-11 23:55:37],访问了[com.nowcoder.community.service.UserService.findUserById].
2023-09-11 23:55:37,820 INFO [http-nio-8080-exec-10] c.n.c.a.ServiceLogAspect [ServiceLogAspect.java:36] 用户[0:0:0:0:0:0:0:1],在[2023-09-11 23:55:37],访问了[com.nowcoder.community.service.LikeService.findEntityLikeCount].
2023-09-11 23:55:37,821 INFO [http-nio-8080-exec-10] c.n.c.a.ServiceLogAspect [ServiceLogAspect.java:36] 用户[0:0:0:0:0:0:0:1],在[2023-09-11 23:55:37],访问了[com.nowcoder.community.service.LikeService.findEntityLikeStatus].
2023-09-11 23:55:37,831 INFO [http-nio-8080-exec-10] c.n.c.a.ServiceLogAspect [ServiceLogAspect.java:36] 用户[0:0:0:0:0:0:0:1],在[2023-09-11 23:55:37],访问了[com.nowcoder.community.service.CommentService.findCommentsByEntity].
2023-09-11 23:55:37,834 INFO [http-nio-8080-exec-10] c.n.c.a.ServiceLogAspect [ServiceLogAspect.java:36] 用户[0:0:0:0:0:0:0:1],在[2023-09-11 23:55:37],访问了[com.nowcoder.community.service.UserService.findUserById].
2023-09-11 23:55:37,836 INFO [http-nio-8080-exec-10] c.n.c.a.ServiceLogAspect [ServiceLogAspect.java:36] 用户[0:0:0:0:0:0:0:1],在[2023-09-11 23:55:37],访问了[com.nowcoder.community.service.LikeService.findEntityLikeCount].
2023-09-11 23:55:37,837 INFO [http-nio-8080-exec-10] c.n.c.a.ServiceLogAspect [ServiceLogAspect.java:36] 用户[0:0:0:0:0:0:0:1],在[2023-09-11 23:55:37],访问了[com.nowcoder.community.service.LikeService.findEntityLikeStatus].
2023-09-11 23:55:37,839 INFO [http-nio-8080-exec-10] c.n.c.a.ServiceLogAspect [ServiceLogAspect.java:36] 用户[0:0:0:0:0:0:0:1],在[2023-09-11 23:55:37],访问了[com.nowcoder.community.service.CommentService.findCommentsByEntity].
2023-09-11 23:55:37,841 INFO [http-nio-8080-exec-10] c.n.c.a.ServiceLogAspect [ServiceLogAspect.java:36] 用户[0:0:0:0:0:0:0:1],在[2023-09-11 23:55:37],访问了[com.nowcoder.community.service.CommentService.findCommentCount].
2023-09-11 23:55:37,843 INFO [http-nio-8080-exec-10] c.n.c.a.ServiceLogAspect [ServiceLogAspect.java:36] 用户[0:0:0:0:0:0:0:1],在[2023-09-11 23:55:37],访问了[com.nowcoder.community.service.UserService.findUserById].
2023-09-11 23:55:37,846 INFO [http-nio-8080-exec-10] c.n.c.a.ServiceLogAspect [ServiceLogAspect.java:36] 用户[0:0:0:0:0:0:0:1],在[2023-09-11 23:55:37],访问了[com.nowcoder.community.service.LikeService.findEntityLikeCount].
2023-09-11 23:55:37,847 INFO [http-nio-8080-exec-10] c.n.c.a.ServiceLogAspect [ServiceLogAspect.java:36] 用户[0:0:0:0:0:0:0:1],在[2023-09-11 23:55:37],访问了[com.nowcoder.community.service.LikeService.findEntityLikeStatus].
2023-09-11 23:55:37,848 INFO [http-nio-8080-exec-10] c.n.c.a.ServiceLogAspect [ServiceLogAspect.java:36] 用户[0:0:0:0:0:0:0:1],在[2023-09-11 23:55:37],访问了[com.nowcoder.community.service.CommentService.findCommentsByEntity].
2023-09-11 23:55:37,850 INFO [http-nio-8080-exec-10] c.n.c.a.ServiceLogAspect [ServiceLogAspect.java:36] 用户[0:0:0:0:0:0:0:1],在[2023-09-11 23:55:37],访问了[com.nowcoder.community.service.CommentService.findCommentCount].
2023-09-11 23:55:37,851 INFO [http-nio-8080-exec-10] c.n.c.a.ServiceLogAspect [ServiceLogAspect.java:36] 用户[0:0:0:0:0:0:0:1],在[2023-09-11 23:55:37],访问了[com.nowcoder.community.service.UserService.findUserById].
2023-09-11 23:55:37,853 INFO [http-nio-8080-exec-10] c.n.c.a.ServiceLogAspect [ServiceLogAspect.java:36] 用户[0:0:0:0:0:0:0:1],在[2023-09-11 23:55:37],访问了[com.nowcoder.community.service.LikeService.findEntityLikeCount].
2023-09-11 23:55:37,854 INFO [http-nio-8080-exec-10] c.n.c.a.ServiceLogAspect [ServiceLogAspect.java:36] 用户[0:0:0:0:0:0:0:1],在[2023-09-11 23:55:37],访问了[com.nowcoder.community.service.LikeService.findEntityLikeStatus].
2023-09-11 23:55:37,855 INFO [http-nio-8080-exec-10] c.n.c.a.ServiceLogAspect [ServiceLogAspect.java:36] 用户[0:0:0:0:0:0:0:1],在[2023-09-11 23:55:37],访问了[com.nowcoder.community.service.CommentService.findCommentsByEntity].
2023-09-11 23:55:37,857 INFO [http-nio-8080-exec-10] c.n.c.a.ServiceLogAspect [ServiceLogAspect.java:36] 用户[0:0:0:0:0:0:0:1],在[2023-09-11 23:55:37],访问了[com.nowcoder.community.service.CommentService.findCommentCount].
2023-09-11 23:55:37,858 INFO [http-nio-8080-exec-10] c.n.c.a.ServiceLogAspect [ServiceLogAspect.java:36] 用户[0:0:0:0:0:0:0:1],在[2023-09-11 23:55:37],访问了[com.nowcoder.community.service.UserService.findUserById].
2023-09-11 23:55:37,860 INFO [http-nio-8080-exec-10] c.n.c.a.ServiceLogAspect [ServiceLogAspect.java:36] 用户[0:0:0:0:0:0:0:1],在[2023-09-11 23:55:37],访问了[com.nowcoder.community.service.LikeService.findEntityLikeCount].
2023-09-11 23:55:37,861 INFO [http-nio-8080-exec-10] c.n.c.a.ServiceLogAspect [ServiceLogAspect.java:36] 用户[0:0:0:0:0:0:0:1],在[2023-09-11 23:55:37],访问了[com.nowcoder.community.service.LikeService.findEntityLikeStatus].
2023-09-11 23:55:37,862 INFO [http-nio-8080-exec-10] c.n.c.a.ServiceLogAspect [ServiceLogAspect.java:36] 用户[0:0:0:0:0:0:0:1],在[2023-09-11 23:55:37],访问了[com.nowcoder.community.service.CommentService.findCommentsByEntity].
2023-09-11 23:55:37,863 INFO [http-nio-8080-exec-10] c.n.c.a.ServiceLogAspect [ServiceLogAspect.java:36] 用户[0:0:0:0:0:0:0:1],在[2023-09-11 23:55:37],访问了[com.nowcoder.community.service.CommentService.findCommentCount].
2023-09-11 23:55:37,864 INFO [http-nio-8080-exec-10] c.n.c.a.ServiceLogAspect [ServiceLogAspect.java:36] 用户[0:0:0:0:0:0:0:1],在[2023-09-11 23:55:37],访问了[com.nowcoder.community.service.UserService.findUserById].
2023-09-11 23:55:37,866 INFO [http-nio-8080-exec-10] c.n.c.a.ServiceLogAspect [ServiceLogAspect.java:36] 用户[0:0:0:0:0:0:0:1],在[2023-09-11 23:55:37],访问了[com.nowcoder.community.service.LikeService.findEntityLikeCount].
2023-09-11 23:55:37,867 INFO [http-nio-8080-exec-10] c.n.c.a.ServiceLogAspect [ServiceLogAspect.java:36] 用户[0:0:0:0:0:0:0:1],在[2023-09-11 23:55:37],访问了[com.nowcoder.community.service.LikeService.findEntityLikeStatus].
2023-09-11 23:55:37,868 INFO [http-nio-8080-exec-10] c.n.c.a.ServiceLogAspect [ServiceLogAspect.java:36] 用户[0:0:0:0:0:0:0:1],在[2023-09-11 23:55:37],访问了[com.nowcoder.community.service.CommentService.findCommentsByEntity].
2023-09-11 23:55:37,869 INFO [http-nio-8080-exec-10] c.n.c.a.ServiceLogAspect [ServiceLogAspect.java:36] 用户[0:0:0:0:0:0:0:1],在[2023-09-11 23:55:37],访问了[com.nowcoder.community.service.CommentService.findCommentCount].
2023-09-11 23:55:42,904 INFO [http-nio-8080-exec-4] c.n.c.a.ServiceLogAspect [ServiceLogAspect.java:36] 用户[0:0:0:0:0:0:0:1],在[2023-09-11 23:55:42],访问了[com.nowcoder.community.service.UserService.findLoginTicket].
2023-09-11 23:55:42,906 INFO [http-nio-8080-exec-4] c.n.c.a.ServiceLogAspect [ServiceLogAspect.java:36] 用户[0:0:0:0:0:0:0:1],在[2023-09-11 23:55:42],访问了[com.nowcoder.community.service.UserService.findUserById].
2023-09-11 23:55:42,909 INFO [http-nio-8080-exec-4] c.n.c.a.ServiceLogAspect [ServiceLogAspect.java:36] 用户[0:0:0:0:0:0:0:1],在[2023-09-11 23:55:42],访问了[com.nowcoder.community.service.LikeService.like].
2023-09-11 23:55:42,955 INFO [http-nio-8080-exec-4] c.n.c.a.ServiceLogAspect [ServiceLogAspect.java:36] 用户[0:0:0:0:0:0:0:1],在[2023-09-11 23:55:42],访问了[com.nowcoder.community.service.LikeService.findEntityLikeCount].
2023-09-11 23:55:42,956 INFO [http-nio-8080-exec-4] c.n.c.a.ServiceLogAspect [ServiceLogAspect.java:36] 用户[0:0:0:0:0:0:0:1],在[2023-09-11 23:55:42],访问了[com.nowcoder.community.service.LikeService.findEntityLikeStatus].
2023-09-11 23:55:43,828 INFO [http-nio-8080-exec-6] c.n.c.a.ServiceLogAspect [ServiceLogAspect.java:36] 用户[0:0:0:0:0:0:0:1],在[2023-09-11 23:55:43],访问了[com.nowcoder.community.service.UserService.findLoginTicket].
2023-09-11 23:55:43,831 INFO [http-nio-8080-exec-6] c.n.c.a.ServiceLogAspect [ServiceLogAspect.java:36] 用户[0:0:0:0:0:0:0:1],在[2023-09-11 23:55:43],访问了[com.nowcoder.community.service.UserService.findUserById].
2023-09-11 23:55:43,833 INFO [http-nio-8080-exec-6] c.n.c.a.ServiceLogAspect [ServiceLogAspect.java:36] 用户[0:0:0:0:0:0:0:1],在[2023-09-11 23:55:43],访问了[com.nowcoder.community.service.LikeService.like].
2023-09-11 23:55:43,839 INFO [http-nio-8080-exec-6] c.n.c.a.ServiceLogAspect [ServiceLogAspect.java:36] 用户[0:0:0:0:0:0:0:1],在[2023-09-11 23:55:43],访问了[com.nowcoder.community.service.LikeService.findEntityLikeCount].
2023-09-11 23:55:43,840 INFO [http-nio-8080-exec-6] c.n.c.a.ServiceLogAspect [ServiceLogAspect.java:36] 用户[0:0:0:0:0:0:0:1],在[2023-09-11 23:55:43],访问了[com.nowcoder.community.service.LikeService.findEntityLikeStatus].
2023-09-11 23:55:45,577 INFO [http-nio-8080-exec-8] c.n.c.a.ServiceLogAspect [ServiceLogAspect.java:36] 用户[0:0:0:0:0:0:0:1],在[2023-09-11 23:55:45],访问了[com.nowcoder.community.service.UserService.findLoginTicket].
2023-09-11 23:55:45,580 INFO [http-nio-8080-exec-8] c.n.c.a.ServiceLogAspect [ServiceLogAspect.java:36] 用户[0:0:0:0:0:0:0:1],在[2023-09-11 23:55:45],访问了[com.nowcoder.community.service.UserService.findUserById].
2023-09-11 23:55:45,590 INFO [http-nio-8080-exec-8] c.n.c.a.ServiceLogAspect [ServiceLogAspect.java:36] 用户[0:0:0:0:0:0:0:1],在[2023-09-11 23:55:45],访问了[com.nowcoder.community.service.UserService.findLoginTicket].
2023-09-11 23:55:45,592 INFO [http-nio-8080-exec-8] c.n.c.a.ServiceLogAspect [ServiceLogAspect.java:36] 用户[0:0:0:0:0:0:0:1],在[2023-09-11 23:55:45],访问了[com.nowcoder.community.service.UserService.findUserById].
2023-09-11 23:55:53,604 INFO [http-nio-8080-exec-2] c.n.c.a.ServiceLogAspect [ServiceLogAspect.java:36] 用户[0:0:0:0:0:0:0:1],在[2023-09-11 23:55:53],访问了[com.nowcoder.community.service.UserService.findLoginTicket].
2023-09-11 23:55:53,608 INFO [http-nio-8080-exec-2] c.n.c.a.ServiceLogAspect [ServiceLogAspect.java:36] 用户[0:0:0:0:0:0:0:1],在[2023-09-11 23:55:53],访问了[com.nowcoder.community.service.UserService.findUserById].
2023-09-11 23:55:53,610 INFO [http-nio-8080-exec-2] c.n.c.a.ServiceLogAspect [ServiceLogAspect.java:36] 用户[0:0:0:0:0:0:0:1],在[2023-09-11 23:55:53],访问了[com.nowcoder.community.service.UserService.findUserById].
2023-09-11 23:55:53,613 INFO [http-nio-8080-exec-2] c.n.c.a.ServiceLogAspect [ServiceLogAspect.java:36] 用户[0:0:0:0:0:0:0:1],在[2023-09-11 23:55:53],访问了[com.nowcoder.community.service.LikeService.findUserLikeCount].
2023-09-11 23:55:53,656 INFO [http-nio-8080-exec-5] c.n.c.a.ServiceLogAspect [ServiceLogAspect.java:36] 用户[0:0:0:0:0:0:0:1],在[2023-09-11 23:55:53],访问了[com.nowcoder.community.service.UserService.findLoginTicket].
2023-09-11 23:55:53,659 INFO [http-nio-8080-exec-5] c.n.c.a.ServiceLogAspect [ServiceLogAspect.java:36] 用户[0:0:0:0:0:0:0:1],在[2023-09-11 23:55:53],访问了[com.nowcoder.community.service.UserService.findUserById].
2023-09-11 23:56:11,832 INFO [http-nio-8080-exec-8] c.n.c.a.ServiceLogAspect [ServiceLogAspect.java:36] 用户[0:0:0:0:0:0:0:1],在[2023-09-11 23:56:11],访问了[com.nowcoder.community.service.UserService.findLoginTicket].
2023-09-11 23:56:11,835 INFO [http-nio-8080-exec-8] c.n.c.a.ServiceLogAspect [ServiceLogAspect.java:36] 用户[0:0:0:0:0:0:0:1],在[2023-09-11 23:56:11],访问了[com.nowcoder.community.service.UserService.findUserById].
2023-09-11 23:56:11,841 INFO [http-nio-8080-exec-8] c.n.c.a.ServiceLogAspect [ServiceLogAspect.java:36] 用户[0:0:0:0:0:0:0:1],在[2023-09-11 23:56:11],访问了[com.nowcoder.community.service.UserService.findLoginTicket].
2023-09-11 23:56:11,843 INFO [http-nio-8080-exec-8] c.n.c.a.ServiceLogAspect [ServiceLogAspect.java:36] 用户[0:0:0:0:0:0:0:1],在[2023-09-11 23:56:11],访问了[com.nowcoder.community.service.UserService.findUserById].
2023-09-11 23:58:10,490 INFO [http-nio-8080-exec-6] c.n.c.a.ServiceLogAspect [ServiceLogAspect.java:36] 用户[0:0:0:0:0:0:0:1],在[2023-09-11 23:58:10],访问了[com.nowcoder.community.service.UserService.findLoginTicket].
2023-09-11 23:58:10,494 INFO [http-nio-8080-exec-6] c.n.c.a.ServiceLogAspect [ServiceLogAspect.java:36] 用户[0:0:0:0:0:0:0:1],在[2023-09-11 23:58:10],访问了[com.nowcoder.community.service.UserService.findUserById].
