2023-09-14 00:55:25,798 INFO [SpringApplicationShutdownHook] c.z.h.HikariDataSource [HikariDataSource.java:350] HikariPool-1 - Shutdown initiated...
2023-09-14 00:55:25,845 INFO [SpringApplicationShutdownHook] c.z.h.HikariDataSource [HikariDataSource.java:352] HikariPool-1 - Shutdown completed.
2023-09-14 01:52:49,850 INFO [restartedMain] c.n.c.CommunityApplication [StartupInfoLogger.java:51] Starting CommunityApplication using Java 17.0.7 with PID 30436 (D:\work\workspace\community\target\classes started by falls in D:\work\workspace\community)
2023-09-14 01:52:49,852 INFO [restartedMain] c.n.c.CommunityApplication [SpringApplication.java:634] No active profile set, falling back to 1 default profile: "default"
2023-09-14 01:52:49,918 INFO [restartedMain] o.s.b.d.e.DevToolsPropertyDefaultsPostProcessor [DeferredLog.java:250] Devtools property defaults active! Set 'spring.devtools.add-properties' to 'false' to disable
2023-09-14 01:52:49,918 INFO [restartedMain] o.s.b.d.e.DevToolsPropertyDefaultsPostProcessor [DeferredLog.java:250] For additional web related logging consider setting the 'logging.level.web' property to 'DEBUG'
2023-09-14 01:52:50,968 INFO [restartedMain] o.s.d.r.c.RepositoryConfigurationDelegate [RepositoryConfigurationDelegate.java:291] Multiple Spring Data modules found, entering strict repository configuration mode
2023-09-14 01:52:50,972 INFO [restartedMain] o.s.d.r.c.RepositoryConfigurationDelegate [RepositoryConfigurationDelegate.java:138] Bootstrapping Spring Data Redis repositories in DEFAULT mode.
2023-09-14 01:52:51,003 INFO [restartedMain] o.s.d.r.c.RepositoryConfigurationDelegate [RepositoryConfigurationDelegate.java:208] Finished Spring Data repository scanning in 10 ms. Found 0 Redis repository interfaces.
2023-09-14 01:52:51,992 INFO [restartedMain] o.s.b.w.e.t.TomcatWebServer [TomcatWebServer.java:108] Tomcat initialized with port(s): 8080 (http)
2023-09-14 01:52:52,001 INFO [restartedMain] o.a.c.h.Http11NioProtocol [DirectJDKLog.java:173] Initializing ProtocolHandler ["http-nio-8080"]
2023-09-14 01:52:52,004 INFO [restartedMain] o.a.c.c.StandardService [DirectJDKLog.java:173] Starting service [Tomcat]
2023-09-14 01:52:52,004 INFO [restartedMain] o.a.c.c.StandardEngine [DirectJDKLog.java:173] Starting Servlet engine: [Apache Tomcat/10.1.10]
2023-09-14 01:52:52,081 INFO [restartedMain] o.a.c.c.C.[.[.[/community] [DirectJDKLog.java:173] Initializing Spring embedded WebApplicationContext
2023-09-14 01:52:52,083 INFO [restartedMain] o.s.b.w.s.c.ServletWebServerApplicationContext [ServletWebServerApplicationContext.java:291] Root WebApplicationContext: initialization completed in 2162 ms
2023-09-14 01:52:53,315 INFO [restartedMain] o.s.b.a.w.s.WelcomePageHandlerMapping [WelcomePageHandlerMapping.java:57] Adding welcome page template: index
2023-09-14 01:52:53,599 INFO [restartedMain] o.s.b.d.a.OptionalLiveReloadServer [OptionalLiveReloadServer.java:59] LiveReload server is running on port 35729
2023-09-14 01:52:53,611 INFO [restartedMain] o.a.c.h.Http11NioProtocol [DirectJDKLog.java:173] Starting ProtocolHandler ["http-nio-8080"]
2023-09-14 01:52:53,628 INFO [restartedMain] o.s.b.w.e.t.TomcatWebServer [TomcatWebServer.java:220] Tomcat started on port(s): 8080 (http) with context path '/community'
2023-09-14 01:52:53,638 INFO [restartedMain] c.n.c.CommunityApplication [StartupInfoLogger.java:57] Started CommunityApplication in 4.293 seconds (process running for 4.926)
2023-09-14 01:52:57,380 INFO [http-nio-8080-exec-1] o.a.c.c.C.[.[.[/community] [DirectJDKLog.java:173] Initializing Spring DispatcherServlet 'dispatcherServlet'
2023-09-14 01:52:57,380 INFO [http-nio-8080-exec-1] o.s.w.s.DispatcherServlet [FrameworkServlet.java:532] Initializing Servlet 'dispatcherServlet'
2023-09-14 01:52:57,381 INFO [http-nio-8080-exec-1] o.s.w.s.DispatcherServlet [FrameworkServlet.java:554] Completed initialization in 0 ms
2023-09-14 01:52:57,416 INFO [http-nio-8080-exec-1] c.n.c.a.ServiceLogAspect [ServiceLogAspect.java:36] 用户[0:0:0:0:0:0:0:1],在[2023-09-14 01:52:57],访问了[com.nowcoder.community.service.UserService.findLoginTicket].
2023-09-14 01:52:57,438 INFO [http-nio-8080-exec-1] c.z.h.HikariDataSource [HikariDataSource.java:110] HikariPool-1 - Starting...
2023-09-14 01:52:57,675 INFO [http-nio-8080-exec-1] c.z.h.p.HikariPool [HikariPool.java:565] HikariPool-1 - Added connection com.mysql.cj.jdbc.ConnectionImpl@2174c0f5
2023-09-14 01:52:57,677 INFO [http-nio-8080-exec-1] c.z.h.HikariDataSource [HikariDataSource.java:123] HikariPool-1 - Start completed.
2023-09-14 01:52:57,758 INFO [http-nio-8080-exec-1] c.n.c.a.ServiceLogAspect [ServiceLogAspect.java:36] 用户[0:0:0:0:0:0:0:1],在[2023-09-14 01:52:57],访问了[com.nowcoder.community.service.UserService.findUserById].
2023-09-14 01:52:57,778 INFO [http-nio-8080-exec-1] c.n.c.a.ServiceLogAspect [ServiceLogAspect.java:36] 用户[0:0:0:0:0:0:0:1],在[2023-09-14 01:52:57],访问了[com.nowcoder.community.service.DiscussPostService.findDiscussPostRows].
2023-09-14 01:52:57,803 INFO [http-nio-8080-exec-1] c.n.c.a.ServiceLogAspect [ServiceLogAspect.java:36] 用户[0:0:0:0:0:0:0:1],在[2023-09-14 01:52:57],访问了[com.nowcoder.community.service.DiscussPostService.findDiscussPosts].
2023-09-14 01:52:57,811 INFO [http-nio-8080-exec-1] c.n.c.a.ServiceLogAspect [ServiceLogAspect.java:36] 用户[0:0:0:0:0:0:0:1],在[2023-09-14 01:52:57],访问了[com.nowcoder.community.service.UserService.findUserById].
2023-09-14 01:52:57,813 INFO [http-nio-8080-exec-1] c.n.c.a.ServiceLogAspect [ServiceLogAspect.java:36] 用户[0:0:0:0:0:0:0:1],在[2023-09-14 01:52:57],访问了[com.nowcoder.community.service.LikeService.findEntityLikeCount].
2023-09-14 01:52:58,233 INFO [http-nio-8080-exec-1] c.n.c.a.ServiceLogAspect [ServiceLogAspect.java:36] 用户[0:0:0:0:0:0:0:1],在[2023-09-14 01:52:58],访问了[com.nowcoder.community.service.UserService.findUserById].
2023-09-14 01:52:58,235 INFO [http-nio-8080-exec-1] c.n.c.a.ServiceLogAspect [ServiceLogAspect.java:36] 用户[0:0:0:0:0:0:0:1],在[2023-09-14 01:52:58],访问了[com.nowcoder.community.service.LikeService.findEntityLikeCount].
2023-09-14 01:52:58,237 INFO [http-nio-8080-exec-1] c.n.c.a.ServiceLogAspect [ServiceLogAspect.java:36] 用户[0:0:0:0:0:0:0:1],在[2023-09-14 01:52:58],访问了[com.nowcoder.community.service.UserService.findUserById].
2023-09-14 01:52:58,239 INFO [http-nio-8080-exec-1] c.n.c.a.ServiceLogAspect [ServiceLogAspect.java:36] 用户[0:0:0:0:0:0:0:1],在[2023-09-14 01:52:58],访问了[com.nowcoder.community.service.LikeService.findEntityLikeCount].
2023-09-14 01:52:58,241 INFO [http-nio-8080-exec-1] c.n.c.a.ServiceLogAspect [ServiceLogAspect.java:36] 用户[0:0:0:0:0:0:0:1],在[2023-09-14 01:52:58],访问了[com.nowcoder.community.service.UserService.findUserById].
2023-09-14 01:52:58,244 INFO [http-nio-8080-exec-1] c.n.c.a.ServiceLogAspect [ServiceLogAspect.java:36] 用户[0:0:0:0:0:0:0:1],在[2023-09-14 01:52:58],访问了[com.nowcoder.community.service.LikeService.findEntityLikeCount].
2023-09-14 01:52:58,246 INFO [http-nio-8080-exec-1] c.n.c.a.ServiceLogAspect [ServiceLogAspect.java:36] 用户[0:0:0:0:0:0:0:1],在[2023-09-14 01:52:58],访问了[com.nowcoder.community.service.UserService.findUserById].
2023-09-14 01:52:58,249 INFO [http-nio-8080-exec-1] c.n.c.a.ServiceLogAspect [ServiceLogAspect.java:36] 用户[0:0:0:0:0:0:0:1],在[2023-09-14 01:52:58],访问了[com.nowcoder.community.service.LikeService.findEntityLikeCount].
2023-09-14 01:52:58,250 INFO [http-nio-8080-exec-1] c.n.c.a.ServiceLogAspect [ServiceLogAspect.java:36] 用户[0:0:0:0:0:0:0:1],在[2023-09-14 01:52:58],访问了[com.nowcoder.community.service.UserService.findUserById].
2023-09-14 01:52:58,253 INFO [http-nio-8080-exec-1] c.n.c.a.ServiceLogAspect [ServiceLogAspect.java:36] 用户[0:0:0:0:0:0:0:1],在[2023-09-14 01:52:58],访问了[com.nowcoder.community.service.LikeService.findEntityLikeCount].
2023-09-14 01:52:58,254 INFO [http-nio-8080-exec-1] c.n.c.a.ServiceLogAspect [ServiceLogAspect.java:36] 用户[0:0:0:0:0:0:0:1],在[2023-09-14 01:52:58],访问了[com.nowcoder.community.service.UserService.findUserById].
2023-09-14 01:52:58,257 INFO [http-nio-8080-exec-1] c.n.c.a.ServiceLogAspect [ServiceLogAspect.java:36] 用户[0:0:0:0:0:0:0:1],在[2023-09-14 01:52:58],访问了[com.nowcoder.community.service.LikeService.findEntityLikeCount].
2023-09-14 01:52:58,259 INFO [http-nio-8080-exec-1] c.n.c.a.ServiceLogAspect [ServiceLogAspect.java:36] 用户[0:0:0:0:0:0:0:1],在[2023-09-14 01:52:58],访问了[com.nowcoder.community.service.UserService.findUserById].
2023-09-14 01:52:58,261 INFO [http-nio-8080-exec-1] c.n.c.a.ServiceLogAspect [ServiceLogAspect.java:36] 用户[0:0:0:0:0:0:0:1],在[2023-09-14 01:52:58],访问了[com.nowcoder.community.service.LikeService.findEntityLikeCount].
2023-09-14 01:52:58,262 INFO [http-nio-8080-exec-1] c.n.c.a.ServiceLogAspect [ServiceLogAspect.java:36] 用户[0:0:0:0:0:0:0:1],在[2023-09-14 01:52:58],访问了[com.nowcoder.community.service.UserService.findUserById].
2023-09-14 01:52:58,265 INFO [http-nio-8080-exec-1] c.n.c.a.ServiceLogAspect [ServiceLogAspect.java:36] 用户[0:0:0:0:0:0:0:1],在[2023-09-14 01:52:58],访问了[com.nowcoder.community.service.LikeService.findEntityLikeCount].
2023-09-14 01:52:58,266 INFO [http-nio-8080-exec-1] c.n.c.a.ServiceLogAspect [ServiceLogAspect.java:36] 用户[0:0:0:0:0:0:0:1],在[2023-09-14 01:52:58],访问了[com.nowcoder.community.service.UserService.findUserById].
2023-09-14 01:52:58,268 INFO [http-nio-8080-exec-1] c.n.c.a.ServiceLogAspect [ServiceLogAspect.java:36] 用户[0:0:0:0:0:0:0:1],在[2023-09-14 01:52:58],访问了[com.nowcoder.community.service.LikeService.findEntityLikeCount].
2023-09-14 01:53:01,005 INFO [http-nio-8080-exec-5] c.n.c.a.ServiceLogAspect [ServiceLogAspect.java:36] 用户[0:0:0:0:0:0:0:1],在[2023-09-14 01:53:01],访问了[com.nowcoder.community.service.UserService.findLoginTicket].
2023-09-14 01:53:01,009 INFO [http-nio-8080-exec-5] c.n.c.a.ServiceLogAspect [ServiceLogAspect.java:36] 用户[0:0:0:0:0:0:0:1],在[2023-09-14 01:53:01],访问了[com.nowcoder.community.service.UserService.findUserById].
2023-09-14 01:53:01,018 INFO [http-nio-8080-exec-5] c.n.c.a.ServiceLogAspect [ServiceLogAspect.java:36] 用户[0:0:0:0:0:0:0:1],在[2023-09-14 01:53:01],访问了[com.nowcoder.community.service.UserService.logout].
2023-09-14 01:53:01,070 INFO [http-nio-8080-exec-7] c.n.c.a.ServiceLogAspect [ServiceLogAspect.java:36] 用户[0:0:0:0:0:0:0:1],在[2023-09-14 01:53:01],访问了[com.nowcoder.community.service.UserService.findLoginTicket].
2023-09-14 01:53:01,135 INFO [http-nio-8080-exec-10] c.n.c.a.ServiceLogAspect [ServiceLogAspect.java:36] 用户[0:0:0:0:0:0:0:1],在[2023-09-14 01:53:01],访问了[com.nowcoder.community.service.UserService.findLoginTicket].
2023-09-14 02:25:40,760 INFO [http-nio-8080-exec-5] c.n.c.a.ServiceLogAspect [ServiceLogAspect.java:36] 用户[0:0:0:0:0:0:0:1],在[2023-09-14 02:25:40],访问了[com.nowcoder.community.service.UserService.findLoginTicket].
2023-09-14 02:25:40,787 INFO [http-nio-8080-exec-5] c.n.c.a.ServiceLogAspect [ServiceLogAspect.java:36] 用户[0:0:0:0:0:0:0:1],在[2023-09-14 02:25:40],访问了[com.nowcoder.community.service.UserService.findLoginTicket].
2023-09-14 02:30:12,108 INFO [SpringApplicationShutdownHook] c.z.h.HikariDataSource [HikariDataSource.java:350] HikariPool-1 - Shutdown initiated...
2023-09-14 02:30:12,111 INFO [SpringApplicationShutdownHook] c.z.h.HikariDataSource [HikariDataSource.java:352] HikariPool-1 - Shutdown completed.
2023-09-14 02:30:16,253 INFO [restartedMain] c.n.c.CommunityApplication [StartupInfoLogger.java:51] Starting CommunityApplication using Java 17.0.7 with PID 23180 (D:\work\workspace\community\target\classes started by falls in D:\work\workspace\community)
2023-09-14 02:30:16,255 INFO [restartedMain] c.n.c.CommunityApplication [SpringApplication.java:634] No active profile set, falling back to 1 default profile: "default"
2023-09-14 02:30:16,307 INFO [restartedMain] o.s.b.d.e.DevToolsPropertyDefaultsPostProcessor [DeferredLog.java:250] Devtools property defaults active! Set 'spring.devtools.add-properties' to 'false' to disable
2023-09-14 02:30:16,308 INFO [restartedMain] o.s.b.d.e.DevToolsPropertyDefaultsPostProcessor [DeferredLog.java:250] For additional web related logging consider setting the 'logging.level.web' property to 'DEBUG'
2023-09-14 02:30:16,941 INFO [restartedMain] o.s.d.r.c.RepositoryConfigurationDelegate [RepositoryConfigurationDelegate.java:291] Multiple Spring Data modules found, entering strict repository configuration mode
2023-09-14 02:30:16,945 INFO [restartedMain] o.s.d.r.c.RepositoryConfigurationDelegate [RepositoryConfigurationDelegate.java:138] Bootstrapping Spring Data Redis repositories in DEFAULT mode.
2023-09-14 02:30:16,974 INFO [restartedMain] o.s.d.r.c.RepositoryConfigurationDelegate [RepositoryConfigurationDelegate.java:208] Finished Spring Data repository scanning in 10 ms. Found 0 Redis repository interfaces.
2023-09-14 02:30:17,903 INFO [restartedMain] o.s.b.w.e.t.TomcatWebServer [TomcatWebServer.java:108] Tomcat initialized with port(s): 8080 (http)
2023-09-14 02:30:17,914 INFO [restartedMain] o.a.c.h.Http11NioProtocol [DirectJDKLog.java:173] Initializing ProtocolHandler ["http-nio-8080"]
2023-09-14 02:30:17,916 INFO [restartedMain] o.a.c.c.StandardService [DirectJDKLog.java:173] Starting service [Tomcat]
2023-09-14 02:30:17,916 INFO [restartedMain] o.a.c.c.StandardEngine [DirectJDKLog.java:173] Starting Servlet engine: [Apache Tomcat/10.1.10]
2023-09-14 02:30:17,982 INFO [restartedMain] o.a.c.c.C.[.[.[/community] [DirectJDKLog.java:173] Initializing Spring embedded WebApplicationContext
2023-09-14 02:30:17,985 INFO [restartedMain] o.s.b.w.s.c.ServletWebServerApplicationContext [ServletWebServerApplicationContext.java:291] Root WebApplicationContext: initialization completed in 1674 ms
2023-09-14 02:30:19,070 INFO [restartedMain] o.s.b.a.w.s.WelcomePageHandlerMapping [WelcomePageHandlerMapping.java:57] Adding welcome page template: index
2023-09-14 02:30:19,350 INFO [restartedMain] o.s.b.d.a.OptionalLiveReloadServer [OptionalLiveReloadServer.java:59] LiveReload server is running on port 35729
2023-09-14 02:30:19,362 INFO [restartedMain] o.a.c.h.Http11NioProtocol [DirectJDKLog.java:173] Starting ProtocolHandler ["http-nio-8080"]
2023-09-14 02:30:19,387 INFO [restartedMain] o.s.b.w.e.t.TomcatWebServer [TomcatWebServer.java:220] Tomcat started on port(s): 8080 (http) with context path '/community'
2023-09-14 02:30:19,399 INFO [restartedMain] c.n.c.CommunityApplication [StartupInfoLogger.java:57] Started CommunityApplication in 3.591 seconds (process running for 4.014)
2023-09-14 02:30:22,566 INFO [http-nio-8080-exec-2] o.a.c.c.C.[.[.[/community] [DirectJDKLog.java:173] Initializing Spring DispatcherServlet 'dispatcherServlet'
2023-09-14 02:30:22,567 INFO [http-nio-8080-exec-2] o.s.w.s.DispatcherServlet [FrameworkServlet.java:532] Initializing Servlet 'dispatcherServlet'
2023-09-14 02:30:22,570 INFO [http-nio-8080-exec-2] o.s.w.s.DispatcherServlet [FrameworkServlet.java:554] Completed initialization in 2 ms
2023-09-14 02:30:23,869 INFO [http-nio-8080-exec-5] c.n.c.a.ServiceLogAspect [ServiceLogAspect.java:36] 用户[0:0:0:0:0:0:0:1],在[2023-09-14 02:30:23],访问了[com.nowcoder.community.service.UserService.findLoginTicket].
2023-09-14 02:30:23,885 INFO [http-nio-8080-exec-5] c.z.h.HikariDataSource [HikariDataSource.java:110] HikariPool-1 - Starting...
2023-09-14 02:30:24,052 INFO [http-nio-8080-exec-5] c.z.h.p.HikariPool [HikariPool.java:565] HikariPool-1 - Added connection com.mysql.cj.jdbc.ConnectionImpl@df29f7f
2023-09-14 02:30:24,054 INFO [http-nio-8080-exec-5] c.z.h.HikariDataSource [HikariDataSource.java:123] HikariPool-1 - Start completed.
2023-09-14 02:30:24,466 INFO [http-nio-8080-exec-8] c.n.c.a.ServiceLogAspect [ServiceLogAspect.java:36] 用户[0:0:0:0:0:0:0:1],在[2023-09-14 02:30:24],访问了[com.nowcoder.community.service.UserService.findLoginTicket].
2023-09-14 02:30:28,634 INFO [http-nio-8080-exec-9] c.n.c.a.ServiceLogAspect [ServiceLogAspect.java:36] 用户[0:0:0:0:0:0:0:1],在[2023-09-14 02:30:28],访问了[com.nowcoder.community.service.UserService.findLoginTicket].
2023-09-14 02:30:31,787 INFO [http-nio-8080-exec-10] c.n.c.a.ServiceLogAspect [ServiceLogAspect.java:36] 用户[0:0:0:0:0:0:0:1],在[2023-09-14 02:30:31],访问了[com.nowcoder.community.service.UserService.findLoginTicket].
2023-09-14 02:30:32,182 INFO [http-nio-8080-exec-10] c.n.c.a.ServiceLogAspect [ServiceLogAspect.java:36] 用户[0:0:0:0:0:0:0:1],在[2023-09-14 02:30:32],访问了[com.nowcoder.community.service.UserService.login].
2023-09-14 02:30:32,448 INFO [http-nio-8080-exec-4] c.n.c.a.ServiceLogAspect [ServiceLogAspect.java:36] 用户[0:0:0:0:0:0:0:1],在[2023-09-14 02:30:32],访问了[com.nowcoder.community.service.UserService.findLoginTicket].
2023-09-14 02:30:32,453 INFO [http-nio-8080-exec-4] c.n.c.a.ServiceLogAspect [ServiceLogAspect.java:36] 用户[0:0:0:0:0:0:0:1],在[2023-09-14 02:30:32],访问了[com.nowcoder.community.service.UserService.findUserById].
2023-09-14 02:30:32,461 INFO [http-nio-8080-exec-4] c.n.c.a.ServiceLogAspect [ServiceLogAspect.java:36] 用户[0:0:0:0:0:0:0:1],在[2023-09-14 02:30:32],访问了[com.nowcoder.community.service.DiscussPostService.findDiscussPostRows].
2023-09-14 02:30:32,490 INFO [http-nio-8080-exec-4] c.n.c.a.ServiceLogAspect [ServiceLogAspect.java:36] 用户[0:0:0:0:0:0:0:1],在[2023-09-14 02:30:32],访问了[com.nowcoder.community.service.DiscussPostService.findDiscussPosts].
2023-09-14 02:30:32,501 INFO [http-nio-8080-exec-4] c.n.c.a.ServiceLogAspect [ServiceLogAspect.java:36] 用户[0:0:0:0:0:0:0:1],在[2023-09-14 02:30:32],访问了[com.nowcoder.community.service.UserService.findUserById].
2023-09-14 02:30:32,504 INFO [http-nio-8080-exec-4] c.n.c.a.ServiceLogAspect [ServiceLogAspect.java:36] 用户[0:0:0:0:0:0:0:1],在[2023-09-14 02:30:32],访问了[com.nowcoder.community.service.LikeService.findEntityLikeCount].
2023-09-14 02:30:32,509 INFO [http-nio-8080-exec-4] c.n.c.a.ServiceLogAspect [ServiceLogAspect.java:36] 用户[0:0:0:0:0:0:0:1],在[2023-09-14 02:30:32],访问了[com.nowcoder.community.service.UserService.findUserById].
2023-09-14 02:30:32,513 INFO [http-nio-8080-exec-4] c.n.c.a.ServiceLogAspect [ServiceLogAspect.java:36] 用户[0:0:0:0:0:0:0:1],在[2023-09-14 02:30:32],访问了[com.nowcoder.community.service.LikeService.findEntityLikeCount].
2023-09-14 02:30:32,515 INFO [http-nio-8080-exec-4] c.n.c.a.ServiceLogAspect [ServiceLogAspect.java:36] 用户[0:0:0:0:0:0:0:1],在[2023-09-14 02:30:32],访问了[com.nowcoder.community.service.UserService.findUserById].
2023-09-14 02:30:32,519 INFO [http-nio-8080-exec-4] c.n.c.a.ServiceLogAspect [ServiceLogAspect.java:36] 用户[0:0:0:0:0:0:0:1],在[2023-09-14 02:30:32],访问了[com.nowcoder.community.service.LikeService.findEntityLikeCount].
2023-09-14 02:30:32,522 INFO [http-nio-8080-exec-4] c.n.c.a.ServiceLogAspect [ServiceLogAspect.java:36] 用户[0:0:0:0:0:0:0:1],在[2023-09-14 02:30:32],访问了[com.nowcoder.community.service.UserService.findUserById].
2023-09-14 02:30:32,526 INFO [http-nio-8080-exec-4] c.n.c.a.ServiceLogAspect [ServiceLogAspect.java:36] 用户[0:0:0:0:0:0:0:1],在[2023-09-14 02:30:32],访问了[com.nowcoder.community.service.LikeService.findEntityLikeCount].
2023-09-14 02:30:32,528 INFO [http-nio-8080-exec-4] c.n.c.a.ServiceLogAspect [ServiceLogAspect.java:36] 用户[0:0:0:0:0:0:0:1],在[2023-09-14 02:30:32],访问了[com.nowcoder.community.service.UserService.findUserById].
2023-09-14 02:30:32,531 INFO [http-nio-8080-exec-4] c.n.c.a.ServiceLogAspect [ServiceLogAspect.java:36] 用户[0:0:0:0:0:0:0:1],在[2023-09-14 02:30:32],访问了[com.nowcoder.community.service.LikeService.findEntityLikeCount].
2023-09-14 02:30:32,533 INFO [http-nio-8080-exec-4] c.n.c.a.ServiceLogAspect [ServiceLogAspect.java:36] 用户[0:0:0:0:0:0:0:1],在[2023-09-14 02:30:32],访问了[com.nowcoder.community.service.UserService.findUserById].
2023-09-14 02:30:32,538 INFO [http-nio-8080-exec-4] c.n.c.a.ServiceLogAspect [ServiceLogAspect.java:36] 用户[0:0:0:0:0:0:0:1],在[2023-09-14 02:30:32],访问了[com.nowcoder.community.service.LikeService.findEntityLikeCount].
2023-09-14 02:30:32,540 INFO [http-nio-8080-exec-4] c.n.c.a.ServiceLogAspect [ServiceLogAspect.java:36] 用户[0:0:0:0:0:0:0:1],在[2023-09-14 02:30:32],访问了[com.nowcoder.community.service.UserService.findUserById].
2023-09-14 02:30:32,546 INFO [http-nio-8080-exec-4] c.n.c.a.ServiceLogAspect [ServiceLogAspect.java:36] 用户[0:0:0:0:0:0:0:1],在[2023-09-14 02:30:32],访问了[com.nowcoder.community.service.LikeService.findEntityLikeCount].
2023-09-14 02:30:32,547 INFO [http-nio-8080-exec-4] c.n.c.a.ServiceLogAspect [ServiceLogAspect.java:36] 用户[0:0:0:0:0:0:0:1],在[2023-09-14 02:30:32],访问了[com.nowcoder.community.service.UserService.findUserById].
2023-09-14 02:30:32,554 INFO [http-nio-8080-exec-4] c.n.c.a.ServiceLogAspect [ServiceLogAspect.java:36] 用户[0:0:0:0:0:0:0:1],在[2023-09-14 02:30:32],访问了[com.nowcoder.community.service.LikeService.findEntityLikeCount].
2023-09-14 02:30:32,555 INFO [http-nio-8080-exec-4] c.n.c.a.ServiceLogAspect [ServiceLogAspect.java:36] 用户[0:0:0:0:0:0:0:1],在[2023-09-14 02:30:32],访问了[com.nowcoder.community.service.UserService.findUserById].
2023-09-14 02:30:32,559 INFO [http-nio-8080-exec-4] c.n.c.a.ServiceLogAspect [ServiceLogAspect.java:36] 用户[0:0:0:0:0:0:0:1],在[2023-09-14 02:30:32],访问了[com.nowcoder.community.service.LikeService.findEntityLikeCount].
2023-09-14 02:30:32,561 INFO [http-nio-8080-exec-4] c.n.c.a.ServiceLogAspect [ServiceLogAspect.java:36] 用户[0:0:0:0:0:0:0:1],在[2023-09-14 02:30:32],访问了[com.nowcoder.community.service.UserService.findUserById].
2023-09-14 02:30:32,564 INFO [http-nio-8080-exec-4] c.n.c.a.ServiceLogAspect [ServiceLogAspect.java:36] 用户[0:0:0:0:0:0:0:1],在[2023-09-14 02:30:32],访问了[com.nowcoder.community.service.LikeService.findEntityLikeCount].
2023-09-14 02:30:37,771 INFO [http-nio-8080-exec-3] c.n.c.a.ServiceLogAspect [ServiceLogAspect.java:36] 用户[0:0:0:0:0:0:0:1],在[2023-09-14 02:30:37],访问了[com.nowcoder.community.service.UserService.findLoginTicket].
2023-09-14 02:30:37,775 INFO [http-nio-8080-exec-3] c.n.c.a.ServiceLogAspect [ServiceLogAspect.java:36] 用户[0:0:0:0:0:0:0:1],在[2023-09-14 02:30:37],访问了[com.nowcoder.community.service.UserService.findUserById].
2023-09-14 02:30:37,780 INFO [http-nio-8080-exec-3] c.n.c.a.ServiceLogAspect [ServiceLogAspect.java:36] 用户[0:0:0:0:0:0:0:1],在[2023-09-14 02:30:37],访问了[com.nowcoder.community.service.UserService.logout].
2023-09-14 02:30:37,791 INFO [http-nio-8080-exec-6] c.n.c.a.ServiceLogAspect [ServiceLogAspect.java:36] 用户[0:0:0:0:0:0:0:1],在[2023-09-14 02:30:37],访问了[com.nowcoder.community.service.UserService.findLoginTicket].
2023-09-14 02:30:37,825 INFO [http-nio-8080-exec-2] c.n.c.a.ServiceLogAspect [ServiceLogAspect.java:36] 用户[0:0:0:0:0:0:0:1],在[2023-09-14 02:30:37],访问了[com.nowcoder.community.service.UserService.findLoginTicket].
2023-09-14 02:30:47,370 INFO [http-nio-8080-exec-4] c.n.c.a.ServiceLogAspect [ServiceLogAspect.java:36] 用户[0:0:0:0:0:0:0:1],在[2023-09-14 02:30:47],访问了[com.nowcoder.community.service.UserService.findLoginTicket].
2023-09-14 02:30:47,373 INFO [http-nio-8080-exec-4] c.n.c.a.ServiceLogAspect [ServiceLogAspect.java:36] 用户[0:0:0:0:0:0:0:1],在[2023-09-14 02:30:47],访问了[com.nowcoder.community.service.UserService.login].
2023-09-14 02:30:47,399 INFO [http-nio-8080-exec-1] c.n.c.a.ServiceLogAspect [ServiceLogAspect.java:36] 用户[0:0:0:0:0:0:0:1],在[2023-09-14 02:30:47],访问了[com.nowcoder.community.service.UserService.findLoginTicket].
2023-09-14 02:30:47,401 INFO [http-nio-8080-exec-1] c.n.c.a.ServiceLogAspect [ServiceLogAspect.java:36] 用户[0:0:0:0:0:0:0:1],在[2023-09-14 02:30:47],访问了[com.nowcoder.community.service.UserService.findUserById].
2023-09-14 02:30:47,403 INFO [http-nio-8080-exec-1] c.n.c.a.ServiceLogAspect [ServiceLogAspect.java:36] 用户[0:0:0:0:0:0:0:1],在[2023-09-14 02:30:47],访问了[com.nowcoder.community.service.DiscussPostService.findDiscussPostRows].
2023-09-14 02:30:47,405 INFO [http-nio-8080-exec-1] c.n.c.a.ServiceLogAspect [ServiceLogAspect.java:36] 用户[0:0:0:0:0:0:0:1],在[2023-09-14 02:30:47],访问了[com.nowcoder.community.service.DiscussPostService.findDiscussPosts].
2023-09-14 02:30:47,418 INFO [http-nio-8080-exec-1] c.n.c.a.ServiceLogAspect [ServiceLogAspect.java:36] 用户[0:0:0:0:0:0:0:1],在[2023-09-14 02:30:47],访问了[com.nowcoder.community.service.UserService.findUserById].
2023-09-14 02:30:47,421 INFO [http-nio-8080-exec-1] c.n.c.a.ServiceLogAspect [ServiceLogAspect.java:36] 用户[0:0:0:0:0:0:0:1],在[2023-09-14 02:30:47],访问了[com.nowcoder.community.service.LikeService.findEntityLikeCount].
2023-09-14 02:30:47,422 INFO [http-nio-8080-exec-1] c.n.c.a.ServiceLogAspect [ServiceLogAspect.java:36] 用户[0:0:0:0:0:0:0:1],在[2023-09-14 02:30:47],访问了[com.nowcoder.community.service.UserService.findUserById].
2023-09-14 02:30:47,425 INFO [http-nio-8080-exec-1] c.n.c.a.ServiceLogAspect [ServiceLogAspect.java:36] 用户[0:0:0:0:0:0:0:1],在[2023-09-14 02:30:47],访问了[com.nowcoder.community.service.LikeService.findEntityLikeCount].
2023-09-14 02:30:47,425 INFO [http-nio-8080-exec-1] c.n.c.a.ServiceLogAspect [ServiceLogAspect.java:36] 用户[0:0:0:0:0:0:0:1],在[2023-09-14 02:30:47],访问了[com.nowcoder.community.service.UserService.findUserById].
2023-09-14 02:30:47,427 INFO [http-nio-8080-exec-1] c.n.c.a.ServiceLogAspect [ServiceLogAspect.java:36] 用户[0:0:0:0:0:0:0:1],在[2023-09-14 02:30:47],访问了[com.nowcoder.community.service.LikeService.findEntityLikeCount].
2023-09-14 02:30:47,428 INFO [http-nio-8080-exec-1] c.n.c.a.ServiceLogAspect [ServiceLogAspect.java:36] 用户[0:0:0:0:0:0:0:1],在[2023-09-14 02:30:47],访问了[com.nowcoder.community.service.UserService.findUserById].
2023-09-14 02:30:47,430 INFO [http-nio-8080-exec-1] c.n.c.a.ServiceLogAspect [ServiceLogAspect.java:36] 用户[0:0:0:0:0:0:0:1],在[2023-09-14 02:30:47],访问了[com.nowcoder.community.service.LikeService.findEntityLikeCount].
2023-09-14 02:30:47,430 INFO [http-nio-8080-exec-1] c.n.c.a.ServiceLogAspect [ServiceLogAspect.java:36] 用户[0:0:0:0:0:0:0:1],在[2023-09-14 02:30:47],访问了[com.nowcoder.community.service.UserService.findUserById].
2023-09-14 02:30:47,432 INFO [http-nio-8080-exec-1] c.n.c.a.ServiceLogAspect [ServiceLogAspect.java:36] 用户[0:0:0:0:0:0:0:1],在[2023-09-14 02:30:47],访问了[com.nowcoder.community.service.LikeService.findEntityLikeCount].
2023-09-14 02:30:47,434 INFO [http-nio-8080-exec-1] c.n.c.a.ServiceLogAspect [ServiceLogAspect.java:36] 用户[0:0:0:0:0:0:0:1],在[2023-09-14 02:30:47],访问了[com.nowcoder.community.service.UserService.findUserById].
2023-09-14 02:30:47,435 INFO [http-nio-8080-exec-1] c.n.c.a.ServiceLogAspect [ServiceLogAspect.java:36] 用户[0:0:0:0:0:0:0:1],在[2023-09-14 02:30:47],访问了[com.nowcoder.community.service.LikeService.findEntityLikeCount].
2023-09-14 02:30:47,437 INFO [http-nio-8080-exec-1] c.n.c.a.ServiceLogAspect [ServiceLogAspect.java:36] 用户[0:0:0:0:0:0:0:1],在[2023-09-14 02:30:47],访问了[com.nowcoder.community.service.UserService.findUserById].
2023-09-14 02:30:47,441 INFO [http-nio-8080-exec-1] c.n.c.a.ServiceLogAspect [ServiceLogAspect.java:36] 用户[0:0:0:0:0:0:0:1],在[2023-09-14 02:30:47],访问了[com.nowcoder.community.service.LikeService.findEntityLikeCount].
2023-09-14 02:30:47,442 INFO [http-nio-8080-exec-1] c.n.c.a.ServiceLogAspect [ServiceLogAspect.java:36] 用户[0:0:0:0:0:0:0:1],在[2023-09-14 02:30:47],访问了[com.nowcoder.community.service.UserService.findUserById].
2023-09-14 02:30:47,443 INFO [http-nio-8080-exec-1] c.n.c.a.ServiceLogAspect [ServiceLogAspect.java:36] 用户[0:0:0:0:0:0:0:1],在[2023-09-14 02:30:47],访问了[com.nowcoder.community.service.LikeService.findEntityLikeCount].
2023-09-14 02:30:47,444 INFO [http-nio-8080-exec-1] c.n.c.a.ServiceLogAspect [ServiceLogAspect.java:36] 用户[0:0:0:0:0:0:0:1],在[2023-09-14 02:30:47],访问了[com.nowcoder.community.service.UserService.findUserById].
2023-09-14 02:30:47,447 INFO [http-nio-8080-exec-1] c.n.c.a.ServiceLogAspect [ServiceLogAspect.java:36] 用户[0:0:0:0:0:0:0:1],在[2023-09-14 02:30:47],访问了[com.nowcoder.community.service.LikeService.findEntityLikeCount].
2023-09-14 02:30:47,448 INFO [http-nio-8080-exec-1] c.n.c.a.ServiceLogAspect [ServiceLogAspect.java:36] 用户[0:0:0:0:0:0:0:1],在[2023-09-14 02:30:47],访问了[com.nowcoder.community.service.UserService.findUserById].
2023-09-14 02:30:47,449 INFO [http-nio-8080-exec-1] c.n.c.a.ServiceLogAspect [ServiceLogAspect.java:36] 用户[0:0:0:0:0:0:0:1],在[2023-09-14 02:30:47],访问了[com.nowcoder.community.service.LikeService.findEntityLikeCount].
2023-09-14 02:30:49,416 INFO [http-nio-8080-exec-8] c.n.c.a.ServiceLogAspect [ServiceLogAspect.java:36] 用户[0:0:0:0:0:0:0:1],在[2023-09-14 02:30:49],访问了[com.nowcoder.community.service.UserService.findLoginTicket].
2023-09-14 02:30:49,418 INFO [http-nio-8080-exec-8] c.n.c.a.ServiceLogAspect [ServiceLogAspect.java:36] 用户[0:0:0:0:0:0:0:1],在[2023-09-14 02:30:49],访问了[com.nowcoder.community.service.UserService.findUserById].
2023-09-14 02:30:49,421 INFO [http-nio-8080-exec-8] c.n.c.a.ServiceLogAspect [ServiceLogAspect.java:36] 用户[0:0:0:0:0:0:0:1],在[2023-09-14 02:30:49],访问了[com.nowcoder.community.service.UserService.logout].
2023-09-14 02:30:49,431 INFO [http-nio-8080-exec-9] c.n.c.a.ServiceLogAspect [ServiceLogAspect.java:36] 用户[0:0:0:0:0:0:0:1],在[2023-09-14 02:30:49],访问了[com.nowcoder.community.service.UserService.findLoginTicket].
2023-09-14 02:30:49,455 INFO [http-nio-8080-exec-1] c.n.c.a.ServiceLogAspect [ServiceLogAspect.java:36] 用户[0:0:0:0:0:0:0:1],在[2023-09-14 02:30:49],访问了[com.nowcoder.community.service.UserService.findLoginTicket].
2023-09-14 02:30:52,250 INFO [http-nio-8080-exec-5] c.n.c.a.ServiceLogAspect [ServiceLogAspect.java:36] 用户[0:0:0:0:0:0:0:1],在[2023-09-14 02:30:52],访问了[com.nowcoder.community.service.UserService.findLoginTicket].
2023-09-14 02:30:52,277 INFO [http-nio-8080-exec-8] c.n.c.a.ServiceLogAspect [ServiceLogAspect.java:36] 用户[0:0:0:0:0:0:0:1],在[2023-09-14 02:30:52],访问了[com.nowcoder.community.service.UserService.findLoginTicket].
2023-09-14 02:30:59,006 INFO [http-nio-8080-exec-9] c.n.c.a.ServiceLogAspect [ServiceLogAspect.java:36] 用户[0:0:0:0:0:0:0:1],在[2023-09-14 02:30:59],访问了[com.nowcoder.community.service.UserService.findLoginTicket].
2023-09-14 02:30:59,012 INFO [http-nio-8080-exec-9] c.n.c.a.ServiceLogAspect [ServiceLogAspect.java:36] 用户[0:0:0:0:0:0:0:1],在[2023-09-14 02:30:59],访问了[com.nowcoder.community.service.UserService.login].
2023-09-14 02:30:59,031 INFO [http-nio-8080-exec-10] c.n.c.a.ServiceLogAspect [ServiceLogAspect.java:36] 用户[0:0:0:0:0:0:0:1],在[2023-09-14 02:30:59],访问了[com.nowcoder.community.service.UserService.findLoginTicket].
2023-09-14 02:30:59,033 INFO [http-nio-8080-exec-10] c.n.c.a.ServiceLogAspect [ServiceLogAspect.java:36] 用户[0:0:0:0:0:0:0:1],在[2023-09-14 02:30:59],访问了[com.nowcoder.community.service.UserService.findUserById].
2023-09-14 02:30:59,035 INFO [http-nio-8080-exec-10] c.n.c.a.ServiceLogAspect [ServiceLogAspect.java:36] 用户[0:0:0:0:0:0:0:1],在[2023-09-14 02:30:59],访问了[com.nowcoder.community.service.DiscussPostService.findDiscussPostRows].
2023-09-14 02:30:59,036 INFO [http-nio-8080-exec-10] c.n.c.a.ServiceLogAspect [ServiceLogAspect.java:36] 用户[0:0:0:0:0:0:0:1],在[2023-09-14 02:30:59],访问了[com.nowcoder.community.service.DiscussPostService.findDiscussPosts].
2023-09-14 02:30:59,040 INFO [http-nio-8080-exec-10] c.n.c.a.ServiceLogAspect [ServiceLogAspect.java:36] 用户[0:0:0:0:0:0:0:1],在[2023-09-14 02:30:59],访问了[com.nowcoder.community.service.UserService.findUserById].
2023-09-14 02:30:59,042 INFO [http-nio-8080-exec-10] c.n.c.a.ServiceLogAspect [ServiceLogAspect.java:36] 用户[0:0:0:0:0:0:0:1],在[2023-09-14 02:30:59],访问了[com.nowcoder.community.service.LikeService.findEntityLikeCount].
2023-09-14 02:30:59,043 INFO [http-nio-8080-exec-10] c.n.c.a.ServiceLogAspect [ServiceLogAspect.java:36] 用户[0:0:0:0:0:0:0:1],在[2023-09-14 02:30:59],访问了[com.nowcoder.community.service.UserService.findUserById].
2023-09-14 02:30:59,045 INFO [http-nio-8080-exec-10] c.n.c.a.ServiceLogAspect [ServiceLogAspect.java:36] 用户[0:0:0:0:0:0:0:1],在[2023-09-14 02:30:59],访问了[com.nowcoder.community.service.LikeService.findEntityLikeCount].
2023-09-14 02:30:59,046 INFO [http-nio-8080-exec-10] c.n.c.a.ServiceLogAspect [ServiceLogAspect.java:36] 用户[0:0:0:0:0:0:0:1],在[2023-09-14 02:30:59],访问了[com.nowcoder.community.service.UserService.findUserById].
2023-09-14 02:30:59,049 INFO [http-nio-8080-exec-10] c.n.c.a.ServiceLogAspect [ServiceLogAspect.java:36] 用户[0:0:0:0:0:0:0:1],在[2023-09-14 02:30:59],访问了[com.nowcoder.community.service.LikeService.findEntityLikeCount].
2023-09-14 02:30:59,050 INFO [http-nio-8080-exec-10] c.n.c.a.ServiceLogAspect [ServiceLogAspect.java:36] 用户[0:0:0:0:0:0:0:1],在[2023-09-14 02:30:59],访问了[com.nowcoder.community.service.UserService.findUserById].
2023-09-14 02:30:59,051 INFO [http-nio-8080-exec-10] c.n.c.a.ServiceLogAspect [ServiceLogAspect.java:36] 用户[0:0:0:0:0:0:0:1],在[2023-09-14 02:30:59],访问了[com.nowcoder.community.service.LikeService.findEntityLikeCount].
2023-09-14 02:30:59,053 INFO [http-nio-8080-exec-10] c.n.c.a.ServiceLogAspect [ServiceLogAspect.java:36] 用户[0:0:0:0:0:0:0:1],在[2023-09-14 02:30:59],访问了[com.nowcoder.community.service.UserService.findUserById].
2023-09-14 02:30:59,055 INFO [http-nio-8080-exec-10] c.n.c.a.ServiceLogAspect [ServiceLogAspect.java:36] 用户[0:0:0:0:0:0:0:1],在[2023-09-14 02:30:59],访问了[com.nowcoder.community.service.LikeService.findEntityLikeCount].
2023-09-14 02:30:59,056 INFO [http-nio-8080-exec-10] c.n.c.a.ServiceLogAspect [ServiceLogAspect.java:36] 用户[0:0:0:0:0:0:0:1],在[2023-09-14 02:30:59],访问了[com.nowcoder.community.service.UserService.findUserById].
2023-09-14 02:30:59,058 INFO [http-nio-8080-exec-10] c.n.c.a.ServiceLogAspect [ServiceLogAspect.java:36] 用户[0:0:0:0:0:0:0:1],在[2023-09-14 02:30:59],访问了[com.nowcoder.community.service.LikeService.findEntityLikeCount].
2023-09-14 02:30:59,059 INFO [http-nio-8080-exec-10] c.n.c.a.ServiceLogAspect [ServiceLogAspect.java:36] 用户[0:0:0:0:0:0:0:1],在[2023-09-14 02:30:59],访问了[com.nowcoder.community.service.UserService.findUserById].
2023-09-14 02:30:59,062 INFO [http-nio-8080-exec-10] c.n.c.a.ServiceLogAspect [ServiceLogAspect.java:36] 用户[0:0:0:0:0:0:0:1],在[2023-09-14 02:30:59],访问了[com.nowcoder.community.service.LikeService.findEntityLikeCount].
2023-09-14 02:30:59,063 INFO [http-nio-8080-exec-10] c.n.c.a.ServiceLogAspect [ServiceLogAspect.java:36] 用户[0:0:0:0:0:0:0:1],在[2023-09-14 02:30:59],访问了[com.nowcoder.community.service.UserService.findUserById].
2023-09-14 02:30:59,066 INFO [http-nio-8080-exec-10] c.n.c.a.ServiceLogAspect [ServiceLogAspect.java:36] 用户[0:0:0:0:0:0:0:1],在[2023-09-14 02:30:59],访问了[com.nowcoder.community.service.LikeService.findEntityLikeCount].
2023-09-14 02:30:59,067 INFO [http-nio-8080-exec-10] c.n.c.a.ServiceLogAspect [ServiceLogAspect.java:36] 用户[0:0:0:0:0:0:0:1],在[2023-09-14 02:30:59],访问了[com.nowcoder.community.service.UserService.findUserById].
2023-09-14 02:30:59,070 INFO [http-nio-8080-exec-10] c.n.c.a.ServiceLogAspect [ServiceLogAspect.java:36] 用户[0:0:0:0:0:0:0:1],在[2023-09-14 02:30:59],访问了[com.nowcoder.community.service.LikeService.findEntityLikeCount].
2023-09-14 02:30:59,071 INFO [http-nio-8080-exec-10] c.n.c.a.ServiceLogAspect [ServiceLogAspect.java:36] 用户[0:0:0:0:0:0:0:1],在[2023-09-14 02:30:59],访问了[com.nowcoder.community.service.UserService.findUserById].
2023-09-14 02:30:59,073 INFO [http-nio-8080-exec-10] c.n.c.a.ServiceLogAspect [ServiceLogAspect.java:36] 用户[0:0:0:0:0:0:0:1],在[2023-09-14 02:30:59],访问了[com.nowcoder.community.service.LikeService.findEntityLikeCount].
2023-09-14 02:31:05,588 INFO [http-nio-8080-exec-7] c.n.c.a.ServiceLogAspect [ServiceLogAspect.java:36] 用户[0:0:0:0:0:0:0:1],在[2023-09-14 02:31:05],访问了[com.nowcoder.community.service.UserService.findLoginTicket].
2023-09-14 02:31:05,592 INFO [http-nio-8080-exec-7] c.n.c.a.ServiceLogAspect [ServiceLogAspect.java:36] 用户[0:0:0:0:0:0:0:1],在[2023-09-14 02:31:05],访问了[com.nowcoder.community.service.UserService.findUserById].
2023-09-14 02:31:05,596 INFO [http-nio-8080-exec-7] c.n.c.a.ServiceLogAspect [ServiceLogAspect.java:36] 用户[0:0:0:0:0:0:0:1],在[2023-09-14 02:31:05],访问了[com.nowcoder.community.service.UserService.login].
2023-09-14 02:31:05,612 INFO [http-nio-8080-exec-6] c.n.c.a.ServiceLogAspect [ServiceLogAspect.java:36] 用户[0:0:0:0:0:0:0:1],在[2023-09-14 02:31:05],访问了[com.nowcoder.community.service.UserService.findLoginTicket].
2023-09-14 02:31:05,615 INFO [http-nio-8080-exec-6] c.n.c.a.ServiceLogAspect [ServiceLogAspect.java:36] 用户[0:0:0:0:0:0:0:1],在[2023-09-14 02:31:05],访问了[com.nowcoder.community.service.UserService.findUserById].
2023-09-14 02:31:05,619 INFO [http-nio-8080-exec-6] c.n.c.a.ServiceLogAspect [ServiceLogAspect.java:36] 用户[0:0:0:0:0:0:0:1],在[2023-09-14 02:31:05],访问了[com.nowcoder.community.service.DiscussPostService.findDiscussPostRows].
2023-09-14 02:31:05,620 INFO [http-nio-8080-exec-6] c.n.c.a.ServiceLogAspect [ServiceLogAspect.java:36] 用户[0:0:0:0:0:0:0:1],在[2023-09-14 02:31:05],访问了[com.nowcoder.community.service.DiscussPostService.findDiscussPosts].
2023-09-14 02:31:05,625 INFO [http-nio-8080-exec-6] c.n.c.a.ServiceLogAspect [ServiceLogAspect.java:36] 用户[0:0:0:0:0:0:0:1],在[2023-09-14 02:31:05],访问了[com.nowcoder.community.service.UserService.findUserById].
2023-09-14 02:31:05,627 INFO [http-nio-8080-exec-6] c.n.c.a.ServiceLogAspect [ServiceLogAspect.java:36] 用户[0:0:0:0:0:0:0:1],在[2023-09-14 02:31:05],访问了[com.nowcoder.community.service.LikeService.findEntityLikeCount].
2023-09-14 02:31:05,628 INFO [http-nio-8080-exec-6] c.n.c.a.ServiceLogAspect [ServiceLogAspect.java:36] 用户[0:0:0:0:0:0:0:1],在[2023-09-14 02:31:05],访问了[com.nowcoder.community.service.UserService.findUserById].
2023-09-14 02:31:05,632 INFO [http-nio-8080-exec-6] c.n.c.a.ServiceLogAspect [ServiceLogAspect.java:36] 用户[0:0:0:0:0:0:0:1],在[2023-09-14 02:31:05],访问了[com.nowcoder.community.service.LikeService.findEntityLikeCount].
2023-09-14 02:31:05,633 INFO [http-nio-8080-exec-6] c.n.c.a.ServiceLogAspect [ServiceLogAspect.java:36] 用户[0:0:0:0:0:0:0:1],在[2023-09-14 02:31:05],访问了[com.nowcoder.community.service.UserService.findUserById].
2023-09-14 02:31:05,635 INFO [http-nio-8080-exec-6] c.n.c.a.ServiceLogAspect [ServiceLogAspect.java:36] 用户[0:0:0:0:0:0:0:1],在[2023-09-14 02:31:05],访问了[com.nowcoder.community.service.LikeService.findEntityLikeCount].
2023-09-14 02:31:05,636 INFO [http-nio-8080-exec-6] c.n.c.a.ServiceLogAspect [ServiceLogAspect.java:36] 用户[0:0:0:0:0:0:0:1],在[2023-09-14 02:31:05],访问了[com.nowcoder.community.service.UserService.findUserById].
2023-09-14 02:31:05,639 INFO [http-nio-8080-exec-6] c.n.c.a.ServiceLogAspect [ServiceLogAspect.java:36] 用户[0:0:0:0:0:0:0:1],在[2023-09-14 02:31:05],访问了[com.nowcoder.community.service.LikeService.findEntityLikeCount].
2023-09-14 02:31:05,640 INFO [http-nio-8080-exec-6] c.n.c.a.ServiceLogAspect [ServiceLogAspect.java:36] 用户[0:0:0:0:0:0:0:1],在[2023-09-14 02:31:05],访问了[com.nowcoder.community.service.UserService.findUserById].
2023-09-14 02:31:05,642 INFO [http-nio-8080-exec-6] c.n.c.a.ServiceLogAspect [ServiceLogAspect.java:36] 用户[0:0:0:0:0:0:0:1],在[2023-09-14 02:31:05],访问了[com.nowcoder.community.service.LikeService.findEntityLikeCount].
2023-09-14 02:31:05,644 INFO [http-nio-8080-exec-6] c.n.c.a.ServiceLogAspect [ServiceLogAspect.java:36] 用户[0:0:0:0:0:0:0:1],在[2023-09-14 02:31:05],访问了[com.nowcoder.community.service.UserService.findUserById].
2023-09-14 02:31:05,645 INFO [http-nio-8080-exec-6] c.n.c.a.ServiceLogAspect [ServiceLogAspect.java:36] 用户[0:0:0:0:0:0:0:1],在[2023-09-14 02:31:05],访问了[com.nowcoder.community.service.LikeService.findEntityLikeCount].
2023-09-14 02:31:05,646 INFO [http-nio-8080-exec-6] c.n.c.a.ServiceLogAspect [ServiceLogAspect.java:36] 用户[0:0:0:0:0:0:0:1],在[2023-09-14 02:31:05],访问了[com.nowcoder.community.service.UserService.findUserById].
2023-09-14 02:31:05,648 INFO [http-nio-8080-exec-6] c.n.c.a.ServiceLogAspect [ServiceLogAspect.java:36] 用户[0:0:0:0:0:0:0:1],在[2023-09-14 02:31:05],访问了[com.nowcoder.community.service.LikeService.findEntityLikeCount].
2023-09-14 02:31:05,649 INFO [http-nio-8080-exec-6] c.n.c.a.ServiceLogAspect [ServiceLogAspect.java:36] 用户[0:0:0:0:0:0:0:1],在[2023-09-14 02:31:05],访问了[com.nowcoder.community.service.UserService.findUserById].
2023-09-14 02:31:05,652 INFO [http-nio-8080-exec-6] c.n.c.a.ServiceLogAspect [ServiceLogAspect.java:36] 用户[0:0:0:0:0:0:0:1],在[2023-09-14 02:31:05],访问了[com.nowcoder.community.service.LikeService.findEntityLikeCount].
2023-09-14 02:31:05,654 INFO [http-nio-8080-exec-6] c.n.c.a.ServiceLogAspect [ServiceLogAspect.java:36] 用户[0:0:0:0:0:0:0:1],在[2023-09-14 02:31:05],访问了[com.nowcoder.community.service.UserService.findUserById].
2023-09-14 02:31:05,657 INFO [http-nio-8080-exec-6] c.n.c.a.ServiceLogAspect [ServiceLogAspect.java:36] 用户[0:0:0:0:0:0:0:1],在[2023-09-14 02:31:05],访问了[com.nowcoder.community.service.LikeService.findEntityLikeCount].
2023-09-14 02:31:05,658 INFO [http-nio-8080-exec-6] c.n.c.a.ServiceLogAspect [ServiceLogAspect.java:36] 用户[0:0:0:0:0:0:0:1],在[2023-09-14 02:31:05],访问了[com.nowcoder.community.service.UserService.findUserById].
2023-09-14 02:31:05,661 INFO [http-nio-8080-exec-6] c.n.c.a.ServiceLogAspect [ServiceLogAspect.java:36] 用户[0:0:0:0:0:0:0:1],在[2023-09-14 02:31:05],访问了[com.nowcoder.community.service.LikeService.findEntityLikeCount].
2023-09-14 02:31:07,154 INFO [http-nio-8080-exec-2] c.n.c.a.ServiceLogAspect [ServiceLogAspect.java:36] 用户[0:0:0:0:0:0:0:1],在[2023-09-14 02:31:07],访问了[com.nowcoder.community.service.UserService.findLoginTicket].
2023-09-14 02:31:07,157 INFO [http-nio-8080-exec-2] c.n.c.a.ServiceLogAspect [ServiceLogAspect.java:36] 用户[0:0:0:0:0:0:0:1],在[2023-09-14 02:31:07],访问了[com.nowcoder.community.service.UserService.findUserById].
2023-09-14 02:31:07,160 INFO [http-nio-8080-exec-2] c.n.c.a.ServiceLogAspect [ServiceLogAspect.java:36] 用户[0:0:0:0:0:0:0:1],在[2023-09-14 02:31:07],访问了[com.nowcoder.community.service.UserService.findUserById].
2023-09-14 02:31:07,161 INFO [http-nio-8080-exec-2] c.n.c.a.ServiceLogAspect [ServiceLogAspect.java:36] 用户[0:0:0:0:0:0:0:1],在[2023-09-14 02:31:07],访问了[com.nowcoder.community.service.LikeService.findUserLikeCount].
2023-09-14 02:31:07,165 INFO [http-nio-8080-exec-2] c.n.c.a.ServiceLogAspect [ServiceLogAspect.java:36] 用户[0:0:0:0:0:0:0:1],在[2023-09-14 02:31:07],访问了[com.nowcoder.community.service.FollowService.findFolloweeCount].
2023-09-14 02:31:07,168 INFO [http-nio-8080-exec-2] c.n.c.a.ServiceLogAspect [ServiceLogAspect.java:36] 用户[0:0:0:0:0:0:0:1],在[2023-09-14 02:31:07],访问了[com.nowcoder.community.service.FollowService.findFollowerCount].
2023-09-14 02:31:07,169 INFO [http-nio-8080-exec-2] c.n.c.a.ServiceLogAspect [ServiceLogAspect.java:36] 用户[0:0:0:0:0:0:0:1],在[2023-09-14 02:31:07],访问了[com.nowcoder.community.service.FollowService.hasFollowed].
2023-09-14 02:31:07,219 INFO [http-nio-8080-exec-4] c.n.c.a.ServiceLogAspect [ServiceLogAspect.java:36] 用户[0:0:0:0:0:0:0:1],在[2023-09-14 02:31:07],访问了[com.nowcoder.community.service.UserService.findLoginTicket].
2023-09-14 02:31:07,221 INFO [http-nio-8080-exec-4] c.n.c.a.ServiceLogAspect [ServiceLogAspect.java:36] 用户[0:0:0:0:0:0:0:1],在[2023-09-14 02:31:07],访问了[com.nowcoder.community.service.UserService.findUserById].
2023-09-14 03:17:32,472 INFO [http-nio-8080-exec-9] c.n.c.a.ServiceLogAspect [ServiceLogAspect.java:36] 用户[0:0:0:0:0:0:0:1],在[2023-09-14 03:17:32],访问了[com.nowcoder.community.service.UserService.findLoginTicket].
2023-09-14 03:17:32,475 INFO [http-nio-8080-exec-9] c.n.c.a.ServiceLogAspect [ServiceLogAspect.java:36] 用户[0:0:0:0:0:0:0:1],在[2023-09-14 03:17:32],访问了[com.nowcoder.community.service.UserService.findUserById].
2023-09-14 03:17:32,478 INFO [http-nio-8080-exec-9] c.n.c.a.ServiceLogAspect [ServiceLogAspect.java:36] 用户[0:0:0:0:0:0:0:1],在[2023-09-14 03:17:32],访问了[com.nowcoder.community.service.UserService.logout].
2023-09-14 03:17:32,490 INFO [http-nio-8080-exec-10] c.n.c.a.ServiceLogAspect [ServiceLogAspect.java:36] 用户[0:0:0:0:0:0:0:1],在[2023-09-14 03:17:32],访问了[com.nowcoder.community.service.UserService.findLoginTicket].
2023-09-14 03:17:32,521 INFO [http-nio-8080-exec-4] c.n.c.a.ServiceLogAspect [ServiceLogAspect.java:36] 用户[0:0:0:0:0:0:0:1],在[2023-09-14 03:17:32],访问了[com.nowcoder.community.service.UserService.findLoginTicket].
2023-09-14 03:17:33,400 INFO [http-nio-8080-exec-7] c.n.c.a.ServiceLogAspect [ServiceLogAspect.java:36] 用户[0:0:0:0:0:0:0:1],在[2023-09-14 03:17:33],访问了[com.nowcoder.community.service.UserService.findLoginTicket].
2023-09-14 03:17:33,403 INFO [http-nio-8080-exec-7] c.n.c.a.ServiceLogAspect [ServiceLogAspect.java:36] 用户[0:0:0:0:0:0:0:1],在[2023-09-14 03:17:33],访问了[com.nowcoder.community.service.DiscussPostService.findDiscussPostRows].
2023-09-14 03:17:33,406 INFO [http-nio-8080-exec-7] c.n.c.a.ServiceLogAspect [ServiceLogAspect.java:36] 用户[0:0:0:0:0:0:0:1],在[2023-09-14 03:17:33],访问了[com.nowcoder.community.service.DiscussPostService.findDiscussPosts].
2023-09-14 03:17:33,409 INFO [http-nio-8080-exec-7] c.n.c.a.ServiceLogAspect [ServiceLogAspect.java:36] 用户[0:0:0:0:0:0:0:1],在[2023-09-14 03:17:33],访问了[com.nowcoder.community.service.UserService.findUserById].
2023-09-14 03:17:33,411 INFO [http-nio-8080-exec-7] c.n.c.a.ServiceLogAspect [ServiceLogAspect.java:36] 用户[0:0:0:0:0:0:0:1],在[2023-09-14 03:17:33],访问了[com.nowcoder.community.service.LikeService.findEntityLikeCount].
2023-09-14 03:17:33,412 INFO [http-nio-8080-exec-7] c.n.c.a.ServiceLogAspect [ServiceLogAspect.java:36] 用户[0:0:0:0:0:0:0:1],在[2023-09-14 03:17:33],访问了[com.nowcoder.community.service.UserService.findUserById].
2023-09-14 03:17:33,414 INFO [http-nio-8080-exec-7] c.n.c.a.ServiceLogAspect [ServiceLogAspect.java:36] 用户[0:0:0:0:0:0:0:1],在[2023-09-14 03:17:33],访问了[com.nowcoder.community.service.LikeService.findEntityLikeCount].
2023-09-14 03:17:33,415 INFO [http-nio-8080-exec-7] c.n.c.a.ServiceLogAspect [ServiceLogAspect.java:36] 用户[0:0:0:0:0:0:0:1],在[2023-09-14 03:17:33],访问了[com.nowcoder.community.service.UserService.findUserById].
2023-09-14 03:17:33,416 INFO [http-nio-8080-exec-7] c.n.c.a.ServiceLogAspect [ServiceLogAspect.java:36] 用户[0:0:0:0:0:0:0:1],在[2023-09-14 03:17:33],访问了[com.nowcoder.community.service.LikeService.findEntityLikeCount].
2023-09-14 03:17:33,417 INFO [http-nio-8080-exec-7] c.n.c.a.ServiceLogAspect [ServiceLogAspect.java:36] 用户[0:0:0:0:0:0:0:1],在[2023-09-14 03:17:33],访问了[com.nowcoder.community.service.UserService.findUserById].
2023-09-14 03:17:33,418 INFO [http-nio-8080-exec-7] c.n.c.a.ServiceLogAspect [ServiceLogAspect.java:36] 用户[0:0:0:0:0:0:0:1],在[2023-09-14 03:17:33],访问了[com.nowcoder.community.service.LikeService.findEntityLikeCount].
2023-09-14 03:17:33,419 INFO [http-nio-8080-exec-7] c.n.c.a.ServiceLogAspect [ServiceLogAspect.java:36] 用户[0:0:0:0:0:0:0:1],在[2023-09-14 03:17:33],访问了[com.nowcoder.community.service.UserService.findUserById].
2023-09-14 03:17:33,420 INFO [http-nio-8080-exec-7] c.n.c.a.ServiceLogAspect [ServiceLogAspect.java:36] 用户[0:0:0:0:0:0:0:1],在[2023-09-14 03:17:33],访问了[com.nowcoder.community.service.LikeService.findEntityLikeCount].
2023-09-14 03:17:33,421 INFO [http-nio-8080-exec-7] c.n.c.a.ServiceLogAspect [ServiceLogAspect.java:36] 用户[0:0:0:0:0:0:0:1],在[2023-09-14 03:17:33],访问了[com.nowcoder.community.service.UserService.findUserById].
2023-09-14 03:17:33,422 INFO [http-nio-8080-exec-7] c.n.c.a.ServiceLogAspect [ServiceLogAspect.java:36] 用户[0:0:0:0:0:0:0:1],在[2023-09-14 03:17:33],访问了[com.nowcoder.community.service.LikeService.findEntityLikeCount].
2023-09-14 03:17:33,423 INFO [http-nio-8080-exec-7] c.n.c.a.ServiceLogAspect [ServiceLogAspect.java:36] 用户[0:0:0:0:0:0:0:1],在[2023-09-14 03:17:33],访问了[com.nowcoder.community.service.UserService.findUserById].
2023-09-14 03:17:33,425 INFO [http-nio-8080-exec-7] c.n.c.a.ServiceLogAspect [ServiceLogAspect.java:36] 用户[0:0:0:0:0:0:0:1],在[2023-09-14 03:17:33],访问了[com.nowcoder.community.service.LikeService.findEntityLikeCount].
2023-09-14 03:17:33,425 INFO [http-nio-8080-exec-7] c.n.c.a.ServiceLogAspect [ServiceLogAspect.java:36] 用户[0:0:0:0:0:0:0:1],在[2023-09-14 03:17:33],访问了[com.nowcoder.community.service.UserService.findUserById].
2023-09-14 03:17:33,427 INFO [http-nio-8080-exec-7] c.n.c.a.ServiceLogAspect [ServiceLogAspect.java:36] 用户[0:0:0:0:0:0:0:1],在[2023-09-14 03:17:33],访问了[com.nowcoder.community.service.LikeService.findEntityLikeCount].
2023-09-14 03:17:33,428 INFO [http-nio-8080-exec-7] c.n.c.a.ServiceLogAspect [ServiceLogAspect.java:36] 用户[0:0:0:0:0:0:0:1],在[2023-09-14 03:17:33],访问了[com.nowcoder.community.service.UserService.findUserById].
2023-09-14 03:17:33,430 INFO [http-nio-8080-exec-7] c.n.c.a.ServiceLogAspect [ServiceLogAspect.java:36] 用户[0:0:0:0:0:0:0:1],在[2023-09-14 03:17:33],访问了[com.nowcoder.community.service.LikeService.findEntityLikeCount].
2023-09-14 03:17:33,431 INFO [http-nio-8080-exec-7] c.n.c.a.ServiceLogAspect [ServiceLogAspect.java:36] 用户[0:0:0:0:0:0:0:1],在[2023-09-14 03:17:33],访问了[com.nowcoder.community.service.UserService.findUserById].
2023-09-14 03:17:33,433 INFO [http-nio-8080-exec-7] c.n.c.a.ServiceLogAspect [ServiceLogAspect.java:36] 用户[0:0:0:0:0:0:0:1],在[2023-09-14 03:17:33],访问了[com.nowcoder.community.service.LikeService.findEntityLikeCount].
2023-09-14 03:17:35,013 INFO [http-nio-8080-exec-10] c.n.c.a.ServiceLogAspect [ServiceLogAspect.java:36] 用户[0:0:0:0:0:0:0:1],在[2023-09-14 03:17:35],访问了[com.nowcoder.community.service.UserService.findLoginTicket].
2023-09-14 03:17:35,015 INFO [http-nio-8080-exec-10] c.n.c.a.ServiceLogAspect [ServiceLogAspect.java:36] 用户[0:0:0:0:0:0:0:1],在[2023-09-14 03:17:35],访问了[com.nowcoder.community.service.DiscussPostService.findDiscussPostRows].
2023-09-14 03:17:35,016 INFO [http-nio-8080-exec-10] c.n.c.a.ServiceLogAspect [ServiceLogAspect.java:36] 用户[0:0:0:0:0:0:0:1],在[2023-09-14 03:17:35],访问了[com.nowcoder.community.service.DiscussPostService.findDiscussPosts].
2023-09-14 03:17:35,019 INFO [http-nio-8080-exec-10] c.n.c.a.ServiceLogAspect [ServiceLogAspect.java:36] 用户[0:0:0:0:0:0:0:1],在[2023-09-14 03:17:35],访问了[com.nowcoder.community.service.UserService.findUserById].
2023-09-14 03:17:35,021 INFO [http-nio-8080-exec-10] c.n.c.a.ServiceLogAspect [ServiceLogAspect.java:36] 用户[0:0:0:0:0:0:0:1],在[2023-09-14 03:17:35],访问了[com.nowcoder.community.service.LikeService.findEntityLikeCount].
2023-09-14 03:17:35,022 INFO [http-nio-8080-exec-10] c.n.c.a.ServiceLogAspect [ServiceLogAspect.java:36] 用户[0:0:0:0:0:0:0:1],在[2023-09-14 03:17:35],访问了[com.nowcoder.community.service.UserService.findUserById].
2023-09-14 03:17:35,023 INFO [http-nio-8080-exec-10] c.n.c.a.ServiceLogAspect [ServiceLogAspect.java:36] 用户[0:0:0:0:0:0:0:1],在[2023-09-14 03:17:35],访问了[com.nowcoder.community.service.LikeService.findEntityLikeCount].
2023-09-14 03:17:35,024 INFO [http-nio-8080-exec-10] c.n.c.a.ServiceLogAspect [ServiceLogAspect.java:36] 用户[0:0:0:0:0:0:0:1],在[2023-09-14 03:17:35],访问了[com.nowcoder.community.service.UserService.findUserById].
2023-09-14 03:17:35,025 INFO [http-nio-8080-exec-10] c.n.c.a.ServiceLogAspect [ServiceLogAspect.java:36] 用户[0:0:0:0:0:0:0:1],在[2023-09-14 03:17:35],访问了[com.nowcoder.community.service.LikeService.findEntityLikeCount].
2023-09-14 03:17:35,026 INFO [http-nio-8080-exec-10] c.n.c.a.ServiceLogAspect [ServiceLogAspect.java:36] 用户[0:0:0:0:0:0:0:1],在[2023-09-14 03:17:35],访问了[com.nowcoder.community.service.UserService.findUserById].
2023-09-14 03:17:35,028 INFO [http-nio-8080-exec-10] c.n.c.a.ServiceLogAspect [ServiceLogAspect.java:36] 用户[0:0:0:0:0:0:0:1],在[2023-09-14 03:17:35],访问了[com.nowcoder.community.service.LikeService.findEntityLikeCount].
2023-09-14 03:17:35,029 INFO [http-nio-8080-exec-10] c.n.c.a.ServiceLogAspect [ServiceLogAspect.java:36] 用户[0:0:0:0:0:0:0:1],在[2023-09-14 03:17:35],访问了[com.nowcoder.community.service.UserService.findUserById].
2023-09-14 03:17:35,030 INFO [http-nio-8080-exec-10] c.n.c.a.ServiceLogAspect [ServiceLogAspect.java:36] 用户[0:0:0:0:0:0:0:1],在[2023-09-14 03:17:35],访问了[com.nowcoder.community.service.LikeService.findEntityLikeCount].
2023-09-14 03:17:35,031 INFO [http-nio-8080-exec-10] c.n.c.a.ServiceLogAspect [ServiceLogAspect.java:36] 用户[0:0:0:0:0:0:0:1],在[2023-09-14 03:17:35],访问了[com.nowcoder.community.service.UserService.findUserById].
2023-09-14 03:17:35,034 INFO [http-nio-8080-exec-10] c.n.c.a.ServiceLogAspect [ServiceLogAspect.java:36] 用户[0:0:0:0:0:0:0:1],在[2023-09-14 03:17:35],访问了[com.nowcoder.community.service.LikeService.findEntityLikeCount].
2023-09-14 03:17:35,035 INFO [http-nio-8080-exec-10] c.n.c.a.ServiceLogAspect [ServiceLogAspect.java:36] 用户[0:0:0:0:0:0:0:1],在[2023-09-14 03:17:35],访问了[com.nowcoder.community.service.UserService.findUserById].
2023-09-14 03:17:35,036 INFO [http-nio-8080-exec-10] c.n.c.a.ServiceLogAspect [ServiceLogAspect.java:36] 用户[0:0:0:0:0:0:0:1],在[2023-09-14 03:17:35],访问了[com.nowcoder.community.service.LikeService.findEntityLikeCount].
2023-09-14 03:17:35,037 INFO [http-nio-8080-exec-10] c.n.c.a.ServiceLogAspect [ServiceLogAspect.java:36] 用户[0:0:0:0:0:0:0:1],在[2023-09-14 03:17:35],访问了[com.nowcoder.community.service.UserService.findUserById].
2023-09-14 03:17:35,039 INFO [http-nio-8080-exec-10] c.n.c.a.ServiceLogAspect [ServiceLogAspect.java:36] 用户[0:0:0:0:0:0:0:1],在[2023-09-14 03:17:35],访问了[com.nowcoder.community.service.LikeService.findEntityLikeCount].
2023-09-14 03:17:35,040 INFO [http-nio-8080-exec-10] c.n.c.a.ServiceLogAspect [ServiceLogAspect.java:36] 用户[0:0:0:0:0:0:0:1],在[2023-09-14 03:17:35],访问了[com.nowcoder.community.service.UserService.findUserById].
2023-09-14 03:17:35,041 INFO [http-nio-8080-exec-10] c.n.c.a.ServiceLogAspect [ServiceLogAspect.java:36] 用户[0:0:0:0:0:0:0:1],在[2023-09-14 03:17:35],访问了[com.nowcoder.community.service.LikeService.findEntityLikeCount].
2023-09-14 03:17:35,042 INFO [http-nio-8080-exec-10] c.n.c.a.ServiceLogAspect [ServiceLogAspect.java:36] 用户[0:0:0:0:0:0:0:1],在[2023-09-14 03:17:35],访问了[com.nowcoder.community.service.UserService.findUserById].
2023-09-14 03:17:35,043 INFO [http-nio-8080-exec-10] c.n.c.a.ServiceLogAspect [ServiceLogAspect.java:36] 用户[0:0:0:0:0:0:0:1],在[2023-09-14 03:17:35],访问了[com.nowcoder.community.service.LikeService.findEntityLikeCount].
2023-09-14 03:17:35,557 INFO [http-nio-8080-exec-7] c.n.c.a.ServiceLogAspect [ServiceLogAspect.java:36] 用户[0:0:0:0:0:0:0:1],在[2023-09-14 03:17:35],访问了[com.nowcoder.community.service.UserService.findLoginTicket].
2023-09-14 03:17:35,579 INFO [http-nio-8080-exec-8] c.n.c.a.ServiceLogAspect [ServiceLogAspect.java:36] 用户[0:0:0:0:0:0:0:1],在[2023-09-14 03:17:35],访问了[com.nowcoder.community.service.UserService.findLoginTicket].
2023-09-14 03:17:44,225 INFO [http-nio-8080-exec-10] c.n.c.a.ServiceLogAspect [ServiceLogAspect.java:36] 用户[0:0:0:0:0:0:0:1],在[2023-09-14 03:17:44],访问了[com.nowcoder.community.service.UserService.findLoginTicket].
2023-09-14 03:17:44,229 INFO [http-nio-8080-exec-10] c.n.c.a.ServiceLogAspect [ServiceLogAspect.java:36] 用户[0:0:0:0:0:0:0:1],在[2023-09-14 03:17:44],访问了[com.nowcoder.community.service.UserService.login].
2023-09-14 03:17:44,242 INFO [http-nio-8080-exec-2] c.n.c.a.ServiceLogAspect [ServiceLogAspect.java:36] 用户[0:0:0:0:0:0:0:1],在[2023-09-14 03:17:44],访问了[com.nowcoder.community.service.UserService.findLoginTicket].
2023-09-14 03:17:44,244 INFO [http-nio-8080-exec-2] c.n.c.a.ServiceLogAspect [ServiceLogAspect.java:36] 用户[0:0:0:0:0:0:0:1],在[2023-09-14 03:17:44],访问了[com.nowcoder.community.service.UserService.findUserById].
2023-09-14 03:17:44,246 INFO [http-nio-8080-exec-2] c.n.c.a.ServiceLogAspect [ServiceLogAspect.java:36] 用户[0:0:0:0:0:0:0:1],在[2023-09-14 03:17:44],访问了[com.nowcoder.community.service.DiscussPostService.findDiscussPostRows].
2023-09-14 03:17:44,247 INFO [http-nio-8080-exec-2] c.n.c.a.ServiceLogAspect [ServiceLogAspect.java:36] 用户[0:0:0:0:0:0:0:1],在[2023-09-14 03:17:44],访问了[com.nowcoder.community.service.DiscussPostService.findDiscussPosts].
2023-09-14 03:17:44,251 INFO [http-nio-8080-exec-2] c.n.c.a.ServiceLogAspect [ServiceLogAspect.java:36] 用户[0:0:0:0:0:0:0:1],在[2023-09-14 03:17:44],访问了[com.nowcoder.community.service.UserService.findUserById].
2023-09-14 03:17:44,253 INFO [http-nio-8080-exec-2] c.n.c.a.ServiceLogAspect [ServiceLogAspect.java:36] 用户[0:0:0:0:0:0:0:1],在[2023-09-14 03:17:44],访问了[com.nowcoder.community.service.LikeService.findEntityLikeCount].
2023-09-14 03:17:44,254 INFO [http-nio-8080-exec-2] c.n.c.a.ServiceLogAspect [ServiceLogAspect.java:36] 用户[0:0:0:0:0:0:0:1],在[2023-09-14 03:17:44],访问了[com.nowcoder.community.service.UserService.findUserById].
2023-09-14 03:17:44,256 INFO [http-nio-8080-exec-2] c.n.c.a.ServiceLogAspect [ServiceLogAspect.java:36] 用户[0:0:0:0:0:0:0:1],在[2023-09-14 03:17:44],访问了[com.nowcoder.community.service.LikeService.findEntityLikeCount].
2023-09-14 03:17:44,257 INFO [http-nio-8080-exec-2] c.n.c.a.ServiceLogAspect [ServiceLogAspect.java:36] 用户[0:0:0:0:0:0:0:1],在[2023-09-14 03:17:44],访问了[com.nowcoder.community.service.UserService.findUserById].
2023-09-14 03:17:44,258 INFO [http-nio-8080-exec-2] c.n.c.a.ServiceLogAspect [ServiceLogAspect.java:36] 用户[0:0:0:0:0:0:0:1],在[2023-09-14 03:17:44],访问了[com.nowcoder.community.service.LikeService.findEntityLikeCount].
2023-09-14 03:17:44,259 INFO [http-nio-8080-exec-2] c.n.c.a.ServiceLogAspect [ServiceLogAspect.java:36] 用户[0:0:0:0:0:0:0:1],在[2023-09-14 03:17:44],访问了[com.nowcoder.community.service.UserService.findUserById].
2023-09-14 03:17:44,261 INFO [http-nio-8080-exec-2] c.n.c.a.ServiceLogAspect [ServiceLogAspect.java:36] 用户[0:0:0:0:0:0:0:1],在[2023-09-14 03:17:44],访问了[com.nowcoder.community.service.LikeService.findEntityLikeCount].
2023-09-14 03:17:44,261 INFO [http-nio-8080-exec-2] c.n.c.a.ServiceLogAspect [ServiceLogAspect.java:36] 用户[0:0:0:0:0:0:0:1],在[2023-09-14 03:17:44],访问了[com.nowcoder.community.service.UserService.findUserById].
2023-09-14 03:17:44,262 INFO [http-nio-8080-exec-2] c.n.c.a.ServiceLogAspect [ServiceLogAspect.java:36] 用户[0:0:0:0:0:0:0:1],在[2023-09-14 03:17:44],访问了[com.nowcoder.community.service.LikeService.findEntityLikeCount].
2023-09-14 03:17:44,263 INFO [http-nio-8080-exec-2] c.n.c.a.ServiceLogAspect [ServiceLogAspect.java:36] 用户[0:0:0:0:0:0:0:1],在[2023-09-14 03:17:44],访问了[com.nowcoder.community.service.UserService.findUserById].
2023-09-14 03:17:44,264 INFO [http-nio-8080-exec-2] c.n.c.a.ServiceLogAspect [ServiceLogAspect.java:36] 用户[0:0:0:0:0:0:0:1],在[2023-09-14 03:17:44],访问了[com.nowcoder.community.service.LikeService.findEntityLikeCount].
2023-09-14 03:17:44,265 INFO [http-nio-8080-exec-2] c.n.c.a.ServiceLogAspect [ServiceLogAspect.java:36] 用户[0:0:0:0:0:0:0:1],在[2023-09-14 03:17:44],访问了[com.nowcoder.community.service.UserService.findUserById].
2023-09-14 03:17:44,267 INFO [http-nio-8080-exec-2] c.n.c.a.ServiceLogAspect [ServiceLogAspect.java:36] 用户[0:0:0:0:0:0:0:1],在[2023-09-14 03:17:44],访问了[com.nowcoder.community.service.LikeService.findEntityLikeCount].
2023-09-14 03:17:44,268 INFO [http-nio-8080-exec-2] c.n.c.a.ServiceLogAspect [ServiceLogAspect.java:36] 用户[0:0:0:0:0:0:0:1],在[2023-09-14 03:17:44],访问了[com.nowcoder.community.service.UserService.findUserById].
2023-09-14 03:17:44,269 INFO [http-nio-8080-exec-2] c.n.c.a.ServiceLogAspect [ServiceLogAspect.java:36] 用户[0:0:0:0:0:0:0:1],在[2023-09-14 03:17:44],访问了[com.nowcoder.community.service.LikeService.findEntityLikeCount].
2023-09-14 03:17:44,270 INFO [http-nio-8080-exec-2] c.n.c.a.ServiceLogAspect [ServiceLogAspect.java:36] 用户[0:0:0:0:0:0:0:1],在[2023-09-14 03:17:44],访问了[com.nowcoder.community.service.UserService.findUserById].
2023-09-14 03:17:44,272 INFO [http-nio-8080-exec-2] c.n.c.a.ServiceLogAspect [ServiceLogAspect.java:36] 用户[0:0:0:0:0:0:0:1],在[2023-09-14 03:17:44],访问了[com.nowcoder.community.service.LikeService.findEntityLikeCount].
2023-09-14 03:17:44,273 INFO [http-nio-8080-exec-2] c.n.c.a.ServiceLogAspect [ServiceLogAspect.java:36] 用户[0:0:0:0:0:0:0:1],在[2023-09-14 03:17:44],访问了[com.nowcoder.community.service.UserService.findUserById].
2023-09-14 03:17:44,275 INFO [http-nio-8080-exec-2] c.n.c.a.ServiceLogAspect [ServiceLogAspect.java:36] 用户[0:0:0:0:0:0:0:1],在[2023-09-14 03:17:44],访问了[com.nowcoder.community.service.LikeService.findEntityLikeCount].
2023-09-14 03:17:45,827 INFO [http-nio-8080-exec-3] c.n.c.a.ServiceLogAspect [ServiceLogAspect.java:36] 用户[0:0:0:0:0:0:0:1],在[2023-09-14 03:17:45],访问了[com.nowcoder.community.service.UserService.findLoginTicket].
2023-09-14 03:17:45,830 INFO [http-nio-8080-exec-3] c.n.c.a.ServiceLogAspect [ServiceLogAspect.java:36] 用户[0:0:0:0:0:0:0:1],在[2023-09-14 03:17:45],访问了[com.nowcoder.community.service.UserService.findUserById].
2023-09-14 03:17:45,833 INFO [http-nio-8080-exec-3] c.n.c.a.ServiceLogAspect [ServiceLogAspect.java:36] 用户[0:0:0:0:0:0:0:1],在[2023-09-14 03:17:45],访问了[com.nowcoder.community.service.DiscussPostService.findDiscussPostRows].
2023-09-14 03:17:45,835 INFO [http-nio-8080-exec-3] c.n.c.a.ServiceLogAspect [ServiceLogAspect.java:36] 用户[0:0:0:0:0:0:0:1],在[2023-09-14 03:17:45],访问了[com.nowcoder.community.service.DiscussPostService.findDiscussPosts].
2023-09-14 03:17:45,837 INFO [http-nio-8080-exec-3] c.n.c.a.ServiceLogAspect [ServiceLogAspect.java:36] 用户[0:0:0:0:0:0:0:1],在[2023-09-14 03:17:45],访问了[com.nowcoder.community.service.UserService.findUserById].
2023-09-14 03:17:45,838 INFO [http-nio-8080-exec-3] c.n.c.a.ServiceLogAspect [ServiceLogAspect.java:36] 用户[0:0:0:0:0:0:0:1],在[2023-09-14 03:17:45],访问了[com.nowcoder.community.service.LikeService.findEntityLikeCount].
2023-09-14 03:17:45,839 INFO [http-nio-8080-exec-3] c.n.c.a.ServiceLogAspect [ServiceLogAspect.java:36] 用户[0:0:0:0:0:0:0:1],在[2023-09-14 03:17:45],访问了[com.nowcoder.community.service.UserService.findUserById].
2023-09-14 03:17:45,840 INFO [http-nio-8080-exec-3] c.n.c.a.ServiceLogAspect [ServiceLogAspect.java:36] 用户[0:0:0:0:0:0:0:1],在[2023-09-14 03:17:45],访问了[com.nowcoder.community.service.LikeService.findEntityLikeCount].
2023-09-14 03:17:45,841 INFO [http-nio-8080-exec-3] c.n.c.a.ServiceLogAspect [ServiceLogAspect.java:36] 用户[0:0:0:0:0:0:0:1],在[2023-09-14 03:17:45],访问了[com.nowcoder.community.service.UserService.findUserById].
2023-09-14 03:17:45,843 INFO [http-nio-8080-exec-3] c.n.c.a.ServiceLogAspect [ServiceLogAspect.java:36] 用户[0:0:0:0:0:0:0:1],在[2023-09-14 03:17:45],访问了[com.nowcoder.community.service.LikeService.findEntityLikeCount].
2023-09-14 03:17:45,844 INFO [http-nio-8080-exec-3] c.n.c.a.ServiceLogAspect [ServiceLogAspect.java:36] 用户[0:0:0:0:0:0:0:1],在[2023-09-14 03:17:45],访问了[com.nowcoder.community.service.UserService.findUserById].
2023-09-14 03:17:45,845 INFO [http-nio-8080-exec-3] c.n.c.a.ServiceLogAspect [ServiceLogAspect.java:36] 用户[0:0:0:0:0:0:0:1],在[2023-09-14 03:17:45],访问了[com.nowcoder.community.service.LikeService.findEntityLikeCount].
2023-09-14 03:17:45,846 INFO [http-nio-8080-exec-3] c.n.c.a.ServiceLogAspect [ServiceLogAspect.java:36] 用户[0:0:0:0:0:0:0:1],在[2023-09-14 03:17:45],访问了[com.nowcoder.community.service.UserService.findUserById].
2023-09-14 03:17:45,849 INFO [http-nio-8080-exec-3] c.n.c.a.ServiceLogAspect [ServiceLogAspect.java:36] 用户[0:0:0:0:0:0:0:1],在[2023-09-14 03:17:45],访问了[com.nowcoder.community.service.LikeService.findEntityLikeCount].
2023-09-14 03:17:45,850 INFO [http-nio-8080-exec-3] c.n.c.a.ServiceLogAspect [ServiceLogAspect.java:36] 用户[0:0:0:0:0:0:0:1],在[2023-09-14 03:17:45],访问了[com.nowcoder.community.service.UserService.findUserById].
2023-09-14 03:17:45,852 INFO [http-nio-8080-exec-3] c.n.c.a.ServiceLogAspect [ServiceLogAspect.java:36] 用户[0:0:0:0:0:0:0:1],在[2023-09-14 03:17:45],访问了[com.nowcoder.community.service.LikeService.findEntityLikeCount].
2023-09-14 03:17:45,853 INFO [http-nio-8080-exec-3] c.n.c.a.ServiceLogAspect [ServiceLogAspect.java:36] 用户[0:0:0:0:0:0:0:1],在[2023-09-14 03:17:45],访问了[com.nowcoder.community.service.UserService.findUserById].
2023-09-14 03:17:45,854 INFO [http-nio-8080-exec-3] c.n.c.a.ServiceLogAspect [ServiceLogAspect.java:36] 用户[0:0:0:0:0:0:0:1],在[2023-09-14 03:17:45],访问了[com.nowcoder.community.service.LikeService.findEntityLikeCount].
2023-09-14 03:17:45,855 INFO [http-nio-8080-exec-3] c.n.c.a.ServiceLogAspect [ServiceLogAspect.java:36] 用户[0:0:0:0:0:0:0:1],在[2023-09-14 03:17:45],访问了[com.nowcoder.community.service.UserService.findUserById].
2023-09-14 03:17:45,857 INFO [http-nio-8080-exec-3] c.n.c.a.ServiceLogAspect [ServiceLogAspect.java:36] 用户[0:0:0:0:0:0:0:1],在[2023-09-14 03:17:45],访问了[com.nowcoder.community.service.LikeService.findEntityLikeCount].
2023-09-14 03:17:45,857 INFO [http-nio-8080-exec-3] c.n.c.a.ServiceLogAspect [ServiceLogAspect.java:36] 用户[0:0:0:0:0:0:0:1],在[2023-09-14 03:17:45],访问了[com.nowcoder.community.service.UserService.findUserById].
2023-09-14 03:17:45,859 INFO [http-nio-8080-exec-3] c.n.c.a.ServiceLogAspect [ServiceLogAspect.java:36] 用户[0:0:0:0:0:0:0:1],在[2023-09-14 03:17:45],访问了[com.nowcoder.community.service.LikeService.findEntityLikeCount].
2023-09-14 03:17:45,860 INFO [http-nio-8080-exec-3] c.n.c.a.ServiceLogAspect [ServiceLogAspect.java:36] 用户[0:0:0:0:0:0:0:1],在[2023-09-14 03:17:45],访问了[com.nowcoder.community.service.UserService.findUserById].
2023-09-14 03:17:45,863 INFO [http-nio-8080-exec-3] c.n.c.a.ServiceLogAspect [ServiceLogAspect.java:36] 用户[0:0:0:0:0:0:0:1],在[2023-09-14 03:17:45],访问了[com.nowcoder.community.service.LikeService.findEntityLikeCount].
2023-09-14 03:17:48,057 INFO [http-nio-8080-exec-2] c.n.c.a.ServiceLogAspect [ServiceLogAspect.java:36] 用户[0:0:0:0:0:0:0:1],在[2023-09-14 03:17:48],访问了[com.nowcoder.community.service.UserService.findLoginTicket].
2023-09-14 03:17:48,059 INFO [http-nio-8080-exec-2] c.n.c.a.ServiceLogAspect [ServiceLogAspect.java:36] 用户[0:0:0:0:0:0:0:1],在[2023-09-14 03:17:48],访问了[com.nowcoder.community.service.UserService.findUserById].
2023-09-14 03:17:48,061 INFO [http-nio-8080-exec-2] c.n.c.a.ServiceLogAspect [ServiceLogAspect.java:36] 用户[0:0:0:0:0:0:0:1],在[2023-09-14 03:17:48],访问了[com.nowcoder.community.service.MessageService.findConversationCount].
2023-09-14 03:17:48,064 INFO [http-nio-8080-exec-2] c.n.c.a.ServiceLogAspect [ServiceLogAspect.java:36] 用户[0:0:0:0:0:0:0:1],在[2023-09-14 03:17:48],访问了[com.nowcoder.community.service.MessageService.findConversation].
2023-09-14 03:17:48,067 INFO [http-nio-8080-exec-2] c.n.c.a.ServiceLogAspect [ServiceLogAspect.java:36] 用户[0:0:0:0:0:0:0:1],在[2023-09-14 03:17:48],访问了[com.nowcoder.community.service.MessageService.findLetterCount].
2023-09-14 03:17:48,068 INFO [http-nio-8080-exec-2] c.n.c.a.ServiceLogAspect [ServiceLogAspect.java:36] 用户[0:0:0:0:0:0:0:1],在[2023-09-14 03:17:48],访问了[com.nowcoder.community.service.MessageService.findLetterUnreadCount].
2023-09-14 03:17:48,070 INFO [http-nio-8080-exec-2] c.n.c.a.ServiceLogAspect [ServiceLogAspect.java:36] 用户[0:0:0:0:0:0:0:1],在[2023-09-14 03:17:48],访问了[com.nowcoder.community.service.UserService.findUserById].
2023-09-14 03:17:48,072 INFO [http-nio-8080-exec-2] c.n.c.a.ServiceLogAspect [ServiceLogAspect.java:36] 用户[0:0:0:0:0:0:0:1],在[2023-09-14 03:17:48],访问了[com.nowcoder.community.service.MessageService.findLetterUnreadCount].
2023-09-14 03:17:48,797 INFO [http-nio-8080-exec-6] c.n.c.a.ServiceLogAspect [ServiceLogAspect.java:36] 用户[0:0:0:0:0:0:0:1],在[2023-09-14 03:17:48],访问了[com.nowcoder.community.service.UserService.findLoginTicket].
2023-09-14 03:17:48,800 INFO [http-nio-8080-exec-6] c.n.c.a.ServiceLogAspect [ServiceLogAspect.java:36] 用户[0:0:0:0:0:0:0:1],在[2023-09-14 03:17:48],访问了[com.nowcoder.community.service.UserService.findUserById].
2023-09-14 03:17:48,803 INFO [http-nio-8080-exec-6] c.n.c.a.ServiceLogAspect [ServiceLogAspect.java:36] 用户[0:0:0:0:0:0:0:1],在[2023-09-14 03:17:48],访问了[com.nowcoder.community.service.UserService.findLoginTicket].
2023-09-14 03:17:48,804 INFO [http-nio-8080-exec-6] c.n.c.a.ServiceLogAspect [ServiceLogAspect.java:36] 用户[0:0:0:0:0:0:0:1],在[2023-09-14 03:17:48],访问了[com.nowcoder.community.service.UserService.findUserById].
2023-09-14 03:17:52,397 INFO [http-nio-8080-exec-5] c.n.c.a.ServiceLogAspect [ServiceLogAspect.java:36] 用户[0:0:0:0:0:0:0:1],在[2023-09-14 03:17:52],访问了[com.nowcoder.community.service.UserService.findLoginTicket].
2023-09-14 03:17:52,399 INFO [http-nio-8080-exec-5] c.n.c.a.ServiceLogAspect [ServiceLogAspect.java:36] 用户[0:0:0:0:0:0:0:1],在[2023-09-14 03:17:52],访问了[com.nowcoder.community.service.UserService.findUserById].
2023-09-14 03:17:52,402 INFO [http-nio-8080-exec-5] c.n.c.a.ServiceLogAspect [ServiceLogAspect.java:36] 用户[0:0:0:0:0:0:0:1],在[2023-09-14 03:17:52],访问了[com.nowcoder.community.service.UserService.findUserById].
2023-09-14 03:17:52,402 INFO [http-nio-8080-exec-5] c.n.c.a.ServiceLogAspect [ServiceLogAspect.java:36] 用户[0:0:0:0:0:0:0:1],在[2023-09-14 03:17:52],访问了[com.nowcoder.community.service.LikeService.findUserLikeCount].
2023-09-14 03:17:52,403 INFO [http-nio-8080-exec-5] c.n.c.a.ServiceLogAspect [ServiceLogAspect.java:36] 用户[0:0:0:0:0:0:0:1],在[2023-09-14 03:17:52],访问了[com.nowcoder.community.service.FollowService.findFolloweeCount].
2023-09-14 03:17:52,404 INFO [http-nio-8080-exec-5] c.n.c.a.ServiceLogAspect [ServiceLogAspect.java:36] 用户[0:0:0:0:0:0:0:1],在[2023-09-14 03:17:52],访问了[com.nowcoder.community.service.FollowService.findFollowerCount].
2023-09-14 03:17:52,404 INFO [http-nio-8080-exec-5] c.n.c.a.ServiceLogAspect [ServiceLogAspect.java:36] 用户[0:0:0:0:0:0:0:1],在[2023-09-14 03:17:52],访问了[com.nowcoder.community.service.FollowService.hasFollowed].
2023-09-14 03:17:52,427 INFO [http-nio-8080-exec-7] c.n.c.a.ServiceLogAspect [ServiceLogAspect.java:36] 用户[0:0:0:0:0:0:0:1],在[2023-09-14 03:17:52],访问了[com.nowcoder.community.service.UserService.findLoginTicket].
2023-09-14 03:17:52,430 INFO [http-nio-8080-exec-7] c.n.c.a.ServiceLogAspect [ServiceLogAspect.java:36] 用户[0:0:0:0:0:0:0:1],在[2023-09-14 03:17:52],访问了[com.nowcoder.community.service.UserService.findUserById].
2023-09-14 03:17:53,307 INFO [http-nio-8080-exec-6] c.n.c.a.ServiceLogAspect [ServiceLogAspect.java:36] 用户[0:0:0:0:0:0:0:1],在[2023-09-14 03:17:53],访问了[com.nowcoder.community.service.UserService.findLoginTicket].
2023-09-14 03:17:53,309 INFO [http-nio-8080-exec-6] c.n.c.a.ServiceLogAspect [ServiceLogAspect.java:36] 用户[0:0:0:0:0:0:0:1],在[2023-09-14 03:17:53],访问了[com.nowcoder.community.service.UserService.findUserById].
2023-09-14 03:17:53,311 INFO [http-nio-8080-exec-6] c.n.c.a.ServiceLogAspect [ServiceLogAspect.java:36] 用户[0:0:0:0:0:0:0:1],在[2023-09-14 03:17:53],访问了[com.nowcoder.community.service.UserService.findUserById].
2023-09-14 03:17:53,313 INFO [http-nio-8080-exec-6] c.n.c.a.ServiceLogAspect [ServiceLogAspect.java:36] 用户[0:0:0:0:0:0:0:1],在[2023-09-14 03:17:53],访问了[com.nowcoder.community.service.DiscussPostService.findDiscussPostRows].
2023-09-14 03:17:53,315 INFO [http-nio-8080-exec-6] c.n.c.a.ServiceLogAspect [ServiceLogAspect.java:36] 用户[0:0:0:0:0:0:0:1],在[2023-09-14 03:17:53],访问了[com.nowcoder.community.service.DiscussPostService.findDiscussPosts].
2023-09-14 03:17:53,316 INFO [http-nio-8080-exec-6] c.n.c.a.ServiceLogAspect [ServiceLogAspect.java:36] 用户[0:0:0:0:0:0:0:1],在[2023-09-14 03:17:53],访问了[com.nowcoder.community.service.LikeService.findEntityLikeCount].
2023-09-14 03:17:53,317 INFO [http-nio-8080-exec-6] c.n.c.a.ServiceLogAspect [ServiceLogAspect.java:36] 用户[0:0:0:0:0:0:0:1],在[2023-09-14 03:17:53],访问了[com.nowcoder.community.service.LikeService.findEntityLikeCount].
2023-09-14 03:17:56,676 INFO [http-nio-8080-exec-10] c.n.c.a.ServiceLogAspect [ServiceLogAspect.java:36] 用户[0:0:0:0:0:0:0:1],在[2023-09-14 03:17:56],访问了[com.nowcoder.community.service.UserService.findLoginTicket].
2023-09-14 03:17:56,678 INFO [http-nio-8080-exec-10] c.n.c.a.ServiceLogAspect [ServiceLogAspect.java:36] 用户[0:0:0:0:0:0:0:1],在[2023-09-14 03:17:56],访问了[com.nowcoder.community.service.UserService.findUserById].
2023-09-14 03:17:56,680 INFO [http-nio-8080-exec-10] c.n.c.a.ServiceLogAspect [ServiceLogAspect.java:36] 用户[0:0:0:0:0:0:0:1],在[2023-09-14 03:17:56],访问了[com.nowcoder.community.service.UserService.findUserById].
2023-09-14 03:17:56,682 INFO [http-nio-8080-exec-10] c.n.c.a.ServiceLogAspect [ServiceLogAspect.java:36] 用户[0:0:0:0:0:0:0:1],在[2023-09-14 03:17:56],访问了[com.nowcoder.community.service.CommentService.findUserCount].
2023-09-14 03:17:56,684 INFO [http-nio-8080-exec-10] c.n.c.a.ServiceLogAspect [ServiceLogAspect.java:36] 用户[0:0:0:0:0:0:0:1],在[2023-09-14 03:17:56],访问了[com.nowcoder.community.service.CommentService.findUserComments].
2023-09-14 03:17:56,687 INFO [http-nio-8080-exec-10] c.n.c.a.ServiceLogAspect [ServiceLogAspect.java:36] 用户[0:0:0:0:0:0:0:1],在[2023-09-14 03:17:56],访问了[com.nowcoder.community.service.DiscussPostService.findDiscussPostById].
2023-09-14 03:18:00,061 INFO [http-nio-8080-exec-3] c.n.c.a.ServiceLogAspect [ServiceLogAspect.java:36] 用户[0:0:0:0:0:0:0:1],在[2023-09-14 03:18:00],访问了[com.nowcoder.community.service.UserService.findLoginTicket].
2023-09-14 03:18:00,063 INFO [http-nio-8080-exec-3] c.n.c.a.ServiceLogAspect [ServiceLogAspect.java:36] 用户[0:0:0:0:0:0:0:1],在[2023-09-14 03:18:00],访问了[com.nowcoder.community.service.UserService.findUserById].
2023-09-14 03:18:00,065 INFO [http-nio-8080-exec-3] c.n.c.a.ServiceLogAspect [ServiceLogAspect.java:36] 用户[0:0:0:0:0:0:0:1],在[2023-09-14 03:18:00],访问了[com.nowcoder.community.service.DiscussPostService.findDiscussPostRows].
2023-09-14 03:18:00,067 INFO [http-nio-8080-exec-3] c.n.c.a.ServiceLogAspect [ServiceLogAspect.java:36] 用户[0:0:0:0:0:0:0:1],在[2023-09-14 03:18:00],访问了[com.nowcoder.community.service.DiscussPostService.findDiscussPosts].
2023-09-14 03:18:00,070 INFO [http-nio-8080-exec-3] c.n.c.a.ServiceLogAspect [ServiceLogAspect.java:36] 用户[0:0:0:0:0:0:0:1],在[2023-09-14 03:18:00],访问了[com.nowcoder.community.service.UserService.findUserById].
2023-09-14 03:18:00,072 INFO [http-nio-8080-exec-3] c.n.c.a.ServiceLogAspect [ServiceLogAspect.java:36] 用户[0:0:0:0:0:0:0:1],在[2023-09-14 03:18:00],访问了[com.nowcoder.community.service.LikeService.findEntityLikeCount].
2023-09-14 03:18:00,072 INFO [http-nio-8080-exec-3] c.n.c.a.ServiceLogAspect [ServiceLogAspect.java:36] 用户[0:0:0:0:0:0:0:1],在[2023-09-14 03:18:00],访问了[com.nowcoder.community.service.UserService.findUserById].
2023-09-14 03:18:00,074 INFO [http-nio-8080-exec-3] c.n.c.a.ServiceLogAspect [ServiceLogAspect.java:36] 用户[0:0:0:0:0:0:0:1],在[2023-09-14 03:18:00],访问了[com.nowcoder.community.service.LikeService.findEntityLikeCount].
2023-09-14 03:18:00,075 INFO [http-nio-8080-exec-3] c.n.c.a.ServiceLogAspect [ServiceLogAspect.java:36] 用户[0:0:0:0:0:0:0:1],在[2023-09-14 03:18:00],访问了[com.nowcoder.community.service.UserService.findUserById].
2023-09-14 03:18:00,077 INFO [http-nio-8080-exec-3] c.n.c.a.ServiceLogAspect [ServiceLogAspect.java:36] 用户[0:0:0:0:0:0:0:1],在[2023-09-14 03:18:00],访问了[com.nowcoder.community.service.LikeService.findEntityLikeCount].
2023-09-14 03:18:00,078 INFO [http-nio-8080-exec-3] c.n.c.a.ServiceLogAspect [ServiceLogAspect.java:36] 用户[0:0:0:0:0:0:0:1],在[2023-09-14 03:18:00],访问了[com.nowcoder.community.service.UserService.findUserById].
2023-09-14 03:18:00,079 INFO [http-nio-8080-exec-3] c.n.c.a.ServiceLogAspect [ServiceLogAspect.java:36] 用户[0:0:0:0:0:0:0:1],在[2023-09-14 03:18:00],访问了[com.nowcoder.community.service.LikeService.findEntityLikeCount].
2023-09-14 03:18:00,080 INFO [http-nio-8080-exec-3] c.n.c.a.ServiceLogAspect [ServiceLogAspect.java:36] 用户[0:0:0:0:0:0:0:1],在[2023-09-14 03:18:00],访问了[com.nowcoder.community.service.UserService.findUserById].
2023-09-14 03:18:00,081 INFO [http-nio-8080-exec-3] c.n.c.a.ServiceLogAspect [ServiceLogAspect.java:36] 用户[0:0:0:0:0:0:0:1],在[2023-09-14 03:18:00],访问了[com.nowcoder.community.service.LikeService.findEntityLikeCount].
2023-09-14 03:18:00,081 INFO [http-nio-8080-exec-3] c.n.c.a.ServiceLogAspect [ServiceLogAspect.java:36] 用户[0:0:0:0:0:0:0:1],在[2023-09-14 03:18:00],访问了[com.nowcoder.community.service.UserService.findUserById].
2023-09-14 03:18:00,083 INFO [http-nio-8080-exec-3] c.n.c.a.ServiceLogAspect [ServiceLogAspect.java:36] 用户[0:0:0:0:0:0:0:1],在[2023-09-14 03:18:00],访问了[com.nowcoder.community.service.LikeService.findEntityLikeCount].
2023-09-14 03:18:00,084 INFO [http-nio-8080-exec-3] c.n.c.a.ServiceLogAspect [ServiceLogAspect.java:36] 用户[0:0:0:0:0:0:0:1],在[2023-09-14 03:18:00],访问了[com.nowcoder.community.service.UserService.findUserById].
2023-09-14 03:18:00,085 INFO [http-nio-8080-exec-3] c.n.c.a.ServiceLogAspect [ServiceLogAspect.java:36] 用户[0:0:0:0:0:0:0:1],在[2023-09-14 03:18:00],访问了[com.nowcoder.community.service.LikeService.findEntityLikeCount].
2023-09-14 03:18:00,086 INFO [http-nio-8080-exec-3] c.n.c.a.ServiceLogAspect [ServiceLogAspect.java:36] 用户[0:0:0:0:0:0:0:1],在[2023-09-14 03:18:00],访问了[com.nowcoder.community.service.UserService.findUserById].
2023-09-14 03:18:00,087 INFO [http-nio-8080-exec-3] c.n.c.a.ServiceLogAspect [ServiceLogAspect.java:36] 用户[0:0:0:0:0:0:0:1],在[2023-09-14 03:18:00],访问了[com.nowcoder.community.service.LikeService.findEntityLikeCount].
2023-09-14 03:18:00,088 INFO [http-nio-8080-exec-3] c.n.c.a.ServiceLogAspect [ServiceLogAspect.java:36] 用户[0:0:0:0:0:0:0:1],在[2023-09-14 03:18:00],访问了[com.nowcoder.community.service.UserService.findUserById].
2023-09-14 03:18:00,090 INFO [http-nio-8080-exec-3] c.n.c.a.ServiceLogAspect [ServiceLogAspect.java:36] 用户[0:0:0:0:0:0:0:1],在[2023-09-14 03:18:00],访问了[com.nowcoder.community.service.LikeService.findEntityLikeCount].
2023-09-14 03:18:00,090 INFO [http-nio-8080-exec-3] c.n.c.a.ServiceLogAspect [ServiceLogAspect.java:36] 用户[0:0:0:0:0:0:0:1],在[2023-09-14 03:18:00],访问了[com.nowcoder.community.service.UserService.findUserById].
2023-09-14 03:18:00,092 INFO [http-nio-8080-exec-3] c.n.c.a.ServiceLogAspect [ServiceLogAspect.java:36] 用户[0:0:0:0:0:0:0:1],在[2023-09-14 03:18:00],访问了[com.nowcoder.community.service.LikeService.findEntityLikeCount].
2023-09-14 04:15:31,883 INFO [SpringApplicationShutdownHook] c.z.h.HikariDataSource [HikariDataSource.java:350] HikariPool-1 - Shutdown initiated...
2023-09-14 04:15:31,898 INFO [SpringApplicationShutdownHook] c.z.h.HikariDataSource [HikariDataSource.java:352] HikariPool-1 - Shutdown completed.
2023-09-14 04:15:40,898 INFO [restartedMain] c.n.c.CommunityApplication [StartupInfoLogger.java:51] Starting CommunityApplication using Java 17.0.7 with PID 24848 (D:\work\workspace\community\target\classes started by falls in D:\work\workspace\community)
2023-09-14 04:15:40,901 INFO [restartedMain] c.n.c.CommunityApplication [SpringApplication.java:634] No active profile set, falling back to 1 default profile: "default"
2023-09-14 04:15:40,972 INFO [restartedMain] o.s.b.d.e.DevToolsPropertyDefaultsPostProcessor [DeferredLog.java:250] Devtools property defaults active! Set 'spring.devtools.add-properties' to 'false' to disable
2023-09-14 04:15:40,972 INFO [restartedMain] o.s.b.d.e.DevToolsPropertyDefaultsPostProcessor [DeferredLog.java:250] For additional web related logging consider setting the 'logging.level.web' property to 'DEBUG'
2023-09-14 04:15:42,033 INFO [restartedMain] o.s.d.r.c.RepositoryConfigurationDelegate [RepositoryConfigurationDelegate.java:291] Multiple Spring Data modules found, entering strict repository configuration mode
2023-09-14 04:15:42,037 INFO [restartedMain] o.s.d.r.c.RepositoryConfigurationDelegate [RepositoryConfigurationDelegate.java:138] Bootstrapping Spring Data Redis repositories in DEFAULT mode.
2023-09-14 04:15:42,069 INFO [restartedMain] o.s.d.r.c.RepositoryConfigurationDelegate [RepositoryConfigurationDelegate.java:208] Finished Spring Data repository scanning in 11 ms. Found 0 Redis repository interfaces.
2023-09-14 04:15:43,296 INFO [restartedMain] o.s.b.w.e.t.TomcatWebServer [TomcatWebServer.java:108] Tomcat initialized with port(s): 8080 (http)
2023-09-14 04:15:43,306 INFO [restartedMain] o.a.c.h.Http11NioProtocol [DirectJDKLog.java:173] Initializing ProtocolHandler ["http-nio-8080"]
2023-09-14 04:15:43,348 INFO [restartedMain] o.a.c.c.StandardService [DirectJDKLog.java:173] Starting service [Tomcat]
2023-09-14 04:15:43,348 INFO [restartedMain] o.a.c.c.StandardEngine [DirectJDKLog.java:173] Starting Servlet engine: [Apache Tomcat/10.1.10]
2023-09-14 04:15:43,438 INFO [restartedMain] o.a.c.c.C.[.[.[/community] [DirectJDKLog.java:173] Initializing Spring embedded WebApplicationContext
2023-09-14 04:15:43,441 INFO [restartedMain] o.s.b.w.s.c.ServletWebServerApplicationContext [ServletWebServerApplicationContext.java:291] Root WebApplicationContext: initialization completed in 2465 ms
2023-09-14 04:15:45,084 INFO [restartedMain] o.s.b.a.w.s.WelcomePageHandlerMapping [WelcomePageHandlerMapping.java:57] Adding welcome page template: index
2023-09-14 04:15:45,456 INFO [restartedMain] o.s.b.d.a.OptionalLiveReloadServer [OptionalLiveReloadServer.java:59] LiveReload server is running on port 35729
2023-09-14 04:15:45,479 INFO [restartedMain] o.a.c.h.Http11NioProtocol [DirectJDKLog.java:173] Starting ProtocolHandler ["http-nio-8080"]
2023-09-14 04:15:45,503 INFO [restartedMain] o.s.b.w.e.t.TomcatWebServer [TomcatWebServer.java:220] Tomcat started on port(s): 8080 (http) with context path '/community'
2023-09-14 04:15:45,514 INFO [restartedMain] c.n.c.CommunityApplication [StartupInfoLogger.java:57] Started CommunityApplication in 5.434 seconds (process running for 6.105)
2023-09-14 04:16:02,374 INFO [http-nio-8080-exec-1] o.a.c.c.C.[.[.[/community] [DirectJDKLog.java:173] Initializing Spring DispatcherServlet 'dispatcherServlet'
2023-09-14 04:16:02,375 INFO [http-nio-8080-exec-1] o.s.w.s.DispatcherServlet [FrameworkServlet.java:532] Initializing Servlet 'dispatcherServlet'
2023-09-14 04:16:02,376 INFO [http-nio-8080-exec-1] o.s.w.s.DispatcherServlet [FrameworkServlet.java:554] Completed initialization in 1 ms
2023-09-14 04:16:02,421 INFO [http-nio-8080-exec-1] c.n.c.a.ServiceLogAspect [ServiceLogAspect.java:36] 用户[0:0:0:0:0:0:0:1],在[2023-09-14 04:16:02],访问了[com.nowcoder.community.service.UserService.findLoginTicket].
2023-09-14 04:16:03,002 INFO [http-nio-8080-exec-1] c.n.c.a.ServiceLogAspect [ServiceLogAspect.java:36] 用户[0:0:0:0:0:0:0:1],在[2023-09-14 04:16:03],访问了[com.nowcoder.community.service.DiscussPostService.findDiscussPostRows].
2023-09-14 04:16:03,045 INFO [http-nio-8080-exec-1] c.z.h.HikariDataSource [HikariDataSource.java:110] HikariPool-1 - Starting...
2023-09-14 04:16:03,297 INFO [http-nio-8080-exec-1] c.z.h.p.HikariPool [HikariPool.java:565] HikariPool-1 - Added connection com.mysql.cj.jdbc.ConnectionImpl@56ed61c8
2023-09-14 04:16:03,300 INFO [http-nio-8080-exec-1] c.z.h.HikariDataSource [HikariDataSource.java:123] HikariPool-1 - Start completed.
2023-09-14 04:16:03,411 INFO [http-nio-8080-exec-1] c.n.c.a.ServiceLogAspect [ServiceLogAspect.java:36] 用户[0:0:0:0:0:0:0:1],在[2023-09-14 04:16:03],访问了[com.nowcoder.community.service.DiscussPostService.findDiscussPosts].
2023-09-14 04:16:03,426 INFO [http-nio-8080-exec-1] c.n.c.a.ServiceLogAspect [ServiceLogAspect.java:36] 用户[0:0:0:0:0:0:0:1],在[2023-09-14 04:16:03],访问了[com.nowcoder.community.service.UserService.findUserById].
2023-09-14 04:16:03,509 INFO [http-nio-8080-exec-1] c.n.c.a.ServiceLogAspect [ServiceLogAspect.java:36] 用户[0:0:0:0:0:0:0:1],在[2023-09-14 04:16:03],访问了[com.nowcoder.community.service.LikeService.findEntityLikeCount].
2023-09-14 04:16:03,512 INFO [http-nio-8080-exec-1] c.n.c.a.ServiceLogAspect [ServiceLogAspect.java:36] 用户[0:0:0:0:0:0:0:1],在[2023-09-14 04:16:03],访问了[com.nowcoder.community.service.UserService.findUserById].
2023-09-14 04:16:03,522 INFO [http-nio-8080-exec-1] c.n.c.a.ServiceLogAspect [ServiceLogAspect.java:36] 用户[0:0:0:0:0:0:0:1],在[2023-09-14 04:16:03],访问了[com.nowcoder.community.service.LikeService.findEntityLikeCount].
2023-09-14 04:16:03,524 INFO [http-nio-8080-exec-1] c.n.c.a.ServiceLogAspect [ServiceLogAspect.java:36] 用户[0:0:0:0:0:0:0:1],在[2023-09-14 04:16:03],访问了[com.nowcoder.community.service.UserService.findUserById].
2023-09-14 04:16:03,543 INFO [http-nio-8080-exec-1] c.n.c.a.ServiceLogAspect [ServiceLogAspect.java:36] 用户[0:0:0:0:0:0:0:1],在[2023-09-14 04:16:03],访问了[com.nowcoder.community.service.LikeService.findEntityLikeCount].
2023-09-14 04:16:03,545 INFO [http-nio-8080-exec-1] c.n.c.a.ServiceLogAspect [ServiceLogAspect.java:36] 用户[0:0:0:0:0:0:0:1],在[2023-09-14 04:16:03],访问了[com.nowcoder.community.service.UserService.findUserById].
2023-09-14 04:16:03,613 INFO [http-nio-8080-exec-1] c.n.c.a.ServiceLogAspect [ServiceLogAspect.java:36] 用户[0:0:0:0:0:0:0:1],在[2023-09-14 04:16:03],访问了[com.nowcoder.community.service.LikeService.findEntityLikeCount].
2023-09-14 04:16:03,615 INFO [http-nio-8080-exec-1] c.n.c.a.ServiceLogAspect [ServiceLogAspect.java:36] 用户[0:0:0:0:0:0:0:1],在[2023-09-14 04:16:03],访问了[com.nowcoder.community.service.UserService.findUserById].
2023-09-14 04:16:03,624 INFO [http-nio-8080-exec-1] c.n.c.a.ServiceLogAspect [ServiceLogAspect.java:36] 用户[0:0:0:0:0:0:0:1],在[2023-09-14 04:16:03],访问了[com.nowcoder.community.service.LikeService.findEntityLikeCount].
2023-09-14 04:16:03,625 INFO [http-nio-8080-exec-1] c.n.c.a.ServiceLogAspect [ServiceLogAspect.java:36] 用户[0:0:0:0:0:0:0:1],在[2023-09-14 04:16:03],访问了[com.nowcoder.community.service.UserService.findUserById].
2023-09-14 04:16:03,627 INFO [http-nio-8080-exec-1] c.n.c.a.ServiceLogAspect [ServiceLogAspect.java:36] 用户[0:0:0:0:0:0:0:1],在[2023-09-14 04:16:03],访问了[com.nowcoder.community.service.LikeService.findEntityLikeCount].
2023-09-14 04:16:03,628 INFO [http-nio-8080-exec-1] c.n.c.a.ServiceLogAspect [ServiceLogAspect.java:36] 用户[0:0:0:0:0:0:0:1],在[2023-09-14 04:16:03],访问了[com.nowcoder.community.service.UserService.findUserById].
2023-09-14 04:16:03,631 INFO [http-nio-8080-exec-1] c.n.c.a.ServiceLogAspect [ServiceLogAspect.java:36] 用户[0:0:0:0:0:0:0:1],在[2023-09-14 04:16:03],访问了[com.nowcoder.community.service.LikeService.findEntityLikeCount].
2023-09-14 04:16:03,632 INFO [http-nio-8080-exec-1] c.n.c.a.ServiceLogAspect [ServiceLogAspect.java:36] 用户[0:0:0:0:0:0:0:1],在[2023-09-14 04:16:03],访问了[com.nowcoder.community.service.UserService.findUserById].
2023-09-14 04:16:03,638 INFO [http-nio-8080-exec-1] c.n.c.a.ServiceLogAspect [ServiceLogAspect.java:36] 用户[0:0:0:0:0:0:0:1],在[2023-09-14 04:16:03],访问了[com.nowcoder.community.service.LikeService.findEntityLikeCount].
2023-09-14 04:16:03,639 INFO [http-nio-8080-exec-1] c.n.c.a.ServiceLogAspect [ServiceLogAspect.java:36] 用户[0:0:0:0:0:0:0:1],在[2023-09-14 04:16:03],访问了[com.nowcoder.community.service.UserService.findUserById].
2023-09-14 04:16:03,647 INFO [http-nio-8080-exec-1] c.n.c.a.ServiceLogAspect [ServiceLogAspect.java:36] 用户[0:0:0:0:0:0:0:1],在[2023-09-14 04:16:03],访问了[com.nowcoder.community.service.LikeService.findEntityLikeCount].
2023-09-14 04:16:03,649 INFO [http-nio-8080-exec-1] c.n.c.a.ServiceLogAspect [ServiceLogAspect.java:36] 用户[0:0:0:0:0:0:0:1],在[2023-09-14 04:16:03],访问了[com.nowcoder.community.service.UserService.findUserById].
2023-09-14 04:16:03,654 INFO [http-nio-8080-exec-1] c.n.c.a.ServiceLogAspect [ServiceLogAspect.java:36] 用户[0:0:0:0:0:0:0:1],在[2023-09-14 04:16:03],访问了[com.nowcoder.community.service.LikeService.findEntityLikeCount].
2023-09-14 04:42:00,157 INFO [SpringApplicationShutdownHook] c.z.h.HikariDataSource [HikariDataSource.java:350] HikariPool-1 - Shutdown initiated...
2023-09-14 04:42:00,165 INFO [SpringApplicationShutdownHook] c.z.h.HikariDataSource [HikariDataSource.java:352] HikariPool-1 - Shutdown completed.
