2023-09-09 00:15:36,230 INFO [SpringApplicationShutdownHook] c.z.h.HikariDataSource [HikariDataSource.java:350] HikariPool-1 - Shutdown initiated...
2023-09-09 00:15:36,273 INFO [SpringApplicationShutdownHook] c.z.h.HikariDataSource [HikariDataSource.java:352] HikariPool-1 - Shutdown completed.
2023-09-09 00:25:24,519 INFO [restartedMain] c.n.c.CommunityApplication [StartupInfoLogger.java:51] Starting CommunityApplication using Java 17.0.7 with PID 12692 (D:\work\workspace\community\target\classes started by falls in D:\work\workspace\community)
2023-09-09 00:25:24,521 INFO [restartedMain] c.n.c.CommunityApplication [SpringApplication.java:634] No active profile set, falling back to 1 default profile: "default"
2023-09-09 00:25:24,674 INFO [restartedMain] o.s.b.d.e.DevToolsPropertyDefaultsPostProcessor [DeferredLog.java:250] Devtools property defaults active! Set 'spring.devtools.add-properties' to 'false' to disable
2023-09-09 00:25:24,675 INFO [restartedMain] o.s.b.d.e.DevToolsPropertyDefaultsPostProcessor [DeferredLog.java:250] For additional web related logging consider setting the 'logging.level.web' property to 'DEBUG'
2023-09-09 00:25:25,973 INFO [restartedMain] o.s.d.r.c.RepositoryConfigurationDelegate [RepositoryConfigurationDelegate.java:291] Multiple Spring Data modules found, entering strict repository configuration mode
2023-09-09 00:25:25,976 INFO [restartedMain] o.s.d.r.c.RepositoryConfigurationDelegate [RepositoryConfigurationDelegate.java:138] Bootstrapping Spring Data Redis repositories in DEFAULT mode.
2023-09-09 00:25:26,011 INFO [restartedMain] o.s.d.r.c.RepositoryConfigurationDelegate [RepositoryConfigurationDelegate.java:208] Finished Spring Data repository scanning in 10 ms. Found 0 Redis repository interfaces.
2023-09-09 00:25:27,165 INFO [restartedMain] o.s.b.w.e.t.TomcatWebServer [TomcatWebServer.java:108] Tomcat initialized with port(s): 8080 (http)
2023-09-09 00:25:27,173 INFO [restartedMain] o.a.c.h.Http11NioProtocol [DirectJDKLog.java:173] Initializing ProtocolHandler ["http-nio-8080"]
2023-09-09 00:25:27,178 INFO [restartedMain] o.a.c.c.StandardService [DirectJDKLog.java:173] Starting service [Tomcat]
2023-09-09 00:25:27,179 INFO [restartedMain] o.a.c.c.StandardEngine [DirectJDKLog.java:173] Starting Servlet engine: [Apache Tomcat/10.1.10]
2023-09-09 00:25:27,249 INFO [restartedMain] o.a.c.c.C.[.[.[/community] [DirectJDKLog.java:173] Initializing Spring embedded WebApplicationContext
2023-09-09 00:25:27,251 INFO [restartedMain] o.s.b.w.s.c.ServletWebServerApplicationContext [ServletWebServerApplicationContext.java:291] Root WebApplicationContext: initialization completed in 2573 ms
2023-09-09 00:25:28,945 INFO [restartedMain] o.s.b.a.w.s.WelcomePageHandlerMapping [WelcomePageHandlerMapping.java:57] Adding welcome page template: index
2023-09-09 00:25:29,269 INFO [restartedMain] o.s.b.d.a.OptionalLiveReloadServer [OptionalLiveReloadServer.java:59] LiveReload server is running on port 35729
2023-09-09 00:25:29,283 INFO [restartedMain] o.a.c.h.Http11NioProtocol [DirectJDKLog.java:173] Starting ProtocolHandler ["http-nio-8080"]
2023-09-09 00:25:29,303 INFO [restartedMain] o.s.b.w.e.t.TomcatWebServer [TomcatWebServer.java:220] Tomcat started on port(s): 8080 (http) with context path '/community'
2023-09-09 00:25:29,312 INFO [restartedMain] c.n.c.CommunityApplication [StartupInfoLogger.java:57] Started CommunityApplication in 5.805 seconds (process running for 6.543)
2023-09-09 00:32:53,477 INFO [restartedMain] c.n.c.CommunityApplication [StartupInfoLogger.java:51] Starting CommunityApplication using Java 17.0.7 with PID 17740 (D:\work\workspace\community\target\classes started by falls in D:\work\workspace\community)
2023-09-09 00:32:53,480 INFO [restartedMain] c.n.c.CommunityApplication [SpringApplication.java:634] No active profile set, falling back to 1 default profile: "default"
2023-09-09 00:32:53,536 INFO [restartedMain] o.s.b.d.e.DevToolsPropertyDefaultsPostProcessor [DeferredLog.java:250] Devtools property defaults active! Set 'spring.devtools.add-properties' to 'false' to disable
2023-09-09 00:32:53,537 INFO [restartedMain] o.s.b.d.e.DevToolsPropertyDefaultsPostProcessor [DeferredLog.java:250] For additional web related logging consider setting the 'logging.level.web' property to 'DEBUG'
2023-09-09 00:32:54,176 INFO [restartedMain] o.s.d.r.c.RepositoryConfigurationDelegate [RepositoryConfigurationDelegate.java:291] Multiple Spring Data modules found, entering strict repository configuration mode
2023-09-09 00:32:54,181 INFO [restartedMain] o.s.d.r.c.RepositoryConfigurationDelegate [RepositoryConfigurationDelegate.java:138] Bootstrapping Spring Data Redis repositories in DEFAULT mode.
2023-09-09 00:32:54,212 INFO [restartedMain] o.s.d.r.c.RepositoryConfigurationDelegate [RepositoryConfigurationDelegate.java:208] Finished Spring Data repository scanning in 9 ms. Found 0 Redis repository interfaces.
2023-09-09 00:32:55,077 INFO [restartedMain] o.s.b.w.e.t.TomcatWebServer [TomcatWebServer.java:108] Tomcat initialized with port(s): 8080 (http)
2023-09-09 00:32:55,086 INFO [restartedMain] o.a.c.h.Http11NioProtocol [DirectJDKLog.java:173] Initializing ProtocolHandler ["http-nio-8080"]
2023-09-09 00:32:55,089 INFO [restartedMain] o.a.c.c.StandardService [DirectJDKLog.java:173] Starting service [Tomcat]
2023-09-09 00:32:55,089 INFO [restartedMain] o.a.c.c.StandardEngine [DirectJDKLog.java:173] Starting Servlet engine: [Apache Tomcat/10.1.10]
2023-09-09 00:32:55,150 INFO [restartedMain] o.a.c.c.C.[.[.[/community] [DirectJDKLog.java:173] Initializing Spring embedded WebApplicationContext
2023-09-09 00:32:55,152 INFO [restartedMain] o.s.b.w.s.c.ServletWebServerApplicationContext [ServletWebServerApplicationContext.java:291] Root WebApplicationContext: initialization completed in 1614 ms
2023-09-09 00:32:56,139 INFO [restartedMain] o.s.b.a.w.s.WelcomePageHandlerMapping [WelcomePageHandlerMapping.java:57] Adding welcome page template: index
2023-09-09 00:32:56,411 INFO [restartedMain] o.s.b.d.a.OptionalLiveReloadServer [OptionalLiveReloadServer.java:59] LiveReload server is running on port 35729
2023-09-09 00:32:56,423 INFO [restartedMain] o.a.c.h.Http11NioProtocol [DirectJDKLog.java:173] Starting ProtocolHandler ["http-nio-8080"]
2023-09-09 00:32:56,439 INFO [restartedMain] o.s.b.w.e.t.TomcatWebServer [TomcatWebServer.java:220] Tomcat started on port(s): 8080 (http) with context path '/community'
2023-09-09 00:32:56,447 INFO [restartedMain] c.n.c.CommunityApplication [StartupInfoLogger.java:57] Started CommunityApplication in 3.418 seconds (process running for 3.822)
2023-09-09 00:33:05,550 INFO [http-nio-8080-exec-1] o.a.c.c.C.[.[.[/community] [DirectJDKLog.java:173] Initializing Spring DispatcherServlet 'dispatcherServlet'
2023-09-09 00:33:05,551 INFO [http-nio-8080-exec-1] o.s.w.s.DispatcherServlet [FrameworkServlet.java:532] Initializing Servlet 'dispatcherServlet'
2023-09-09 00:33:05,553 INFO [http-nio-8080-exec-1] o.s.w.s.DispatcherServlet [FrameworkServlet.java:554] Completed initialization in 2 ms
2023-09-09 00:33:05,609 INFO [http-nio-8080-exec-1] c.n.c.a.ServiceLogAspect [ServiceLogAspect.java:36] 用户[0:0:0:0:0:0:0:1],在[2023-09-09 00:33:05],访问了[com.nowcoder.community.service.DiscussPostService.findDiscussPostRows].
2023-09-09 00:33:05,655 INFO [http-nio-8080-exec-1] c.z.h.HikariDataSource [HikariDataSource.java:110] HikariPool-1 - Starting...
2023-09-09 00:33:05,970 INFO [http-nio-8080-exec-1] c.z.h.p.HikariPool [HikariPool.java:565] HikariPool-1 - Added connection com.mysql.cj.jdbc.ConnectionImpl@33ecdced
2023-09-09 00:33:05,973 INFO [http-nio-8080-exec-1] c.z.h.HikariDataSource [HikariDataSource.java:123] HikariPool-1 - Start completed.
2023-09-09 00:33:06,408 INFO [http-nio-8080-exec-1] c.n.c.a.ServiceLogAspect [ServiceLogAspect.java:36] 用户[0:0:0:0:0:0:0:1],在[2023-09-09 00:33:06],访问了[com.nowcoder.community.service.DiscussPostService.findDiscussPosts].
2023-09-09 00:33:06,445 INFO [http-nio-8080-exec-1] c.n.c.a.ServiceLogAspect [ServiceLogAspect.java:36] 用户[0:0:0:0:0:0:0:1],在[2023-09-09 00:33:06],访问了[com.nowcoder.community.service.UserService.findUserById].
2023-09-09 00:33:06,455 INFO [http-nio-8080-exec-1] c.n.c.a.ServiceLogAspect [ServiceLogAspect.java:36] 用户[0:0:0:0:0:0:0:1],在[2023-09-09 00:33:06],访问了[com.nowcoder.community.service.LikeService.findEntityLikeCount].
2023-09-09 00:33:07,019 INFO [http-nio-8080-exec-1] c.n.c.a.ServiceLogAspect [ServiceLogAspect.java:36] 用户[0:0:0:0:0:0:0:1],在[2023-09-09 00:33:07],访问了[com.nowcoder.community.service.UserService.findUserById].
2023-09-09 00:33:07,023 INFO [http-nio-8080-exec-1] c.n.c.a.ServiceLogAspect [ServiceLogAspect.java:36] 用户[0:0:0:0:0:0:0:1],在[2023-09-09 00:33:07],访问了[com.nowcoder.community.service.LikeService.findEntityLikeCount].
2023-09-09 00:33:07,024 INFO [http-nio-8080-exec-1] c.n.c.a.ServiceLogAspect [ServiceLogAspect.java:36] 用户[0:0:0:0:0:0:0:1],在[2023-09-09 00:33:07],访问了[com.nowcoder.community.service.UserService.findUserById].
2023-09-09 00:33:07,027 INFO [http-nio-8080-exec-1] c.n.c.a.ServiceLogAspect [ServiceLogAspect.java:36] 用户[0:0:0:0:0:0:0:1],在[2023-09-09 00:33:07],访问了[com.nowcoder.community.service.LikeService.findEntityLikeCount].
2023-09-09 00:33:07,028 INFO [http-nio-8080-exec-1] c.n.c.a.ServiceLogAspect [ServiceLogAspect.java:36] 用户[0:0:0:0:0:0:0:1],在[2023-09-09 00:33:07],访问了[com.nowcoder.community.service.UserService.findUserById].
2023-09-09 00:33:07,031 INFO [http-nio-8080-exec-1] c.n.c.a.ServiceLogAspect [ServiceLogAspect.java:36] 用户[0:0:0:0:0:0:0:1],在[2023-09-09 00:33:07],访问了[com.nowcoder.community.service.LikeService.findEntityLikeCount].
2023-09-09 00:33:07,032 INFO [http-nio-8080-exec-1] c.n.c.a.ServiceLogAspect [ServiceLogAspect.java:36] 用户[0:0:0:0:0:0:0:1],在[2023-09-09 00:33:07],访问了[com.nowcoder.community.service.UserService.findUserById].
2023-09-09 00:33:07,036 INFO [http-nio-8080-exec-1] c.n.c.a.ServiceLogAspect [ServiceLogAspect.java:36] 用户[0:0:0:0:0:0:0:1],在[2023-09-09 00:33:07],访问了[com.nowcoder.community.service.LikeService.findEntityLikeCount].
2023-09-09 00:33:07,037 INFO [http-nio-8080-exec-1] c.n.c.a.ServiceLogAspect [ServiceLogAspect.java:36] 用户[0:0:0:0:0:0:0:1],在[2023-09-09 00:33:07],访问了[com.nowcoder.community.service.UserService.findUserById].
2023-09-09 00:33:07,040 INFO [http-nio-8080-exec-1] c.n.c.a.ServiceLogAspect [ServiceLogAspect.java:36] 用户[0:0:0:0:0:0:0:1],在[2023-09-09 00:33:07],访问了[com.nowcoder.community.service.LikeService.findEntityLikeCount].
2023-09-09 00:33:07,042 INFO [http-nio-8080-exec-1] c.n.c.a.ServiceLogAspect [ServiceLogAspect.java:36] 用户[0:0:0:0:0:0:0:1],在[2023-09-09 00:33:07],访问了[com.nowcoder.community.service.UserService.findUserById].
2023-09-09 00:33:07,045 INFO [http-nio-8080-exec-1] c.n.c.a.ServiceLogAspect [ServiceLogAspect.java:36] 用户[0:0:0:0:0:0:0:1],在[2023-09-09 00:33:07],访问了[com.nowcoder.community.service.LikeService.findEntityLikeCount].
2023-09-09 00:33:07,047 INFO [http-nio-8080-exec-1] c.n.c.a.ServiceLogAspect [ServiceLogAspect.java:36] 用户[0:0:0:0:0:0:0:1],在[2023-09-09 00:33:07],访问了[com.nowcoder.community.service.UserService.findUserById].
2023-09-09 00:33:07,049 INFO [http-nio-8080-exec-1] c.n.c.a.ServiceLogAspect [ServiceLogAspect.java:36] 用户[0:0:0:0:0:0:0:1],在[2023-09-09 00:33:07],访问了[com.nowcoder.community.service.LikeService.findEntityLikeCount].
2023-09-09 00:33:07,050 INFO [http-nio-8080-exec-1] c.n.c.a.ServiceLogAspect [ServiceLogAspect.java:36] 用户[0:0:0:0:0:0:0:1],在[2023-09-09 00:33:07],访问了[com.nowcoder.community.service.UserService.findUserById].
2023-09-09 00:33:07,051 INFO [http-nio-8080-exec-1] c.n.c.a.ServiceLogAspect [ServiceLogAspect.java:36] 用户[0:0:0:0:0:0:0:1],在[2023-09-09 00:33:07],访问了[com.nowcoder.community.service.LikeService.findEntityLikeCount].
2023-09-09 00:33:07,052 INFO [http-nio-8080-exec-1] c.n.c.a.ServiceLogAspect [ServiceLogAspect.java:36] 用户[0:0:0:0:0:0:0:1],在[2023-09-09 00:33:07],访问了[com.nowcoder.community.service.UserService.findUserById].
2023-09-09 00:33:07,055 INFO [http-nio-8080-exec-1] c.n.c.a.ServiceLogAspect [ServiceLogAspect.java:36] 用户[0:0:0:0:0:0:0:1],在[2023-09-09 00:33:07],访问了[com.nowcoder.community.service.LikeService.findEntityLikeCount].
2023-09-09 00:33:17,891 INFO [http-nio-8080-exec-10] c.n.c.a.ServiceLogAspect [ServiceLogAspect.java:36] 用户[0:0:0:0:0:0:0:1],在[2023-09-09 00:33:17],访问了[com.nowcoder.community.service.UserService.login].
2023-09-09 00:33:18,048 INFO [http-nio-8080-exec-1] c.n.c.a.ServiceLogAspect [ServiceLogAspect.java:36] 用户[0:0:0:0:0:0:0:1],在[2023-09-09 00:33:18],访问了[com.nowcoder.community.service.UserService.findLoginTicket].
2023-09-09 00:33:18,054 INFO [http-nio-8080-exec-1] c.n.c.a.ServiceLogAspect [ServiceLogAspect.java:36] 用户[0:0:0:0:0:0:0:1],在[2023-09-09 00:33:18],访问了[com.nowcoder.community.service.UserService.findUserById].
2023-09-09 00:33:18,058 INFO [http-nio-8080-exec-1] c.n.c.a.ServiceLogAspect [ServiceLogAspect.java:36] 用户[0:0:0:0:0:0:0:1],在[2023-09-09 00:33:18],访问了[com.nowcoder.community.service.DiscussPostService.findDiscussPostRows].
2023-09-09 00:33:18,063 INFO [http-nio-8080-exec-1] c.n.c.a.ServiceLogAspect [ServiceLogAspect.java:36] 用户[0:0:0:0:0:0:0:1],在[2023-09-09 00:33:18],访问了[com.nowcoder.community.service.DiscussPostService.findDiscussPosts].
2023-09-09 00:33:18,071 INFO [http-nio-8080-exec-1] c.n.c.a.ServiceLogAspect [ServiceLogAspect.java:36] 用户[0:0:0:0:0:0:0:1],在[2023-09-09 00:33:18],访问了[com.nowcoder.community.service.UserService.findUserById].
2023-09-09 00:33:18,075 INFO [http-nio-8080-exec-1] c.n.c.a.ServiceLogAspect [ServiceLogAspect.java:36] 用户[0:0:0:0:0:0:0:1],在[2023-09-09 00:33:18],访问了[com.nowcoder.community.service.LikeService.findEntityLikeCount].
2023-09-09 00:33:18,076 INFO [http-nio-8080-exec-1] c.n.c.a.ServiceLogAspect [ServiceLogAspect.java:36] 用户[0:0:0:0:0:0:0:1],在[2023-09-09 00:33:18],访问了[com.nowcoder.community.service.UserService.findUserById].
2023-09-09 00:33:18,079 INFO [http-nio-8080-exec-1] c.n.c.a.ServiceLogAspect [ServiceLogAspect.java:36] 用户[0:0:0:0:0:0:0:1],在[2023-09-09 00:33:18],访问了[com.nowcoder.community.service.LikeService.findEntityLikeCount].
2023-09-09 00:33:18,081 INFO [http-nio-8080-exec-1] c.n.c.a.ServiceLogAspect [ServiceLogAspect.java:36] 用户[0:0:0:0:0:0:0:1],在[2023-09-09 00:33:18],访问了[com.nowcoder.community.service.UserService.findUserById].
2023-09-09 00:33:18,083 INFO [http-nio-8080-exec-1] c.n.c.a.ServiceLogAspect [ServiceLogAspect.java:36] 用户[0:0:0:0:0:0:0:1],在[2023-09-09 00:33:18],访问了[com.nowcoder.community.service.LikeService.findEntityLikeCount].
2023-09-09 00:33:18,085 INFO [http-nio-8080-exec-1] c.n.c.a.ServiceLogAspect [ServiceLogAspect.java:36] 用户[0:0:0:0:0:0:0:1],在[2023-09-09 00:33:18],访问了[com.nowcoder.community.service.UserService.findUserById].
2023-09-09 00:33:18,091 INFO [http-nio-8080-exec-1] c.n.c.a.ServiceLogAspect [ServiceLogAspect.java:36] 用户[0:0:0:0:0:0:0:1],在[2023-09-09 00:33:18],访问了[com.nowcoder.community.service.LikeService.findEntityLikeCount].
2023-09-09 00:33:18,092 INFO [http-nio-8080-exec-1] c.n.c.a.ServiceLogAspect [ServiceLogAspect.java:36] 用户[0:0:0:0:0:0:0:1],在[2023-09-09 00:33:18],访问了[com.nowcoder.community.service.UserService.findUserById].
2023-09-09 00:33:18,094 INFO [http-nio-8080-exec-1] c.n.c.a.ServiceLogAspect [ServiceLogAspect.java:36] 用户[0:0:0:0:0:0:0:1],在[2023-09-09 00:33:18],访问了[com.nowcoder.community.service.LikeService.findEntityLikeCount].
2023-09-09 00:33:18,095 INFO [http-nio-8080-exec-1] c.n.c.a.ServiceLogAspect [ServiceLogAspect.java:36] 用户[0:0:0:0:0:0:0:1],在[2023-09-09 00:33:18],访问了[com.nowcoder.community.service.UserService.findUserById].
2023-09-09 00:33:18,098 INFO [http-nio-8080-exec-1] c.n.c.a.ServiceLogAspect [ServiceLogAspect.java:36] 用户[0:0:0:0:0:0:0:1],在[2023-09-09 00:33:18],访问了[com.nowcoder.community.service.LikeService.findEntityLikeCount].
2023-09-09 00:33:18,100 INFO [http-nio-8080-exec-1] c.n.c.a.ServiceLogAspect [ServiceLogAspect.java:36] 用户[0:0:0:0:0:0:0:1],在[2023-09-09 00:33:18],访问了[com.nowcoder.community.service.UserService.findUserById].
2023-09-09 00:33:18,102 INFO [http-nio-8080-exec-1] c.n.c.a.ServiceLogAspect [ServiceLogAspect.java:36] 用户[0:0:0:0:0:0:0:1],在[2023-09-09 00:33:18],访问了[com.nowcoder.community.service.LikeService.findEntityLikeCount].
2023-09-09 00:33:18,103 INFO [http-nio-8080-exec-1] c.n.c.a.ServiceLogAspect [ServiceLogAspect.java:36] 用户[0:0:0:0:0:0:0:1],在[2023-09-09 00:33:18],访问了[com.nowcoder.community.service.UserService.findUserById].
2023-09-09 00:33:18,106 INFO [http-nio-8080-exec-1] c.n.c.a.ServiceLogAspect [ServiceLogAspect.java:36] 用户[0:0:0:0:0:0:0:1],在[2023-09-09 00:33:18],访问了[com.nowcoder.community.service.LikeService.findEntityLikeCount].
2023-09-09 00:33:18,107 INFO [http-nio-8080-exec-1] c.n.c.a.ServiceLogAspect [ServiceLogAspect.java:36] 用户[0:0:0:0:0:0:0:1],在[2023-09-09 00:33:18],访问了[com.nowcoder.community.service.UserService.findUserById].
2023-09-09 00:33:18,109 INFO [http-nio-8080-exec-1] c.n.c.a.ServiceLogAspect [ServiceLogAspect.java:36] 用户[0:0:0:0:0:0:0:1],在[2023-09-09 00:33:18],访问了[com.nowcoder.community.service.LikeService.findEntityLikeCount].
2023-09-09 00:33:18,109 INFO [http-nio-8080-exec-1] c.n.c.a.ServiceLogAspect [ServiceLogAspect.java:36] 用户[0:0:0:0:0:0:0:1],在[2023-09-09 00:33:18],访问了[com.nowcoder.community.service.UserService.findUserById].
2023-09-09 00:33:18,114 INFO [http-nio-8080-exec-1] c.n.c.a.ServiceLogAspect [ServiceLogAspect.java:36] 用户[0:0:0:0:0:0:0:1],在[2023-09-09 00:33:18],访问了[com.nowcoder.community.service.LikeService.findEntityLikeCount].
2023-09-09 00:33:21,883 INFO [http-nio-8080-exec-5] c.n.c.a.ServiceLogAspect [ServiceLogAspect.java:36] 用户[0:0:0:0:0:0:0:1],在[2023-09-09 00:33:21],访问了[com.nowcoder.community.service.UserService.findLoginTicket].
2023-09-09 00:33:21,885 INFO [http-nio-8080-exec-5] c.n.c.a.ServiceLogAspect [ServiceLogAspect.java:36] 用户[0:0:0:0:0:0:0:1],在[2023-09-09 00:33:21],访问了[com.nowcoder.community.service.UserService.findUserById].
2023-09-09 00:33:21,888 INFO [http-nio-8080-exec-5] c.n.c.a.ServiceLogAspect [ServiceLogAspect.java:36] 用户[0:0:0:0:0:0:0:1],在[2023-09-09 00:33:21],访问了[com.nowcoder.community.service.DiscussPostService.findDiscussPostById].
2023-09-09 00:33:21,891 INFO [http-nio-8080-exec-5] c.n.c.a.ServiceLogAspect [ServiceLogAspect.java:36] 用户[0:0:0:0:0:0:0:1],在[2023-09-09 00:33:21],访问了[com.nowcoder.community.service.UserService.findUserById].
2023-09-09 00:33:21,893 INFO [http-nio-8080-exec-5] c.n.c.a.ServiceLogAspect [ServiceLogAspect.java:36] 用户[0:0:0:0:0:0:0:1],在[2023-09-09 00:33:21],访问了[com.nowcoder.community.service.LikeService.findEntityLikeCount].
2023-09-09 00:33:21,894 INFO [http-nio-8080-exec-5] c.n.c.a.ServiceLogAspect [ServiceLogAspect.java:36] 用户[0:0:0:0:0:0:0:1],在[2023-09-09 00:33:21],访问了[com.nowcoder.community.service.LikeService.findEntityLikeStatus].
2023-09-09 00:33:21,908 INFO [http-nio-8080-exec-5] c.n.c.a.ServiceLogAspect [ServiceLogAspect.java:36] 用户[0:0:0:0:0:0:0:1],在[2023-09-09 00:33:21],访问了[com.nowcoder.community.service.CommentService.findCommentsByEntity].
2023-09-09 00:33:21,912 INFO [http-nio-8080-exec-5] c.n.c.a.ServiceLogAspect [ServiceLogAspect.java:36] 用户[0:0:0:0:0:0:0:1],在[2023-09-09 00:33:21],访问了[com.nowcoder.community.service.UserService.findUserById].
2023-09-09 00:33:21,915 INFO [http-nio-8080-exec-5] c.n.c.a.ServiceLogAspect [ServiceLogAspect.java:36] 用户[0:0:0:0:0:0:0:1],在[2023-09-09 00:33:21],访问了[com.nowcoder.community.service.LikeService.findEntityLikeCount].
2023-09-09 00:33:21,916 INFO [http-nio-8080-exec-5] c.n.c.a.ServiceLogAspect [ServiceLogAspect.java:36] 用户[0:0:0:0:0:0:0:1],在[2023-09-09 00:33:21],访问了[com.nowcoder.community.service.LikeService.findEntityLikeStatus].
2023-09-09 00:33:21,918 INFO [http-nio-8080-exec-5] c.n.c.a.ServiceLogAspect [ServiceLogAspect.java:36] 用户[0:0:0:0:0:0:0:1],在[2023-09-09 00:33:21],访问了[com.nowcoder.community.service.CommentService.findCommentsByEntity].
2023-09-09 00:33:21,920 INFO [http-nio-8080-exec-5] c.n.c.a.ServiceLogAspect [ServiceLogAspect.java:36] 用户[0:0:0:0:0:0:0:1],在[2023-09-09 00:33:21],访问了[com.nowcoder.community.service.UserService.findUserById].
2023-09-09 00:33:21,922 INFO [http-nio-8080-exec-5] c.n.c.a.ServiceLogAspect [ServiceLogAspect.java:36] 用户[0:0:0:0:0:0:0:1],在[2023-09-09 00:33:21],访问了[com.nowcoder.community.service.LikeService.findEntityLikeCount].
2023-09-09 00:33:21,923 INFO [http-nio-8080-exec-5] c.n.c.a.ServiceLogAspect [ServiceLogAspect.java:36] 用户[0:0:0:0:0:0:0:1],在[2023-09-09 00:33:21],访问了[com.nowcoder.community.service.LikeService.findEntityLikeStatus].
2023-09-09 00:33:21,924 INFO [http-nio-8080-exec-5] c.n.c.a.ServiceLogAspect [ServiceLogAspect.java:36] 用户[0:0:0:0:0:0:0:1],在[2023-09-09 00:33:21],访问了[com.nowcoder.community.service.UserService.findUserById].
2023-09-09 00:33:21,927 INFO [http-nio-8080-exec-5] c.n.c.a.ServiceLogAspect [ServiceLogAspect.java:36] 用户[0:0:0:0:0:0:0:1],在[2023-09-09 00:33:21],访问了[com.nowcoder.community.service.LikeService.findEntityLikeCount].
2023-09-09 00:33:21,928 INFO [http-nio-8080-exec-5] c.n.c.a.ServiceLogAspect [ServiceLogAspect.java:36] 用户[0:0:0:0:0:0:0:1],在[2023-09-09 00:33:21],访问了[com.nowcoder.community.service.LikeService.findEntityLikeStatus].
2023-09-09 00:33:21,928 INFO [http-nio-8080-exec-5] c.n.c.a.ServiceLogAspect [ServiceLogAspect.java:36] 用户[0:0:0:0:0:0:0:1],在[2023-09-09 00:33:21],访问了[com.nowcoder.community.service.CommentService.findCommentCount].
2023-09-09 00:33:21,930 INFO [http-nio-8080-exec-5] c.n.c.a.ServiceLogAspect [ServiceLogAspect.java:36] 用户[0:0:0:0:0:0:0:1],在[2023-09-09 00:33:21],访问了[com.nowcoder.community.service.UserService.findUserById].
2023-09-09 00:33:21,932 INFO [http-nio-8080-exec-5] c.n.c.a.ServiceLogAspect [ServiceLogAspect.java:36] 用户[0:0:0:0:0:0:0:1],在[2023-09-09 00:33:21],访问了[com.nowcoder.community.service.LikeService.findEntityLikeCount].
2023-09-09 00:33:21,933 INFO [http-nio-8080-exec-5] c.n.c.a.ServiceLogAspect [ServiceLogAspect.java:36] 用户[0:0:0:0:0:0:0:1],在[2023-09-09 00:33:21],访问了[com.nowcoder.community.service.LikeService.findEntityLikeStatus].
2023-09-09 00:33:21,934 INFO [http-nio-8080-exec-5] c.n.c.a.ServiceLogAspect [ServiceLogAspect.java:36] 用户[0:0:0:0:0:0:0:1],在[2023-09-09 00:33:21],访问了[com.nowcoder.community.service.CommentService.findCommentsByEntity].
2023-09-09 00:33:21,936 INFO [http-nio-8080-exec-5] c.n.c.a.ServiceLogAspect [ServiceLogAspect.java:36] 用户[0:0:0:0:0:0:0:1],在[2023-09-09 00:33:21],访问了[com.nowcoder.community.service.CommentService.findCommentCount].
2023-09-09 00:33:21,937 INFO [http-nio-8080-exec-5] c.n.c.a.ServiceLogAspect [ServiceLogAspect.java:36] 用户[0:0:0:0:0:0:0:1],在[2023-09-09 00:33:21],访问了[com.nowcoder.community.service.UserService.findUserById].
2023-09-09 00:33:21,940 INFO [http-nio-8080-exec-5] c.n.c.a.ServiceLogAspect [ServiceLogAspect.java:36] 用户[0:0:0:0:0:0:0:1],在[2023-09-09 00:33:21],访问了[com.nowcoder.community.service.LikeService.findEntityLikeCount].
2023-09-09 00:33:21,941 INFO [http-nio-8080-exec-5] c.n.c.a.ServiceLogAspect [ServiceLogAspect.java:36] 用户[0:0:0:0:0:0:0:1],在[2023-09-09 00:33:21],访问了[com.nowcoder.community.service.LikeService.findEntityLikeStatus].
2023-09-09 00:33:21,942 INFO [http-nio-8080-exec-5] c.n.c.a.ServiceLogAspect [ServiceLogAspect.java:36] 用户[0:0:0:0:0:0:0:1],在[2023-09-09 00:33:21],访问了[com.nowcoder.community.service.CommentService.findCommentsByEntity].
2023-09-09 00:33:21,944 INFO [http-nio-8080-exec-5] c.n.c.a.ServiceLogAspect [ServiceLogAspect.java:36] 用户[0:0:0:0:0:0:0:1],在[2023-09-09 00:33:21],访问了[com.nowcoder.community.service.CommentService.findCommentCount].
2023-09-09 00:33:21,946 INFO [http-nio-8080-exec-5] c.n.c.a.ServiceLogAspect [ServiceLogAspect.java:36] 用户[0:0:0:0:0:0:0:1],在[2023-09-09 00:33:21],访问了[com.nowcoder.community.service.UserService.findUserById].
2023-09-09 00:33:21,947 INFO [http-nio-8080-exec-5] c.n.c.a.ServiceLogAspect [ServiceLogAspect.java:36] 用户[0:0:0:0:0:0:0:1],在[2023-09-09 00:33:21],访问了[com.nowcoder.community.service.LikeService.findEntityLikeCount].
2023-09-09 00:33:21,948 INFO [http-nio-8080-exec-5] c.n.c.a.ServiceLogAspect [ServiceLogAspect.java:36] 用户[0:0:0:0:0:0:0:1],在[2023-09-09 00:33:21],访问了[com.nowcoder.community.service.LikeService.findEntityLikeStatus].
2023-09-09 00:33:21,948 INFO [http-nio-8080-exec-5] c.n.c.a.ServiceLogAspect [ServiceLogAspect.java:36] 用户[0:0:0:0:0:0:0:1],在[2023-09-09 00:33:21],访问了[com.nowcoder.community.service.CommentService.findCommentsByEntity].
2023-09-09 00:33:21,950 INFO [http-nio-8080-exec-5] c.n.c.a.ServiceLogAspect [ServiceLogAspect.java:36] 用户[0:0:0:0:0:0:0:1],在[2023-09-09 00:33:21],访问了[com.nowcoder.community.service.CommentService.findCommentCount].
2023-09-09 00:33:21,951 INFO [http-nio-8080-exec-5] c.n.c.a.ServiceLogAspect [ServiceLogAspect.java:36] 用户[0:0:0:0:0:0:0:1],在[2023-09-09 00:33:21],访问了[com.nowcoder.community.service.UserService.findUserById].
2023-09-09 00:33:21,953 INFO [http-nio-8080-exec-5] c.n.c.a.ServiceLogAspect [ServiceLogAspect.java:36] 用户[0:0:0:0:0:0:0:1],在[2023-09-09 00:33:21],访问了[com.nowcoder.community.service.LikeService.findEntityLikeCount].
2023-09-09 00:33:21,955 INFO [http-nio-8080-exec-5] c.n.c.a.ServiceLogAspect [ServiceLogAspect.java:36] 用户[0:0:0:0:0:0:0:1],在[2023-09-09 00:33:21],访问了[com.nowcoder.community.service.LikeService.findEntityLikeStatus].
2023-09-09 00:33:21,955 INFO [http-nio-8080-exec-5] c.n.c.a.ServiceLogAspect [ServiceLogAspect.java:36] 用户[0:0:0:0:0:0:0:1],在[2023-09-09 00:33:21],访问了[com.nowcoder.community.service.CommentService.findCommentsByEntity].
2023-09-09 00:33:21,957 INFO [http-nio-8080-exec-5] c.n.c.a.ServiceLogAspect [ServiceLogAspect.java:36] 用户[0:0:0:0:0:0:0:1],在[2023-09-09 00:33:21],访问了[com.nowcoder.community.service.CommentService.findCommentCount].
2023-09-09 00:33:26,655 INFO [http-nio-8080-exec-2] c.n.c.a.ServiceLogAspect [ServiceLogAspect.java:36] 用户[0:0:0:0:0:0:0:1],在[2023-09-09 00:33:26],访问了[com.nowcoder.community.service.UserService.findLoginTicket].
2023-09-09 00:33:26,661 INFO [http-nio-8080-exec-2] c.n.c.a.ServiceLogAspect [ServiceLogAspect.java:36] 用户[0:0:0:0:0:0:0:1],在[2023-09-09 00:33:26],访问了[com.nowcoder.community.service.UserService.findUserById].
2023-09-09 00:33:26,668 INFO [http-nio-8080-exec-2] c.n.c.a.ServiceLogAspect [ServiceLogAspect.java:36] 用户[0:0:0:0:0:0:0:1],在[2023-09-09 00:33:26],访问了[com.nowcoder.community.service.DiscussPostService.findDiscussPostRows].
2023-09-09 00:33:26,670 INFO [http-nio-8080-exec-2] c.n.c.a.ServiceLogAspect [ServiceLogAspect.java:36] 用户[0:0:0:0:0:0:0:1],在[2023-09-09 00:33:26],访问了[com.nowcoder.community.service.DiscussPostService.findDiscussPosts].
2023-09-09 00:33:26,674 INFO [http-nio-8080-exec-2] c.n.c.a.ServiceLogAspect [ServiceLogAspect.java:36] 用户[0:0:0:0:0:0:0:1],在[2023-09-09 00:33:26],访问了[com.nowcoder.community.service.UserService.findUserById].
2023-09-09 00:33:26,676 INFO [http-nio-8080-exec-2] c.n.c.a.ServiceLogAspect [ServiceLogAspect.java:36] 用户[0:0:0:0:0:0:0:1],在[2023-09-09 00:33:26],访问了[com.nowcoder.community.service.LikeService.findEntityLikeCount].
2023-09-09 00:33:26,678 INFO [http-nio-8080-exec-2] c.n.c.a.ServiceLogAspect [ServiceLogAspect.java:36] 用户[0:0:0:0:0:0:0:1],在[2023-09-09 00:33:26],访问了[com.nowcoder.community.service.UserService.findUserById].
2023-09-09 00:33:26,680 INFO [http-nio-8080-exec-2] c.n.c.a.ServiceLogAspect [ServiceLogAspect.java:36] 用户[0:0:0:0:0:0:0:1],在[2023-09-09 00:33:26],访问了[com.nowcoder.community.service.LikeService.findEntityLikeCount].
2023-09-09 00:33:26,681 INFO [http-nio-8080-exec-2] c.n.c.a.ServiceLogAspect [ServiceLogAspect.java:36] 用户[0:0:0:0:0:0:0:1],在[2023-09-09 00:33:26],访问了[com.nowcoder.community.service.UserService.findUserById].
2023-09-09 00:33:26,683 INFO [http-nio-8080-exec-2] c.n.c.a.ServiceLogAspect [ServiceLogAspect.java:36] 用户[0:0:0:0:0:0:0:1],在[2023-09-09 00:33:26],访问了[com.nowcoder.community.service.LikeService.findEntityLikeCount].
2023-09-09 00:33:26,684 INFO [http-nio-8080-exec-2] c.n.c.a.ServiceLogAspect [ServiceLogAspect.java:36] 用户[0:0:0:0:0:0:0:1],在[2023-09-09 00:33:26],访问了[com.nowcoder.community.service.UserService.findUserById].
2023-09-09 00:33:26,687 INFO [http-nio-8080-exec-2] c.n.c.a.ServiceLogAspect [ServiceLogAspect.java:36] 用户[0:0:0:0:0:0:0:1],在[2023-09-09 00:33:26],访问了[com.nowcoder.community.service.LikeService.findEntityLikeCount].
2023-09-09 00:33:26,688 INFO [http-nio-8080-exec-2] c.n.c.a.ServiceLogAspect [ServiceLogAspect.java:36] 用户[0:0:0:0:0:0:0:1],在[2023-09-09 00:33:26],访问了[com.nowcoder.community.service.UserService.findUserById].
2023-09-09 00:33:26,689 INFO [http-nio-8080-exec-2] c.n.c.a.ServiceLogAspect [ServiceLogAspect.java:36] 用户[0:0:0:0:0:0:0:1],在[2023-09-09 00:33:26],访问了[com.nowcoder.community.service.LikeService.findEntityLikeCount].
2023-09-09 00:33:26,690 INFO [http-nio-8080-exec-2] c.n.c.a.ServiceLogAspect [ServiceLogAspect.java:36] 用户[0:0:0:0:0:0:0:1],在[2023-09-09 00:33:26],访问了[com.nowcoder.community.service.UserService.findUserById].
2023-09-09 00:33:26,692 INFO [http-nio-8080-exec-2] c.n.c.a.ServiceLogAspect [ServiceLogAspect.java:36] 用户[0:0:0:0:0:0:0:1],在[2023-09-09 00:33:26],访问了[com.nowcoder.community.service.LikeService.findEntityLikeCount].
2023-09-09 00:33:26,693 INFO [http-nio-8080-exec-2] c.n.c.a.ServiceLogAspect [ServiceLogAspect.java:36] 用户[0:0:0:0:0:0:0:1],在[2023-09-09 00:33:26],访问了[com.nowcoder.community.service.UserService.findUserById].
2023-09-09 00:33:26,694 INFO [http-nio-8080-exec-2] c.n.c.a.ServiceLogAspect [ServiceLogAspect.java:36] 用户[0:0:0:0:0:0:0:1],在[2023-09-09 00:33:26],访问了[com.nowcoder.community.service.LikeService.findEntityLikeCount].
2023-09-09 00:33:26,695 INFO [http-nio-8080-exec-2] c.n.c.a.ServiceLogAspect [ServiceLogAspect.java:36] 用户[0:0:0:0:0:0:0:1],在[2023-09-09 00:33:26],访问了[com.nowcoder.community.service.UserService.findUserById].
2023-09-09 00:33:26,697 INFO [http-nio-8080-exec-2] c.n.c.a.ServiceLogAspect [ServiceLogAspect.java:36] 用户[0:0:0:0:0:0:0:1],在[2023-09-09 00:33:26],访问了[com.nowcoder.community.service.LikeService.findEntityLikeCount].
2023-09-09 00:33:26,697 INFO [http-nio-8080-exec-2] c.n.c.a.ServiceLogAspect [ServiceLogAspect.java:36] 用户[0:0:0:0:0:0:0:1],在[2023-09-09 00:33:26],访问了[com.nowcoder.community.service.UserService.findUserById].
2023-09-09 00:33:26,699 INFO [http-nio-8080-exec-2] c.n.c.a.ServiceLogAspect [ServiceLogAspect.java:36] 用户[0:0:0:0:0:0:0:1],在[2023-09-09 00:33:26],访问了[com.nowcoder.community.service.LikeService.findEntityLikeCount].
2023-09-09 00:33:26,700 INFO [http-nio-8080-exec-2] c.n.c.a.ServiceLogAspect [ServiceLogAspect.java:36] 用户[0:0:0:0:0:0:0:1],在[2023-09-09 00:33:26],访问了[com.nowcoder.community.service.UserService.findUserById].
2023-09-09 00:33:26,702 INFO [http-nio-8080-exec-2] c.n.c.a.ServiceLogAspect [ServiceLogAspect.java:36] 用户[0:0:0:0:0:0:0:1],在[2023-09-09 00:33:26],访问了[com.nowcoder.community.service.LikeService.findEntityLikeCount].
2023-09-09 00:33:35,521 INFO [http-nio-8080-exec-9] c.n.c.a.ServiceLogAspect [ServiceLogAspect.java:36] 用户[0:0:0:0:0:0:0:1],在[2023-09-09 00:33:35],访问了[com.nowcoder.community.service.UserService.findLoginTicket].
2023-09-09 00:33:35,525 INFO [http-nio-8080-exec-9] c.n.c.a.ServiceLogAspect [ServiceLogAspect.java:36] 用户[0:0:0:0:0:0:0:1],在[2023-09-09 00:33:35],访问了[com.nowcoder.community.service.UserService.findUserById].
2023-09-09 00:33:35,527 INFO [http-nio-8080-exec-9] c.n.c.a.ServiceLogAspect [ServiceLogAspect.java:36] 用户[0:0:0:0:0:0:0:1],在[2023-09-09 00:33:35],访问了[com.nowcoder.community.service.DiscussPostService.findDiscussPostById].
2023-09-09 00:33:35,529 INFO [http-nio-8080-exec-9] c.n.c.a.ServiceLogAspect [ServiceLogAspect.java:36] 用户[0:0:0:0:0:0:0:1],在[2023-09-09 00:33:35],访问了[com.nowcoder.community.service.UserService.findUserById].
2023-09-09 00:33:35,530 INFO [http-nio-8080-exec-9] c.n.c.a.ServiceLogAspect [ServiceLogAspect.java:36] 用户[0:0:0:0:0:0:0:1],在[2023-09-09 00:33:35],访问了[com.nowcoder.community.service.LikeService.findEntityLikeCount].
2023-09-09 00:33:35,532 INFO [http-nio-8080-exec-9] c.n.c.a.ServiceLogAspect [ServiceLogAspect.java:36] 用户[0:0:0:0:0:0:0:1],在[2023-09-09 00:33:35],访问了[com.nowcoder.community.service.LikeService.findEntityLikeStatus].
2023-09-09 00:33:35,532 INFO [http-nio-8080-exec-9] c.n.c.a.ServiceLogAspect [ServiceLogAspect.java:36] 用户[0:0:0:0:0:0:0:1],在[2023-09-09 00:33:35],访问了[com.nowcoder.community.service.CommentService.findCommentsByEntity].
2023-09-09 00:33:35,536 INFO [http-nio-8080-exec-9] c.n.c.a.ServiceLogAspect [ServiceLogAspect.java:36] 用户[0:0:0:0:0:0:0:1],在[2023-09-09 00:33:35],访问了[com.nowcoder.community.service.UserService.findUserById].
2023-09-09 00:33:35,537 INFO [http-nio-8080-exec-9] c.n.c.a.ServiceLogAspect [ServiceLogAspect.java:36] 用户[0:0:0:0:0:0:0:1],在[2023-09-09 00:33:35],访问了[com.nowcoder.community.service.LikeService.findEntityLikeCount].
2023-09-09 00:33:35,538 INFO [http-nio-8080-exec-9] c.n.c.a.ServiceLogAspect [ServiceLogAspect.java:36] 用户[0:0:0:0:0:0:0:1],在[2023-09-09 00:33:35],访问了[com.nowcoder.community.service.LikeService.findEntityLikeStatus].
2023-09-09 00:33:35,539 INFO [http-nio-8080-exec-9] c.n.c.a.ServiceLogAspect [ServiceLogAspect.java:36] 用户[0:0:0:0:0:0:0:1],在[2023-09-09 00:33:35],访问了[com.nowcoder.community.service.CommentService.findCommentsByEntity].
2023-09-09 00:33:35,542 INFO [http-nio-8080-exec-9] c.n.c.a.ServiceLogAspect [ServiceLogAspect.java:36] 用户[0:0:0:0:0:0:0:1],在[2023-09-09 00:33:35],访问了[com.nowcoder.community.service.UserService.findUserById].
2023-09-09 00:33:35,543 INFO [http-nio-8080-exec-9] c.n.c.a.ServiceLogAspect [ServiceLogAspect.java:36] 用户[0:0:0:0:0:0:0:1],在[2023-09-09 00:33:35],访问了[com.nowcoder.community.service.LikeService.findEntityLikeCount].
2023-09-09 00:33:35,544 INFO [http-nio-8080-exec-9] c.n.c.a.ServiceLogAspect [ServiceLogAspect.java:36] 用户[0:0:0:0:0:0:0:1],在[2023-09-09 00:33:35],访问了[com.nowcoder.community.service.LikeService.findEntityLikeStatus].
2023-09-09 00:33:35,545 INFO [http-nio-8080-exec-9] c.n.c.a.ServiceLogAspect [ServiceLogAspect.java:36] 用户[0:0:0:0:0:0:0:1],在[2023-09-09 00:33:35],访问了[com.nowcoder.community.service.UserService.findUserById].
2023-09-09 00:33:35,547 INFO [http-nio-8080-exec-9] c.n.c.a.ServiceLogAspect [ServiceLogAspect.java:36] 用户[0:0:0:0:0:0:0:1],在[2023-09-09 00:33:35],访问了[com.nowcoder.community.service.LikeService.findEntityLikeCount].
2023-09-09 00:33:35,548 INFO [http-nio-8080-exec-9] c.n.c.a.ServiceLogAspect [ServiceLogAspect.java:36] 用户[0:0:0:0:0:0:0:1],在[2023-09-09 00:33:35],访问了[com.nowcoder.community.service.LikeService.findEntityLikeStatus].
2023-09-09 00:33:35,548 INFO [http-nio-8080-exec-9] c.n.c.a.ServiceLogAspect [ServiceLogAspect.java:36] 用户[0:0:0:0:0:0:0:1],在[2023-09-09 00:33:35],访问了[com.nowcoder.community.service.CommentService.findCommentCount].
2023-09-09 00:33:35,549 INFO [http-nio-8080-exec-9] c.n.c.a.ServiceLogAspect [ServiceLogAspect.java:36] 用户[0:0:0:0:0:0:0:1],在[2023-09-09 00:33:35],访问了[com.nowcoder.community.service.UserService.findUserById].
2023-09-09 00:33:35,552 INFO [http-nio-8080-exec-9] c.n.c.a.ServiceLogAspect [ServiceLogAspect.java:36] 用户[0:0:0:0:0:0:0:1],在[2023-09-09 00:33:35],访问了[com.nowcoder.community.service.LikeService.findEntityLikeCount].
2023-09-09 00:33:35,553 INFO [http-nio-8080-exec-9] c.n.c.a.ServiceLogAspect [ServiceLogAspect.java:36] 用户[0:0:0:0:0:0:0:1],在[2023-09-09 00:33:35],访问了[com.nowcoder.community.service.LikeService.findEntityLikeStatus].
2023-09-09 00:33:35,554 INFO [http-nio-8080-exec-9] c.n.c.a.ServiceLogAspect [ServiceLogAspect.java:36] 用户[0:0:0:0:0:0:0:1],在[2023-09-09 00:33:35],访问了[com.nowcoder.community.service.CommentService.findCommentsByEntity].
2023-09-09 00:33:35,556 INFO [http-nio-8080-exec-9] c.n.c.a.ServiceLogAspect [ServiceLogAspect.java:36] 用户[0:0:0:0:0:0:0:1],在[2023-09-09 00:33:35],访问了[com.nowcoder.community.service.CommentService.findCommentCount].
2023-09-09 00:33:35,558 INFO [http-nio-8080-exec-9] c.n.c.a.ServiceLogAspect [ServiceLogAspect.java:36] 用户[0:0:0:0:0:0:0:1],在[2023-09-09 00:33:35],访问了[com.nowcoder.community.service.UserService.findUserById].
2023-09-09 00:33:35,559 INFO [http-nio-8080-exec-9] c.n.c.a.ServiceLogAspect [ServiceLogAspect.java:36] 用户[0:0:0:0:0:0:0:1],在[2023-09-09 00:33:35],访问了[com.nowcoder.community.service.LikeService.findEntityLikeCount].
2023-09-09 00:33:35,560 INFO [http-nio-8080-exec-9] c.n.c.a.ServiceLogAspect [ServiceLogAspect.java:36] 用户[0:0:0:0:0:0:0:1],在[2023-09-09 00:33:35],访问了[com.nowcoder.community.service.LikeService.findEntityLikeStatus].
2023-09-09 00:33:35,561 INFO [http-nio-8080-exec-9] c.n.c.a.ServiceLogAspect [ServiceLogAspect.java:36] 用户[0:0:0:0:0:0:0:1],在[2023-09-09 00:33:35],访问了[com.nowcoder.community.service.CommentService.findCommentsByEntity].
2023-09-09 00:33:35,563 INFO [http-nio-8080-exec-9] c.n.c.a.ServiceLogAspect [ServiceLogAspect.java:36] 用户[0:0:0:0:0:0:0:1],在[2023-09-09 00:33:35],访问了[com.nowcoder.community.service.CommentService.findCommentCount].
2023-09-09 00:33:35,564 INFO [http-nio-8080-exec-9] c.n.c.a.ServiceLogAspect [ServiceLogAspect.java:36] 用户[0:0:0:0:0:0:0:1],在[2023-09-09 00:33:35],访问了[com.nowcoder.community.service.UserService.findUserById].
2023-09-09 00:33:35,565 INFO [http-nio-8080-exec-9] c.n.c.a.ServiceLogAspect [ServiceLogAspect.java:36] 用户[0:0:0:0:0:0:0:1],在[2023-09-09 00:33:35],访问了[com.nowcoder.community.service.LikeService.findEntityLikeCount].
2023-09-09 00:33:35,566 INFO [http-nio-8080-exec-9] c.n.c.a.ServiceLogAspect [ServiceLogAspect.java:36] 用户[0:0:0:0:0:0:0:1],在[2023-09-09 00:33:35],访问了[com.nowcoder.community.service.LikeService.findEntityLikeStatus].
2023-09-09 00:33:35,567 INFO [http-nio-8080-exec-9] c.n.c.a.ServiceLogAspect [ServiceLogAspect.java:36] 用户[0:0:0:0:0:0:0:1],在[2023-09-09 00:33:35],访问了[com.nowcoder.community.service.CommentService.findCommentsByEntity].
2023-09-09 00:33:35,568 INFO [http-nio-8080-exec-9] c.n.c.a.ServiceLogAspect [ServiceLogAspect.java:36] 用户[0:0:0:0:0:0:0:1],在[2023-09-09 00:33:35],访问了[com.nowcoder.community.service.CommentService.findCommentCount].
2023-09-09 00:33:35,570 INFO [http-nio-8080-exec-9] c.n.c.a.ServiceLogAspect [ServiceLogAspect.java:36] 用户[0:0:0:0:0:0:0:1],在[2023-09-09 00:33:35],访问了[com.nowcoder.community.service.UserService.findUserById].
2023-09-09 00:33:35,572 INFO [http-nio-8080-exec-9] c.n.c.a.ServiceLogAspect [ServiceLogAspect.java:36] 用户[0:0:0:0:0:0:0:1],在[2023-09-09 00:33:35],访问了[com.nowcoder.community.service.LikeService.findEntityLikeCount].
2023-09-09 00:33:35,573 INFO [http-nio-8080-exec-9] c.n.c.a.ServiceLogAspect [ServiceLogAspect.java:36] 用户[0:0:0:0:0:0:0:1],在[2023-09-09 00:33:35],访问了[com.nowcoder.community.service.LikeService.findEntityLikeStatus].
2023-09-09 00:33:35,574 INFO [http-nio-8080-exec-9] c.n.c.a.ServiceLogAspect [ServiceLogAspect.java:36] 用户[0:0:0:0:0:0:0:1],在[2023-09-09 00:33:35],访问了[com.nowcoder.community.service.CommentService.findCommentsByEntity].
2023-09-09 00:33:35,575 INFO [http-nio-8080-exec-9] c.n.c.a.ServiceLogAspect [ServiceLogAspect.java:36] 用户[0:0:0:0:0:0:0:1],在[2023-09-09 00:33:35],访问了[com.nowcoder.community.service.CommentService.findCommentCount].
2023-09-09 00:33:37,521 INFO [http-nio-8080-exec-3] c.n.c.a.ServiceLogAspect [ServiceLogAspect.java:36] 用户[0:0:0:0:0:0:0:1],在[2023-09-09 00:33:37],访问了[com.nowcoder.community.service.UserService.findLoginTicket].
2023-09-09 00:33:37,523 INFO [http-nio-8080-exec-3] c.n.c.a.ServiceLogAspect [ServiceLogAspect.java:36] 用户[0:0:0:0:0:0:0:1],在[2023-09-09 00:33:37],访问了[com.nowcoder.community.service.UserService.findUserById].
2023-09-09 00:33:37,524 INFO [http-nio-8080-exec-3] c.n.c.a.ServiceLogAspect [ServiceLogAspect.java:36] 用户[0:0:0:0:0:0:0:1],在[2023-09-09 00:33:37],访问了[com.nowcoder.community.service.LikeService.like].
2023-09-09 00:33:37,526 INFO [http-nio-8080-exec-3] c.n.c.a.ServiceLogAspect [ServiceLogAspect.java:36] 用户[0:0:0:0:0:0:0:1],在[2023-09-09 00:33:37],访问了[com.nowcoder.community.service.LikeService.findEntityLikeCount].
2023-09-09 00:33:37,527 INFO [http-nio-8080-exec-3] c.n.c.a.ServiceLogAspect [ServiceLogAspect.java:36] 用户[0:0:0:0:0:0:0:1],在[2023-09-09 00:33:37],访问了[com.nowcoder.community.service.LikeService.findEntityLikeStatus].
2023-09-09 00:33:38,656 INFO [http-nio-8080-exec-6] c.n.c.a.ServiceLogAspect [ServiceLogAspect.java:36] 用户[0:0:0:0:0:0:0:1],在[2023-09-09 00:33:38],访问了[com.nowcoder.community.service.UserService.findLoginTicket].
2023-09-09 00:33:38,659 INFO [http-nio-8080-exec-6] c.n.c.a.ServiceLogAspect [ServiceLogAspect.java:36] 用户[0:0:0:0:0:0:0:1],在[2023-09-09 00:33:38],访问了[com.nowcoder.community.service.UserService.findUserById].
2023-09-09 00:33:38,661 INFO [http-nio-8080-exec-6] c.n.c.a.ServiceLogAspect [ServiceLogAspect.java:36] 用户[0:0:0:0:0:0:0:1],在[2023-09-09 00:33:38],访问了[com.nowcoder.community.service.LikeService.like].
2023-09-09 00:33:38,664 INFO [http-nio-8080-exec-6] c.n.c.a.ServiceLogAspect [ServiceLogAspect.java:36] 用户[0:0:0:0:0:0:0:1],在[2023-09-09 00:33:38],访问了[com.nowcoder.community.service.LikeService.findEntityLikeCount].
2023-09-09 00:33:38,665 INFO [http-nio-8080-exec-6] c.n.c.a.ServiceLogAspect [ServiceLogAspect.java:36] 用户[0:0:0:0:0:0:0:1],在[2023-09-09 00:33:38],访问了[com.nowcoder.community.service.LikeService.findEntityLikeStatus].
2023-09-09 00:33:39,232 INFO [http-nio-8080-exec-5] c.n.c.a.ServiceLogAspect [ServiceLogAspect.java:36] 用户[0:0:0:0:0:0:0:1],在[2023-09-09 00:33:39],访问了[com.nowcoder.community.service.UserService.findLoginTicket].
2023-09-09 00:33:39,235 INFO [http-nio-8080-exec-5] c.n.c.a.ServiceLogAspect [ServiceLogAspect.java:36] 用户[0:0:0:0:0:0:0:1],在[2023-09-09 00:33:39],访问了[com.nowcoder.community.service.UserService.findUserById].
2023-09-09 00:33:39,238 INFO [http-nio-8080-exec-5] c.n.c.a.ServiceLogAspect [ServiceLogAspect.java:36] 用户[0:0:0:0:0:0:0:1],在[2023-09-09 00:33:39],访问了[com.nowcoder.community.service.LikeService.like].
2023-09-09 00:33:39,240 INFO [http-nio-8080-exec-5] c.n.c.a.ServiceLogAspect [ServiceLogAspect.java:36] 用户[0:0:0:0:0:0:0:1],在[2023-09-09 00:33:39],访问了[com.nowcoder.community.service.LikeService.findEntityLikeCount].
2023-09-09 00:33:39,241 INFO [http-nio-8080-exec-5] c.n.c.a.ServiceLogAspect [ServiceLogAspect.java:36] 用户[0:0:0:0:0:0:0:1],在[2023-09-09 00:33:39],访问了[com.nowcoder.community.service.LikeService.findEntityLikeStatus].
2023-09-09 00:33:47,455 INFO [http-nio-8080-exec-4] c.n.c.a.ServiceLogAspect [ServiceLogAspect.java:36] 用户[0:0:0:0:0:0:0:1],在[2023-09-09 00:33:47],访问了[com.nowcoder.community.service.UserService.findLoginTicket].
2023-09-09 00:33:47,458 INFO [http-nio-8080-exec-4] c.n.c.a.ServiceLogAspect [ServiceLogAspect.java:36] 用户[0:0:0:0:0:0:0:1],在[2023-09-09 00:33:47],访问了[com.nowcoder.community.service.UserService.findUserById].
2023-09-09 00:33:47,463 INFO [http-nio-8080-exec-4] c.n.c.a.ServiceLogAspect [ServiceLogAspect.java:36] 用户[0:0:0:0:0:0:0:1],在[2023-09-09 00:33:47],访问了[com.nowcoder.community.service.UserService.logout].
2023-09-09 00:33:47,513 INFO [http-nio-8080-exec-8] c.n.c.a.ServiceLogAspect [ServiceLogAspect.java:36] 用户[0:0:0:0:0:0:0:1],在[2023-09-09 00:33:47],访问了[com.nowcoder.community.service.UserService.findLoginTicket].
2023-09-09 00:33:47,537 INFO [http-nio-8080-exec-1] c.n.c.a.ServiceLogAspect [ServiceLogAspect.java:36] 用户[0:0:0:0:0:0:0:1],在[2023-09-09 00:33:47],访问了[com.nowcoder.community.service.UserService.findLoginTicket].
2023-09-09 00:33:51,503 INFO [http-nio-8080-exec-2] c.n.c.a.ServiceLogAspect [ServiceLogAspect.java:36] 用户[0:0:0:0:0:0:0:1],在[2023-09-09 00:33:51],访问了[com.nowcoder.community.service.UserService.findLoginTicket].
2023-09-09 00:33:51,505 INFO [http-nio-8080-exec-2] c.n.c.a.ServiceLogAspect [ServiceLogAspect.java:36] 用户[0:0:0:0:0:0:0:1],在[2023-09-09 00:33:51],访问了[com.nowcoder.community.service.DiscussPostService.findDiscussPostRows].
2023-09-09 00:33:51,508 INFO [http-nio-8080-exec-2] c.n.c.a.ServiceLogAspect [ServiceLogAspect.java:36] 用户[0:0:0:0:0:0:0:1],在[2023-09-09 00:33:51],访问了[com.nowcoder.community.service.DiscussPostService.findDiscussPosts].
2023-09-09 00:33:51,514 INFO [http-nio-8080-exec-2] c.n.c.a.ServiceLogAspect [ServiceLogAspect.java:36] 用户[0:0:0:0:0:0:0:1],在[2023-09-09 00:33:51],访问了[com.nowcoder.community.service.UserService.findUserById].
2023-09-09 00:33:51,517 INFO [http-nio-8080-exec-2] c.n.c.a.ServiceLogAspect [ServiceLogAspect.java:36] 用户[0:0:0:0:0:0:0:1],在[2023-09-09 00:33:51],访问了[com.nowcoder.community.service.LikeService.findEntityLikeCount].
2023-09-09 00:33:51,518 INFO [http-nio-8080-exec-2] c.n.c.a.ServiceLogAspect [ServiceLogAspect.java:36] 用户[0:0:0:0:0:0:0:1],在[2023-09-09 00:33:51],访问了[com.nowcoder.community.service.UserService.findUserById].
2023-09-09 00:33:51,521 INFO [http-nio-8080-exec-2] c.n.c.a.ServiceLogAspect [ServiceLogAspect.java:36] 用户[0:0:0:0:0:0:0:1],在[2023-09-09 00:33:51],访问了[com.nowcoder.community.service.LikeService.findEntityLikeCount].
2023-09-09 00:33:51,522 INFO [http-nio-8080-exec-2] c.n.c.a.ServiceLogAspect [ServiceLogAspect.java:36] 用户[0:0:0:0:0:0:0:1],在[2023-09-09 00:33:51],访问了[com.nowcoder.community.service.UserService.findUserById].
2023-09-09 00:33:51,525 INFO [http-nio-8080-exec-2] c.n.c.a.ServiceLogAspect [ServiceLogAspect.java:36] 用户[0:0:0:0:0:0:0:1],在[2023-09-09 00:33:51],访问了[com.nowcoder.community.service.LikeService.findEntityLikeCount].
2023-09-09 00:33:51,526 INFO [http-nio-8080-exec-2] c.n.c.a.ServiceLogAspect [ServiceLogAspect.java:36] 用户[0:0:0:0:0:0:0:1],在[2023-09-09 00:33:51],访问了[com.nowcoder.community.service.UserService.findUserById].
2023-09-09 00:33:51,529 INFO [http-nio-8080-exec-2] c.n.c.a.ServiceLogAspect [ServiceLogAspect.java:36] 用户[0:0:0:0:0:0:0:1],在[2023-09-09 00:33:51],访问了[com.nowcoder.community.service.LikeService.findEntityLikeCount].
2023-09-09 00:33:51,530 INFO [http-nio-8080-exec-2] c.n.c.a.ServiceLogAspect [ServiceLogAspect.java:36] 用户[0:0:0:0:0:0:0:1],在[2023-09-09 00:33:51],访问了[com.nowcoder.community.service.UserService.findUserById].
2023-09-09 00:33:51,531 INFO [http-nio-8080-exec-2] c.n.c.a.ServiceLogAspect [ServiceLogAspect.java:36] 用户[0:0:0:0:0:0:0:1],在[2023-09-09 00:33:51],访问了[com.nowcoder.community.service.LikeService.findEntityLikeCount].
2023-09-09 00:33:51,532 INFO [http-nio-8080-exec-2] c.n.c.a.ServiceLogAspect [ServiceLogAspect.java:36] 用户[0:0:0:0:0:0:0:1],在[2023-09-09 00:33:51],访问了[com.nowcoder.community.service.UserService.findUserById].
2023-09-09 00:33:51,534 INFO [http-nio-8080-exec-2] c.n.c.a.ServiceLogAspect [ServiceLogAspect.java:36] 用户[0:0:0:0:0:0:0:1],在[2023-09-09 00:33:51],访问了[com.nowcoder.community.service.LikeService.findEntityLikeCount].
2023-09-09 00:33:51,536 INFO [http-nio-8080-exec-2] c.n.c.a.ServiceLogAspect [ServiceLogAspect.java:36] 用户[0:0:0:0:0:0:0:1],在[2023-09-09 00:33:51],访问了[com.nowcoder.community.service.UserService.findUserById].
2023-09-09 00:33:51,538 INFO [http-nio-8080-exec-2] c.n.c.a.ServiceLogAspect [ServiceLogAspect.java:36] 用户[0:0:0:0:0:0:0:1],在[2023-09-09 00:33:51],访问了[com.nowcoder.community.service.LikeService.findEntityLikeCount].
2023-09-09 00:33:51,539 INFO [http-nio-8080-exec-2] c.n.c.a.ServiceLogAspect [ServiceLogAspect.java:36] 用户[0:0:0:0:0:0:0:1],在[2023-09-09 00:33:51],访问了[com.nowcoder.community.service.UserService.findUserById].
2023-09-09 00:33:51,541 INFO [http-nio-8080-exec-2] c.n.c.a.ServiceLogAspect [ServiceLogAspect.java:36] 用户[0:0:0:0:0:0:0:1],在[2023-09-09 00:33:51],访问了[com.nowcoder.community.service.LikeService.findEntityLikeCount].
2023-09-09 00:33:51,542 INFO [http-nio-8080-exec-2] c.n.c.a.ServiceLogAspect [ServiceLogAspect.java:36] 用户[0:0:0:0:0:0:0:1],在[2023-09-09 00:33:51],访问了[com.nowcoder.community.service.UserService.findUserById].
2023-09-09 00:33:51,545 INFO [http-nio-8080-exec-2] c.n.c.a.ServiceLogAspect [ServiceLogAspect.java:36] 用户[0:0:0:0:0:0:0:1],在[2023-09-09 00:33:51],访问了[com.nowcoder.community.service.LikeService.findEntityLikeCount].
2023-09-09 00:33:51,546 INFO [http-nio-8080-exec-2] c.n.c.a.ServiceLogAspect [ServiceLogAspect.java:36] 用户[0:0:0:0:0:0:0:1],在[2023-09-09 00:33:51],访问了[com.nowcoder.community.service.UserService.findUserById].
2023-09-09 00:33:51,547 INFO [http-nio-8080-exec-2] c.n.c.a.ServiceLogAspect [ServiceLogAspect.java:36] 用户[0:0:0:0:0:0:0:1],在[2023-09-09 00:33:51],访问了[com.nowcoder.community.service.LikeService.findEntityLikeCount].
2023-09-09 00:33:52,702 INFO [http-nio-8080-exec-8] c.n.c.a.ServiceLogAspect [ServiceLogAspect.java:36] 用户[0:0:0:0:0:0:0:1],在[2023-09-09 00:33:52],访问了[com.nowcoder.community.service.UserService.findLoginTicket].
2023-09-09 00:33:52,705 INFO [http-nio-8080-exec-8] c.n.c.a.ServiceLogAspect [ServiceLogAspect.java:36] 用户[0:0:0:0:0:0:0:1],在[2023-09-09 00:33:52],访问了[com.nowcoder.community.service.DiscussPostService.findDiscussPostById].
2023-09-09 00:33:52,708 INFO [http-nio-8080-exec-8] c.n.c.a.ServiceLogAspect [ServiceLogAspect.java:36] 用户[0:0:0:0:0:0:0:1],在[2023-09-09 00:33:52],访问了[com.nowcoder.community.service.UserService.findUserById].
2023-09-09 00:33:52,710 INFO [http-nio-8080-exec-8] c.n.c.a.ServiceLogAspect [ServiceLogAspect.java:36] 用户[0:0:0:0:0:0:0:1],在[2023-09-09 00:33:52],访问了[com.nowcoder.community.service.LikeService.findEntityLikeCount].
2023-09-09 00:33:52,712 INFO [http-nio-8080-exec-8] c.n.c.a.ServiceLogAspect [ServiceLogAspect.java:36] 用户[0:0:0:0:0:0:0:1],在[2023-09-09 00:33:52],访问了[com.nowcoder.community.service.CommentService.findCommentsByEntity].
2023-09-09 00:33:52,718 INFO [http-nio-8080-exec-8] c.n.c.a.ServiceLogAspect [ServiceLogAspect.java:36] 用户[0:0:0:0:0:0:0:1],在[2023-09-09 00:33:52],访问了[com.nowcoder.community.service.UserService.findUserById].
2023-09-09 00:33:52,719 INFO [http-nio-8080-exec-8] c.n.c.a.ServiceLogAspect [ServiceLogAspect.java:36] 用户[0:0:0:0:0:0:0:1],在[2023-09-09 00:33:52],访问了[com.nowcoder.community.service.LikeService.findEntityLikeCount].
2023-09-09 00:33:52,720 INFO [http-nio-8080-exec-8] c.n.c.a.ServiceLogAspect [ServiceLogAspect.java:36] 用户[0:0:0:0:0:0:0:1],在[2023-09-09 00:33:52],访问了[com.nowcoder.community.service.CommentService.findCommentsByEntity].
2023-09-09 00:33:52,722 INFO [http-nio-8080-exec-8] c.n.c.a.ServiceLogAspect [ServiceLogAspect.java:36] 用户[0:0:0:0:0:0:0:1],在[2023-09-09 00:33:52],访问了[com.nowcoder.community.service.UserService.findUserById].
2023-09-09 00:33:52,724 INFO [http-nio-8080-exec-8] c.n.c.a.ServiceLogAspect [ServiceLogAspect.java:36] 用户[0:0:0:0:0:0:0:1],在[2023-09-09 00:33:52],访问了[com.nowcoder.community.service.LikeService.findEntityLikeCount].
2023-09-09 00:33:52,724 INFO [http-nio-8080-exec-8] c.n.c.a.ServiceLogAspect [ServiceLogAspect.java:36] 用户[0:0:0:0:0:0:0:1],在[2023-09-09 00:33:52],访问了[com.nowcoder.community.service.UserService.findUserById].
2023-09-09 00:33:52,726 INFO [http-nio-8080-exec-8] c.n.c.a.ServiceLogAspect [ServiceLogAspect.java:36] 用户[0:0:0:0:0:0:0:1],在[2023-09-09 00:33:52],访问了[com.nowcoder.community.service.LikeService.findEntityLikeCount].
2023-09-09 00:33:52,726 INFO [http-nio-8080-exec-8] c.n.c.a.ServiceLogAspect [ServiceLogAspect.java:36] 用户[0:0:0:0:0:0:0:1],在[2023-09-09 00:33:52],访问了[com.nowcoder.community.service.CommentService.findCommentCount].
2023-09-09 00:33:52,728 INFO [http-nio-8080-exec-8] c.n.c.a.ServiceLogAspect [ServiceLogAspect.java:36] 用户[0:0:0:0:0:0:0:1],在[2023-09-09 00:33:52],访问了[com.nowcoder.community.service.UserService.findUserById].
2023-09-09 00:33:52,729 INFO [http-nio-8080-exec-8] c.n.c.a.ServiceLogAspect [ServiceLogAspect.java:36] 用户[0:0:0:0:0:0:0:1],在[2023-09-09 00:33:52],访问了[com.nowcoder.community.service.LikeService.findEntityLikeCount].
2023-09-09 00:33:52,730 INFO [http-nio-8080-exec-8] c.n.c.a.ServiceLogAspect [ServiceLogAspect.java:36] 用户[0:0:0:0:0:0:0:1],在[2023-09-09 00:33:52],访问了[com.nowcoder.community.service.CommentService.findCommentsByEntity].
2023-09-09 00:33:52,733 INFO [http-nio-8080-exec-8] c.n.c.a.ServiceLogAspect [ServiceLogAspect.java:36] 用户[0:0:0:0:0:0:0:1],在[2023-09-09 00:33:52],访问了[com.nowcoder.community.service.CommentService.findCommentCount].
2023-09-09 00:33:52,734 INFO [http-nio-8080-exec-8] c.n.c.a.ServiceLogAspect [ServiceLogAspect.java:36] 用户[0:0:0:0:0:0:0:1],在[2023-09-09 00:33:52],访问了[com.nowcoder.community.service.UserService.findUserById].
2023-09-09 00:33:52,735 INFO [http-nio-8080-exec-8] c.n.c.a.ServiceLogAspect [ServiceLogAspect.java:36] 用户[0:0:0:0:0:0:0:1],在[2023-09-09 00:33:52],访问了[com.nowcoder.community.service.LikeService.findEntityLikeCount].
2023-09-09 00:33:52,736 INFO [http-nio-8080-exec-8] c.n.c.a.ServiceLogAspect [ServiceLogAspect.java:36] 用户[0:0:0:0:0:0:0:1],在[2023-09-09 00:33:52],访问了[com.nowcoder.community.service.CommentService.findCommentsByEntity].
2023-09-09 00:33:52,738 INFO [http-nio-8080-exec-8] c.n.c.a.ServiceLogAspect [ServiceLogAspect.java:36] 用户[0:0:0:0:0:0:0:1],在[2023-09-09 00:33:52],访问了[com.nowcoder.community.service.CommentService.findCommentCount].
2023-09-09 00:33:52,739 INFO [http-nio-8080-exec-8] c.n.c.a.ServiceLogAspect [ServiceLogAspect.java:36] 用户[0:0:0:0:0:0:0:1],在[2023-09-09 00:33:52],访问了[com.nowcoder.community.service.UserService.findUserById].
2023-09-09 00:33:52,740 INFO [http-nio-8080-exec-8] c.n.c.a.ServiceLogAspect [ServiceLogAspect.java:36] 用户[0:0:0:0:0:0:0:1],在[2023-09-09 00:33:52],访问了[com.nowcoder.community.service.LikeService.findEntityLikeCount].
2023-09-09 00:33:52,740 INFO [http-nio-8080-exec-8] c.n.c.a.ServiceLogAspect [ServiceLogAspect.java:36] 用户[0:0:0:0:0:0:0:1],在[2023-09-09 00:33:52],访问了[com.nowcoder.community.service.CommentService.findCommentsByEntity].
2023-09-09 00:33:52,742 INFO [http-nio-8080-exec-8] c.n.c.a.ServiceLogAspect [ServiceLogAspect.java:36] 用户[0:0:0:0:0:0:0:1],在[2023-09-09 00:33:52],访问了[com.nowcoder.community.service.CommentService.findCommentCount].
2023-09-09 00:33:52,743 INFO [http-nio-8080-exec-8] c.n.c.a.ServiceLogAspect [ServiceLogAspect.java:36] 用户[0:0:0:0:0:0:0:1],在[2023-09-09 00:33:52],访问了[com.nowcoder.community.service.UserService.findUserById].
2023-09-09 00:33:52,744 INFO [http-nio-8080-exec-8] c.n.c.a.ServiceLogAspect [ServiceLogAspect.java:36] 用户[0:0:0:0:0:0:0:1],在[2023-09-09 00:33:52],访问了[com.nowcoder.community.service.LikeService.findEntityLikeCount].
2023-09-09 00:33:52,745 INFO [http-nio-8080-exec-8] c.n.c.a.ServiceLogAspect [ServiceLogAspect.java:36] 用户[0:0:0:0:0:0:0:1],在[2023-09-09 00:33:52],访问了[com.nowcoder.community.service.CommentService.findCommentsByEntity].
2023-09-09 00:33:52,748 INFO [http-nio-8080-exec-8] c.n.c.a.ServiceLogAspect [ServiceLogAspect.java:36] 用户[0:0:0:0:0:0:0:1],在[2023-09-09 00:33:52],访问了[com.nowcoder.community.service.CommentService.findCommentCount].
2023-09-09 00:33:55,196 INFO [http-nio-8080-exec-2] c.n.c.a.ServiceLogAspect [ServiceLogAspect.java:36] 用户[0:0:0:0:0:0:0:1],在[2023-09-09 00:33:55],访问了[com.nowcoder.community.service.UserService.findLoginTicket].
2023-09-09 00:33:55,217 INFO [http-nio-8080-exec-2] c.n.c.a.ServiceLogAspect [ServiceLogAspect.java:36] 用户[0:0:0:0:0:0:0:1],在[2023-09-09 00:33:55],访问了[com.nowcoder.community.service.UserService.findLoginTicket].
2023-09-09 01:30:12,704 INFO [SpringApplicationShutdownHook] c.z.h.HikariDataSource [HikariDataSource.java:350] HikariPool-1 - Shutdown initiated...
2023-09-09 01:30:12,708 INFO [SpringApplicationShutdownHook] c.z.h.HikariDataSource [HikariDataSource.java:352] HikariPool-1 - Shutdown completed.
