2023-08-09 19:46:23,288 INFO [main] c.n.c.SensitiveTests [StartupInfoLogger.java:51] Starting SensitiveTests using Java 17.0.7 with PID 44368 (started by falls in D:\work\workspace\community)
2023-08-09 19:46:23,294 INFO [main] c.n.c.SensitiveTests [SpringApplication.java:634] No active profile set, falling back to 1 default profile: "default"
2023-08-09 19:46:25,624 INFO [main] o.s.b.a.w.s.WelcomePageHandlerMapping [WelcomePageHandlerMapping.java:57] Adding welcome page template: index
2023-08-09 19:46:25,825 INFO [main] c.n.c.SensitiveTests [StartupInfoLogger.java:57] Started SensitiveTests in 3.301 seconds (process running for 4.699)
2023-08-09 19:57:10,969 INFO [main] c.n.c.SensitiveTests [StartupInfoLogger.java:51] Starting SensitiveTests using Java 17.0.7 with PID 32952 (started by falls in D:\work\workspace\community)
2023-08-09 19:57:10,972 INFO [main] c.n.c.SensitiveTests [SpringApplication.java:634] No active profile set, falling back to 1 default profile: "default"
2023-08-09 19:57:13,079 INFO [main] o.s.b.a.w.s.WelcomePageHandlerMapping [WelcomePageHandlerMapping.java:57] Adding welcome page template: index
2023-08-09 19:57:13,294 INFO [main] c.n.c.SensitiveTests [StartupInfoLogger.java:57] Started SensitiveTests in 2.899 seconds (process running for 3.912)
2023-08-09 19:59:00,799 INFO [main] c.n.c.SensitiveTests [StartupInfoLogger.java:51] Starting SensitiveTests using Java 17.0.7 with PID 41336 (started by falls in D:\work\workspace\community)
2023-08-09 19:59:00,801 INFO [main] c.n.c.SensitiveTests [SpringApplication.java:634] No active profile set, falling back to 1 default profile: "default"
2023-08-09 19:59:02,450 INFO [main] o.s.b.a.w.s.WelcomePageHandlerMapping [WelcomePageHandlerMapping.java:57] Adding welcome page template: index
2023-08-09 19:59:02,623 INFO [main] c.n.c.SensitiveTests [StartupInfoLogger.java:57] Started SensitiveTests in 2.232 seconds (process running for 4.849)
2023-08-09 20:45:25,122 INFO [restartedMain] c.n.c.CommunityApplication [StartupInfoLogger.java:51] Starting CommunityApplication using Java 17.0.7 with PID 4028 (D:\work\workspace\community\target\classes started by falls in D:\work\workspace\community)
2023-08-09 20:45:25,125 INFO [restartedMain] c.n.c.CommunityApplication [SpringApplication.java:634] No active profile set, falling back to 1 default profile: "default"
2023-08-09 20:45:25,177 INFO [restartedMain] o.s.b.d.e.DevToolsPropertyDefaultsPostProcessor [DeferredLog.java:250] Devtools property defaults active! Set 'spring.devtools.add-properties' to 'false' to disable
2023-08-09 20:45:25,177 INFO [restartedMain] o.s.b.d.e.DevToolsPropertyDefaultsPostProcessor [DeferredLog.java:250] For additional web related logging consider setting the 'logging.level.web' property to 'DEBUG'
2023-08-09 20:45:26,577 INFO [restartedMain] o.s.b.w.e.t.TomcatWebServer [TomcatWebServer.java:108] Tomcat initialized with port(s): 8080 (http)
2023-08-09 20:45:26,588 INFO [restartedMain] o.a.c.h.Http11NioProtocol [DirectJDKLog.java:173] Initializing ProtocolHandler ["http-nio-8080"]
2023-08-09 20:45:26,590 INFO [restartedMain] o.a.c.c.StandardService [DirectJDKLog.java:173] Starting service [Tomcat]
2023-08-09 20:45:26,591 INFO [restartedMain] o.a.c.c.StandardEngine [DirectJDKLog.java:173] Starting Servlet engine: [Apache Tomcat/10.1.10]
2023-08-09 20:45:26,668 INFO [restartedMain] o.a.c.c.C.[.[.[/community] [DirectJDKLog.java:173] Initializing Spring embedded WebApplicationContext
2023-08-09 20:45:26,670 INFO [restartedMain] o.s.b.w.s.c.ServletWebServerApplicationContext [ServletWebServerApplicationContext.java:291] Root WebApplicationContext: initialization completed in 1490 ms
2023-08-09 20:45:27,288 INFO [restartedMain] o.s.b.a.w.s.WelcomePageHandlerMapping [WelcomePageHandlerMapping.java:57] Adding welcome page template: index
2023-08-09 20:45:27,448 INFO [restartedMain] o.s.b.d.a.OptionalLiveReloadServer [OptionalLiveReloadServer.java:59] LiveReload server is running on port 35729
2023-08-09 20:45:27,460 INFO [restartedMain] o.a.c.h.Http11NioProtocol [DirectJDKLog.java:173] Starting ProtocolHandler ["http-nio-8080"]
2023-08-09 20:45:27,484 INFO [restartedMain] o.s.b.w.e.t.TomcatWebServer [TomcatWebServer.java:220] Tomcat started on port(s): 8080 (http) with context path '/community'
2023-08-09 20:45:27,498 INFO [restartedMain] c.n.c.CommunityApplication [StartupInfoLogger.java:57] Started CommunityApplication in 2.848 seconds (process running for 4.651)
2023-08-09 20:46:13,832 INFO [http-nio-8080-exec-1] o.a.c.c.C.[.[.[/community] [DirectJDKLog.java:173] Initializing Spring DispatcherServlet 'dispatcherServlet'
2023-08-09 20:46:13,833 INFO [http-nio-8080-exec-1] o.s.w.s.DispatcherServlet [FrameworkServlet.java:532] Initializing Servlet 'dispatcherServlet'
2023-08-09 20:46:13,834 INFO [http-nio-8080-exec-1] o.s.w.s.DispatcherServlet [FrameworkServlet.java:554] Completed initialization in 1 ms
2023-08-09 20:46:13,916 INFO [http-nio-8080-exec-1] c.z.h.HikariDataSource [HikariDataSource.java:110] HikariPool-1 - Starting...
2023-08-09 20:46:14,176 INFO [http-nio-8080-exec-1] c.z.h.p.HikariPool [HikariPool.java:565] HikariPool-1 - Added connection com.mysql.cj.jdbc.ConnectionImpl@380f84ee
2023-08-09 20:46:14,178 INFO [http-nio-8080-exec-1] c.z.h.HikariDataSource [HikariDataSource.java:123] HikariPool-1 - Start completed.
2023-08-09 20:54:04,822 INFO [SpringApplicationShutdownHook] c.z.h.HikariDataSource [HikariDataSource.java:350] HikariPool-1 - Shutdown initiated...
2023-08-09 20:54:04,882 INFO [SpringApplicationShutdownHook] c.z.h.HikariDataSource [HikariDataSource.java:352] HikariPool-1 - Shutdown completed.
