2023-09-06 23:31:39,350 INFO [restartedMain] c.n.c.CommunityApplication [StartupInfoLogger.java:51] Starting CommunityApplication using Java 17.0.7 with PID 23684 (D:\work\workspace\community\target\classes started by falls in D:\work\workspace\community)
2023-09-06 23:31:39,381 INFO [restartedMain] c.n.c.CommunityApplication [SpringApplication.java:634] No active profile set, falling back to 1 default profile: "default"
2023-09-06 23:31:39,444 INFO [restartedMain] o.s.b.d.e.DevToolsPropertyDefaultsPostProcessor [DeferredLog.java:250] Devtools property defaults active! Set 'spring.devtools.add-properties' to 'false' to disable
2023-09-06 23:31:39,445 INFO [restartedMain] o.s.b.d.e.DevToolsPropertyDefaultsPostProcessor [DeferredLog.java:250] For additional web related logging consider setting the 'logging.level.web' property to 'DEBUG'
2023-09-06 23:31:41,259 INFO [restartedMain] o.s.d.r.c.RepositoryConfigurationDelegate [RepositoryConfigurationDelegate.java:291] Multiple Spring Data modules found, entering strict repository configuration mode
2023-09-06 23:31:41,262 INFO [restartedMain] o.s.d.r.c.RepositoryConfigurationDelegate [RepositoryConfigurationDelegate.java:138] Bootstrapping Spring Data Redis repositories in DEFAULT mode.
2023-09-06 23:31:41,292 INFO [restartedMain] o.s.d.r.c.RepositoryConfigurationDelegate [RepositoryConfigurationDelegate.java:208] Finished Spring Data repository scanning in 10 ms. Found 0 Redis repository interfaces.
2023-09-06 23:31:42,423 INFO [restartedMain] o.s.b.w.e.t.TomcatWebServer [TomcatWebServer.java:108] Tomcat initialized with port(s): 8080 (http)
2023-09-06 23:31:42,432 INFO [restartedMain] o.a.c.h.Http11NioProtocol [DirectJDKLog.java:173] Initializing ProtocolHandler ["http-nio-8080"]
2023-09-06 23:31:42,452 INFO [restartedMain] o.a.c.c.StandardService [DirectJDKLog.java:173] Starting service [Tomcat]
2023-09-06 23:31:42,453 INFO [restartedMain] o.a.c.c.StandardEngine [DirectJDKLog.java:173] Starting Servlet engine: [Apache Tomcat/10.1.10]
2023-09-06 23:31:42,522 INFO [restartedMain] o.a.c.c.C.[.[.[/community] [DirectJDKLog.java:173] Initializing Spring embedded WebApplicationContext
2023-09-06 23:31:42,524 INFO [restartedMain] o.s.b.w.s.c.ServletWebServerApplicationContext [ServletWebServerApplicationContext.java:291] Root WebApplicationContext: initialization completed in 3076 ms
2023-09-06 23:31:44,253 INFO [restartedMain] o.s.b.a.w.s.WelcomePageHandlerMapping [WelcomePageHandlerMapping.java:57] Adding welcome page template: index
2023-09-06 23:31:44,593 INFO [restartedMain] o.s.b.d.a.OptionalLiveReloadServer [OptionalLiveReloadServer.java:59] LiveReload server is running on port 35729
2023-09-06 23:31:44,608 INFO [restartedMain] o.a.c.h.Http11NioProtocol [DirectJDKLog.java:173] Starting ProtocolHandler ["http-nio-8080"]
2023-09-06 23:31:44,629 INFO [restartedMain] o.s.b.w.e.t.TomcatWebServer [TomcatWebServer.java:220] Tomcat started on port(s): 8080 (http) with context path '/community'
2023-09-06 23:31:44,639 INFO [restartedMain] c.n.c.CommunityApplication [StartupInfoLogger.java:57] Started CommunityApplication in 6.837 seconds (process running for 9.33)
2023-09-06 23:32:14,607 INFO [http-nio-8080-exec-1] o.a.c.c.C.[.[.[/community] [DirectJDKLog.java:173] Initializing Spring DispatcherServlet 'dispatcherServlet'
2023-09-06 23:32:14,607 INFO [http-nio-8080-exec-1] o.s.w.s.DispatcherServlet [FrameworkServlet.java:532] Initializing Servlet 'dispatcherServlet'
2023-09-06 23:32:14,609 INFO [http-nio-8080-exec-1] o.s.w.s.DispatcherServlet [FrameworkServlet.java:554] Completed initialization in 1 ms
2023-09-06 23:32:14,706 INFO [http-nio-8080-exec-1] c.n.c.a.ServiceLogAspect [ServiceLogAspect.java:36] 用户[0:0:0:0:0:0:0:1],在[2023-09-06 23:32:14],访问了[com.nowcoder.community.service.DiscussPostService.findDiscussPostRows].
2023-09-06 23:32:14,751 INFO [http-nio-8080-exec-1] c.z.h.HikariDataSource [HikariDataSource.java:110] HikariPool-1 - Starting...
2023-09-06 23:32:15,034 INFO [http-nio-8080-exec-1] c.z.h.p.HikariPool [HikariPool.java:565] HikariPool-1 - Added connection com.mysql.cj.jdbc.ConnectionImpl@5aa0b834
2023-09-06 23:32:15,038 INFO [http-nio-8080-exec-1] c.z.h.HikariDataSource [HikariDataSource.java:123] HikariPool-1 - Start completed.
2023-09-06 23:32:15,142 INFO [http-nio-8080-exec-1] c.n.c.a.ServiceLogAspect [ServiceLogAspect.java:36] 用户[0:0:0:0:0:0:0:1],在[2023-09-06 23:32:15],访问了[com.nowcoder.community.service.DiscussPostService.findDiscussPosts].
2023-09-06 23:32:15,152 INFO [http-nio-8080-exec-1] c.n.c.a.ServiceLogAspect [ServiceLogAspect.java:36] 用户[0:0:0:0:0:0:0:1],在[2023-09-06 23:32:15],访问了[com.nowcoder.community.service.UserService.findUserById].
2023-09-06 23:32:15,178 INFO [http-nio-8080-exec-1] c.n.c.a.ServiceLogAspect [ServiceLogAspect.java:36] 用户[0:0:0:0:0:0:0:1],在[2023-09-06 23:32:15],访问了[com.nowcoder.community.service.UserService.findUserById].
2023-09-06 23:32:15,183 INFO [http-nio-8080-exec-1] c.n.c.a.ServiceLogAspect [ServiceLogAspect.java:36] 用户[0:0:0:0:0:0:0:1],在[2023-09-06 23:32:15],访问了[com.nowcoder.community.service.UserService.findUserById].
2023-09-06 23:32:15,189 INFO [http-nio-8080-exec-1] c.n.c.a.ServiceLogAspect [ServiceLogAspect.java:36] 用户[0:0:0:0:0:0:0:1],在[2023-09-06 23:32:15],访问了[com.nowcoder.community.service.UserService.findUserById].
2023-09-06 23:32:15,192 INFO [http-nio-8080-exec-1] c.n.c.a.ServiceLogAspect [ServiceLogAspect.java:36] 用户[0:0:0:0:0:0:0:1],在[2023-09-06 23:32:15],访问了[com.nowcoder.community.service.UserService.findUserById].
2023-09-06 23:32:15,194 INFO [http-nio-8080-exec-1] c.n.c.a.ServiceLogAspect [ServiceLogAspect.java:36] 用户[0:0:0:0:0:0:0:1],在[2023-09-06 23:32:15],访问了[com.nowcoder.community.service.UserService.findUserById].
2023-09-06 23:32:15,198 INFO [http-nio-8080-exec-1] c.n.c.a.ServiceLogAspect [ServiceLogAspect.java:36] 用户[0:0:0:0:0:0:0:1],在[2023-09-06 23:32:15],访问了[com.nowcoder.community.service.UserService.findUserById].
2023-09-06 23:32:15,201 INFO [http-nio-8080-exec-1] c.n.c.a.ServiceLogAspect [ServiceLogAspect.java:36] 用户[0:0:0:0:0:0:0:1],在[2023-09-06 23:32:15],访问了[com.nowcoder.community.service.UserService.findUserById].
2023-09-06 23:32:15,204 INFO [http-nio-8080-exec-1] c.n.c.a.ServiceLogAspect [ServiceLogAspect.java:36] 用户[0:0:0:0:0:0:0:1],在[2023-09-06 23:32:15],访问了[com.nowcoder.community.service.UserService.findUserById].
2023-09-06 23:32:15,206 INFO [http-nio-8080-exec-1] c.n.c.a.ServiceLogAspect [ServiceLogAspect.java:36] 用户[0:0:0:0:0:0:0:1],在[2023-09-06 23:32:15],访问了[com.nowcoder.community.service.UserService.findUserById].
2023-09-06 23:34:14,681 INFO [SpringApplicationShutdownHook] c.z.h.HikariDataSource [HikariDataSource.java:350] HikariPool-1 - Shutdown initiated...
2023-09-06 23:34:14,746 INFO [SpringApplicationShutdownHook] c.z.h.HikariDataSource [HikariDataSource.java:352] HikariPool-1 - Shutdown completed.
2023-09-06 23:34:27,555 INFO [restartedMain] c.n.c.CommunityApplication [StartupInfoLogger.java:51] Starting CommunityApplication using Java 17.0.7 with PID 3172 (D:\work\workspace\community\target\classes started by falls in D:\work\workspace\community)
2023-09-06 23:34:27,557 INFO [restartedMain] c.n.c.CommunityApplication [SpringApplication.java:634] No active profile set, falling back to 1 default profile: "default"
2023-09-06 23:34:27,613 INFO [restartedMain] o.s.b.d.e.DevToolsPropertyDefaultsPostProcessor [DeferredLog.java:250] Devtools property defaults active! Set 'spring.devtools.add-properties' to 'false' to disable
2023-09-06 23:34:27,613 INFO [restartedMain] o.s.b.d.e.DevToolsPropertyDefaultsPostProcessor [DeferredLog.java:250] For additional web related logging consider setting the 'logging.level.web' property to 'DEBUG'
2023-09-06 23:34:28,268 INFO [restartedMain] o.s.d.r.c.RepositoryConfigurationDelegate [RepositoryConfigurationDelegate.java:291] Multiple Spring Data modules found, entering strict repository configuration mode
2023-09-06 23:34:28,271 INFO [restartedMain] o.s.d.r.c.RepositoryConfigurationDelegate [RepositoryConfigurationDelegate.java:138] Bootstrapping Spring Data Redis repositories in DEFAULT mode.
2023-09-06 23:34:28,298 INFO [restartedMain] o.s.d.r.c.RepositoryConfigurationDelegate [RepositoryConfigurationDelegate.java:208] Finished Spring Data repository scanning in 10 ms. Found 0 Redis repository interfaces.
2023-09-06 23:34:29,167 INFO [restartedMain] o.s.b.w.e.t.TomcatWebServer [TomcatWebServer.java:108] Tomcat initialized with port(s): 8080 (http)
2023-09-06 23:34:29,174 INFO [restartedMain] o.a.c.h.Http11NioProtocol [DirectJDKLog.java:173] Initializing ProtocolHandler ["http-nio-8080"]
2023-09-06 23:34:29,178 INFO [restartedMain] o.a.c.c.StandardService [DirectJDKLog.java:173] Starting service [Tomcat]
2023-09-06 23:34:29,178 INFO [restartedMain] o.a.c.c.StandardEngine [DirectJDKLog.java:173] Starting Servlet engine: [Apache Tomcat/10.1.10]
2023-09-06 23:34:29,254 INFO [restartedMain] o.a.c.c.C.[.[.[/community] [DirectJDKLog.java:173] Initializing Spring embedded WebApplicationContext
2023-09-06 23:34:29,255 INFO [restartedMain] o.s.b.w.s.c.ServletWebServerApplicationContext [ServletWebServerApplicationContext.java:291] Root WebApplicationContext: initialization completed in 1640 ms
2023-09-06 23:34:30,258 INFO [restartedMain] o.s.b.a.w.s.WelcomePageHandlerMapping [WelcomePageHandlerMapping.java:57] Adding welcome page template: index
2023-09-06 23:34:30,545 INFO [restartedMain] o.s.b.d.a.OptionalLiveReloadServer [OptionalLiveReloadServer.java:59] LiveReload server is running on port 35729
2023-09-06 23:34:30,561 INFO [restartedMain] o.a.c.h.Http11NioProtocol [DirectJDKLog.java:173] Starting ProtocolHandler ["http-nio-8080"]
2023-09-06 23:34:30,582 INFO [restartedMain] o.s.b.w.e.t.TomcatWebServer [TomcatWebServer.java:220] Tomcat started on port(s): 8080 (http) with context path '/community'
2023-09-06 23:34:30,589 INFO [restartedMain] c.n.c.CommunityApplication [StartupInfoLogger.java:57] Started CommunityApplication in 3.491 seconds (process running for 3.912)
2023-09-06 23:34:35,323 INFO [http-nio-8080-exec-1] o.a.c.c.C.[.[.[/community] [DirectJDKLog.java:173] Initializing Spring DispatcherServlet 'dispatcherServlet'
2023-09-06 23:34:35,323 INFO [http-nio-8080-exec-1] o.s.w.s.DispatcherServlet [FrameworkServlet.java:532] Initializing Servlet 'dispatcherServlet'
2023-09-06 23:34:35,325 INFO [http-nio-8080-exec-1] o.s.w.s.DispatcherServlet [FrameworkServlet.java:554] Completed initialization in 2 ms
2023-09-06 23:34:35,385 INFO [http-nio-8080-exec-1] c.n.c.a.ServiceLogAspect [ServiceLogAspect.java:36] 用户[0:0:0:0:0:0:0:1],在[2023-09-06 23:34:35],访问了[com.nowcoder.community.service.DiscussPostService.findDiscussPostById].
2023-09-06 23:34:35,402 INFO [http-nio-8080-exec-1] c.z.h.HikariDataSource [HikariDataSource.java:110] HikariPool-1 - Starting...
2023-09-06 23:34:35,622 INFO [http-nio-8080-exec-1] c.z.h.p.HikariPool [HikariPool.java:565] HikariPool-1 - Added connection com.mysql.cj.jdbc.ConnectionImpl@1d0eb81b
2023-09-06 23:34:35,624 INFO [http-nio-8080-exec-1] c.z.h.HikariDataSource [HikariDataSource.java:123] HikariPool-1 - Start completed.
2023-09-06 23:34:35,710 INFO [http-nio-8080-exec-1] c.n.c.a.ServiceLogAspect [ServiceLogAspect.java:36] 用户[0:0:0:0:0:0:0:1],在[2023-09-06 23:34:35],访问了[com.nowcoder.community.service.UserService.findUserById].
2023-09-06 23:34:35,714 INFO [http-nio-8080-exec-1] c.n.c.a.ServiceLogAspect [ServiceLogAspect.java:36] 用户[0:0:0:0:0:0:0:1],在[2023-09-06 23:34:35],访问了[com.nowcoder.community.service.CommentService.findCommentsByEntity].
2023-09-06 23:34:35,741 INFO [http-nio-8080-exec-1] c.n.c.a.ServiceLogAspect [ServiceLogAspect.java:36] 用户[0:0:0:0:0:0:0:1],在[2023-09-06 23:34:35],访问了[com.nowcoder.community.service.UserService.findUserById].
2023-09-06 23:34:35,744 INFO [http-nio-8080-exec-1] c.n.c.a.ServiceLogAspect [ServiceLogAspect.java:36] 用户[0:0:0:0:0:0:0:1],在[2023-09-06 23:34:35],访问了[com.nowcoder.community.service.CommentService.findCommentsByEntity].
2023-09-06 23:34:35,747 INFO [http-nio-8080-exec-1] c.n.c.a.ServiceLogAspect [ServiceLogAspect.java:36] 用户[0:0:0:0:0:0:0:1],在[2023-09-06 23:34:35],访问了[com.nowcoder.community.service.UserService.findUserById].
2023-09-06 23:34:35,750 INFO [http-nio-8080-exec-1] c.n.c.a.ServiceLogAspect [ServiceLogAspect.java:36] 用户[0:0:0:0:0:0:0:1],在[2023-09-06 23:34:35],访问了[com.nowcoder.community.service.UserService.findUserById].
2023-09-06 23:34:35,753 INFO [http-nio-8080-exec-1] c.n.c.a.ServiceLogAspect [ServiceLogAspect.java:36] 用户[0:0:0:0:0:0:0:1],在[2023-09-06 23:34:35],访问了[com.nowcoder.community.service.CommentService.findCommentCount].
2023-09-06 23:34:35,756 INFO [http-nio-8080-exec-1] c.n.c.a.ServiceLogAspect [ServiceLogAspect.java:36] 用户[0:0:0:0:0:0:0:1],在[2023-09-06 23:34:35],访问了[com.nowcoder.community.service.UserService.findUserById].
2023-09-06 23:34:35,759 INFO [http-nio-8080-exec-1] c.n.c.a.ServiceLogAspect [ServiceLogAspect.java:36] 用户[0:0:0:0:0:0:0:1],在[2023-09-06 23:34:35],访问了[com.nowcoder.community.service.CommentService.findCommentsByEntity].
2023-09-06 23:34:35,761 INFO [http-nio-8080-exec-1] c.n.c.a.ServiceLogAspect [ServiceLogAspect.java:36] 用户[0:0:0:0:0:0:0:1],在[2023-09-06 23:34:35],访问了[com.nowcoder.community.service.CommentService.findCommentCount].
2023-09-06 23:34:35,762 INFO [http-nio-8080-exec-1] c.n.c.a.ServiceLogAspect [ServiceLogAspect.java:36] 用户[0:0:0:0:0:0:0:1],在[2023-09-06 23:34:35],访问了[com.nowcoder.community.service.UserService.findUserById].
2023-09-06 23:34:35,764 INFO [http-nio-8080-exec-1] c.n.c.a.ServiceLogAspect [ServiceLogAspect.java:36] 用户[0:0:0:0:0:0:0:1],在[2023-09-06 23:34:35],访问了[com.nowcoder.community.service.CommentService.findCommentsByEntity].
2023-09-06 23:34:35,767 INFO [http-nio-8080-exec-1] c.n.c.a.ServiceLogAspect [ServiceLogAspect.java:36] 用户[0:0:0:0:0:0:0:1],在[2023-09-06 23:34:35],访问了[com.nowcoder.community.service.CommentService.findCommentCount].
2023-09-06 23:34:35,768 INFO [http-nio-8080-exec-1] c.n.c.a.ServiceLogAspect [ServiceLogAspect.java:36] 用户[0:0:0:0:0:0:0:1],在[2023-09-06 23:34:35],访问了[com.nowcoder.community.service.UserService.findUserById].
2023-09-06 23:34:35,772 INFO [http-nio-8080-exec-1] c.n.c.a.ServiceLogAspect [ServiceLogAspect.java:36] 用户[0:0:0:0:0:0:0:1],在[2023-09-06 23:34:35],访问了[com.nowcoder.community.service.CommentService.findCommentsByEntity].
2023-09-06 23:34:35,777 INFO [http-nio-8080-exec-1] c.n.c.a.ServiceLogAspect [ServiceLogAspect.java:36] 用户[0:0:0:0:0:0:0:1],在[2023-09-06 23:34:35],访问了[com.nowcoder.community.service.CommentService.findCommentCount].
2023-09-06 23:34:35,779 INFO [http-nio-8080-exec-1] c.n.c.a.ServiceLogAspect [ServiceLogAspect.java:36] 用户[0:0:0:0:0:0:0:1],在[2023-09-06 23:34:35],访问了[com.nowcoder.community.service.UserService.findUserById].
2023-09-06 23:34:35,782 INFO [http-nio-8080-exec-1] c.n.c.a.ServiceLogAspect [ServiceLogAspect.java:36] 用户[0:0:0:0:0:0:0:1],在[2023-09-06 23:34:35],访问了[com.nowcoder.community.service.CommentService.findCommentsByEntity].
2023-09-06 23:34:35,784 INFO [http-nio-8080-exec-1] c.n.c.a.ServiceLogAspect [ServiceLogAspect.java:36] 用户[0:0:0:0:0:0:0:1],在[2023-09-06 23:34:35],访问了[com.nowcoder.community.service.CommentService.findCommentCount].
2023-09-06 23:35:23,584 INFO [http-nio-8080-exec-10] c.n.c.a.ServiceLogAspect [ServiceLogAspect.java:36] 用户[0:0:0:0:0:0:0:1],在[2023-09-06 23:35:23],访问了[com.nowcoder.community.service.UserService.login].
2023-09-06 23:35:23,651 INFO [http-nio-8080-exec-2] c.n.c.a.ServiceLogAspect [ServiceLogAspect.java:36] 用户[0:0:0:0:0:0:0:1],在[2023-09-06 23:35:23],访问了[com.nowcoder.community.service.UserService.findLoginTicket].
2023-09-06 23:35:23,655 INFO [http-nio-8080-exec-2] c.n.c.a.ServiceLogAspect [ServiceLogAspect.java:36] 用户[0:0:0:0:0:0:0:1],在[2023-09-06 23:35:23],访问了[com.nowcoder.community.service.UserService.findUserById].
2023-09-06 23:35:23,658 INFO [http-nio-8080-exec-2] c.n.c.a.ServiceLogAspect [ServiceLogAspect.java:36] 用户[0:0:0:0:0:0:0:1],在[2023-09-06 23:35:23],访问了[com.nowcoder.community.service.DiscussPostService.findDiscussPostRows].
2023-09-06 23:35:23,686 INFO [http-nio-8080-exec-2] c.n.c.a.ServiceLogAspect [ServiceLogAspect.java:36] 用户[0:0:0:0:0:0:0:1],在[2023-09-06 23:35:23],访问了[com.nowcoder.community.service.DiscussPostService.findDiscussPosts].
2023-09-06 23:35:23,691 INFO [http-nio-8080-exec-2] c.n.c.a.ServiceLogAspect [ServiceLogAspect.java:36] 用户[0:0:0:0:0:0:0:1],在[2023-09-06 23:35:23],访问了[com.nowcoder.community.service.UserService.findUserById].
2023-09-06 23:35:23,695 INFO [http-nio-8080-exec-2] c.n.c.a.ServiceLogAspect [ServiceLogAspect.java:36] 用户[0:0:0:0:0:0:0:1],在[2023-09-06 23:35:23],访问了[com.nowcoder.community.service.UserService.findUserById].
2023-09-06 23:35:23,699 INFO [http-nio-8080-exec-2] c.n.c.a.ServiceLogAspect [ServiceLogAspect.java:36] 用户[0:0:0:0:0:0:0:1],在[2023-09-06 23:35:23],访问了[com.nowcoder.community.service.UserService.findUserById].
2023-09-06 23:35:23,702 INFO [http-nio-8080-exec-2] c.n.c.a.ServiceLogAspect [ServiceLogAspect.java:36] 用户[0:0:0:0:0:0:0:1],在[2023-09-06 23:35:23],访问了[com.nowcoder.community.service.UserService.findUserById].
2023-09-06 23:35:23,704 INFO [http-nio-8080-exec-2] c.n.c.a.ServiceLogAspect [ServiceLogAspect.java:36] 用户[0:0:0:0:0:0:0:1],在[2023-09-06 23:35:23],访问了[com.nowcoder.community.service.UserService.findUserById].
2023-09-06 23:35:23,706 INFO [http-nio-8080-exec-2] c.n.c.a.ServiceLogAspect [ServiceLogAspect.java:36] 用户[0:0:0:0:0:0:0:1],在[2023-09-06 23:35:23],访问了[com.nowcoder.community.service.UserService.findUserById].
2023-09-06 23:35:23,712 INFO [http-nio-8080-exec-2] c.n.c.a.ServiceLogAspect [ServiceLogAspect.java:36] 用户[0:0:0:0:0:0:0:1],在[2023-09-06 23:35:23],访问了[com.nowcoder.community.service.UserService.findUserById].
2023-09-06 23:35:23,715 INFO [http-nio-8080-exec-2] c.n.c.a.ServiceLogAspect [ServiceLogAspect.java:36] 用户[0:0:0:0:0:0:0:1],在[2023-09-06 23:35:23],访问了[com.nowcoder.community.service.UserService.findUserById].
2023-09-06 23:35:23,718 INFO [http-nio-8080-exec-2] c.n.c.a.ServiceLogAspect [ServiceLogAspect.java:36] 用户[0:0:0:0:0:0:0:1],在[2023-09-06 23:35:23],访问了[com.nowcoder.community.service.UserService.findUserById].
2023-09-06 23:35:23,720 INFO [http-nio-8080-exec-2] c.n.c.a.ServiceLogAspect [ServiceLogAspect.java:36] 用户[0:0:0:0:0:0:0:1],在[2023-09-06 23:35:23],访问了[com.nowcoder.community.service.UserService.findUserById].
2023-09-06 23:35:25,935 INFO [http-nio-8080-exec-6] c.n.c.a.ServiceLogAspect [ServiceLogAspect.java:36] 用户[0:0:0:0:0:0:0:1],在[2023-09-06 23:35:25],访问了[com.nowcoder.community.service.UserService.findLoginTicket].
2023-09-06 23:35:25,938 INFO [http-nio-8080-exec-6] c.n.c.a.ServiceLogAspect [ServiceLogAspect.java:36] 用户[0:0:0:0:0:0:0:1],在[2023-09-06 23:35:25],访问了[com.nowcoder.community.service.UserService.findUserById].
2023-09-06 23:35:25,942 INFO [http-nio-8080-exec-6] c.n.c.a.ServiceLogAspect [ServiceLogAspect.java:36] 用户[0:0:0:0:0:0:0:1],在[2023-09-06 23:35:25],访问了[com.nowcoder.community.service.DiscussPostService.findDiscussPostById].
2023-09-06 23:35:25,944 INFO [http-nio-8080-exec-6] c.n.c.a.ServiceLogAspect [ServiceLogAspect.java:36] 用户[0:0:0:0:0:0:0:1],在[2023-09-06 23:35:25],访问了[com.nowcoder.community.service.UserService.findUserById].
2023-09-06 23:35:25,946 INFO [http-nio-8080-exec-6] c.n.c.a.ServiceLogAspect [ServiceLogAspect.java:36] 用户[0:0:0:0:0:0:0:1],在[2023-09-06 23:35:25],访问了[com.nowcoder.community.service.CommentService.findCommentsByEntity].
2023-09-06 23:35:25,949 INFO [http-nio-8080-exec-6] c.n.c.a.ServiceLogAspect [ServiceLogAspect.java:36] 用户[0:0:0:0:0:0:0:1],在[2023-09-06 23:35:25],访问了[com.nowcoder.community.service.UserService.findUserById].
2023-09-06 23:35:25,952 INFO [http-nio-8080-exec-6] c.n.c.a.ServiceLogAspect [ServiceLogAspect.java:36] 用户[0:0:0:0:0:0:0:1],在[2023-09-06 23:35:25],访问了[com.nowcoder.community.service.CommentService.findCommentsByEntity].
2023-09-06 23:35:25,953 INFO [http-nio-8080-exec-6] c.n.c.a.ServiceLogAspect [ServiceLogAspect.java:36] 用户[0:0:0:0:0:0:0:1],在[2023-09-06 23:35:25],访问了[com.nowcoder.community.service.UserService.findUserById].
2023-09-06 23:35:25,956 INFO [http-nio-8080-exec-6] c.n.c.a.ServiceLogAspect [ServiceLogAspect.java:36] 用户[0:0:0:0:0:0:0:1],在[2023-09-06 23:35:25],访问了[com.nowcoder.community.service.UserService.findUserById].
2023-09-06 23:35:25,958 INFO [http-nio-8080-exec-6] c.n.c.a.ServiceLogAspect [ServiceLogAspect.java:36] 用户[0:0:0:0:0:0:0:1],在[2023-09-06 23:35:25],访问了[com.nowcoder.community.service.CommentService.findCommentCount].
2023-09-06 23:35:25,960 INFO [http-nio-8080-exec-6] c.n.c.a.ServiceLogAspect [ServiceLogAspect.java:36] 用户[0:0:0:0:0:0:0:1],在[2023-09-06 23:35:25],访问了[com.nowcoder.community.service.UserService.findUserById].
2023-09-06 23:35:25,962 INFO [http-nio-8080-exec-6] c.n.c.a.ServiceLogAspect [ServiceLogAspect.java:36] 用户[0:0:0:0:0:0:0:1],在[2023-09-06 23:35:25],访问了[com.nowcoder.community.service.CommentService.findCommentsByEntity].
2023-09-06 23:35:25,965 INFO [http-nio-8080-exec-6] c.n.c.a.ServiceLogAspect [ServiceLogAspect.java:36] 用户[0:0:0:0:0:0:0:1],在[2023-09-06 23:35:25],访问了[com.nowcoder.community.service.CommentService.findCommentCount].
2023-09-06 23:35:25,967 INFO [http-nio-8080-exec-6] c.n.c.a.ServiceLogAspect [ServiceLogAspect.java:36] 用户[0:0:0:0:0:0:0:1],在[2023-09-06 23:35:25],访问了[com.nowcoder.community.service.UserService.findUserById].
2023-09-06 23:35:25,969 INFO [http-nio-8080-exec-6] c.n.c.a.ServiceLogAspect [ServiceLogAspect.java:36] 用户[0:0:0:0:0:0:0:1],在[2023-09-06 23:35:25],访问了[com.nowcoder.community.service.CommentService.findCommentsByEntity].
2023-09-06 23:35:25,971 INFO [http-nio-8080-exec-6] c.n.c.a.ServiceLogAspect [ServiceLogAspect.java:36] 用户[0:0:0:0:0:0:0:1],在[2023-09-06 23:35:25],访问了[com.nowcoder.community.service.CommentService.findCommentCount].
2023-09-06 23:35:25,973 INFO [http-nio-8080-exec-6] c.n.c.a.ServiceLogAspect [ServiceLogAspect.java:36] 用户[0:0:0:0:0:0:0:1],在[2023-09-06 23:35:25],访问了[com.nowcoder.community.service.UserService.findUserById].
2023-09-06 23:35:25,975 INFO [http-nio-8080-exec-6] c.n.c.a.ServiceLogAspect [ServiceLogAspect.java:36] 用户[0:0:0:0:0:0:0:1],在[2023-09-06 23:35:25],访问了[com.nowcoder.community.service.CommentService.findCommentsByEntity].
2023-09-06 23:35:25,977 INFO [http-nio-8080-exec-6] c.n.c.a.ServiceLogAspect [ServiceLogAspect.java:36] 用户[0:0:0:0:0:0:0:1],在[2023-09-06 23:35:25],访问了[com.nowcoder.community.service.CommentService.findCommentCount].
2023-09-06 23:35:25,979 INFO [http-nio-8080-exec-6] c.n.c.a.ServiceLogAspect [ServiceLogAspect.java:36] 用户[0:0:0:0:0:0:0:1],在[2023-09-06 23:35:25],访问了[com.nowcoder.community.service.UserService.findUserById].
2023-09-06 23:35:25,982 INFO [http-nio-8080-exec-6] c.n.c.a.ServiceLogAspect [ServiceLogAspect.java:36] 用户[0:0:0:0:0:0:0:1],在[2023-09-06 23:35:25],访问了[com.nowcoder.community.service.CommentService.findCommentsByEntity].
2023-09-06 23:35:25,983 INFO [http-nio-8080-exec-6] c.n.c.a.ServiceLogAspect [ServiceLogAspect.java:36] 用户[0:0:0:0:0:0:0:1],在[2023-09-06 23:35:25],访问了[com.nowcoder.community.service.CommentService.findCommentCount].
2023-09-06 23:35:27,558 INFO [http-nio-8080-exec-5] c.n.c.a.ServiceLogAspect [ServiceLogAspect.java:36] 用户[0:0:0:0:0:0:0:1],在[2023-09-06 23:35:27],访问了[com.nowcoder.community.service.UserService.findLoginTicket].
2023-09-06 23:35:27,561 INFO [http-nio-8080-exec-5] c.n.c.a.ServiceLogAspect [ServiceLogAspect.java:36] 用户[0:0:0:0:0:0:0:1],在[2023-09-06 23:35:27],访问了[com.nowcoder.community.service.UserService.findUserById].
2023-09-06 23:35:27,564 INFO [http-nio-8080-exec-5] c.n.c.a.ServiceLogAspect [ServiceLogAspect.java:36] 用户[0:0:0:0:0:0:0:1],在[2023-09-06 23:35:27],访问了[com.nowcoder.community.service.LikeService.like].
2023-09-06 23:35:28,217 INFO [http-nio-8080-exec-5] c.n.c.a.ServiceLogAspect [ServiceLogAspect.java:36] 用户[0:0:0:0:0:0:0:1],在[2023-09-06 23:35:28],访问了[com.nowcoder.community.service.LikeService.findEntityLikeCount].
2023-09-06 23:35:28,219 INFO [http-nio-8080-exec-5] c.n.c.a.ServiceLogAspect [ServiceLogAspect.java:36] 用户[0:0:0:0:0:0:0:1],在[2023-09-06 23:35:28],访问了[com.nowcoder.community.service.LikeService.findEntityLikeStatus].
2023-09-06 23:35:29,763 INFO [http-nio-8080-exec-1] c.n.c.a.ServiceLogAspect [ServiceLogAspect.java:36] 用户[0:0:0:0:0:0:0:1],在[2023-09-06 23:35:29],访问了[com.nowcoder.community.service.UserService.findLoginTicket].
2023-09-06 23:35:29,765 INFO [http-nio-8080-exec-1] c.n.c.a.ServiceLogAspect [ServiceLogAspect.java:36] 用户[0:0:0:0:0:0:0:1],在[2023-09-06 23:35:29],访问了[com.nowcoder.community.service.UserService.findUserById].
2023-09-06 23:35:29,768 INFO [http-nio-8080-exec-1] c.n.c.a.ServiceLogAspect [ServiceLogAspect.java:36] 用户[0:0:0:0:0:0:0:1],在[2023-09-06 23:35:29],访问了[com.nowcoder.community.service.LikeService.like].
2023-09-06 23:35:29,771 INFO [http-nio-8080-exec-1] c.n.c.a.ServiceLogAspect [ServiceLogAspect.java:36] 用户[0:0:0:0:0:0:0:1],在[2023-09-06 23:35:29],访问了[com.nowcoder.community.service.LikeService.findEntityLikeCount].
2023-09-06 23:35:29,772 INFO [http-nio-8080-exec-1] c.n.c.a.ServiceLogAspect [ServiceLogAspect.java:36] 用户[0:0:0:0:0:0:0:1],在[2023-09-06 23:35:29],访问了[com.nowcoder.community.service.LikeService.findEntityLikeStatus].
2023-09-06 23:35:30,510 INFO [http-nio-8080-exec-4] c.n.c.a.ServiceLogAspect [ServiceLogAspect.java:36] 用户[0:0:0:0:0:0:0:1],在[2023-09-06 23:35:30],访问了[com.nowcoder.community.service.UserService.findLoginTicket].
2023-09-06 23:35:30,514 INFO [http-nio-8080-exec-4] c.n.c.a.ServiceLogAspect [ServiceLogAspect.java:36] 用户[0:0:0:0:0:0:0:1],在[2023-09-06 23:35:30],访问了[com.nowcoder.community.service.UserService.findUserById].
2023-09-06 23:35:30,516 INFO [http-nio-8080-exec-4] c.n.c.a.ServiceLogAspect [ServiceLogAspect.java:36] 用户[0:0:0:0:0:0:0:1],在[2023-09-06 23:35:30],访问了[com.nowcoder.community.service.LikeService.like].
2023-09-06 23:35:30,520 INFO [http-nio-8080-exec-4] c.n.c.a.ServiceLogAspect [ServiceLogAspect.java:36] 用户[0:0:0:0:0:0:0:1],在[2023-09-06 23:35:30],访问了[com.nowcoder.community.service.LikeService.findEntityLikeCount].
2023-09-06 23:35:30,521 INFO [http-nio-8080-exec-4] c.n.c.a.ServiceLogAspect [ServiceLogAspect.java:36] 用户[0:0:0:0:0:0:0:1],在[2023-09-06 23:35:30],访问了[com.nowcoder.community.service.LikeService.findEntityLikeStatus].
2023-09-06 23:35:31,050 INFO [http-nio-8080-exec-3] c.n.c.a.ServiceLogAspect [ServiceLogAspect.java:36] 用户[0:0:0:0:0:0:0:1],在[2023-09-06 23:35:31],访问了[com.nowcoder.community.service.UserService.findLoginTicket].
2023-09-06 23:35:31,053 INFO [http-nio-8080-exec-3] c.n.c.a.ServiceLogAspect [ServiceLogAspect.java:36] 用户[0:0:0:0:0:0:0:1],在[2023-09-06 23:35:31],访问了[com.nowcoder.community.service.UserService.findUserById].
2023-09-06 23:35:31,056 INFO [http-nio-8080-exec-3] c.n.c.a.ServiceLogAspect [ServiceLogAspect.java:36] 用户[0:0:0:0:0:0:0:1],在[2023-09-06 23:35:31],访问了[com.nowcoder.community.service.LikeService.like].
2023-09-06 23:35:31,059 INFO [http-nio-8080-exec-3] c.n.c.a.ServiceLogAspect [ServiceLogAspect.java:36] 用户[0:0:0:0:0:0:0:1],在[2023-09-06 23:35:31],访问了[com.nowcoder.community.service.LikeService.findEntityLikeCount].
2023-09-06 23:35:31,060 INFO [http-nio-8080-exec-3] c.n.c.a.ServiceLogAspect [ServiceLogAspect.java:36] 用户[0:0:0:0:0:0:0:1],在[2023-09-06 23:35:31],访问了[com.nowcoder.community.service.LikeService.findEntityLikeStatus].
2023-09-06 23:35:32,024 INFO [http-nio-8080-exec-6] c.n.c.a.ServiceLogAspect [ServiceLogAspect.java:36] 用户[0:0:0:0:0:0:0:1],在[2023-09-06 23:35:32],访问了[com.nowcoder.community.service.UserService.findLoginTicket].
2023-09-06 23:35:32,027 INFO [http-nio-8080-exec-6] c.n.c.a.ServiceLogAspect [ServiceLogAspect.java:36] 用户[0:0:0:0:0:0:0:1],在[2023-09-06 23:35:32],访问了[com.nowcoder.community.service.UserService.findUserById].
2023-09-06 23:35:32,029 INFO [http-nio-8080-exec-6] c.n.c.a.ServiceLogAspect [ServiceLogAspect.java:36] 用户[0:0:0:0:0:0:0:1],在[2023-09-06 23:35:32],访问了[com.nowcoder.community.service.LikeService.like].
2023-09-06 23:35:32,030 INFO [http-nio-8080-exec-6] c.n.c.a.ServiceLogAspect [ServiceLogAspect.java:36] 用户[0:0:0:0:0:0:0:1],在[2023-09-06 23:35:32],访问了[com.nowcoder.community.service.LikeService.findEntityLikeCount].
2023-09-06 23:35:32,031 INFO [http-nio-8080-exec-6] c.n.c.a.ServiceLogAspect [ServiceLogAspect.java:36] 用户[0:0:0:0:0:0:0:1],在[2023-09-06 23:35:32],访问了[com.nowcoder.community.service.LikeService.findEntityLikeStatus].
2023-09-06 23:35:32,495 INFO [http-nio-8080-exec-7] c.n.c.a.ServiceLogAspect [ServiceLogAspect.java:36] 用户[0:0:0:0:0:0:0:1],在[2023-09-06 23:35:32],访问了[com.nowcoder.community.service.UserService.findLoginTicket].
2023-09-06 23:35:32,498 INFO [http-nio-8080-exec-7] c.n.c.a.ServiceLogAspect [ServiceLogAspect.java:36] 用户[0:0:0:0:0:0:0:1],在[2023-09-06 23:35:32],访问了[com.nowcoder.community.service.UserService.findUserById].
2023-09-06 23:35:32,500 INFO [http-nio-8080-exec-7] c.n.c.a.ServiceLogAspect [ServiceLogAspect.java:36] 用户[0:0:0:0:0:0:0:1],在[2023-09-06 23:35:32],访问了[com.nowcoder.community.service.LikeService.like].
2023-09-06 23:35:32,502 INFO [http-nio-8080-exec-7] c.n.c.a.ServiceLogAspect [ServiceLogAspect.java:36] 用户[0:0:0:0:0:0:0:1],在[2023-09-06 23:35:32],访问了[com.nowcoder.community.service.LikeService.findEntityLikeCount].
2023-09-06 23:35:32,502 INFO [http-nio-8080-exec-7] c.n.c.a.ServiceLogAspect [ServiceLogAspect.java:36] 用户[0:0:0:0:0:0:0:1],在[2023-09-06 23:35:32],访问了[com.nowcoder.community.service.LikeService.findEntityLikeStatus].
2023-09-06 23:35:34,026 INFO [http-nio-8080-exec-9] c.n.c.a.ServiceLogAspect [ServiceLogAspect.java:36] 用户[0:0:0:0:0:0:0:1],在[2023-09-06 23:35:34],访问了[com.nowcoder.community.service.UserService.findLoginTicket].
2023-09-06 23:35:34,028 INFO [http-nio-8080-exec-9] c.n.c.a.ServiceLogAspect [ServiceLogAspect.java:36] 用户[0:0:0:0:0:0:0:1],在[2023-09-06 23:35:34],访问了[com.nowcoder.community.service.UserService.findUserById].
2023-09-06 23:35:34,030 INFO [http-nio-8080-exec-9] c.n.c.a.ServiceLogAspect [ServiceLogAspect.java:36] 用户[0:0:0:0:0:0:0:1],在[2023-09-06 23:35:34],访问了[com.nowcoder.community.service.LikeService.like].
2023-09-06 23:35:34,032 INFO [http-nio-8080-exec-9] c.n.c.a.ServiceLogAspect [ServiceLogAspect.java:36] 用户[0:0:0:0:0:0:0:1],在[2023-09-06 23:35:34],访问了[com.nowcoder.community.service.LikeService.findEntityLikeCount].
2023-09-06 23:35:34,033 INFO [http-nio-8080-exec-9] c.n.c.a.ServiceLogAspect [ServiceLogAspect.java:36] 用户[0:0:0:0:0:0:0:1],在[2023-09-06 23:35:34],访问了[com.nowcoder.community.service.LikeService.findEntityLikeStatus].
2023-09-06 23:35:34,626 INFO [http-nio-8080-exec-8] c.n.c.a.ServiceLogAspect [ServiceLogAspect.java:36] 用户[0:0:0:0:0:0:0:1],在[2023-09-06 23:35:34],访问了[com.nowcoder.community.service.UserService.findLoginTicket].
2023-09-06 23:35:34,628 INFO [http-nio-8080-exec-8] c.n.c.a.ServiceLogAspect [ServiceLogAspect.java:36] 用户[0:0:0:0:0:0:0:1],在[2023-09-06 23:35:34],访问了[com.nowcoder.community.service.UserService.findUserById].
2023-09-06 23:35:34,630 INFO [http-nio-8080-exec-8] c.n.c.a.ServiceLogAspect [ServiceLogAspect.java:36] 用户[0:0:0:0:0:0:0:1],在[2023-09-06 23:35:34],访问了[com.nowcoder.community.service.LikeService.like].
2023-09-06 23:35:34,632 INFO [http-nio-8080-exec-8] c.n.c.a.ServiceLogAspect [ServiceLogAspect.java:36] 用户[0:0:0:0:0:0:0:1],在[2023-09-06 23:35:34],访问了[com.nowcoder.community.service.LikeService.findEntityLikeCount].
2023-09-06 23:35:34,633 INFO [http-nio-8080-exec-8] c.n.c.a.ServiceLogAspect [ServiceLogAspect.java:36] 用户[0:0:0:0:0:0:0:1],在[2023-09-06 23:35:34],访问了[com.nowcoder.community.service.LikeService.findEntityLikeStatus].
2023-09-06 23:35:35,077 INFO [http-nio-8080-exec-10] c.n.c.a.ServiceLogAspect [ServiceLogAspect.java:36] 用户[0:0:0:0:0:0:0:1],在[2023-09-06 23:35:35],访问了[com.nowcoder.community.service.UserService.findLoginTicket].
2023-09-06 23:35:35,080 INFO [http-nio-8080-exec-10] c.n.c.a.ServiceLogAspect [ServiceLogAspect.java:36] 用户[0:0:0:0:0:0:0:1],在[2023-09-06 23:35:35],访问了[com.nowcoder.community.service.UserService.findUserById].
2023-09-06 23:35:35,081 INFO [http-nio-8080-exec-10] c.n.c.a.ServiceLogAspect [ServiceLogAspect.java:36] 用户[0:0:0:0:0:0:0:1],在[2023-09-06 23:35:35],访问了[com.nowcoder.community.service.LikeService.like].
2023-09-06 23:35:35,083 INFO [http-nio-8080-exec-10] c.n.c.a.ServiceLogAspect [ServiceLogAspect.java:36] 用户[0:0:0:0:0:0:0:1],在[2023-09-06 23:35:35],访问了[com.nowcoder.community.service.LikeService.findEntityLikeCount].
2023-09-06 23:35:35,083 INFO [http-nio-8080-exec-10] c.n.c.a.ServiceLogAspect [ServiceLogAspect.java:36] 用户[0:0:0:0:0:0:0:1],在[2023-09-06 23:35:35],访问了[com.nowcoder.community.service.LikeService.findEntityLikeStatus].
2023-09-06 23:35:35,465 INFO [http-nio-8080-exec-2] c.n.c.a.ServiceLogAspect [ServiceLogAspect.java:36] 用户[0:0:0:0:0:0:0:1],在[2023-09-06 23:35:35],访问了[com.nowcoder.community.service.UserService.findLoginTicket].
2023-09-06 23:35:35,467 INFO [http-nio-8080-exec-2] c.n.c.a.ServiceLogAspect [ServiceLogAspect.java:36] 用户[0:0:0:0:0:0:0:1],在[2023-09-06 23:35:35],访问了[com.nowcoder.community.service.UserService.findUserById].
2023-09-06 23:35:35,469 INFO [http-nio-8080-exec-2] c.n.c.a.ServiceLogAspect [ServiceLogAspect.java:36] 用户[0:0:0:0:0:0:0:1],在[2023-09-06 23:35:35],访问了[com.nowcoder.community.service.LikeService.like].
2023-09-06 23:35:35,470 INFO [http-nio-8080-exec-2] c.n.c.a.ServiceLogAspect [ServiceLogAspect.java:36] 用户[0:0:0:0:0:0:0:1],在[2023-09-06 23:35:35],访问了[com.nowcoder.community.service.LikeService.findEntityLikeCount].
2023-09-06 23:35:35,471 INFO [http-nio-8080-exec-2] c.n.c.a.ServiceLogAspect [ServiceLogAspect.java:36] 用户[0:0:0:0:0:0:0:1],在[2023-09-06 23:35:35],访问了[com.nowcoder.community.service.LikeService.findEntityLikeStatus].
2023-09-06 23:35:35,860 INFO [http-nio-8080-exec-5] c.n.c.a.ServiceLogAspect [ServiceLogAspect.java:36] 用户[0:0:0:0:0:0:0:1],在[2023-09-06 23:35:35],访问了[com.nowcoder.community.service.UserService.findLoginTicket].
2023-09-06 23:35:35,863 INFO [http-nio-8080-exec-5] c.n.c.a.ServiceLogAspect [ServiceLogAspect.java:36] 用户[0:0:0:0:0:0:0:1],在[2023-09-06 23:35:35],访问了[com.nowcoder.community.service.UserService.findUserById].
2023-09-06 23:35:35,865 INFO [http-nio-8080-exec-5] c.n.c.a.ServiceLogAspect [ServiceLogAspect.java:36] 用户[0:0:0:0:0:0:0:1],在[2023-09-06 23:35:35],访问了[com.nowcoder.community.service.LikeService.like].
2023-09-06 23:35:35,866 INFO [http-nio-8080-exec-5] c.n.c.a.ServiceLogAspect [ServiceLogAspect.java:36] 用户[0:0:0:0:0:0:0:1],在[2023-09-06 23:35:35],访问了[com.nowcoder.community.service.LikeService.findEntityLikeCount].
2023-09-06 23:35:35,866 INFO [http-nio-8080-exec-5] c.n.c.a.ServiceLogAspect [ServiceLogAspect.java:36] 用户[0:0:0:0:0:0:0:1],在[2023-09-06 23:35:35],访问了[com.nowcoder.community.service.LikeService.findEntityLikeStatus].
2023-09-06 23:35:36,218 INFO [http-nio-8080-exec-1] c.n.c.a.ServiceLogAspect [ServiceLogAspect.java:36] 用户[0:0:0:0:0:0:0:1],在[2023-09-06 23:35:36],访问了[com.nowcoder.community.service.UserService.findLoginTicket].
2023-09-06 23:35:36,220 INFO [http-nio-8080-exec-1] c.n.c.a.ServiceLogAspect [ServiceLogAspect.java:36] 用户[0:0:0:0:0:0:0:1],在[2023-09-06 23:35:36],访问了[com.nowcoder.community.service.UserService.findUserById].
2023-09-06 23:35:36,222 INFO [http-nio-8080-exec-1] c.n.c.a.ServiceLogAspect [ServiceLogAspect.java:36] 用户[0:0:0:0:0:0:0:1],在[2023-09-06 23:35:36],访问了[com.nowcoder.community.service.LikeService.like].
2023-09-06 23:35:36,223 INFO [http-nio-8080-exec-1] c.n.c.a.ServiceLogAspect [ServiceLogAspect.java:36] 用户[0:0:0:0:0:0:0:1],在[2023-09-06 23:35:36],访问了[com.nowcoder.community.service.LikeService.findEntityLikeCount].
2023-09-06 23:35:36,224 INFO [http-nio-8080-exec-1] c.n.c.a.ServiceLogAspect [ServiceLogAspect.java:36] 用户[0:0:0:0:0:0:0:1],在[2023-09-06 23:35:36],访问了[com.nowcoder.community.service.LikeService.findEntityLikeStatus].
2023-09-06 23:35:36,531 INFO [http-nio-8080-exec-4] c.n.c.a.ServiceLogAspect [ServiceLogAspect.java:36] 用户[0:0:0:0:0:0:0:1],在[2023-09-06 23:35:36],访问了[com.nowcoder.community.service.UserService.findLoginTicket].
2023-09-06 23:35:36,534 INFO [http-nio-8080-exec-4] c.n.c.a.ServiceLogAspect [ServiceLogAspect.java:36] 用户[0:0:0:0:0:0:0:1],在[2023-09-06 23:35:36],访问了[com.nowcoder.community.service.UserService.findUserById].
2023-09-06 23:35:36,536 INFO [http-nio-8080-exec-4] c.n.c.a.ServiceLogAspect [ServiceLogAspect.java:36] 用户[0:0:0:0:0:0:0:1],在[2023-09-06 23:35:36],访问了[com.nowcoder.community.service.LikeService.like].
2023-09-06 23:35:36,538 INFO [http-nio-8080-exec-4] c.n.c.a.ServiceLogAspect [ServiceLogAspect.java:36] 用户[0:0:0:0:0:0:0:1],在[2023-09-06 23:35:36],访问了[com.nowcoder.community.service.LikeService.findEntityLikeCount].
2023-09-06 23:35:36,540 INFO [http-nio-8080-exec-4] c.n.c.a.ServiceLogAspect [ServiceLogAspect.java:36] 用户[0:0:0:0:0:0:0:1],在[2023-09-06 23:35:36],访问了[com.nowcoder.community.service.LikeService.findEntityLikeStatus].
2023-09-06 23:35:36,821 INFO [http-nio-8080-exec-3] c.n.c.a.ServiceLogAspect [ServiceLogAspect.java:36] 用户[0:0:0:0:0:0:0:1],在[2023-09-06 23:35:36],访问了[com.nowcoder.community.service.UserService.findLoginTicket].
2023-09-06 23:35:36,824 INFO [http-nio-8080-exec-3] c.n.c.a.ServiceLogAspect [ServiceLogAspect.java:36] 用户[0:0:0:0:0:0:0:1],在[2023-09-06 23:35:36],访问了[com.nowcoder.community.service.UserService.findUserById].
2023-09-06 23:35:36,825 INFO [http-nio-8080-exec-3] c.n.c.a.ServiceLogAspect [ServiceLogAspect.java:36] 用户[0:0:0:0:0:0:0:1],在[2023-09-06 23:35:36],访问了[com.nowcoder.community.service.LikeService.like].
2023-09-06 23:35:36,826 INFO [http-nio-8080-exec-3] c.n.c.a.ServiceLogAspect [ServiceLogAspect.java:36] 用户[0:0:0:0:0:0:0:1],在[2023-09-06 23:35:36],访问了[com.nowcoder.community.service.LikeService.findEntityLikeCount].
2023-09-06 23:35:36,827 INFO [http-nio-8080-exec-3] c.n.c.a.ServiceLogAspect [ServiceLogAspect.java:36] 用户[0:0:0:0:0:0:0:1],在[2023-09-06 23:35:36],访问了[com.nowcoder.community.service.LikeService.findEntityLikeStatus].
2023-09-06 23:35:37,124 INFO [http-nio-8080-exec-6] c.n.c.a.ServiceLogAspect [ServiceLogAspect.java:36] 用户[0:0:0:0:0:0:0:1],在[2023-09-06 23:35:37],访问了[com.nowcoder.community.service.UserService.findLoginTicket].
2023-09-06 23:35:37,127 INFO [http-nio-8080-exec-6] c.n.c.a.ServiceLogAspect [ServiceLogAspect.java:36] 用户[0:0:0:0:0:0:0:1],在[2023-09-06 23:35:37],访问了[com.nowcoder.community.service.UserService.findUserById].
2023-09-06 23:35:37,129 INFO [http-nio-8080-exec-6] c.n.c.a.ServiceLogAspect [ServiceLogAspect.java:36] 用户[0:0:0:0:0:0:0:1],在[2023-09-06 23:35:37],访问了[com.nowcoder.community.service.LikeService.like].
2023-09-06 23:35:37,131 INFO [http-nio-8080-exec-6] c.n.c.a.ServiceLogAspect [ServiceLogAspect.java:36] 用户[0:0:0:0:0:0:0:1],在[2023-09-06 23:35:37],访问了[com.nowcoder.community.service.LikeService.findEntityLikeCount].
2023-09-06 23:35:37,132 INFO [http-nio-8080-exec-6] c.n.c.a.ServiceLogAspect [ServiceLogAspect.java:36] 用户[0:0:0:0:0:0:0:1],在[2023-09-06 23:35:37],访问了[com.nowcoder.community.service.LikeService.findEntityLikeStatus].
2023-09-06 23:35:41,605 INFO [http-nio-8080-exec-8] c.n.c.a.ServiceLogAspect [ServiceLogAspect.java:36] 用户[0:0:0:0:0:0:0:1],在[2023-09-06 23:35:41],访问了[com.nowcoder.community.service.UserService.findLoginTicket].
2023-09-06 23:35:41,607 INFO [http-nio-8080-exec-8] c.n.c.a.ServiceLogAspect [ServiceLogAspect.java:36] 用户[0:0:0:0:0:0:0:1],在[2023-09-06 23:35:41],访问了[com.nowcoder.community.service.UserService.findUserById].
2023-09-06 23:35:41,609 INFO [http-nio-8080-exec-8] c.n.c.a.ServiceLogAspect [ServiceLogAspect.java:36] 用户[0:0:0:0:0:0:0:1],在[2023-09-06 23:35:41],访问了[com.nowcoder.community.service.LikeService.like].
2023-09-06 23:35:41,611 INFO [http-nio-8080-exec-8] c.n.c.a.ServiceLogAspect [ServiceLogAspect.java:36] 用户[0:0:0:0:0:0:0:1],在[2023-09-06 23:35:41],访问了[com.nowcoder.community.service.LikeService.findEntityLikeCount].
2023-09-06 23:35:41,612 INFO [http-nio-8080-exec-8] c.n.c.a.ServiceLogAspect [ServiceLogAspect.java:36] 用户[0:0:0:0:0:0:0:1],在[2023-09-06 23:35:41],访问了[com.nowcoder.community.service.LikeService.findEntityLikeStatus].
2023-09-06 23:35:41,829 INFO [http-nio-8080-exec-10] c.n.c.a.ServiceLogAspect [ServiceLogAspect.java:36] 用户[0:0:0:0:0:0:0:1],在[2023-09-06 23:35:41],访问了[com.nowcoder.community.service.UserService.findLoginTicket].
2023-09-06 23:35:41,831 INFO [http-nio-8080-exec-10] c.n.c.a.ServiceLogAspect [ServiceLogAspect.java:36] 用户[0:0:0:0:0:0:0:1],在[2023-09-06 23:35:41],访问了[com.nowcoder.community.service.UserService.findUserById].
2023-09-06 23:35:41,832 INFO [http-nio-8080-exec-10] c.n.c.a.ServiceLogAspect [ServiceLogAspect.java:36] 用户[0:0:0:0:0:0:0:1],在[2023-09-06 23:35:41],访问了[com.nowcoder.community.service.LikeService.like].
2023-09-06 23:35:41,834 INFO [http-nio-8080-exec-10] c.n.c.a.ServiceLogAspect [ServiceLogAspect.java:36] 用户[0:0:0:0:0:0:0:1],在[2023-09-06 23:35:41],访问了[com.nowcoder.community.service.LikeService.findEntityLikeCount].
2023-09-06 23:35:41,834 INFO [http-nio-8080-exec-10] c.n.c.a.ServiceLogAspect [ServiceLogAspect.java:36] 用户[0:0:0:0:0:0:0:1],在[2023-09-06 23:35:41],访问了[com.nowcoder.community.service.LikeService.findEntityLikeStatus].
2023-09-06 23:35:42,127 INFO [http-nio-8080-exec-2] c.n.c.a.ServiceLogAspect [ServiceLogAspect.java:36] 用户[0:0:0:0:0:0:0:1],在[2023-09-06 23:35:42],访问了[com.nowcoder.community.service.UserService.findLoginTicket].
2023-09-06 23:35:42,128 INFO [http-nio-8080-exec-2] c.n.c.a.ServiceLogAspect [ServiceLogAspect.java:36] 用户[0:0:0:0:0:0:0:1],在[2023-09-06 23:35:42],访问了[com.nowcoder.community.service.UserService.findUserById].
2023-09-06 23:35:42,129 INFO [http-nio-8080-exec-2] c.n.c.a.ServiceLogAspect [ServiceLogAspect.java:36] 用户[0:0:0:0:0:0:0:1],在[2023-09-06 23:35:42],访问了[com.nowcoder.community.service.LikeService.like].
2023-09-06 23:35:42,130 INFO [http-nio-8080-exec-2] c.n.c.a.ServiceLogAspect [ServiceLogAspect.java:36] 用户[0:0:0:0:0:0:0:1],在[2023-09-06 23:35:42],访问了[com.nowcoder.community.service.LikeService.findEntityLikeCount].
2023-09-06 23:35:42,131 INFO [http-nio-8080-exec-2] c.n.c.a.ServiceLogAspect [ServiceLogAspect.java:36] 用户[0:0:0:0:0:0:0:1],在[2023-09-06 23:35:42],访问了[com.nowcoder.community.service.LikeService.findEntityLikeStatus].
2023-09-06 23:35:42,344 INFO [http-nio-8080-exec-5] c.n.c.a.ServiceLogAspect [ServiceLogAspect.java:36] 用户[0:0:0:0:0:0:0:1],在[2023-09-06 23:35:42],访问了[com.nowcoder.community.service.UserService.findLoginTicket].
2023-09-06 23:35:42,346 INFO [http-nio-8080-exec-5] c.n.c.a.ServiceLogAspect [ServiceLogAspect.java:36] 用户[0:0:0:0:0:0:0:1],在[2023-09-06 23:35:42],访问了[com.nowcoder.community.service.UserService.findUserById].
2023-09-06 23:35:42,347 INFO [http-nio-8080-exec-5] c.n.c.a.ServiceLogAspect [ServiceLogAspect.java:36] 用户[0:0:0:0:0:0:0:1],在[2023-09-06 23:35:42],访问了[com.nowcoder.community.service.LikeService.like].
2023-09-06 23:35:42,348 INFO [http-nio-8080-exec-5] c.n.c.a.ServiceLogAspect [ServiceLogAspect.java:36] 用户[0:0:0:0:0:0:0:1],在[2023-09-06 23:35:42],访问了[com.nowcoder.community.service.LikeService.findEntityLikeCount].
2023-09-06 23:35:42,349 INFO [http-nio-8080-exec-5] c.n.c.a.ServiceLogAspect [ServiceLogAspect.java:36] 用户[0:0:0:0:0:0:0:1],在[2023-09-06 23:35:42],访问了[com.nowcoder.community.service.LikeService.findEntityLikeStatus].
2023-09-06 23:35:42,514 INFO [http-nio-8080-exec-1] c.n.c.a.ServiceLogAspect [ServiceLogAspect.java:36] 用户[0:0:0:0:0:0:0:1],在[2023-09-06 23:35:42],访问了[com.nowcoder.community.service.UserService.findLoginTicket].
2023-09-06 23:35:42,516 INFO [http-nio-8080-exec-1] c.n.c.a.ServiceLogAspect [ServiceLogAspect.java:36] 用户[0:0:0:0:0:0:0:1],在[2023-09-06 23:35:42],访问了[com.nowcoder.community.service.UserService.findUserById].
2023-09-06 23:35:42,518 INFO [http-nio-8080-exec-1] c.n.c.a.ServiceLogAspect [ServiceLogAspect.java:36] 用户[0:0:0:0:0:0:0:1],在[2023-09-06 23:35:42],访问了[com.nowcoder.community.service.LikeService.like].
2023-09-06 23:35:42,520 INFO [http-nio-8080-exec-1] c.n.c.a.ServiceLogAspect [ServiceLogAspect.java:36] 用户[0:0:0:0:0:0:0:1],在[2023-09-06 23:35:42],访问了[com.nowcoder.community.service.LikeService.findEntityLikeCount].
2023-09-06 23:35:42,521 INFO [http-nio-8080-exec-1] c.n.c.a.ServiceLogAspect [ServiceLogAspect.java:36] 用户[0:0:0:0:0:0:0:1],在[2023-09-06 23:35:42],访问了[com.nowcoder.community.service.LikeService.findEntityLikeStatus].
2023-09-06 23:35:44,564 INFO [http-nio-8080-exec-4] c.n.c.a.ServiceLogAspect [ServiceLogAspect.java:36] 用户[0:0:0:0:0:0:0:1],在[2023-09-06 23:35:44],访问了[com.nowcoder.community.service.UserService.findLoginTicket].
2023-09-06 23:35:44,566 INFO [http-nio-8080-exec-4] c.n.c.a.ServiceLogAspect [ServiceLogAspect.java:36] 用户[0:0:0:0:0:0:0:1],在[2023-09-06 23:35:44],访问了[com.nowcoder.community.service.UserService.findUserById].
2023-09-06 23:35:44,568 INFO [http-nio-8080-exec-4] c.n.c.a.ServiceLogAspect [ServiceLogAspect.java:36] 用户[0:0:0:0:0:0:0:1],在[2023-09-06 23:35:44],访问了[com.nowcoder.community.service.LikeService.like].
2023-09-06 23:35:44,569 INFO [http-nio-8080-exec-4] c.n.c.a.ServiceLogAspect [ServiceLogAspect.java:36] 用户[0:0:0:0:0:0:0:1],在[2023-09-06 23:35:44],访问了[com.nowcoder.community.service.LikeService.findEntityLikeCount].
2023-09-06 23:35:44,571 INFO [http-nio-8080-exec-4] c.n.c.a.ServiceLogAspect [ServiceLogAspect.java:36] 用户[0:0:0:0:0:0:0:1],在[2023-09-06 23:35:44],访问了[com.nowcoder.community.service.LikeService.findEntityLikeStatus].
2023-09-06 23:35:44,931 INFO [http-nio-8080-exec-3] c.n.c.a.ServiceLogAspect [ServiceLogAspect.java:36] 用户[0:0:0:0:0:0:0:1],在[2023-09-06 23:35:44],访问了[com.nowcoder.community.service.UserService.findLoginTicket].
2023-09-06 23:35:44,933 INFO [http-nio-8080-exec-3] c.n.c.a.ServiceLogAspect [ServiceLogAspect.java:36] 用户[0:0:0:0:0:0:0:1],在[2023-09-06 23:35:44],访问了[com.nowcoder.community.service.UserService.findUserById].
2023-09-06 23:35:44,935 INFO [http-nio-8080-exec-3] c.n.c.a.ServiceLogAspect [ServiceLogAspect.java:36] 用户[0:0:0:0:0:0:0:1],在[2023-09-06 23:35:44],访问了[com.nowcoder.community.service.LikeService.like].
2023-09-06 23:35:44,937 INFO [http-nio-8080-exec-3] c.n.c.a.ServiceLogAspect [ServiceLogAspect.java:36] 用户[0:0:0:0:0:0:0:1],在[2023-09-06 23:35:44],访问了[com.nowcoder.community.service.LikeService.findEntityLikeCount].
2023-09-06 23:35:44,938 INFO [http-nio-8080-exec-3] c.n.c.a.ServiceLogAspect [ServiceLogAspect.java:36] 用户[0:0:0:0:0:0:0:1],在[2023-09-06 23:35:44],访问了[com.nowcoder.community.service.LikeService.findEntityLikeStatus].
2023-09-06 23:35:45,231 INFO [http-nio-8080-exec-6] c.n.c.a.ServiceLogAspect [ServiceLogAspect.java:36] 用户[0:0:0:0:0:0:0:1],在[2023-09-06 23:35:45],访问了[com.nowcoder.community.service.UserService.findLoginTicket].
2023-09-06 23:35:45,233 INFO [http-nio-8080-exec-6] c.n.c.a.ServiceLogAspect [ServiceLogAspect.java:36] 用户[0:0:0:0:0:0:0:1],在[2023-09-06 23:35:45],访问了[com.nowcoder.community.service.UserService.findUserById].
2023-09-06 23:35:45,235 INFO [http-nio-8080-exec-6] c.n.c.a.ServiceLogAspect [ServiceLogAspect.java:36] 用户[0:0:0:0:0:0:0:1],在[2023-09-06 23:35:45],访问了[com.nowcoder.community.service.LikeService.like].
2023-09-06 23:35:45,237 INFO [http-nio-8080-exec-6] c.n.c.a.ServiceLogAspect [ServiceLogAspect.java:36] 用户[0:0:0:0:0:0:0:1],在[2023-09-06 23:35:45],访问了[com.nowcoder.community.service.LikeService.findEntityLikeCount].
2023-09-06 23:35:45,238 INFO [http-nio-8080-exec-6] c.n.c.a.ServiceLogAspect [ServiceLogAspect.java:36] 用户[0:0:0:0:0:0:0:1],在[2023-09-06 23:35:45],访问了[com.nowcoder.community.service.LikeService.findEntityLikeStatus].
2023-09-06 23:35:45,440 INFO [http-nio-8080-exec-7] c.n.c.a.ServiceLogAspect [ServiceLogAspect.java:36] 用户[0:0:0:0:0:0:0:1],在[2023-09-06 23:35:45],访问了[com.nowcoder.community.service.UserService.findLoginTicket].
2023-09-06 23:35:45,442 INFO [http-nio-8080-exec-7] c.n.c.a.ServiceLogAspect [ServiceLogAspect.java:36] 用户[0:0:0:0:0:0:0:1],在[2023-09-06 23:35:45],访问了[com.nowcoder.community.service.UserService.findUserById].
2023-09-06 23:35:45,445 INFO [http-nio-8080-exec-7] c.n.c.a.ServiceLogAspect [ServiceLogAspect.java:36] 用户[0:0:0:0:0:0:0:1],在[2023-09-06 23:35:45],访问了[com.nowcoder.community.service.LikeService.like].
2023-09-06 23:35:45,447 INFO [http-nio-8080-exec-7] c.n.c.a.ServiceLogAspect [ServiceLogAspect.java:36] 用户[0:0:0:0:0:0:0:1],在[2023-09-06 23:35:45],访问了[com.nowcoder.community.service.LikeService.findEntityLikeCount].
2023-09-06 23:35:45,448 INFO [http-nio-8080-exec-7] c.n.c.a.ServiceLogAspect [ServiceLogAspect.java:36] 用户[0:0:0:0:0:0:0:1],在[2023-09-06 23:35:45],访问了[com.nowcoder.community.service.LikeService.findEntityLikeStatus].
2023-09-06 23:36:59,785 INFO [http-nio-8080-exec-5] c.n.c.a.ServiceLogAspect [ServiceLogAspect.java:36] 用户[0:0:0:0:0:0:0:1],在[2023-09-06 23:36:59],访问了[com.nowcoder.community.service.UserService.findLoginTicket].
2023-09-06 23:36:59,790 INFO [http-nio-8080-exec-5] c.n.c.a.ServiceLogAspect [ServiceLogAspect.java:36] 用户[0:0:0:0:0:0:0:1],在[2023-09-06 23:36:59],访问了[com.nowcoder.community.service.UserService.findUserById].
2023-09-06 23:36:59,793 INFO [http-nio-8080-exec-5] c.n.c.a.ServiceLogAspect [ServiceLogAspect.java:36] 用户[0:0:0:0:0:0:0:1],在[2023-09-06 23:36:59],访问了[com.nowcoder.community.service.LikeService.like].
2023-09-06 23:36:59,794 INFO [http-nio-8080-exec-5] c.n.c.a.ServiceLogAspect [ServiceLogAspect.java:36] 用户[0:0:0:0:0:0:0:1],在[2023-09-06 23:36:59],访问了[com.nowcoder.community.service.LikeService.findEntityLikeCount].
2023-09-06 23:36:59,795 INFO [http-nio-8080-exec-5] c.n.c.a.ServiceLogAspect [ServiceLogAspect.java:36] 用户[0:0:0:0:0:0:0:1],在[2023-09-06 23:36:59],访问了[com.nowcoder.community.service.LikeService.findEntityLikeStatus].
2023-09-06 23:37:00,659 INFO [http-nio-8080-exec-1] c.n.c.a.ServiceLogAspect [ServiceLogAspect.java:36] 用户[0:0:0:0:0:0:0:1],在[2023-09-06 23:37:00],访问了[com.nowcoder.community.service.UserService.findLoginTicket].
2023-09-06 23:37:00,662 INFO [http-nio-8080-exec-1] c.n.c.a.ServiceLogAspect [ServiceLogAspect.java:36] 用户[0:0:0:0:0:0:0:1],在[2023-09-06 23:37:00],访问了[com.nowcoder.community.service.UserService.findUserById].
2023-09-06 23:37:00,664 INFO [http-nio-8080-exec-1] c.n.c.a.ServiceLogAspect [ServiceLogAspect.java:36] 用户[0:0:0:0:0:0:0:1],在[2023-09-06 23:37:00],访问了[com.nowcoder.community.service.LikeService.like].
2023-09-06 23:37:00,665 INFO [http-nio-8080-exec-1] c.n.c.a.ServiceLogAspect [ServiceLogAspect.java:36] 用户[0:0:0:0:0:0:0:1],在[2023-09-06 23:37:00],访问了[com.nowcoder.community.service.LikeService.findEntityLikeCount].
2023-09-06 23:37:00,666 INFO [http-nio-8080-exec-1] c.n.c.a.ServiceLogAspect [ServiceLogAspect.java:36] 用户[0:0:0:0:0:0:0:1],在[2023-09-06 23:37:00],访问了[com.nowcoder.community.service.LikeService.findEntityLikeStatus].
2023-09-06 23:37:01,165 INFO [http-nio-8080-exec-4] c.n.c.a.ServiceLogAspect [ServiceLogAspect.java:36] 用户[0:0:0:0:0:0:0:1],在[2023-09-06 23:37:01],访问了[com.nowcoder.community.service.UserService.findLoginTicket].
2023-09-06 23:37:01,168 INFO [http-nio-8080-exec-4] c.n.c.a.ServiceLogAspect [ServiceLogAspect.java:36] 用户[0:0:0:0:0:0:0:1],在[2023-09-06 23:37:01],访问了[com.nowcoder.community.service.UserService.findUserById].
2023-09-06 23:37:01,170 INFO [http-nio-8080-exec-4] c.n.c.a.ServiceLogAspect [ServiceLogAspect.java:36] 用户[0:0:0:0:0:0:0:1],在[2023-09-06 23:37:01],访问了[com.nowcoder.community.service.LikeService.like].
2023-09-06 23:37:01,171 INFO [http-nio-8080-exec-4] c.n.c.a.ServiceLogAspect [ServiceLogAspect.java:36] 用户[0:0:0:0:0:0:0:1],在[2023-09-06 23:37:01],访问了[com.nowcoder.community.service.LikeService.findEntityLikeCount].
2023-09-06 23:37:01,172 INFO [http-nio-8080-exec-4] c.n.c.a.ServiceLogAspect [ServiceLogAspect.java:36] 用户[0:0:0:0:0:0:0:1],在[2023-09-06 23:37:01],访问了[com.nowcoder.community.service.LikeService.findEntityLikeStatus].
2023-09-06 23:37:59,755 INFO [main] c.n.c.RedisTests [StartupInfoLogger.java:51] Starting RedisTests using Java 17.0.7 with PID 15196 (started by falls in D:\work\workspace\community)
2023-09-06 23:37:59,758 INFO [main] c.n.c.RedisTests [SpringApplication.java:634] No active profile set, falling back to 1 default profile: "default"
2023-09-06 23:38:00,562 INFO [main] o.s.d.r.c.RepositoryConfigurationDelegate [RepositoryConfigurationDelegate.java:291] Multiple Spring Data modules found, entering strict repository configuration mode
2023-09-06 23:38:00,566 INFO [main] o.s.d.r.c.RepositoryConfigurationDelegate [RepositoryConfigurationDelegate.java:138] Bootstrapping Spring Data Redis repositories in DEFAULT mode.
2023-09-06 23:38:00,596 INFO [main] o.s.d.r.c.RepositoryConfigurationDelegate [RepositoryConfigurationDelegate.java:208] Finished Spring Data repository scanning in 12 ms. Found 0 Redis repository interfaces.
2023-09-06 23:38:02,342 INFO [main] o.s.b.a.w.s.WelcomePageHandlerMapping [WelcomePageHandlerMapping.java:57] Adding welcome page template: index
2023-09-06 23:38:02,655 INFO [main] c.n.c.RedisTests [StartupInfoLogger.java:57] Started RedisTests in 3.363 seconds (process running for 4.09)
2023-09-06 23:45:22,163 INFO [File Watcher] o.s.b.d.a.LocalDevToolsAutoConfiguration$RestartingClassPathChangeChangedEventListener [LocalDevToolsAutoConfiguration.java:211] Restarting due to 1 class path change (0 additions, 0 deletions, 1 modification)
2023-09-06 23:45:22,176 INFO [Thread-5] o.a.c.h.Http11NioProtocol [DirectJDKLog.java:173] Pausing ProtocolHandler ["http-nio-8080"]
2023-09-06 23:45:22,176 INFO [Thread-5] o.a.c.c.StandardService [DirectJDKLog.java:173] Stopping service [Tomcat]
2023-09-06 23:45:22,177 INFO [Thread-5] o.a.c.c.C.[.[.[/community] [DirectJDKLog.java:173] Destroying Spring FrameworkServlet 'dispatcherServlet'
2023-09-06 23:45:22,193 INFO [Thread-5] o.a.c.h.Http11NioProtocol [DirectJDKLog.java:173] Stopping ProtocolHandler ["http-nio-8080"]
2023-09-06 23:45:22,194 INFO [Thread-5] o.a.c.h.Http11NioProtocol [DirectJDKLog.java:173] Destroying ProtocolHandler ["http-nio-8080"]
2023-09-06 23:45:22,297 INFO [main] c.n.c.RedisTests [StartupInfoLogger.java:51] Starting RedisTests using Java 17.0.7 with PID 23940 (started by falls in D:\work\workspace\community)
2023-09-06 23:45:22,302 INFO [main] c.n.c.RedisTests [SpringApplication.java:634] No active profile set, falling back to 1 default profile: "default"
2023-09-06 23:45:22,320 INFO [Thread-5] c.z.h.HikariDataSource [HikariDataSource.java:350] HikariPool-1 - Shutdown initiated...
2023-09-06 23:45:22,328 INFO [Thread-5] c.z.h.HikariDataSource [HikariDataSource.java:352] HikariPool-1 - Shutdown completed.
2023-09-06 23:45:22,486 INFO [restartedMain] c.n.c.CommunityApplication [StartupInfoLogger.java:51] Starting CommunityApplication using Java 17.0.7 with PID 3172 (D:\work\workspace\community\target\classes started by falls in D:\work\workspace\community)
2023-09-06 23:45:22,487 INFO [restartedMain] c.n.c.CommunityApplication [SpringApplication.java:634] No active profile set, falling back to 1 default profile: "default"
2023-09-06 23:45:22,748 INFO [restartedMain] o.s.d.r.c.RepositoryConfigurationDelegate [RepositoryConfigurationDelegate.java:291] Multiple Spring Data modules found, entering strict repository configuration mode
2023-09-06 23:45:22,748 INFO [restartedMain] o.s.d.r.c.RepositoryConfigurationDelegate [RepositoryConfigurationDelegate.java:138] Bootstrapping Spring Data Redis repositories in DEFAULT mode.
2023-09-06 23:45:22,752 INFO [restartedMain] o.s.d.r.c.RepositoryConfigurationDelegate [RepositoryConfigurationDelegate.java:208] Finished Spring Data repository scanning in 3 ms. Found 0 Redis repository interfaces.
2023-09-06 23:45:22,917 INFO [restartedMain] o.s.b.w.e.t.TomcatWebServer [TomcatWebServer.java:108] Tomcat initialized with port(s): 8080 (http)
2023-09-06 23:45:22,917 INFO [restartedMain] o.a.c.h.Http11NioProtocol [DirectJDKLog.java:173] Initializing ProtocolHandler ["http-nio-8080"]
2023-09-06 23:45:22,918 INFO [restartedMain] o.a.c.c.StandardService [DirectJDKLog.java:173] Starting service [Tomcat]
2023-09-06 23:45:22,918 INFO [restartedMain] o.a.c.c.StandardEngine [DirectJDKLog.java:173] Starting Servlet engine: [Apache Tomcat/10.1.10]
2023-09-06 23:45:22,938 INFO [restartedMain] o.a.c.c.C.[.[.[/community] [DirectJDKLog.java:173] Initializing Spring embedded WebApplicationContext
2023-09-06 23:45:22,938 INFO [restartedMain] o.s.b.w.s.c.ServletWebServerApplicationContext [ServletWebServerApplicationContext.java:291] Root WebApplicationContext: initialization completed in 448 ms
2023-09-06 23:45:23,235 INFO [main] o.s.d.r.c.RepositoryConfigurationDelegate [RepositoryConfigurationDelegate.java:291] Multiple Spring Data modules found, entering strict repository configuration mode
2023-09-06 23:45:23,240 INFO [main] o.s.d.r.c.RepositoryConfigurationDelegate [RepositoryConfigurationDelegate.java:138] Bootstrapping Spring Data Redis repositories in DEFAULT mode.
2023-09-06 23:45:23,287 INFO [main] o.s.d.r.c.RepositoryConfigurationDelegate [RepositoryConfigurationDelegate.java:208] Finished Spring Data repository scanning in 18 ms. Found 0 Redis repository interfaces.
2023-09-06 23:45:23,310 INFO [restartedMain] o.s.b.a.w.s.WelcomePageHandlerMapping [WelcomePageHandlerMapping.java:57] Adding welcome page template: index
2023-09-06 23:45:23,483 INFO [restartedMain] o.s.b.d.a.OptionalLiveReloadServer [OptionalLiveReloadServer.java:59] LiveReload server is running on port 35729
2023-09-06 23:45:23,512 INFO [restartedMain] o.a.c.h.Http11NioProtocol [DirectJDKLog.java:173] Starting ProtocolHandler ["http-nio-8080"]
2023-09-06 23:45:23,516 INFO [restartedMain] o.s.b.w.e.t.TomcatWebServer [TomcatWebServer.java:220] Tomcat started on port(s): 8080 (http) with context path '/community'
2023-09-06 23:45:23,521 INFO [restartedMain] c.n.c.CommunityApplication [StartupInfoLogger.java:57] Started CommunityApplication in 1.089 seconds (process running for 656.843)
2023-09-06 23:45:23,524 INFO [restartedMain] o.s.b.d.a.ConditionEvaluationDeltaLoggingListener [ConditionEvaluationDeltaLoggingListener.java:63] Condition evaluation unchanged
2023-09-06 23:45:25,262 INFO [main] o.s.b.a.w.s.WelcomePageHandlerMapping [WelcomePageHandlerMapping.java:57] Adding welcome page template: index
2023-09-06 23:45:25,547 INFO [main] c.n.c.RedisTests [StartupInfoLogger.java:57] Started RedisTests in 3.663 seconds (process running for 4.356)
2023-09-06 23:49:36,831 INFO [main] c.n.c.RedisTests [StartupInfoLogger.java:51] Starting RedisTests using Java 17.0.7 with PID 23992 (started by falls in D:\work\workspace\community)
2023-09-06 23:49:36,834 INFO [main] c.n.c.RedisTests [SpringApplication.java:634] No active profile set, falling back to 1 default profile: "default"
2023-09-06 23:49:37,546 INFO [main] o.s.d.r.c.RepositoryConfigurationDelegate [RepositoryConfigurationDelegate.java:291] Multiple Spring Data modules found, entering strict repository configuration mode
2023-09-06 23:49:37,550 INFO [main] o.s.d.r.c.RepositoryConfigurationDelegate [RepositoryConfigurationDelegate.java:138] Bootstrapping Spring Data Redis repositories in DEFAULT mode.
2023-09-06 23:49:37,580 INFO [main] o.s.d.r.c.RepositoryConfigurationDelegate [RepositoryConfigurationDelegate.java:208] Finished Spring Data repository scanning in 11 ms. Found 0 Redis repository interfaces.
2023-09-06 23:49:39,338 INFO [main] o.s.b.a.w.s.WelcomePageHandlerMapping [WelcomePageHandlerMapping.java:57] Adding welcome page template: index
2023-09-06 23:49:39,612 INFO [main] c.n.c.RedisTests [StartupInfoLogger.java:57] Started RedisTests in 3.23 seconds (process running for 4.231)
